<?xml version="1.0" encoding="UTF-8" ?>
<testsuites name="vitest tests" tests="3271" failures="0" errors="0" time="13.031991494">
    <testsuite name="src/app/components/auth/signin-link.spec.tsx" timestamp="2026-02-02T09:52:24.294Z" hostname="Mac-5429.lan" tests="4" failures="0" errors="0" skipped="0" time="0.04007475">
        <testcase classname="src/app/components/auth/signin-link.spec.tsx" name="SignInLink &gt; renders the sign in link" time="0.00357">
        </testcase>
        <testcase classname="src/app/components/auth/signin-link.spec.tsx" name="SignInLink &gt; displays the correct text" time="0.001967958">
        </testcase>
        <testcase classname="src/app/components/auth/signin-link.spec.tsx" name="SignInLink &gt; renders the login icon with correct size" time="0.014537708">
        </testcase>
        <testcase classname="src/app/components/auth/signin-link.spec.tsx" name="SignInLink &gt; applies the correct CSS classes" time="0.019197125">
        </testcase>
    </testsuite>
    <testsuite name="src/lib/services/release-service.spec.ts" timestamp="2026-02-02T09:52:24.294Z" hostname="Mac-5429.lan" tests="24" failures="0" errors="0" skipped="0" time="0.011527625">
        <testcase classname="src/lib/services/release-service.spec.ts" name="ReleaseService &gt; createRelease &gt; should create a release successfully" time="0.000935791">
        </testcase>
        <testcase classname="src/lib/services/release-service.spec.ts" name="ReleaseService &gt; createRelease &gt; should return error when title already exists" time="0.000238792">
        </testcase>
        <testcase classname="src/lib/services/release-service.spec.ts" name="ReleaseService &gt; createRelease &gt; should return error when database is unavailable" time="0.003849833">
            <system-err>
Database connection failed: PrismaClientInitializationError: Connection failed
    at [90m/Users/cchaos/projects/braveneworg/boudreaux/[39msrc/lib/services/release-service.spec.ts:123:25
    at [90mfile:///Users/cchaos/projects/braveneworg/boudreaux/[39mnode_modules/[4m@vitest[24m/runner/dist/index.js:145:11
    at [90mfile:///Users/cchaos/projects/braveneworg/boudreaux/[39mnode_modules/[4m@vitest[24m/runner/dist/index.js:915:26
    at [90mfile:///Users/cchaos/projects/braveneworg/boudreaux/[39mnode_modules/[4m@vitest[24m/runner/dist/index.js:1243:20
    at new Promise (&lt;anonymous&gt;)
    at runWithTimeout [90m(file:///Users/cchaos/projects/braveneworg/boudreaux/[39mnode_modules/[4m@vitest[24m/runner/dist/index.js:1209:10[90m)[39m
    at [90mfile:///Users/cchaos/projects/braveneworg/boudreaux/[39mnode_modules/[4m@vitest[24m/runner/dist/index.js:1653:37
    at Traces.$ [90m(file:///Users/cchaos/projects/braveneworg/boudreaux/[39mnode_modules/[4mvitest[24m/dist/chunks/traces.CCmnQaNT.js:142:27[90m)[39m
    at trace [90m(file:///Users/cchaos/projects/braveneworg/boudreaux/[39mnode_modules/[4mvitest[24m/dist/chunks/test.B8ej_ZHS.js:239:21[90m)[39m
    at runTest [90m(file:///Users/cchaos/projects/braveneworg/boudreaux/[39mnode_modules/[4m@vitest[24m/runner/dist/index.js:1653:12[90m)[39m {
  clientVersion: [32m&apos;5.0.0&apos;[39m,
  errorCode: [90mundefined[39m,
  retryable: [90mundefined[39m
}

            </system-err>
        </testcase>
        <testcase classname="src/lib/services/release-service.spec.ts" name="ReleaseService &gt; createRelease &gt; should handle unknown errors" time="0.000526875">
            <system-err>
Unexpected error: Error: Unknown error
    at [90m/Users/cchaos/projects/braveneworg/boudreaux/[39msrc/lib/services/release-service.spec.ts:135:58
    at [90mfile:///Users/cchaos/projects/braveneworg/boudreaux/[39mnode_modules/[4m@vitest[24m/runner/dist/index.js:145:11
    at [90mfile:///Users/cchaos/projects/braveneworg/boudreaux/[39mnode_modules/[4m@vitest[24m/runner/dist/index.js:915:26
    at [90mfile:///Users/cchaos/projects/braveneworg/boudreaux/[39mnode_modules/[4m@vitest[24m/runner/dist/index.js:1243:20
    at new Promise (&lt;anonymous&gt;)
    at runWithTimeout [90m(file:///Users/cchaos/projects/braveneworg/boudreaux/[39mnode_modules/[4m@vitest[24m/runner/dist/index.js:1209:10[90m)[39m
    at [90mfile:///Users/cchaos/projects/braveneworg/boudreaux/[39mnode_modules/[4m@vitest[24m/runner/dist/index.js:1653:37
    at Traces.$ [90m(file:///Users/cchaos/projects/braveneworg/boudreaux/[39mnode_modules/[4mvitest[24m/dist/chunks/traces.CCmnQaNT.js:142:27[90m)[39m
    at trace [90m(file:///Users/cchaos/projects/braveneworg/boudreaux/[39mnode_modules/[4mvitest[24m/dist/chunks/test.B8ej_ZHS.js:239:21[90m)[39m
    at runTest [90m(file:///Users/cchaos/projects/braveneworg/boudreaux/[39mnode_modules/[4m@vitest[24m/runner/dist/index.js:1653:12[90m)[39m

            </system-err>
        </testcase>
        <testcase classname="src/lib/services/release-service.spec.ts" name="ReleaseService &gt; getReleaseById &gt; should retrieve a release by ID" time="0.000173333">
        </testcase>
        <testcase classname="src/lib/services/release-service.spec.ts" name="ReleaseService &gt; getReleaseById &gt; should return error when release not found" time="0.000048208">
        </testcase>
        <testcase classname="src/lib/services/release-service.spec.ts" name="ReleaseService &gt; getReleaseById &gt; should return error when database is unavailable" time="0.000509875">
            <system-err>
Database connection failed: PrismaClientInitializationError: Connection failed
    at [90m/Users/cchaos/projects/braveneworg/boudreaux/[39msrc/lib/services/release-service.spec.ts:193:25
    at [90mfile:///Users/cchaos/projects/braveneworg/boudreaux/[39mnode_modules/[4m@vitest[24m/runner/dist/index.js:145:11
    at [90mfile:///Users/cchaos/projects/braveneworg/boudreaux/[39mnode_modules/[4m@vitest[24m/runner/dist/index.js:915:26
    at [90mfile:///Users/cchaos/projects/braveneworg/boudreaux/[39mnode_modules/[4m@vitest[24m/runner/dist/index.js:1243:20
    at new Promise (&lt;anonymous&gt;)
    at runWithTimeout [90m(file:///Users/cchaos/projects/braveneworg/boudreaux/[39mnode_modules/[4m@vitest[24m/runner/dist/index.js:1209:10[90m)[39m
    at [90mfile:///Users/cchaos/projects/braveneworg/boudreaux/[39mnode_modules/[4m@vitest[24m/runner/dist/index.js:1653:37
    at Traces.$ [90m(file:///Users/cchaos/projects/braveneworg/boudreaux/[39mnode_modules/[4mvitest[24m/dist/chunks/traces.CCmnQaNT.js:142:27[90m)[39m
    at trace [90m(file:///Users/cchaos/projects/braveneworg/boudreaux/[39mnode_modules/[4mvitest[24m/dist/chunks/test.B8ej_ZHS.js:239:21[90m)[39m
    at runTest [90m(file:///Users/cchaos/projects/braveneworg/boudreaux/[39mnode_modules/[4m@vitest[24m/runner/dist/index.js:1653:12[90m)[39m {
  clientVersion: [32m&apos;5.0.0&apos;[39m,
  errorCode: [90mundefined[39m,
  retryable: [90mundefined[39m
}

            </system-err>
        </testcase>
        <testcase classname="src/lib/services/release-service.spec.ts" name="ReleaseService &gt; getReleaseById &gt; should handle unknown errors" time="0.000181125">
            <system-err>
Unexpected error: Error: Unknown error
    at [90m/Users/cchaos/projects/braveneworg/boudreaux/[39msrc/lib/services/release-service.spec.ts:205:62
    at [90mfile:///Users/cchaos/projects/braveneworg/boudreaux/[39mnode_modules/[4m@vitest[24m/runner/dist/index.js:145:11
    at [90mfile:///Users/cchaos/projects/braveneworg/boudreaux/[39mnode_modules/[4m@vitest[24m/runner/dist/index.js:915:26
    at [90mfile:///Users/cchaos/projects/braveneworg/boudreaux/[39mnode_modules/[4m@vitest[24m/runner/dist/index.js:1243:20
    at new Promise (&lt;anonymous&gt;)
    at runWithTimeout [90m(file:///Users/cchaos/projects/braveneworg/boudreaux/[39mnode_modules/[4m@vitest[24m/runner/dist/index.js:1209:10[90m)[39m
    at [90mfile:///Users/cchaos/projects/braveneworg/boudreaux/[39mnode_modules/[4m@vitest[24m/runner/dist/index.js:1653:37
    at Traces.$ [90m(file:///Users/cchaos/projects/braveneworg/boudreaux/[39mnode_modules/[4mvitest[24m/dist/chunks/traces.CCmnQaNT.js:142:27[90m)[39m
    at trace [90m(file:///Users/cchaos/projects/braveneworg/boudreaux/[39mnode_modules/[4mvitest[24m/dist/chunks/test.B8ej_ZHS.js:239:21[90m)[39m
    at runTest [90m(file:///Users/cchaos/projects/braveneworg/boudreaux/[39mnode_modules/[4m@vitest[24m/runner/dist/index.js:1653:12[90m)[39m

            </system-err>
        </testcase>
        <testcase classname="src/lib/services/release-service.spec.ts" name="ReleaseService &gt; getReleases &gt; should retrieve all releases with default parameters" time="0.000109125">
        </testcase>
        <testcase classname="src/lib/services/release-service.spec.ts" name="ReleaseService &gt; getReleases &gt; should retrieve releases with custom pagination" time="0.000078625">
        </testcase>
        <testcase classname="src/lib/services/release-service.spec.ts" name="ReleaseService &gt; getReleases &gt; should search across multiple fields" time="0.000181375">
        </testcase>
        <testcase classname="src/lib/services/release-service.spec.ts" name="ReleaseService &gt; getReleases &gt; should combine pagination and search" time="0.000310208">
        </testcase>
        <testcase classname="src/lib/services/release-service.spec.ts" name="ReleaseService &gt; getReleases &gt; should return empty array when no releases found" time="0.000055917">
        </testcase>
        <testcase classname="src/lib/services/release-service.spec.ts" name="ReleaseService &gt; getReleases &gt; should return error when database is unavailable" time="0.000252834">
            <system-err>
Database connection failed: PrismaClientInitializationError: Connection failed
    at [90m/Users/cchaos/projects/braveneworg/boudreaux/[39msrc/lib/services/release-service.spec.ts:386:25
    at [90mfile:///Users/cchaos/projects/braveneworg/boudreaux/[39mnode_modules/[4m@vitest[24m/runner/dist/index.js:145:11
    at [90mfile:///Users/cchaos/projects/braveneworg/boudreaux/[39mnode_modules/[4m@vitest[24m/runner/dist/index.js:915:26
    at [90mfile:///Users/cchaos/projects/braveneworg/boudreaux/[39mnode_modules/[4m@vitest[24m/runner/dist/index.js:1243:20
    at new Promise (&lt;anonymous&gt;)
    at runWithTimeout [90m(file:///Users/cchaos/projects/braveneworg/boudreaux/[39mnode_modules/[4m@vitest[24m/runner/dist/index.js:1209:10[90m)[39m
    at [90mfile:///Users/cchaos/projects/braveneworg/boudreaux/[39mnode_modules/[4m@vitest[24m/runner/dist/index.js:1653:37
    at Traces.$ [90m(file:///Users/cchaos/projects/braveneworg/boudreaux/[39mnode_modules/[4mvitest[24m/dist/chunks/traces.CCmnQaNT.js:142:27[90m)[39m
    at trace [90m(file:///Users/cchaos/projects/braveneworg/boudreaux/[39mnode_modules/[4mvitest[24m/dist/chunks/test.B8ej_ZHS.js:239:21[90m)[39m
    at runTest [90m(file:///Users/cchaos/projects/braveneworg/boudreaux/[39mnode_modules/[4m@vitest[24m/runner/dist/index.js:1653:12[90m)[39m {
  clientVersion: [32m&apos;5.0.0&apos;[39m,
  errorCode: [90mundefined[39m,
  retryable: [90mundefined[39m
}

            </system-err>
        </testcase>
        <testcase classname="src/lib/services/release-service.spec.ts" name="ReleaseService &gt; getReleases &gt; should handle unknown errors" time="0.000153542">
            <system-err>
Unexpected error: Error: Unknown error
    at [90m/Users/cchaos/projects/braveneworg/boudreaux/[39msrc/lib/services/release-service.spec.ts:398:60
    at [90mfile:///Users/cchaos/projects/braveneworg/boudreaux/[39mnode_modules/[4m@vitest[24m/runner/dist/index.js:145:11
    at [90mfile:///Users/cchaos/projects/braveneworg/boudreaux/[39mnode_modules/[4m@vitest[24m/runner/dist/index.js:915:26
    at [90mfile:///Users/cchaos/projects/braveneworg/boudreaux/[39mnode_modules/[4m@vitest[24m/runner/dist/index.js:1243:20
    at new Promise (&lt;anonymous&gt;)
    at runWithTimeout [90m(file:///Users/cchaos/projects/braveneworg/boudreaux/[39mnode_modules/[4m@vitest[24m/runner/dist/index.js:1209:10[90m)[39m
    at [90mfile:///Users/cchaos/projects/braveneworg/boudreaux/[39mnode_modules/[4m@vitest[24m/runner/dist/index.js:1653:37
    at Traces.$ [90m(file:///Users/cchaos/projects/braveneworg/boudreaux/[39mnode_modules/[4mvitest[24m/dist/chunks/traces.CCmnQaNT.js:142:27[90m)[39m
    at trace [90m(file:///Users/cchaos/projects/braveneworg/boudreaux/[39mnode_modules/[4mvitest[24m/dist/chunks/test.B8ej_ZHS.js:239:21[90m)[39m
    at runTest [90m(file:///Users/cchaos/projects/braveneworg/boudreaux/[39mnode_modules/[4m@vitest[24m/runner/dist/index.js:1653:12[90m)[39m

            </system-err>
        </testcase>
        <testcase classname="src/lib/services/release-service.spec.ts" name="ReleaseService &gt; updateRelease &gt; should update a release successfully" time="0.000256375">
        </testcase>
        <testcase classname="src/lib/services/release-service.spec.ts" name="ReleaseService &gt; updateRelease &gt; should return error when release not found" time="0.000264958">
        </testcase>
        <testcase classname="src/lib/services/release-service.spec.ts" name="ReleaseService &gt; updateRelease &gt; should return error when title already exists" time="0.000110667">
        </testcase>
        <testcase classname="src/lib/services/release-service.spec.ts" name="ReleaseService &gt; updateRelease &gt; should return error when database is unavailable" time="0.000314167">
            <system-err>
Database connection failed: PrismaClientInitializationError: Connection failed
    at [90m/Users/cchaos/projects/braveneworg/boudreaux/[39msrc/lib/services/release-service.spec.ts:479:25
    at [90mfile:///Users/cchaos/projects/braveneworg/boudreaux/[39mnode_modules/[4m@vitest[24m/runner/dist/index.js:145:11
    at [90mfile:///Users/cchaos/projects/braveneworg/boudreaux/[39mnode_modules/[4m@vitest[24m/runner/dist/index.js:915:26
    at [90mfile:///Users/cchaos/projects/braveneworg/boudreaux/[39mnode_modules/[4m@vitest[24m/runner/dist/index.js:1243:20
    at new Promise (&lt;anonymous&gt;)
    at runWithTimeout [90m(file:///Users/cchaos/projects/braveneworg/boudreaux/[39mnode_modules/[4m@vitest[24m/runner/dist/index.js:1209:10[90m)[39m
    at [90mfile:///Users/cchaos/projects/braveneworg/boudreaux/[39mnode_modules/[4m@vitest[24m/runner/dist/index.js:1653:37
    at Traces.$ [90m(file:///Users/cchaos/projects/braveneworg/boudreaux/[39mnode_modules/[4mvitest[24m/dist/chunks/traces.CCmnQaNT.js:142:27[90m)[39m
    at trace [90m(file:///Users/cchaos/projects/braveneworg/boudreaux/[39mnode_modules/[4mvitest[24m/dist/chunks/test.B8ej_ZHS.js:239:21[90m)[39m
    at runTest [90m(file:///Users/cchaos/projects/braveneworg/boudreaux/[39mnode_modules/[4m@vitest[24m/runner/dist/index.js:1653:12[90m)[39m {
  clientVersion: [32m&apos;5.0.0&apos;[39m,
  errorCode: [90mundefined[39m,
  retryable: [90mundefined[39m
}

            </system-err>
        </testcase>
        <testcase classname="src/lib/services/release-service.spec.ts" name="ReleaseService &gt; updateRelease &gt; should handle unknown errors" time="0.000176333">
            <system-err>
Unexpected error: Error: Unknown error
    at [90m/Users/cchaos/projects/braveneworg/boudreaux/[39msrc/lib/services/release-service.spec.ts:491:58
    at [90mfile:///Users/cchaos/projects/braveneworg/boudreaux/[39mnode_modules/[4m@vitest[24m/runner/dist/index.js:145:11
    at [90mfile:///Users/cchaos/projects/braveneworg/boudreaux/[39mnode_modules/[4m@vitest[24m/runner/dist/index.js:915:26
    at [90mfile:///Users/cchaos/projects/braveneworg/boudreaux/[39mnode_modules/[4m@vitest[24m/runner/dist/index.js:1243:20
    at new Promise (&lt;anonymous&gt;)
    at runWithTimeout [90m(file:///Users/cchaos/projects/braveneworg/boudreaux/[39mnode_modules/[4m@vitest[24m/runner/dist/index.js:1209:10[90m)[39m
    at [90mfile:///Users/cchaos/projects/braveneworg/boudreaux/[39mnode_modules/[4m@vitest[24m/runner/dist/index.js:1653:37
    at Traces.$ [90m(file:///Users/cchaos/projects/braveneworg/boudreaux/[39mnode_modules/[4mvitest[24m/dist/chunks/traces.CCmnQaNT.js:142:27[90m)[39m
    at trace [90m(file:///Users/cchaos/projects/braveneworg/boudreaux/[39mnode_modules/[4mvitest[24m/dist/chunks/test.B8ej_ZHS.js:239:21[90m)[39m
    at runTest [90m(file:///Users/cchaos/projects/braveneworg/boudreaux/[39mnode_modules/[4m@vitest[24m/runner/dist/index.js:1653:12[90m)[39m

            </system-err>
        </testcase>
        <testcase classname="src/lib/services/release-service.spec.ts" name="ReleaseService &gt; deleteRelease &gt; should delete a release successfully" time="0.000113666">
        </testcase>
        <testcase classname="src/lib/services/release-service.spec.ts" name="ReleaseService &gt; deleteRelease &gt; should return error when release not found" time="0.000055666">
        </testcase>
        <testcase classname="src/lib/services/release-service.spec.ts" name="ReleaseService &gt; deleteRelease &gt; should return error when database is unavailable" time="0.000238625">
            <system-err>
Database connection failed: PrismaClientInitializationError: Connection failed
    at [90m/Users/cchaos/projects/braveneworg/boudreaux/[39msrc/lib/services/release-service.spec.ts:539:25
    at [90mfile:///Users/cchaos/projects/braveneworg/boudreaux/[39mnode_modules/[4m@vitest[24m/runner/dist/index.js:145:11
    at [90mfile:///Users/cchaos/projects/braveneworg/boudreaux/[39mnode_modules/[4m@vitest[24m/runner/dist/index.js:915:26
    at [90mfile:///Users/cchaos/projects/braveneworg/boudreaux/[39mnode_modules/[4m@vitest[24m/runner/dist/index.js:1243:20
    at new Promise (&lt;anonymous&gt;)
    at runWithTimeout [90m(file:///Users/cchaos/projects/braveneworg/boudreaux/[39mnode_modules/[4m@vitest[24m/runner/dist/index.js:1209:10[90m)[39m
    at [90mfile:///Users/cchaos/projects/braveneworg/boudreaux/[39mnode_modules/[4m@vitest[24m/runner/dist/index.js:1653:37
    at Traces.$ [90m(file:///Users/cchaos/projects/braveneworg/boudreaux/[39mnode_modules/[4mvitest[24m/dist/chunks/traces.CCmnQaNT.js:142:27[90m)[39m
    at trace [90m(file:///Users/cchaos/projects/braveneworg/boudreaux/[39mnode_modules/[4mvitest[24m/dist/chunks/test.B8ej_ZHS.js:239:21[90m)[39m
    at runTest [90m(file:///Users/cchaos/projects/braveneworg/boudreaux/[39mnode_modules/[4m@vitest[24m/runner/dist/index.js:1653:12[90m)[39m {
  clientVersion: [32m&apos;5.0.0&apos;[39m,
  errorCode: [90mundefined[39m,
  retryable: [90mundefined[39m
}

            </system-err>
        </testcase>
        <testcase classname="src/lib/services/release-service.spec.ts" name="ReleaseService &gt; deleteRelease &gt; should handle unknown errors" time="0.000187375">
            <system-err>
Unexpected error: Error: Unknown error
    at [90m/Users/cchaos/projects/braveneworg/boudreaux/[39msrc/lib/services/release-service.spec.ts:551:58
    at [90mfile:///Users/cchaos/projects/braveneworg/boudreaux/[39mnode_modules/[4m@vitest[24m/runner/dist/index.js:145:11
    at [90mfile:///Users/cchaos/projects/braveneworg/boudreaux/[39mnode_modules/[4m@vitest[24m/runner/dist/index.js:915:26
    at [90mfile:///Users/cchaos/projects/braveneworg/boudreaux/[39mnode_modules/[4m@vitest[24m/runner/dist/index.js:1243:20
    at new Promise (&lt;anonymous&gt;)
    at runWithTimeout [90m(file:///Users/cchaos/projects/braveneworg/boudreaux/[39mnode_modules/[4m@vitest[24m/runner/dist/index.js:1209:10[90m)[39m
    at [90mfile:///Users/cchaos/projects/braveneworg/boudreaux/[39mnode_modules/[4m@vitest[24m/runner/dist/index.js:1653:37
    at Traces.$ [90m(file:///Users/cchaos/projects/braveneworg/boudreaux/[39mnode_modules/[4mvitest[24m/dist/chunks/traces.CCmnQaNT.js:142:27[90m)[39m
    at trace [90m(file:///Users/cchaos/projects/braveneworg/boudreaux/[39mnode_modules/[4mvitest[24m/dist/chunks/test.B8ej_ZHS.js:239:21[90m)[39m
    at runTest [90m(file:///Users/cchaos/projects/braveneworg/boudreaux/[39mnode_modules/[4m@vitest[24m/runner/dist/index.js:1653:12[90m)[39m

            </system-err>
        </testcase>
    </testsuite>
    <testsuite name="src/lib/utils/auth/require-role.spec.ts" timestamp="2026-02-02T09:52:24.296Z" hostname="Mac-5429.lan" tests="10" failures="0" errors="0" skipped="0" time="0.004820333">
        <testcase classname="src/lib/utils/auth/require-role.spec.ts" name="requireRole &gt; when user has required role &gt; should resolve successfully for admin role" time="0.000061834">
        </testcase>
        <testcase classname="src/lib/utils/auth/require-role.spec.ts" name="requireRole &gt; when user has required role &gt; should resolve successfully for user role" time="0.000184084">
        </testcase>
        <testcase classname="src/lib/utils/auth/require-role.spec.ts" name="requireRole &gt; when user does not have required role &gt; should throw Unauthorized when user has different role" time="0.000118875">
        </testcase>
        <testcase classname="src/lib/utils/auth/require-role.spec.ts" name="requireRole &gt; when user does not have required role &gt; should throw Unauthorized when user role is undefined" time="0.000394667">
        </testcase>
        <testcase classname="src/lib/utils/auth/require-role.spec.ts" name="requireRole &gt; when session is invalid &gt; should throw Unauthorized when session is null" time="0.000117333">
        </testcase>
        <testcase classname="src/lib/utils/auth/require-role.spec.ts" name="requireRole &gt; when session is invalid &gt; should throw Unauthorized when user is null" time="0.002001">
        </testcase>
        <testcase classname="src/lib/utils/auth/require-role.spec.ts" name="requireRole &gt; when session is invalid &gt; should throw Unauthorized when user is undefined" time="0.000306542">
        </testcase>
        <testcase classname="src/lib/utils/auth/require-role.spec.ts" name="requireRole &gt; edge cases &gt; should handle case-sensitive role comparison" time="0.000085292">
        </testcase>
        <testcase classname="src/lib/utils/auth/require-role.spec.ts" name="requireRole &gt; edge cases &gt; should throw Unauthorized for empty role string when user has a role" time="0.000309542">
        </testcase>
        <testcase classname="src/lib/utils/auth/require-role.spec.ts" name="requireRole &gt; edge cases &gt; should throw Unauthorized for empty role string when user has empty role" time="0.000126917">
        </testcase>
    </testsuite>
    <testsuite name="src/lib/utils/auth/get-action-state.spec.ts" timestamp="2026-02-02T09:52:24.297Z" hostname="Mac-5429.lan" tests="13" failures="0" errors="0" skipped="0" time="0.005817875">
        <testcase classname="src/lib/utils/auth/get-action-state.spec.ts" name="get-action-state &gt; field filtering &gt; should only include permitted field names" time="0.000369959">
        </testcase>
        <testcase classname="src/lib/utils/auth/get-action-state.spec.ts" name="get-action-state &gt; field filtering &gt; should handle empty permitted fields array" time="0.00177125">
        </testcase>
        <testcase classname="src/lib/utils/auth/get-action-state.spec.ts" name="get-action-state &gt; boolean conversion &gt; should convert &quot;on&quot; to true" time="0.000050125">
        </testcase>
        <testcase classname="src/lib/utils/auth/get-action-state.spec.ts" name="get-action-state &gt; boolean conversion &gt; should convert &quot;off&quot; to false" time="0.000045541">
        </testcase>
        <testcase classname="src/lib/utils/auth/get-action-state.spec.ts" name="get-action-state &gt; boolean conversion &gt; should convert &quot;false&quot; string to false for termsAndConditions field" time="0.000145417">
        </testcase>
        <testcase classname="src/lib/utils/auth/get-action-state.spec.ts" name="get-action-state &gt; boolean conversion &gt; should leave other string values unchanged" time="0.000162292">
        </testcase>
        <testcase classname="src/lib/utils/auth/get-action-state.spec.ts" name="get-action-state &gt; form state initialization &gt; should initialize form state with correct structure" time="0.000187542">
        </testcase>
        <testcase classname="src/lib/utils/auth/get-action-state.spec.ts" name="get-action-state &gt; schema validation &gt; should validate data successfully with valid input" time="0.00017725">
        </testcase>
        <testcase classname="src/lib/utils/auth/get-action-state.spec.ts" name="get-action-state &gt; schema validation &gt; should fail validation with invalid email" time="0.000460667">
        </testcase>
        <testcase classname="src/lib/utils/auth/get-action-state.spec.ts" name="get-action-state &gt; schema validation &gt; should fail validation with missing required fields" time="0.000431625">
        </testcase>
        <testcase classname="src/lib/utils/auth/get-action-state.spec.ts" name="get-action-state &gt; edge cases &gt; should handle empty FormData" time="0.000294792">
        </testcase>
        <testcase classname="src/lib/utils/auth/get-action-state.spec.ts" name="get-action-state &gt; edge cases &gt; should handle FormData with empty string values" time="0.000147584">
        </testcase>
        <testcase classname="src/lib/utils/auth/get-action-state.spec.ts" name="get-action-state &gt; edge cases &gt; should preserve field values in formState even if validation fails" time="0.00012325">
        </testcase>
    </testsuite>
    <testsuite name="src/lib/utils/auth/auth-utils.spec.ts" timestamp="2026-02-02T09:52:24.297Z" hostname="Mac-5429.lan" tests="10" failures="0" errors="0" skipped="0" time="0.005208625">
        <testcase classname="src/lib/utils/auth/auth-utils.spec.ts" name="auth-utils &gt; EMAIL_REGEX &gt; should be defined" time="0.0001015">
        </testcase>
        <testcase classname="src/lib/utils/auth/auth-utils.spec.ts" name="auth-utils &gt; EMAIL_REGEX &gt; should match valid email formats" time="0.000081541">
        </testcase>
        <testcase classname="src/lib/utils/auth/auth-utils.spec.ts" name="auth-utils &gt; EMAIL_REGEX &gt; should not match invalid email formats" time="0.000211542">
        </testcase>
        <testcase classname="src/lib/utils/auth/auth-utils.spec.ts" name="auth-utils &gt; isValidEmail &gt; should validate correct email addresses" time="0.000179833">
        </testcase>
        <testcase classname="src/lib/utils/auth/auth-utils.spec.ts" name="auth-utils &gt; isValidEmail &gt; should reject invalid email addresses" time="0.000770875">
        </testcase>
        <testcase classname="src/lib/utils/auth/auth-utils.spec.ts" name="auth-utils &gt; isValidEmail &gt; should handle edge cases" time="0.000236167">
        </testcase>
        <testcase classname="src/lib/utils/auth/auth-utils.spec.ts" name="auth-utils &gt; setUnknownError &gt; should set general error when errors object does not exist" time="0.000146042">
        </testcase>
        <testcase classname="src/lib/utils/auth/auth-utils.spec.ts" name="auth-utils &gt; setUnknownError &gt; should set general error when errors object exists but general does not" time="0.000087917">
        </testcase>
        <testcase classname="src/lib/utils/auth/auth-utils.spec.ts" name="auth-utils &gt; setUnknownError &gt; should append to existing general errors" time="0.00191525">
        </testcase>
        <testcase classname="src/lib/utils/auth/auth-utils.spec.ts" name="auth-utils &gt; setUnknownError &gt; should use custom error message when provided" time="0.00019025">
        </testcase>
    </testsuite>
    <testsuite name="src/app/components/auth/generate-username-button.spec.tsx" timestamp="2026-02-02T09:52:24.298Z" hostname="Mac-5429.lan" tests="20" failures="0" errors="0" skipped="0" time="0.299092458">
        <testcase classname="src/app/components/auth/generate-username-button.spec.tsx" name="GenerateUsernameButton &gt; rendering &gt; should render the button with correct text" time="0.002876333">
            <system-err>
An update to GenerateUsernameButton inside a test was not wrapped in act(...).

When testing, code that causes React state updates should be wrapped into act(...):

act(() =&gt; {
  /* fire events that update state */
});
/* assert on the output */

This ensures that you&apos;re testing the behavior the user would see in the browser. Learn more at https://react.dev/link/wrap-tests-with-act

            </system-err>
        </testcase>
        <testcase classname="src/app/components/auth/generate-username-button.spec.tsx" name="GenerateUsernameButton &gt; rendering &gt; should render with link variant" time="0.000760583">
            <system-err>
An update to GenerateUsernameButton inside a test was not wrapped in act(...).

When testing, code that causes React state updates should be wrapped into act(...):

act(() =&gt; {
  /* fire events that update state */
});
/* assert on the output */

This ensures that you&apos;re testing the behavior the user would see in the browser. Learn more at https://react.dev/link/wrap-tests-with-act

            </system-err>
        </testcase>
        <testcase classname="src/app/components/auth/generate-username-button.spec.tsx" name="GenerateUsernameButton &gt; rendering &gt; should render with correct type" time="0.017799666">
            <system-err>
An update to GenerateUsernameButton inside a test was not wrapped in act(...).

When testing, code that causes React state updates should be wrapped into act(...):

act(() =&gt; {
  /* fire events that update state */
});
/* assert on the output */

This ensures that you&apos;re testing the behavior the user would see in the browser. Learn more at https://react.dev/link/wrap-tests-with-act

            </system-err>
        </testcase>
        <testcase classname="src/app/components/auth/generate-username-button.spec.tsx" name="GenerateUsernameButton &gt; rendering &gt; should render the refresh icon" time="0.001296167">
            <system-err>
An update to GenerateUsernameButton inside a test was not wrapped in act(...).

When testing, code that causes React state updates should be wrapped into act(...):

act(() =&gt; {
  /* fire events that update state */
});
/* assert on the output */

This ensures that you&apos;re testing the behavior the user would see in the browser. Learn more at https://react.dev/link/wrap-tests-with-act

            </system-err>
        </testcase>
        <testcase classname="src/app/components/auth/generate-username-button.spec.tsx" name="GenerateUsernameButton &gt; rendering &gt; should apply correct CSS classes" time="0.002185792">
            <system-err>
An update to GenerateUsernameButton inside a test was not wrapped in act(...).

When testing, code that causes React state updates should be wrapped into act(...):

act(() =&gt; {
  /* fire events that update state */
});
/* assert on the output */

This ensures that you&apos;re testing the behavior the user would see in the browser. Learn more at https://react.dev/link/wrap-tests-with-act

            </system-err>
        </testcase>
        <testcase classname="src/app/components/auth/generate-username-button.spec.tsx" name="GenerateUsernameButton &gt; rendering &gt; should have proper aria-label for accessibility" time="0.001663833">
            <system-err>
An update to GenerateUsernameButton inside a test was not wrapped in act(...).

When testing, code that causes React state updates should be wrapped into act(...):

act(() =&gt; {
  /* fire events that update state */
});
/* assert on the output */

This ensures that you&apos;re testing the behavior the user would see in the browser. Learn more at https://react.dev/link/wrap-tests-with-act

            </system-err>
        </testcase>
        <testcase classname="src/app/components/auth/generate-username-button.spec.tsx" name="GenerateUsernameButton &gt; username generation &gt; should generate a random username when clicked" time="0.00857375">
        </testcase>
        <testcase classname="src/app/components/auth/generate-username-button.spec.tsx" name="GenerateUsernameButton &gt; username generation &gt; should set both username and confirmUsername fields with generated value" time="0.010226625">
        </testcase>
        <testcase classname="src/app/components/auth/generate-username-button.spec.tsx" name="GenerateUsernameButton &gt; username generation &gt; should trigger validation after setting values" time="0.010718625">
        </testcase>
        <testcase classname="src/app/components/auth/generate-username-button.spec.tsx" name="GenerateUsernameButton &gt; username generation &gt; should call setValue with correct options" time="0.009992916">
        </testcase>
        <testcase classname="src/app/components/auth/generate-username-button.spec.tsx" name="GenerateUsernameButton &gt; username generation &gt; should generate different usernames on multiple clicks" time="0.022297583">
        </testcase>
        <testcase classname="src/app/components/auth/generate-username-button.spec.tsx" name="GenerateUsernameButton &gt; confirmUsername clearing behavior &gt; should clear confirmUsername when usernames do not match on mount" time="0.053215583">
        </testcase>
        <testcase classname="src/app/components/auth/generate-username-button.spec.tsx" name="GenerateUsernameButton &gt; confirmUsername clearing behavior &gt; should not clear confirmUsername when usernames match" time="0.001809959">
            <system-err>
An update to GenerateUsernameButton inside a test was not wrapped in act(...).

When testing, code that causes React state updates should be wrapped into act(...):

act(() =&gt; {
  /* fire events that update state */
});
/* assert on the output */

This ensures that you&apos;re testing the behavior the user would see in the browser. Learn more at https://react.dev/link/wrap-tests-with-act

            </system-err>
        </testcase>
        <testcase classname="src/app/components/auth/generate-username-button.spec.tsx" name="GenerateUsernameButton &gt; confirmUsername clearing behavior &gt; should only clear confirmUsername once" time="0.053744583">
        </testcase>
        <testcase classname="src/app/components/auth/generate-username-button.spec.tsx" name="GenerateUsernameButton &gt; accessibility &gt; should be keyboard accessible" time="0.013737333">
        </testcase>
        <testcase classname="src/app/components/auth/generate-username-button.spec.tsx" name="GenerateUsernameButton &gt; accessibility &gt; should be clickable with mouse" time="0.059656333">
        </testcase>
        <testcase classname="src/app/components/auth/generate-username-button.spec.tsx" name="GenerateUsernameButton &gt; accessibility &gt; should have accessible button label" time="0.001717792">
            <system-err>
An update to GenerateUsernameButton inside a test was not wrapped in act(...).

When testing, code that causes React state updates should be wrapped into act(...):

act(() =&gt; {
  /* fire events that update state */
});
/* assert on the output */

This ensures that you&apos;re testing the behavior the user would see in the browser. Learn more at https://react.dev/link/wrap-tests-with-act

            </system-err>
        </testcase>
        <testcase classname="src/app/components/auth/generate-username-button.spec.tsx" name="GenerateUsernameButton &gt; accessibility &gt; should hide decorative icon from screen readers" time="0.000799166">
            <system-err>
An update to GenerateUsernameButton inside a test was not wrapped in act(...).

When testing, code that causes React state updates should be wrapped into act(...):

act(() =&gt; {
  /* fire events that update state */
});
/* assert on the output */

This ensures that you&apos;re testing the behavior the user would see in the browser. Learn more at https://react.dev/link/wrap-tests-with-act

            </system-err>
        </testcase>
        <testcase classname="src/app/components/auth/generate-username-button.spec.tsx" name="GenerateUsernameButton &gt; edge cases &gt; should handle empty initial values" time="0.000898583">
            <system-err>
An update to GenerateUsernameButton inside a test was not wrapped in act(...).

When testing, code that causes React state updates should be wrapped into act(...):

act(() =&gt; {
  /* fire events that update state */
});
/* assert on the output */

This ensures that you&apos;re testing the behavior the user would see in the browser. Learn more at https://react.dev/link/wrap-tests-with-act

            </system-err>
        </testcase>
        <testcase classname="src/app/components/auth/generate-username-button.spec.tsx" name="GenerateUsernameButton &gt; edge cases &gt; should handle rapid clicks gracefully" time="0.023572375">
        </testcase>
    </testsuite>
    <testsuite name="src/lib/utils/countries.spec.ts" timestamp="2026-02-02T09:52:24.299Z" hostname="Mac-5429.lan" tests="7" failures="0" errors="0" skipped="0" time="0.011553667">
        <testcase classname="src/lib/utils/countries.spec.ts" name="countries utility &gt; COUNTRIES constant &gt; should be an array of country objects" time="0.000063083">
        </testcase>
        <testcase classname="src/lib/utils/countries.spec.ts" name="countries utility &gt; COUNTRIES constant &gt; should have valid country objects with code and name" time="0.008902834">
        </testcase>
        <testcase classname="src/lib/utils/countries.spec.ts" name="countries utility &gt; COUNTRIES constant &gt; should include common countries" time="0.000576416">
        </testcase>
        <testcase classname="src/lib/utils/countries.spec.ts" name="countries utility &gt; getCountryName &gt; should return country name for valid code" time="0.0002545">
        </testcase>
        <testcase classname="src/lib/utils/countries.spec.ts" name="countries utility &gt; getCountryName &gt; should return the code itself for invalid code" time="0.000649583">
        </testcase>
        <testcase classname="src/lib/utils/countries.spec.ts" name="countries utility &gt; getCountryName &gt; should handle empty string" time="0.000152084">
        </testcase>
        <testcase classname="src/lib/utils/countries.spec.ts" name="countries utility &gt; getDefaultCountry &gt; should return US as default country" time="0.000176375">
        </testcase>
    </testsuite>
    <testsuite name="src/app/components/ui/resizable-text-box.spec.tsx" timestamp="2026-02-02T09:52:24.300Z" hostname="Mac-5429.lan" tests="24" failures="0" errors="0" skipped="0" time="0.123619958">
        <testcase classname="src/app/components/ui/resizable-text-box.spec.tsx" name="ResizableTextBox &gt; rendering &gt; renders the children content" time="0.001200875">
        </testcase>
        <testcase classname="src/app/components/ui/resizable-text-box.spec.tsx" name="ResizableTextBox &gt; rendering &gt; applies the correct position and dimensions" time="0.005751416">
        </testcase>
        <testcase classname="src/app/components/ui/resizable-text-box.spec.tsx" name="ResizableTextBox &gt; rendering &gt; applies rotation transform" time="0.0030665">
        </testcase>
        <testcase classname="src/app/components/ui/resizable-text-box.spec.tsx" name="ResizableTextBox &gt; rendering &gt; does not show resize handles when not selected" time="0.001164375">
        </testcase>
        <testcase classname="src/app/components/ui/resizable-text-box.spec.tsx" name="ResizableTextBox &gt; rendering &gt; shows resize handles when selected" time="0.002495334">
        </testcase>
        <testcase classname="src/app/components/ui/resizable-text-box.spec.tsx" name="ResizableTextBox &gt; rendering &gt; shows marching ants border when selected" time="0.016393417">
        </testcase>
        <testcase classname="src/app/components/ui/resizable-text-box.spec.tsx" name="ResizableTextBox &gt; rendering &gt; does not show marching ants border when not selected" time="0.001914333">
        </testcase>
        <testcase classname="src/app/components/ui/resizable-text-box.spec.tsx" name="ResizableTextBox &gt; interactions &gt; calls onSelect when clicked" time="0.010426125">
        </testcase>
        <testcase classname="src/app/components/ui/resizable-text-box.spec.tsx" name="ResizableTextBox &gt; interactions &gt; calls onDragStart when mouse down on content" time="0.000790166">
        </testcase>
        <testcase classname="src/app/components/ui/resizable-text-box.spec.tsx" name="ResizableTextBox &gt; interactions &gt; calls onDragStart when touch start on content" time="0.000835833">
        </testcase>
        <testcase classname="src/app/components/ui/resizable-text-box.spec.tsx" name="ResizableTextBox &gt; interactions &gt; calls onDoubleClick when content is double-clicked" time="0.014002125">
        </testcase>
        <testcase classname="src/app/components/ui/resizable-text-box.spec.tsx" name="ResizableTextBox &gt; interactions &gt; shows rotation handle when onRotateStart is provided and selected" time="0.001896083">
        </testcase>
        <testcase classname="src/app/components/ui/resizable-text-box.spec.tsx" name="ResizableTextBox &gt; interactions &gt; calls onRotateStart when rotation handle is clicked" time="0.004395208">
        </testcase>
        <testcase classname="src/app/components/ui/resizable-text-box.spec.tsx" name="ResizableTextBox &gt; styling &gt; applies custom text styles" time="0.032447625">
        </testcase>
        <testcase classname="src/app/components/ui/resizable-text-box.spec.tsx" name="ResizableTextBox &gt; styling &gt; shows grabbing cursor when dragging" time="0.001508125">
        </testcase>
        <testcase classname="src/app/components/ui/resizable-text-box.spec.tsx" name="ResizableTextBox &gt; styling &gt; shows grab cursor when not dragging" time="0.002139708">
        </testcase>
        <testcase classname="src/app/components/ui/resizable-text-box.spec.tsx" name="ResizableTextBox &gt; styling &gt; applies custom className" time="0.002292084">
        </testcase>
        <testcase classname="src/app/components/ui/resizable-text-box.spec.tsx" name="ResizableTextBox &gt; styling &gt; renders title attribute" time="0.001303041">
        </testcase>
        <testcase classname="src/app/components/ui/resizable-text-box.spec.tsx" name="ResizableTextBox &gt; resize handles &gt; triggers resize when north handle is dragged" time="0.001869792">
        </testcase>
        <testcase classname="src/app/components/ui/resizable-text-box.spec.tsx" name="ResizableTextBox &gt; resize handles &gt; triggers resize when east handle is dragged" time="0.006287834">
        </testcase>
        <testcase classname="src/app/components/ui/resizable-text-box.spec.tsx" name="ResizableTextBox &gt; resize handles &gt; stops resize on mouse up" time="0.002589292">
        </testcase>
        <testcase classname="src/app/components/ui/resizable-text-box.spec.tsx" name="ResizableTextBox &gt; touch support &gt; handles touch resize on north handle" time="0.00531475">
        </testcase>
        <testcase classname="src/app/components/ui/resizable-text-box.spec.tsx" name="ResizableTextBox &gt; constraints &gt; respects minimum width constraint" time="0.00087625">
        </testcase>
        <testcase classname="src/app/components/ui/resizable-text-box.spec.tsx" name="ResizableTextBox &gt; constraints &gt; respects maximum height constraint" time="0.000922167">
        </testcase>
    </testsuite>
    <testsuite name="src/lib/utils/console-logger.spec.ts" timestamp="2026-02-02T09:52:24.301Z" hostname="Mac-5429.lan" tests="34" failures="0" errors="0" skipped="0" time="0.007490917">
        <testcase classname="src/lib/utils/console-logger.spec.ts" name="console-logger &gt; LogMethods enum &gt; should have Info method" time="0.000146291">
        </testcase>
        <testcase classname="src/lib/utils/console-logger.spec.ts" name="console-logger &gt; LogMethods enum &gt; should have Warn method" time="0.000189833">
        </testcase>
        <testcase classname="src/lib/utils/console-logger.spec.ts" name="console-logger &gt; LogMethods enum &gt; should have Error method" time="0.000100042">
        </testcase>
        <testcase classname="src/lib/utils/console-logger.spec.ts" name="console-logger &gt; LogMethods enum &gt; should have three log methods" time="0.00007125">
        </testcase>
        <testcase classname="src/lib/utils/console-logger.spec.ts" name="console-logger &gt; LogMethods enum &gt; should have lowercase method values" time="0.000144792">
        </testcase>
        <testcase classname="src/lib/utils/console-logger.spec.ts" name="console-logger &gt; log function in development &gt; should log to console.info by default" time="0.000062291">
        </testcase>
        <testcase classname="src/lib/utils/console-logger.spec.ts" name="console-logger &gt; log function in development &gt; should log multiple arguments" time="0.000062708">
        </testcase>
        <testcase classname="src/lib/utils/console-logger.spec.ts" name="console-logger &gt; log function in development &gt; should log to console.warn when LogMethods.Warn is first arg" time="0.000069625">
        </testcase>
        <testcase classname="src/lib/utils/console-logger.spec.ts" name="console-logger &gt; log function in development &gt; should log to console.error when LogMethods.Error is first arg" time="0.000076625">
        </testcase>
        <testcase classname="src/lib/utils/console-logger.spec.ts" name="console-logger &gt; log function in development &gt; should log to console.info when LogMethods.Info is first arg" time="0.000057958">
        </testcase>
        <testcase classname="src/lib/utils/console-logger.spec.ts" name="console-logger &gt; log function in development &gt; should handle objects and arrays" time="0.000122709">
        </testcase>
        <testcase classname="src/lib/utils/console-logger.spec.ts" name="console-logger &gt; log function in development &gt; should handle Error objects" time="0.000065125">
        </testcase>
        <testcase classname="src/lib/utils/console-logger.spec.ts" name="console-logger &gt; log function in development &gt; should handle null and undefined" time="0.000124125">
        </testcase>
        <testcase classname="src/lib/utils/console-logger.spec.ts" name="console-logger &gt; log function in production &gt; should NOT log in production" time="0.000076375">
        </testcase>
        <testcase classname="src/lib/utils/console-logger.spec.ts" name="console-logger &gt; log function in production &gt; should NOT log warnings in production" time="0.000068042">
        </testcase>
        <testcase classname="src/lib/utils/console-logger.spec.ts" name="console-logger &gt; log function in production &gt; should NOT log errors in production" time="0.000056333">
        </testcase>
        <testcase classname="src/lib/utils/console-logger.spec.ts" name="console-logger &gt; warn function &gt; should log to console.warn" time="0.000267333">
        </testcase>
        <testcase classname="src/lib/utils/console-logger.spec.ts" name="console-logger &gt; warn function &gt; should handle multiple arguments" time="0.000273667">
        </testcase>
        <testcase classname="src/lib/utils/console-logger.spec.ts" name="console-logger &gt; warn function &gt; should handle objects" time="0.002495875">
        </testcase>
        <testcase classname="src/lib/utils/console-logger.spec.ts" name="console-logger &gt; warn function &gt; should NOT log warnings in production" time="0.000452708">
        </testcase>
        <testcase classname="src/lib/utils/console-logger.spec.ts" name="console-logger &gt; error function &gt; should log to console.error" time="0.000109625">
        </testcase>
        <testcase classname="src/lib/utils/console-logger.spec.ts" name="console-logger &gt; error function &gt; should handle multiple arguments" time="0.000062333">
        </testcase>
        <testcase classname="src/lib/utils/console-logger.spec.ts" name="console-logger &gt; error function &gt; should handle Error objects" time="0.000124083">
        </testcase>
        <testcase classname="src/lib/utils/console-logger.spec.ts" name="console-logger &gt; error function &gt; should NOT log errors in production" time="0.000059291">
        </testcase>
        <testcase classname="src/lib/utils/console-logger.spec.ts" name="console-logger &gt; edge cases &gt; should handle empty arguments" time="0.000066166">
        </testcase>
        <testcase classname="src/lib/utils/console-logger.spec.ts" name="console-logger &gt; edge cases &gt; should handle only LogMethod argument" time="0.000076458">
        </testcase>
        <testcase classname="src/lib/utils/console-logger.spec.ts" name="console-logger &gt; edge cases &gt; should handle special characters in strings" time="0.000080708">
        </testcase>
        <testcase classname="src/lib/utils/console-logger.spec.ts" name="console-logger &gt; edge cases &gt; should handle Unicode characters" time="0.000133542">
        </testcase>
        <testcase classname="src/lib/utils/console-logger.spec.ts" name="console-logger &gt; edge cases &gt; should handle symbols" time="0.000081958">
        </testcase>
        <testcase classname="src/lib/utils/console-logger.spec.ts" name="console-logger &gt; edge cases &gt; should handle functions" time="0.000128458">
        </testcase>
        <testcase classname="src/lib/utils/console-logger.spec.ts" name="console-logger &gt; edge cases &gt; should handle Map and Set" time="0.0002515">
        </testcase>
        <testcase classname="src/lib/utils/console-logger.spec.ts" name="console-logger &gt; integration scenarios &gt; should work with log prefixes from CONSTANTS" time="0.000062167">
        </testcase>
        <testcase classname="src/lib/utils/console-logger.spec.ts" name="console-logger &gt; integration scenarios &gt; should work in try-catch blocks" time="0.000065292">
        </testcase>
        <testcase classname="src/lib/utils/console-logger.spec.ts" name="console-logger &gt; integration scenarios &gt; should support debug logging patterns" time="0.00006375">
        </testcase>
    </testsuite>
    <testsuite name="src/lib/actions/signin-action.spec.ts" timestamp="2026-02-02T09:52:24.303Z" hostname="Mac-5429.lan" tests="18" failures="0" errors="0" skipped="0" time="0.007765542">
        <testcase classname="src/lib/actions/signin-action.spec.ts" name="signinAction &gt; successful signin flow &gt; should send magic link when email is valid" time="0.000358708">
        </testcase>
        <testcase classname="src/lib/actions/signin-action.spec.ts" name="signinAction &gt; successful signin flow &gt; should use nodemailer provider for magic link" time="0.000995666">
        </testcase>
        <testcase classname="src/lib/actions/signin-action.spec.ts" name="signinAction &gt; successful signin flow &gt; should set redirect parameter correctly" time="0.000429">
        </testcase>
        <testcase classname="src/lib/actions/signin-action.spec.ts" name="signinAction &gt; Turnstile verification &gt; should return error when Turnstile token is missing" time="0.000103375">
        </testcase>
        <testcase classname="src/lib/actions/signin-action.spec.ts" name="signinAction &gt; Turnstile verification &gt; should return error when Turnstile verification fails" time="0.00019125">
        </testcase>
        <testcase classname="src/lib/actions/signin-action.spec.ts" name="signinAction &gt; Turnstile verification &gt; should proceed when Turnstile verification succeeds" time="0.00014375">
        </testcase>
        <testcase classname="src/lib/actions/signin-action.spec.ts" name="signinAction &gt; validation failures &gt; should return form state with errors when validation fails" time="0.000501917">
        </testcase>
        <testcase classname="src/lib/actions/signin-action.spec.ts" name="signinAction &gt; validation failures &gt; should preserve validation errors and fields" time="0.001283">
        </testcase>
        <testcase classname="src/lib/actions/signin-action.spec.ts" name="signinAction &gt; signIn errors &gt; should handle signIn failures and set unknown error" time="0.0005445">
            <system-err>
Sign-in error: SignIn failed

            </system-err>
        </testcase>
        <testcase classname="src/lib/actions/signin-action.spec.ts" name="signinAction &gt; signIn errors &gt; should log full error object in development mode" time="0.000225792">
        </testcase>
        <testcase classname="src/lib/actions/signin-action.spec.ts" name="signinAction &gt; signIn errors &gt; should log error message only in production mode" time="0.000499083">
        </testcase>
        <testcase classname="src/lib/actions/signin-action.spec.ts" name="signinAction &gt; signIn errors &gt; should log Unknown error in production mode for non-Error exceptions" time="0.000123125">
        </testcase>
        <testcase classname="src/lib/actions/signin-action.spec.ts" name="signinAction &gt; signIn errors &gt; should call setUnknownError in finally block when there are errors" time="0.000521542">
            <system-err>
Sign-in error: Network failure

            </system-err>
        </testcase>
        <testcase classname="src/lib/actions/signin-action.spec.ts" name="signinAction &gt; signIn errors &gt; should not call setUnknownError when success is true" time="0.000149583">
        </testcase>
        <testcase classname="src/lib/actions/signin-action.spec.ts" name="signinAction &gt; edge cases &gt; should not redirect when signin fails" time="0.000095458">
        </testcase>
        <testcase classname="src/lib/actions/signin-action.spec.ts" name="signinAction &gt; edge cases &gt; should handle empty form data gracefully" time="0.000127042">
        </testcase>
        <testcase classname="src/lib/actions/signin-action.spec.ts" name="signinAction &gt; edge cases &gt; should preserve form state structure" time="0.000186917">
        </testcase>
        <testcase classname="src/lib/actions/signin-action.spec.ts" name="signinAction &gt; URL encoding &gt; should properly encode email in redirect URL" time="0.000160042">
        </testcase>
    </testsuite>
    <testsuite name="src/app/components/ui/loading-spinner.spec.tsx" timestamp="2026-02-02T09:52:24.304Z" hostname="Mac-5429.lan" tests="8" failures="0" errors="0" skipped="0" time="0.027442667">
        <testcase classname="src/app/components/ui/loading-spinner.spec.tsx" name="LoadingSpinner &gt; renders" time="0.01666675">
        </testcase>
        <testcase classname="src/app/components/ui/loading-spinner.spec.tsx" name="LoadingSpinner &gt; renders spinner element" time="0.001402583">
        </testcase>
        <testcase classname="src/app/components/ui/loading-spinner.spec.tsx" name="LoadingSpinner &gt; renders loading text" time="0.000743166">
        </testcase>
        <testcase classname="src/app/components/ui/loading-spinner.spec.tsx" name="LoadingSpinner &gt; applies custom className" time="0.002325084">
        </testcase>
        <testcase classname="src/app/components/ui/loading-spinner.spec.tsx" name="LoadingSpinner &gt; has flex layout classes" time="0.000656833">
        </testcase>
        <testcase classname="src/app/components/ui/loading-spinner.spec.tsx" name="LoadingSpinner &gt; has gap class for spacing" time="0.002667083">
        </testcase>
        <testcase classname="src/app/components/ui/loading-spinner.spec.tsx" name="LoadingSpinner &gt; loading text has muted foreground style" time="0.001615209">
        </testcase>
        <testcase classname="src/app/components/ui/loading-spinner.spec.tsx" name="LoadingSpinner &gt; loading text has small text size" time="0.000550833">
        </testcase>
    </testsuite>
    <testsuite name="src/app/components/forms/fields/artist-multi-select.spec.tsx" timestamp="2026-02-02T09:52:24.304Z" hostname="Mac-5429.lan" tests="23" failures="0" errors="0" skipped="0" time="0.483069625">
        <testcase classname="src/app/components/forms/fields/artist-multi-select.spec.tsx" name="ArtistMultiSelect &gt; rendering &gt; renders the component with label" time="0.001518791">
        </testcase>
        <testcase classname="src/app/components/forms/fields/artist-multi-select.spec.tsx" name="ArtistMultiSelect &gt; rendering &gt; renders with custom placeholder" time="0.002060083">
        </testcase>
        <testcase classname="src/app/components/forms/fields/artist-multi-select.spec.tsx" name="ArtistMultiSelect &gt; rendering &gt; renders disabled when disabled prop is true" time="0.002298333">
        </testcase>
        <testcase classname="src/app/components/forms/fields/artist-multi-select.spec.tsx" name="ArtistMultiSelect &gt; popover behavior &gt; opens popover when trigger is clicked" time="0.01168175">
        </testcase>
        <testcase classname="src/app/components/forms/fields/artist-multi-select.spec.tsx" name="ArtistMultiSelect &gt; popover behavior &gt; fetches artists when popover opens" time="0.013409209">
        </testcase>
        <testcase classname="src/app/components/forms/fields/artist-multi-select.spec.tsx" name="ArtistMultiSelect &gt; search functionality &gt; renders search input with placeholder" time="0.013712875">
        </testcase>
        <testcase classname="src/app/components/forms/fields/artist-multi-select.spec.tsx" name="ArtistMultiSelect &gt; artist display &gt; displays artist items when loaded" time="0.011446708">
        </testcase>
        <testcase classname="src/app/components/forms/fields/artist-multi-select.spec.tsx" name="ArtistMultiSelect &gt; artist display &gt; shows display name when available" time="0.0124685">
        </testcase>
        <testcase classname="src/app/components/forms/fields/artist-multi-select.spec.tsx" name="ArtistMultiSelect &gt; artist display &gt; shows firstName surname when displayName is empty" time="0.013932583">
        </testcase>
        <testcase classname="src/app/components/forms/fields/artist-multi-select.spec.tsx" name="ArtistMultiSelect &gt; selection behavior &gt; shows selected count when artists are selected" time="0.022255584">
        </testcase>
        <testcase classname="src/app/components/forms/fields/artist-multi-select.spec.tsx" name="ArtistMultiSelect &gt; selection behavior &gt; shows plural count for multiple selected artists" time="0.030516292">
        </testcase>
        <testcase classname="src/app/components/forms/fields/artist-multi-select.spec.tsx" name="ArtistMultiSelect &gt; create artist link &gt; includes returnTo parameter when releaseId is provided" time="0.013002042">
        </testcase>
        <testcase classname="src/app/components/forms/fields/artist-multi-select.spec.tsx" name="ArtistMultiSelect &gt; create artist link &gt; includes releaseId parameter when releaseId is provided" time="0.016926959">
        </testcase>
        <testcase classname="src/app/components/forms/fields/artist-multi-select.spec.tsx" name="ArtistMultiSelect &gt; create artist link &gt; has no query params when releaseId is not provided" time="0.012843666">
        </testcase>
        <testcase classname="src/app/components/forms/fields/artist-multi-select.spec.tsx" name="ArtistMultiSelect &gt; toggle selection &gt; deselects artist when clicking on already selected item" time="0.075053208">
        </testcase>
        <testcase classname="src/app/components/forms/fields/artist-multi-select.spec.tsx" name="ArtistMultiSelect &gt; badge removal &gt; removes artist when clicking badge remove button" time="0.038846667">
        </testcase>
        <testcase classname="src/app/components/forms/fields/artist-multi-select.spec.tsx" name="ArtistMultiSelect &gt; disabled state &gt; disables trigger button when disabled prop is true" time="0.001877875">
        </testcase>
        <testcase classname="src/app/components/forms/fields/artist-multi-select.spec.tsx" name="ArtistMultiSelect &gt; popover state management &gt; clears search value when popover closes" time="0.055381625">
        </testcase>
        <testcase classname="src/app/components/forms/fields/artist-multi-select.spec.tsx" name="ArtistMultiSelect &gt; fetch error handling &gt; handles non-ok response from fetch" time="0.012545958">
        </testcase>
        <testcase classname="src/app/components/forms/fields/artist-multi-select.spec.tsx" name="ArtistMultiSelect &gt; fetch error handling &gt; handles network error during fetch" time="0.010646959">
        </testcase>
        <testcase classname="src/app/components/forms/fields/artist-multi-select.spec.tsx" name="ArtistMultiSelect &gt; fetch error handling &gt; handles non-Error exception during fetch" time="0.013040375">
        </testcase>
        <testcase classname="src/app/components/forms/fields/artist-multi-select.spec.tsx" name="ArtistMultiSelect &gt; search with parameter &gt; fetches with search parameter when searching" time="0.084565875">
            <system-err>
An update to ArtistMultiSelect inside a test was not wrapped in act(...).

When testing, code that causes React state updates should be wrapped into act(...):

act(() =&gt; {
  /* fire events that update state */
});
/* assert on the output */

This ensures that you&apos;re testing the behavior the user would see in the browser. Learn more at https://react.dev/link/wrap-tests-with-act
An update to ArtistMultiSelect inside a test was not wrapped in act(...).

When testing, code that causes React state updates should be wrapped into act(...):

act(() =&gt; {
  /* fire events that update state */
});
/* assert on the output */

This ensures that you&apos;re testing the behavior the user would see in the browser. Learn more at https://react.dev/link/wrap-tests-with-act

An update to ArtistMultiSelect inside a test was not wrapped in act(...).

When testing, code that causes React state updates should be wrapped into act(...):

act(() =&gt; {
  /* fire events that update state */
});
/* assert on the output */

This ensures that you&apos;re testing the behavior the user would see in the browser. Learn more at https://react.dev/link/wrap-tests-with-act
An update to ArtistMultiSelect inside a test was not wrapped in act(...).

When testing, code that causes React state updates should be wrapped into act(...):

act(() =&gt; {
  /* fire events that update state */
});
/* assert on the output */

This ensures that you&apos;re testing the behavior the user would see in the browser. Learn more at https://react.dev/link/wrap-tests-with-act

            </system-err>
        </testcase>
        <testcase classname="src/app/components/forms/fields/artist-multi-select.spec.tsx" name="ArtistMultiSelect &gt; search with parameter &gt; does not skip initial fetch when artists are empty" time="0.011219709">
        </testcase>
    </testsuite>
    <testsuite name="src/lib/actions/change-username-action.spec.ts" timestamp="2026-02-02T09:52:24.305Z" hostname="Mac-5429.lan" tests="19" failures="0" errors="0" skipped="0" time="0.012323625">
        <testcase classname="src/lib/actions/change-username-action.spec.ts" name="changeUsernameAction &gt; successful username change flow &gt; should update username when data is valid and user is authenticated" time="0.0012965">
            <system-out>
[SECURITY_AUDIT] {
  event: [32m&apos;user.username.changed&apos;[39m,
  userId: [32m&apos;user-123&apos;[39m,
  metadata: { previousUsername: [90mundefined[39m, newUsername: [32m&apos;newusername&apos;[39m },
  timestamp: [35m2026-02-02T09:52:13.612Z[39m
}

            </system-out>
        </testcase>
        <testcase classname="src/lib/actions/change-username-action.spec.ts" name="changeUsernameAction &gt; successful username change flow &gt; should set hasTimeout to false on successful update" time="0.001858791">
            <system-out>
[SECURITY_AUDIT] {
  event: [32m&apos;user.username.changed&apos;[39m,
  userId: [32m&apos;user-123&apos;[39m,
  metadata: { previousUsername: [90mundefined[39m, newUsername: [32m&apos;newusername&apos;[39m },
  timestamp: [35m2026-02-02T09:52:13.610Z[39m
}

            </system-out>
        </testcase>
        <testcase classname="src/lib/actions/change-username-action.spec.ts" name="changeUsernameAction &gt; validation failures &gt; should return form state with errors when validation fails" time="0.0000945">
        </testcase>
        <testcase classname="src/lib/actions/change-username-action.spec.ts" name="changeUsernameAction &gt; validation failures &gt; should return error when usernames do not match" time="0.000132666">
        </testcase>
        <testcase classname="src/lib/actions/change-username-action.spec.ts" name="changeUsernameAction &gt; authentication failures &gt; should throw error when user is not authenticated" time="0.000128958">
        </testcase>
        <testcase classname="src/lib/actions/change-username-action.spec.ts" name="changeUsernameAction &gt; authentication failures &gt; should throw error when session has no user id" time="0.000195583">
        </testcase>
        <testcase classname="src/lib/actions/change-username-action.spec.ts" name="changeUsernameAction &gt; database errors &gt; should handle duplicate username errors" time="0.000382333">
        </testcase>
        <testcase classname="src/lib/actions/change-username-action.spec.ts" name="changeUsernameAction &gt; database errors &gt; should handle timeout errors with ETIMEOUT in message" time="0.000631125">
        </testcase>
        <testcase classname="src/lib/actions/change-username-action.spec.ts" name="changeUsernameAction &gt; database errors &gt; should handle timeout errors with &quot;timeout&quot; in message" time="0.000301583">
        </testcase>
        <testcase classname="src/lib/actions/change-username-action.spec.ts" name="changeUsernameAction &gt; database errors &gt; should handle timeout errors with &quot;timed out&quot; in message" time="0.000814834">
        </testcase>
        <testcase classname="src/lib/actions/change-username-action.spec.ts" name="changeUsernameAction &gt; database errors &gt; should handle timeout errors with ETIMEOUT error code" time="0.00062275">
        </testcase>
        <testcase classname="src/lib/actions/change-username-action.spec.ts" name="changeUsernameAction &gt; database errors &gt; should handle unknown Prisma errors with P2002 but different target" time="0.001307417">
        </testcase>
        <testcase classname="src/lib/actions/change-username-action.spec.ts" name="changeUsernameAction &gt; database errors &gt; should handle other Prisma errors" time="0.000610542">
        </testcase>
        <testcase classname="src/lib/actions/change-username-action.spec.ts" name="changeUsernameAction &gt; database errors &gt; should handle general errors" time="0.001214791">
        </testcase>
        <testcase classname="src/lib/actions/change-username-action.spec.ts" name="changeUsernameAction &gt; database errors &gt; should handle non-Error thrown values" time="0.000670333">
        </testcase>
        <testcase classname="src/lib/actions/change-username-action.spec.ts" name="changeUsernameAction &gt; edge cases &gt; should call setUnknownError when success but fields not properly set" time="0.000269834">
            <system-out>
[SECURITY_AUDIT] {
  event: [32m&apos;user.username.changed&apos;[39m,
  userId: [32m&apos;user-123&apos;[39m,
  metadata: { previousUsername: [90mundefined[39m, newUsername: [32m&apos;newusername&apos;[39m },
  timestamp: [35m2026-02-02T09:52:13.621Z[39m
}

            </system-out>
        </testcase>
        <testcase classname="src/lib/actions/change-username-action.spec.ts" name="changeUsernameAction &gt; edge cases &gt; should preserve form state fields when returning errors" time="0.000096833">
        </testcase>
        <testcase classname="src/lib/actions/change-username-action.spec.ts" name="changeUsernameAction &gt; edge cases &gt; should handle duplicate username error without calling setUnknownError" time="0.000148666">
        </testcase>
        <testcase classname="src/lib/actions/change-username-action.spec.ts" name="changeUsernameAction &gt; edge cases &gt; should handle empty username strings" time="0.000087666">
        </testcase>
    </testsuite>
    <testsuite name="src/app/components/ui/textarea.spec.tsx" timestamp="2026-02-02T09:52:24.306Z" hostname="Mac-5429.lan" tests="19" failures="0" errors="0" skipped="0" time="0.110176">
        <testcase classname="src/app/components/ui/textarea.spec.tsx" name="Textarea &gt; rendering &gt; should render the textarea" time="0.002567958">
        </testcase>
        <testcase classname="src/app/components/ui/textarea.spec.tsx" name="Textarea &gt; rendering &gt; should have data-slot attribute" time="0.001296875">
        </testcase>
        <testcase classname="src/app/components/ui/textarea.spec.tsx" name="Textarea &gt; rendering &gt; should render as textarea element" time="0.014250875">
        </testcase>
        <testcase classname="src/app/components/ui/textarea.spec.tsx" name="Textarea &gt; rendering &gt; should have default styling classes" time="0.001813292">
        </testcase>
        <testcase classname="src/app/components/ui/textarea.spec.tsx" name="Textarea &gt; className prop &gt; should apply custom className" time="0.001591708">
        </testcase>
        <testcase classname="src/app/components/ui/textarea.spec.tsx" name="Textarea &gt; className prop &gt; should merge custom className with default classes" time="0.001773917">
        </testcase>
        <testcase classname="src/app/components/ui/textarea.spec.tsx" name="Textarea &gt; standard textarea props &gt; should accept placeholder prop" time="0.001571666">
        </testcase>
        <testcase classname="src/app/components/ui/textarea.spec.tsx" name="Textarea &gt; standard textarea props &gt; should accept disabled prop" time="0.000395459">
        </testcase>
        <testcase classname="src/app/components/ui/textarea.spec.tsx" name="Textarea &gt; standard textarea props &gt; should accept readOnly prop" time="0.000510667">
        </testcase>
        <testcase classname="src/app/components/ui/textarea.spec.tsx" name="Textarea &gt; standard textarea props &gt; should accept rows prop" time="0.000857333">
        </testcase>
        <testcase classname="src/app/components/ui/textarea.spec.tsx" name="Textarea &gt; standard textarea props &gt; should accept name prop" time="0.000464208">
        </testcase>
        <testcase classname="src/app/components/ui/textarea.spec.tsx" name="Textarea &gt; standard textarea props &gt; should accept value prop" time="0.000816208">
        </testcase>
        <testcase classname="src/app/components/ui/textarea.spec.tsx" name="Textarea &gt; standard textarea props &gt; should accept defaultValue prop" time="0.00038975">
        </testcase>
        <testcase classname="src/app/components/ui/textarea.spec.tsx" name="Textarea &gt; events &gt; should handle onChange events" time="0.022016833">
        </testcase>
        <testcase classname="src/app/components/ui/textarea.spec.tsx" name="Textarea &gt; events &gt; should handle onFocus events" time="0.032065041">
        </testcase>
        <testcase classname="src/app/components/ui/textarea.spec.tsx" name="Textarea &gt; events &gt; should handle onBlur events" time="0.024230583">
        </testcase>
        <testcase classname="src/app/components/ui/textarea.spec.tsx" name="Textarea &gt; accessibility &gt; should accept aria-label prop" time="0.001381083">
        </testcase>
        <testcase classname="src/app/components/ui/textarea.spec.tsx" name="Textarea &gt; accessibility &gt; should accept aria-describedby prop" time="0.000372625">
        </testcase>
        <testcase classname="src/app/components/ui/textarea.spec.tsx" name="Textarea &gt; accessibility &gt; should accept required prop" time="0.0003925">
        </testcase>
    </testsuite>
    <testsuite name="src/app/components/forms/fields/checkbox-field.spec.tsx" timestamp="2026-02-02T09:52:24.307Z" hostname="Mac-5429.lan" tests="12" failures="0" errors="0" skipped="0" time="0.040095833">
        <testcase classname="src/app/components/forms/fields/checkbox-field.spec.tsx" name="CheckboxField &gt; renders with correct label and id" time="0.001817166">
        </testcase>
        <testcase classname="src/app/components/forms/fields/checkbox-field.spec.tsx" name="CheckboxField &gt; renders with string label" time="0.001420459">
        </testcase>
        <testcase classname="src/app/components/forms/fields/checkbox-field.spec.tsx" name="CheckboxField &gt; calls onUserInteraction when checkbox changes" time="0.004094417">
        </testcase>
        <testcase classname="src/app/components/forms/fields/checkbox-field.spec.tsx" name="CheckboxField &gt; does not call onUserInteraction when not provided" time="0.001012708">
        </testcase>
        <testcase classname="src/app/components/forms/fields/checkbox-field.spec.tsx" name="CheckboxField &gt; applies correct CSS classes for layout" time="0.0017075">
        </testcase>
        <testcase classname="src/app/components/forms/fields/checkbox-field.spec.tsx" name="CheckboxField &gt; renders complex label content" time="0.0051105">
        </testcase>
        <testcase classname="src/app/components/forms/fields/checkbox-field.spec.tsx" name="CheckboxField &gt; applies correct label styles" time="0.017639625">
        </testcase>
        <testcase classname="src/app/components/forms/fields/checkbox-field.spec.tsx" name="CheckboxField &gt; renders all form structure components" time="0.001258792">
        </testcase>
        <testcase classname="src/app/components/forms/fields/checkbox-field.spec.tsx" name="CheckboxField &gt; passes setValue prop when provided" time="0.000939667">
        </testcase>
        <testcase classname="src/app/components/forms/fields/checkbox-field.spec.tsx" name="CheckboxField &gt; calls setValue with correct parameters when checkbox is changed" time="0.001959458">
        </testcase>
        <testcase classname="src/app/components/forms/fields/checkbox-field.spec.tsx" name="CheckboxField &gt; calls both setValue and onUserInteraction when both provided" time="0.001358">
        </testcase>
        <testcase classname="src/app/components/forms/fields/checkbox-field.spec.tsx" name="CheckboxField &gt; handles checkbox state changes" time="0.000950292">
        </testcase>
    </testsuite>
    <testsuite name="src/app/components/forms/fields/text-field.spec.tsx" timestamp="2026-02-02T09:52:24.307Z" hostname="Mac-5429.lan" tests="13" failures="0" errors="0" skipped="0" time="0.036645625">
        <testcase classname="src/app/components/forms/fields/text-field.spec.tsx" name="TextField &gt; renders with correct label and placeholder" time="0.001267084">
        </testcase>
        <testcase classname="src/app/components/forms/fields/text-field.spec.tsx" name="TextField &gt; renders with default text input type" time="0.003059375">
        </testcase>
        <testcase classname="src/app/components/forms/fields/text-field.spec.tsx" name="TextField &gt; renders with specified input type" time="0.001628458">
        </testcase>
        <testcase classname="src/app/components/forms/fields/text-field.spec.tsx" name="TextField &gt; renders with tel input type" time="0.000753167">
        </testcase>
        <testcase classname="src/app/components/forms/fields/text-field.spec.tsx" name="TextField &gt; calls onUserInteraction when input changes" time="0.018734458">
        </testcase>
        <testcase classname="src/app/components/forms/fields/text-field.spec.tsx" name="TextField &gt; does not call onUserInteraction when not provided" time="0.0010765">
        </testcase>
        <testcase classname="src/app/components/forms/fields/text-field.spec.tsx" name="TextField &gt; renders all form structure components" time="0.002168375">
        </testcase>
        <testcase classname="src/app/components/forms/fields/text-field.spec.tsx" name="TextField &gt; passes setValue prop when provided" time="0.001291667">
        </testcase>
        <testcase classname="src/app/components/forms/fields/text-field.spec.tsx" name="TextField &gt; handles different field names" time="0.000912625">
        </testcase>
        <testcase classname="src/app/components/forms/fields/text-field.spec.tsx" name="TextField &gt; calls setValue with value on input change when setValue is provided" time="0.001100625">
        </testcase>
        <testcase classname="src/app/components/forms/fields/text-field.spec.tsx" name="TextField &gt; calls setValue in useEffect when value prop is provided" time="0.001404833">
        </testcase>
        <testcase classname="src/app/components/forms/fields/text-field.spec.tsx" name="TextField &gt; does not call setValue in useEffect when value is empty" time="0.001677209">
        </testcase>
        <testcase classname="src/app/components/forms/fields/text-field.spec.tsx" name="TextField &gt; does not call setValue in useEffect when setValue is not provided" time="0.000712458">
        </testcase>
    </testsuite>
    <testsuite name="src/lib/validation/notification-banner-schema.spec.ts" timestamp="2026-02-02T09:52:24.308Z" hostname="Mac-5429.lan" tests="65" failures="0" errors="0" skipped="0" time="0.011466208">
        <testcase classname="src/lib/validation/notification-banner-schema.spec.ts" name="notificationBannerSchema &gt; message field &gt; should accept valid message" time="0.000050792">
        </testcase>
        <testcase classname="src/lib/validation/notification-banner-schema.spec.ts" name="notificationBannerSchema &gt; message field &gt; should reject empty message" time="0.000094">
        </testcase>
        <testcase classname="src/lib/validation/notification-banner-schema.spec.ts" name="notificationBannerSchema &gt; message field &gt; should reject message longer than 500 characters" time="0.000076875">
        </testcase>
        <testcase classname="src/lib/validation/notification-banner-schema.spec.ts" name="notificationBannerSchema &gt; secondaryMessage field &gt; should accept empty secondary message" time="0.000277709">
        </testcase>
        <testcase classname="src/lib/validation/notification-banner-schema.spec.ts" name="notificationBannerSchema &gt; secondaryMessage field &gt; should accept valid secondary message" time="0.003097292">
        </testcase>
        <testcase classname="src/lib/validation/notification-banner-schema.spec.ts" name="notificationBannerSchema &gt; secondaryMessage field &gt; should reject secondary message longer than 200 characters" time="0.001029916">
        </testcase>
        <testcase classname="src/lib/validation/notification-banner-schema.spec.ts" name="notificationBannerSchema &gt; imageUrl field &gt; should accept valid URL" time="0.000050291">
        </testcase>
        <testcase classname="src/lib/validation/notification-banner-schema.spec.ts" name="notificationBannerSchema &gt; imageUrl field &gt; should accept empty string" time="0.000058042">
        </testcase>
        <testcase classname="src/lib/validation/notification-banner-schema.spec.ts" name="notificationBannerSchema &gt; imageUrl field &gt; should reject invalid URL" time="0.000084958">
        </testcase>
        <testcase classname="src/lib/validation/notification-banner-schema.spec.ts" name="notificationBannerSchema &gt; backgroundColor field &gt; should accept valid hex color with 6 digits" time="0.000053167">
        </testcase>
        <testcase classname="src/lib/validation/notification-banner-schema.spec.ts" name="notificationBannerSchema &gt; backgroundColor field &gt; should accept valid hex color with 3 digits" time="0.000051625">
        </testcase>
        <testcase classname="src/lib/validation/notification-banner-schema.spec.ts" name="notificationBannerSchema &gt; backgroundColor field &gt; should accept empty string when imageUrl is provided" time="0.000048083">
        </testcase>
[...]
        <testcase classname="src/app/components/ui/page-container.spec.tsx" name="PageContainer &gt; has min-h-full class" time="0.002202666">
        </testcase>
        <testcase classname="src/app/components/ui/page-container.spec.tsx" name="PageContainer &gt; renders multiple children" time="0.001931583">
        </testcase>
    </testsuite>
    <testsuite name="src/app/components/auth/edit-profile-button.spec.tsx" timestamp="2026-02-02T09:52:24.445Z" hostname="Mac-5429.lan" tests="6" failures="0" errors="0" skipped="0" time="0.04199325">
        <testcase classname="src/app/components/auth/edit-profile-button.spec.tsx" name="EditProfileButton &gt; renders the edit profile link" time="0.020299125">
        </testcase>
        <testcase classname="src/app/components/auth/edit-profile-button.spec.tsx" name="EditProfileButton &gt; displays the correct text" time="0.001363042">
        </testcase>
        <testcase classname="src/app/components/auth/edit-profile-button.spec.tsx" name="EditProfileButton &gt; renders the user icon" time="0.012000833">
        </testcase>
        <testcase classname="src/app/components/auth/edit-profile-button.spec.tsx" name="EditProfileButton &gt; applies the correct CSS classes" time="0.002778209">
        </testcase>
        <testcase classname="src/app/components/auth/edit-profile-button.spec.tsx" name="EditProfileButton &gt; renders null on mobile devices" time="0.001162042">
        </testcase>
        <testcase classname="src/app/components/auth/edit-profile-button.spec.tsx" name="EditProfileButton &gt; renders link on desktop devices" time="0.003642416">
        </testcase>
    </testsuite>
    <testsuite name="src/lib/utils/split-full-name.spec.ts" timestamp="2026-02-02T09:52:24.445Z" hostname="Mac-5429.lan" tests="15" failures="0" errors="0" skipped="0" time="0.003198">
        <testcase classname="src/lib/utils/split-full-name.spec.ts" name="splitFullName &gt; basic splitting &gt; should split a simple first and last name" time="0.000169708">
        </testcase>
        <testcase classname="src/lib/utils/split-full-name.spec.ts" name="splitFullName &gt; basic splitting &gt; should handle three-part names" time="0.000852083">
        </testcase>
        <testcase classname="src/lib/utils/split-full-name.spec.ts" name="splitFullName &gt; basic splitting &gt; should handle four-part names" time="0.000168708">
        </testcase>
        <testcase classname="src/lib/utils/split-full-name.spec.ts" name="splitFullName &gt; single name &gt; should handle a single name (first name only)" time="0.000028">
        </testcase>
        <testcase classname="src/lib/utils/split-full-name.spec.ts" name="splitFullName &gt; single name &gt; should handle a single name with spaces before/after" time="0.000030542">
        </testcase>
        <testcase classname="src/lib/utils/split-full-name.spec.ts" name="splitFullName &gt; edge cases &gt; should return empty strings for empty input" time="0.000036458">
        </testcase>
        <testcase classname="src/lib/utils/split-full-name.spec.ts" name="splitFullName &gt; edge cases &gt; should return empty strings for whitespace-only input" time="0.000078875">
        </testcase>
        <testcase classname="src/lib/utils/split-full-name.spec.ts" name="splitFullName &gt; edge cases &gt; should handle multiple spaces between names" time="0.000051417">
        </testcase>
        <testcase classname="src/lib/utils/split-full-name.spec.ts" name="splitFullName &gt; edge cases &gt; should trim leading and trailing whitespace" time="0.000203958">
        </testcase>
        <testcase classname="src/lib/utils/split-full-name.spec.ts" name="splitFullName &gt; edge cases &gt; should handle tabs as whitespace" time="0.000034083">
        </testcase>
        <testcase classname="src/lib/utils/split-full-name.spec.ts" name="splitFullName &gt; edge cases &gt; should handle newlines as whitespace" time="0.000060208">
        </testcase>
        <testcase classname="src/lib/utils/split-full-name.spec.ts" name="splitFullName &gt; hyphenated names &gt; should keep hyphenated last names together" time="0.000121958">
        </testcase>
        <testcase classname="src/lib/utils/split-full-name.spec.ts" name="splitFullName &gt; hyphenated names &gt; should keep hyphenated first names together" time="0.000195625">
        </testcase>
        <testcase classname="src/lib/utils/split-full-name.spec.ts" name="splitFullName &gt; names with special characters &gt; should handle names with apostrophes" time="0.000029875">
        </testcase>
        <testcase classname="src/lib/utils/split-full-name.spec.ts" name="splitFullName &gt; names with special characters &gt; should handle names with accented characters" time="0.000036584">
        </testcase>
    </testsuite>
    <testsuite name="src/app/components/header/header.spec.tsx" timestamp="2026-02-02T09:52:24.446Z" hostname="Mac-5429.lan" tests="16" failures="0" errors="0" skipped="0" time="0.066275875">
        <testcase classname="src/app/components/header/header.spec.tsx" name="Header &gt; renders without crashing" time="0.002959167">
        </testcase>
        <testcase classname="src/app/components/header/header.spec.tsx" name="Header &gt; renders with sticky positioning" time="0.004483542">
        </testcase>
        <testcase classname="src/app/components/header/header.spec.tsx" name="Header &gt; renders Logo component with isMobile=false by default" time="0.019720875">
        </testcase>
        <testcase classname="src/app/components/header/header.spec.tsx" name="Header &gt; renders Logo component with isMobile=true when passed" time="0.004476208">
        </testcase>
        <testcase classname="src/app/components/header/header.spec.tsx" name="Header &gt; mobile mode &gt; renders hamburger menu in mobile mode" time="0.00264025">
        </testcase>
        <testcase classname="src/app/components/header/header.spec.tsx" name="Header &gt; mobile mode &gt; renders Fake Four Inc words image in mobile mode" time="0.002921">
        </testcase>
        <testcase classname="src/app/components/header/header.spec.tsx" name="Header &gt; mobile mode &gt; renders image with correct dimensions" time="0.00403375">
        </testcase>
        <testcase classname="src/app/components/header/header.spec.tsx" name="Header &gt; mobile mode &gt; image has priority flag set" time="0.002782416">
        </testcase>
        <testcase classname="src/app/components/header/header.spec.tsx" name="Header &gt; desktop mode &gt; does not render hamburger menu in desktop mode" time="0.002103667">
        </testcase>
        <testcase classname="src/app/components/header/header.spec.tsx" name="Header &gt; desktop mode &gt; does not render Fake Four Inc words image in desktop mode" time="0.002259542">
        </testcase>
        <testcase classname="src/app/components/header/header.spec.tsx" name="Header &gt; animated background &gt; renders motion div for animated background" time="0.002470417">
        </testcase>
        <testcase classname="src/app/components/header/header.spec.tsx" name="Header &gt; sparkle effects &gt; renders sparkle container with suppressHydrationWarning" time="0.002901542">
        </testcase>
        <testcase classname="src/app/components/header/header.spec.tsx" name="Header &gt; sparkle effects &gt; generates sparkles on initial render" time="0.002848292">
        </testcase>
        <testcase classname="src/app/components/header/header.spec.tsx" name="Header &gt; header content &gt; renders header element with flex layout" time="0.002516625">
        </testcase>
        <testcase classname="src/app/components/header/header.spec.tsx" name="Header &gt; header content &gt; applies desktop height styles" time="0.003768958">
        </testcase>
        <testcase classname="src/app/components/header/header.spec.tsx" name="Header &gt; header content &gt; applies mobile height styles" time="0.00208575">
        </testcase>
    </testsuite>
    <testsuite name="src/app/components/ui/sticky-breadcrumb-wrapper.spec.tsx" timestamp="2026-02-02T09:52:24.446Z" hostname="Mac-5429.lan" tests="13" failures="0" errors="0" skipped="0" time="0.043808625">
        <testcase classname="src/app/components/ui/sticky-breadcrumb-wrapper.spec.tsx" name="StickyBreadcrumbWrapper &gt; renders children correctly" time="0.000807625">
        </testcase>
        <testcase classname="src/app/components/ui/sticky-breadcrumb-wrapper.spec.tsx" name="StickyBreadcrumbWrapper &gt; applies relative positioning when not scrolled" time="0.002308958">
        </testcase>
        <testcase classname="src/app/components/ui/sticky-breadcrumb-wrapper.spec.tsx" name="StickyBreadcrumbWrapper &gt; applies fixed positioning when scrolled past offsetTop" time="0.004750792">
            <system-err>
An update to StickyBreadcrumbWrapper inside a test was not wrapped in act(...).

When testing, code that causes React state updates should be wrapped into act(...):

act(() =&gt; {
  /* fire events that update state */
});
/* assert on the output */

This ensures that you&apos;re testing the behavior the user would see in the browser. Learn more at https://react.dev/link/wrap-tests-with-act

            </system-err>
        </testcase>
        <testcase classname="src/app/components/ui/sticky-breadcrumb-wrapper.spec.tsx" name="StickyBreadcrumbWrapper &gt; uses default offsetTop of 0 when not provided" time="0.002169417">
            <system-err>
An update to StickyBreadcrumbWrapper inside a test was not wrapped in act(...).

When testing, code that causes React state updates should be wrapped into act(...):

act(() =&gt; {
  /* fire events that update state */
});
/* assert on the output */

This ensures that you&apos;re testing the behavior the user would see in the browser. Learn more at https://react.dev/link/wrap-tests-with-act

            </system-err>
        </testcase>
        <testcase classname="src/app/components/ui/sticky-breadcrumb-wrapper.spec.tsx" name="StickyBreadcrumbWrapper &gt; stays relative when scroll is less than offsetTop" time="0.014701708">
        </testcase>
        <testcase classname="src/app/components/ui/sticky-breadcrumb-wrapper.spec.tsx" name="StickyBreadcrumbWrapper &gt; applies correct styling classes" time="0.001048583">
        </testcase>
        <testcase classname="src/app/components/ui/sticky-breadcrumb-wrapper.spec.tsx" name="StickyBreadcrumbWrapper &gt; contains inner container with correct classes" time="0.00265175">
        </testcase>
        <testcase classname="src/app/components/ui/sticky-breadcrumb-wrapper.spec.tsx" name="StickyBreadcrumbWrapper &gt; removes scroll event listener on unmount" time="0.001977417">
        </testcase>
        <testcase classname="src/app/components/ui/sticky-breadcrumb-wrapper.spec.tsx" name="StickyBreadcrumbWrapper &gt; checks initial scroll state on mount" time="0.000698417">
        </testcase>
        <testcase classname="src/app/components/ui/sticky-breadcrumb-wrapper.spec.tsx" name="StickyBreadcrumbWrapper &gt; transitions between fixed and relative on scroll changes" time="0.004770125">
            <system-err>
An update to StickyBreadcrumbWrapper inside a test was not wrapped in act(...).

When testing, code that causes React state updates should be wrapped into act(...):

act(() =&gt; {
  /* fire events that update state */
});
/* assert on the output */

This ensures that you&apos;re testing the behavior the user would see in the browser. Learn more at https://react.dev/link/wrap-tests-with-act

An update to StickyBreadcrumbWrapper inside a test was not wrapped in act(...).

When testing, code that causes React state updates should be wrapped into act(...):

act(() =&gt; {
  /* fire events that update state */
});
/* assert on the output */

This ensures that you&apos;re testing the behavior the user would see in the browser. Learn more at https://react.dev/link/wrap-tests-with-act

            </system-err>
        </testcase>
        <testcase classname="src/app/components/ui/sticky-breadcrumb-wrapper.spec.tsx" name="StickyBreadcrumbWrapper &gt; handles multiple children correctly" time="0.001637375">
        </testcase>
        <testcase classname="src/app/components/ui/sticky-breadcrumb-wrapper.spec.tsx" name="StickyBreadcrumbWrapper &gt; updates when offsetTop prop changes" time="0.004903041">
            <system-err>
An update to StickyBreadcrumbWrapper inside a test was not wrapped in act(...).

When testing, code that causes React state updates should be wrapped into act(...):

act(() =&gt; {
  /* fire events that update state */
});
/* assert on the output */

This ensures that you&apos;re testing the behavior the user would see in the browser. Learn more at https://react.dev/link/wrap-tests-with-act

            </system-err>
        </testcase>
        <testcase classname="src/app/components/ui/sticky-breadcrumb-wrapper.spec.tsx" name="StickyBreadcrumbWrapper &gt; returns null when isVisible is false" time="0.000464291">
        </testcase>
    </testsuite>
    <testsuite name="src/lib/utils/get-display-name.spec.ts" timestamp="2026-02-02T09:52:24.447Z" hostname="Mac-5429.lan" tests="22" failures="0" errors="0" skipped="0" time="0.003765834">
        <testcase classname="src/lib/utils/get-display-name.spec.ts" name="getDisplayName &gt; displayName priority &gt; should return displayName when available" time="0.000225584">
        </testcase>
        <testcase classname="src/lib/utils/get-display-name.spec.ts" name="getDisplayName &gt; displayName priority &gt; should handle displayName with special characters" time="0.00008225">
        </testcase>
        <testcase classname="src/lib/utils/get-display-name.spec.ts" name="getDisplayName &gt; title fallback &gt; should return title when displayName is not available" time="0.000034792">
        </testcase>
        <testcase classname="src/lib/utils/get-display-name.spec.ts" name="getDisplayName &gt; title fallback &gt; should prefer displayName over title" time="0.000036125">
        </testcase>
        <testcase classname="src/lib/utils/get-display-name.spec.ts" name="getDisplayName &gt; name fallback &gt; should return name when displayName and title are not available" time="0.000210333">
        </testcase>
        <testcase classname="src/lib/utils/get-display-name.spec.ts" name="getDisplayName &gt; name fallback &gt; should prefer title over name" time="0.0007485">
        </testcase>
        <testcase classname="src/lib/utils/get-display-name.spec.ts" name="getDisplayName &gt; firstName/surname fallback &gt; should return formatted name when firstName and surname are available" time="0.000037708">
        </testcase>
        <testcase classname="src/lib/utils/get-display-name.spec.ts" name="getDisplayName &gt; firstName/surname fallback &gt; should prefer displayName over firstName/surname" time="0.0000365">
        </testcase>
        <testcase classname="src/lib/utils/get-display-name.spec.ts" name="getDisplayName &gt; firstName/surname fallback &gt; should prefer title over firstName/surname" time="0.000042917">
        </testcase>
        <testcase classname="src/lib/utils/get-display-name.spec.ts" name="getDisplayName &gt; firstName/surname fallback &gt; should prefer name over firstName/surname" time="0.000038625">
        </testcase>
        <testcase classname="src/lib/utils/get-display-name.spec.ts" name="getDisplayName &gt; error handling &gt; should return error message when no valid fields are available" time="0.000269334">
        </testcase>
        <testcase classname="src/lib/utils/get-display-name.spec.ts" name="getDisplayName &gt; error handling &gt; should return error when displayName is not a string" time="0.000058209">
        </testcase>
        <testcase classname="src/lib/utils/get-display-name.spec.ts" name="getDisplayName &gt; error handling &gt; should return error when title is not a string" time="0.000041291">
        </testcase>
        <testcase classname="src/lib/utils/get-display-name.spec.ts" name="getDisplayName &gt; error handling &gt; should return error when name is not a string" time="0.000092792">
        </testcase>
        <testcase classname="src/lib/utils/get-display-name.spec.ts" name="getDisplayName &gt; error handling &gt; should return error when firstName is available but surname is not" time="0.000110834">
        </testcase>
        <testcase classname="src/lib/utils/get-display-name.spec.ts" name="getDisplayName &gt; error handling &gt; should return error when surname is available but firstName is not" time="0.000083667">
        </testcase>
        <testcase classname="src/lib/utils/get-display-name.spec.ts" name="getDisplayName &gt; error handling &gt; should return error when firstName is not a string" time="0.000288625">
        </testcase>
        <testcase classname="src/lib/utils/get-display-name.spec.ts" name="getDisplayName &gt; error handling &gt; should return error when surname is not a string" time="0.000046209">
        </testcase>
        <testcase classname="src/lib/utils/get-display-name.spec.ts" name="getDisplayName &gt; edge cases &gt; should handle empty string displayName" time="0.000034709">
        </testcase>
        <testcase classname="src/lib/utils/get-display-name.spec.ts" name="getDisplayName &gt; edge cases &gt; should handle whitespace-only displayName" time="0.000035542">
        </testcase>
        <testcase classname="src/lib/utils/get-display-name.spec.ts" name="getDisplayName &gt; edge cases &gt; should handle null values" time="0.000116625">
        </testcase>
        <testcase classname="src/lib/utils/get-display-name.spec.ts" name="getDisplayName &gt; edge cases &gt; should handle undefined values" time="0.000051042">
        </testcase>
    </testsuite>
    <testsuite name="src/lib/validation/signin-schema.spec.ts" timestamp="2026-02-02T09:52:24.448Z" hostname="Mac-5429.lan" tests="10" failures="0" errors="0" skipped="0" time="0.003759708">
        <testcase classname="src/lib/validation/signin-schema.spec.ts" name="signin-schema &gt; email validation &gt; should accept valid email addresses" time="0.000103875">
        </testcase>
        <testcase classname="src/lib/validation/signin-schema.spec.ts" name="signin-schema &gt; email validation &gt; should reject invalid email addresses" time="0.000321958">
        </testcase>
        <testcase classname="src/lib/validation/signin-schema.spec.ts" name="signin-schema &gt; email validation &gt; should require email field" time="0.000415083">
        </testcase>
        <testcase classname="src/lib/validation/signin-schema.spec.ts" name="signin-schema &gt; email validation &gt; should reject non-string email values" time="0.000409708">
        </testcase>
        <testcase classname="src/lib/validation/signin-schema.spec.ts" name="signin-schema &gt; complete form validation &gt; should validate complete valid form" time="0.0000585">
        </testcase>
        <testcase classname="src/lib/validation/signin-schema.spec.ts" name="signin-schema &gt; complete form validation &gt; should reject form with invalid email" time="0.000073208">
        </testcase>
        <testcase classname="src/lib/validation/signin-schema.spec.ts" name="signin-schema &gt; complete form validation &gt; should reject completely empty form" time="0.000184208">
        </testcase>
        <testcase classname="src/lib/validation/signin-schema.spec.ts" name="signin-schema &gt; type inference &gt; should infer correct TypeScript types" time="0.000984417">
        </testcase>
        <testcase classname="src/lib/validation/signin-schema.spec.ts" name="signin-schema &gt; schema structure &gt; should only require email field" time="0.0001775">
        </testcase>
        <testcase classname="src/lib/validation/signin-schema.spec.ts" name="signin-schema &gt; schema structure &gt; should have simpler structure than signup schema" time="0.000175541">
        </testcase>
    </testsuite>
</testsuites>
