<?xml version="1.0" encoding="UTF-8" ?>
<testsuites name="vitest tests" tests="14" failures="1" errors="0" time="0.048450519">
    <testsuite name="src/app/components/ui/sticky-breadcrumb-wrapper.spec.tsx" timestamp="2026-02-07T23:13:51.796Z" hostname="runnervmwffz4" tests="14" failures="1" errors="0" skipped="0" time="0.048450519">
        <testcase classname="src/app/components/ui/sticky-breadcrumb-wrapper.spec.tsx" name="StickyBreadcrumbWrapper &gt; renders children correctly" time="0">
        </testcase>
        <testcase classname="src/app/components/ui/sticky-breadcrumb-wrapper.spec.tsx" name="StickyBreadcrumbWrapper &gt; applies relative positioning when not scrolled" time="0">
        </testcase>
        <testcase classname="src/app/components/ui/sticky-breadcrumb-wrapper.spec.tsx" name="StickyBreadcrumbWrapper &gt; applies fixed positioning when scrolled past offsetTop" time="0.005523927">
            <system-err>
An update to StickyBreadcrumbWrapper inside a test was not wrapped in act(...).

When testing, code that causes React state updates should be wrapped into act(...):

act(() =&gt; {
  /* fire events that update state */
});
/* assert on the output */

This ensures that you&apos;re testing the behavior the user would see in the browser. Learn more at https://react.dev/link/wrap-tests-with-act

            </system-err>
        </testcase>
        <testcase classname="src/app/components/ui/sticky-breadcrumb-wrapper.spec.tsx" name="StickyBreadcrumbWrapper &gt; uses default offsetTop of 0 when not provided" time="0">
        </testcase>
        <testcase classname="src/app/components/ui/sticky-breadcrumb-wrapper.spec.tsx" name="StickyBreadcrumbWrapper &gt; stays relative when scroll is less than offsetTop" time="0">
        </testcase>
        <testcase classname="src/app/components/ui/sticky-breadcrumb-wrapper.spec.tsx" name="StickyBreadcrumbWrapper &gt; applies correct styling classes" time="0">
        </testcase>
        <testcase classname="src/app/components/ui/sticky-breadcrumb-wrapper.spec.tsx" name="StickyBreadcrumbWrapper &gt; contains inner container with correct classes" time="0">
        </testcase>
        <testcase classname="src/app/components/ui/sticky-breadcrumb-wrapper.spec.tsx" name="StickyBreadcrumbWrapper &gt; removes scroll event listener on unmount" time="0">
        </testcase>
        <testcase classname="src/app/components/ui/sticky-breadcrumb-wrapper.spec.tsx" name="StickyBreadcrumbWrapper &gt; checks initial scroll state on mount" time="0">
        </testcase>
        <testcase classname="src/app/components/ui/sticky-breadcrumb-wrapper.spec.tsx" name="StickyBreadcrumbWrapper &gt; transitions between fixed and relative on scroll changes" time="0.030313528">
            <system-err>
An update to StickyBreadcrumbWrapper inside a test was not wrapped in act(...).

When testing, code that causes React state updates should be wrapped into act(...):

act(() =&gt; {
  /* fire events that update state */
});
/* assert on the output */

This ensures that you&apos;re testing the behavior the user would see in the browser. Learn more at https://react.dev/link/wrap-tests-with-act

An update to StickyBreadcrumbWrapper inside a test was not wrapped in act(...).

When testing, code that causes React state updates should be wrapped into act(...):

act(() =&gt; {
  /* fire events that update state */
});
/* assert on the output */

This ensures that you&apos;re testing the behavior the user would see in the browser. Learn more at https://react.dev/link/wrap-tests-with-act

            </system-err>
        </testcase>
        <testcase classname="src/app/components/ui/sticky-breadcrumb-wrapper.spec.tsx" name="StickyBreadcrumbWrapper &gt; handles multiple children correctly" time="0">
        </testcase>
        <testcase classname="src/app/components/ui/sticky-breadcrumb-wrapper.spec.tsx" name="StickyBreadcrumbWrapper &gt; updates when offsetTop prop changes" time="0">
        </testcase>
        <testcase classname="src/app/components/ui/sticky-breadcrumb-wrapper.spec.tsx" name="StickyBreadcrumbWrapper &gt; returns null when isVisible is false" time="0">
        </testcase>
        <testcase classname="src/app/components/ui/sticky-breadcrumb-wrapper.spec.tsx" name="StickyBreadcrumbWrapper &gt; should handle SSR environment where window is undefined" time="0.009821175">
            <failure message="expected [Function] to not throw an error but &apos;ReferenceError: window is not defined&apos; was thrown" type="AssertionError">
AssertionError: expected [Function] to not throw an error but &apos;ReferenceError: window is not defined&apos; was thrown

- Expected: 
undefined

+ Received: 
&quot;ReferenceError: window is not defined&quot;

 ❯ src/app/components/ui/sticky-breadcrumb-wrapper.spec.tsx:268:12
            </failure>
            <failure message="window is not defined" type="ReferenceError">
ReferenceError: window is not defined
 ❯ resolveEventTimeStamp node_modules/react-dom/cjs/react-dom-client.development.js:22144:19
 ❯ startUpdateTimerByLane node_modules/react-dom/cjs/react-dom-client.development.js:5692:19
 ❯ updateContainerImpl node_modules/react-dom/cjs/react-dom-client.development.js:23508:10
 ❯ ReactDOMRoot.process.env.NODE_ENV.ReactDOMHydrationRoot.unmount.ReactDOMRoot.unmount [as unmount] node_modules/react-dom/cjs/react-dom-client.development.js:27910:11
 ❯ Object.unmount node_modules/@testing-library/react/dist/pure.js:163:12
 ❯ node_modules/@testing-library/react/dist/pure.js:307:12
 ❯ node_modules/@testing-library/react/dist/act-compat.js:47:24
 ❯ process.env.NODE_ENV.exports.act node_modules/react/cjs/react.development.js:814:22
 ❯ node_modules/@testing-library/react/dist/act-compat.js:46:25
 ❯ node_modules/@testing-library/react/dist/pure.js:306:28
            </failure>
        </testcase>
    </testsuite>
</testsuites>
