<?xml version="1.0" encoding="UTF-8" ?>
<testsuites name="vitest tests" tests="3271" failures="0" errors="0" time="16.548753094">
    <testsuite name="src/app/components/auth/signed-in-as.spec.tsx" timestamp="2026-02-02T09:07:19.392Z" hostname="Mac-5426.lan" tests="8" failures="0" errors="0" skipped="0" time="0.065886958">
        <testcase classname="src/app/components/auth/signed-in-as.spec.tsx" name="SignedInAs &gt; when user has username &gt; renders the signed in text" time="0.00155625">
        </testcase>
        <testcase classname="src/app/components/auth/signed-in-as.spec.tsx" name="SignedInAs &gt; when user has username &gt; renders the key icon with correct size" time="0.001363584">
        </testcase>
        <testcase classname="src/app/components/auth/signed-in-as.spec.tsx" name="SignedInAs &gt; when user has username &gt; renders the username link" time="0.027144333">
        </testcase>
        <testcase classname="src/app/components/auth/signed-in-as.spec.tsx" name="SignedInAs &gt; when user has username &gt; applies consistent flex layout" time="0.002014583">
        </testcase>
        <testcase classname="src/app/components/auth/signed-in-as.spec.tsx" name="SignedInAs &gt; when user has username &gt; shows appropriate content based on screen size" time="0.001450541">
        </testcase>
        <testcase classname="src/app/components/auth/signed-in-as.spec.tsx" name="SignedInAs &gt; when user has no username &gt; displays email when username is undefined but email is available" time="0.002876542">
        </testcase>
        <testcase classname="src/app/components/auth/signed-in-as.spec.tsx" name="SignedInAs &gt; when user has no username &gt; displays email when username is null but email is available" time="0.027041125">
        </testcase>
        <testcase classname="src/app/components/auth/signed-in-as.spec.tsx" name="SignedInAs &gt; when user has no username &gt; returns null when user session is null" time="0.001154125">
            <system-err>
[SignedInAs] No display name found, returning null

            </system-err>
        </testcase>
    </testsuite>
    <testsuite name="src/lib/actions/update-release-action.spec.ts" timestamp="2026-02-02T09:07:19.393Z" hostname="Mac-5426.lan" tests="21" failures="0" errors="0" skipped="0" time="0.018738333">
        <testcase classname="src/lib/actions/update-release-action.spec.ts" name="updateReleaseAction &gt; Authorization &gt; should require admin role" time="0.004671708">
        </testcase>
        <testcase classname="src/lib/actions/update-release-action.spec.ts" name="updateReleaseAction &gt; Authorization &gt; should return error when user is not logged in" time="0.000171">
        </testcase>
        <testcase classname="src/lib/actions/update-release-action.spec.ts" name="updateReleaseAction &gt; Authorization &gt; should return error when user is not admin" time="0.000175834">
        </testcase>
        <testcase classname="src/lib/actions/update-release-action.spec.ts" name="updateReleaseAction &gt; Authorization &gt; should allow admin users to update releases" time="0.000111375">
        </testcase>
        <testcase classname="src/lib/actions/update-release-action.spec.ts" name="updateReleaseAction &gt; Validation &gt; should validate form data with all permitted fields" time="0.001633833">
        </testcase>
        <testcase classname="src/lib/actions/update-release-action.spec.ts" name="updateReleaseAction &gt; Validation &gt; should return validation errors when data is invalid" time="0.000512125">
        </testcase>
        <testcase classname="src/lib/actions/update-release-action.spec.ts" name="updateReleaseAction &gt; Release Update &gt; should update release successfully with all fields" time="0.001469042">
        </testcase>
        <testcase classname="src/lib/actions/update-release-action.spec.ts" name="updateReleaseAction &gt; Release Update &gt; should parse comma-separated credits fields" time="0.002776">
        </testcase>
        <testcase classname="src/lib/actions/update-release-action.spec.ts" name="updateReleaseAction &gt; Release Update &gt; should handle empty credits fields" time="0.000449792">
        </testcase>
        <testcase classname="src/lib/actions/update-release-action.spec.ts" name="updateReleaseAction &gt; Release Update &gt; should handle featured dates" time="0.000497875">
        </testcase>
        <testcase classname="src/lib/actions/update-release-action.spec.ts" name="updateReleaseAction &gt; Release Update &gt; should handle release update failure" time="0.000524416">
        </testcase>
        <testcase classname="src/lib/actions/update-release-action.spec.ts" name="updateReleaseAction &gt; Release Update &gt; should handle title uniqueness error" time="0.000210792">
        </testcase>
        <testcase classname="src/lib/actions/update-release-action.spec.ts" name="updateReleaseAction &gt; Release Update &gt; should handle title unique constraint error" time="0.000324333">
        </testcase>
        <testcase classname="src/lib/actions/update-release-action.spec.ts" name="updateReleaseAction &gt; Release Update &gt; should handle duplicate title error" time="0.000395625">
        </testcase>
        <testcase classname="src/lib/actions/update-release-action.spec.ts" name="updateReleaseAction &gt; Release Update &gt; should handle error with no message" time="0.001309417">
        </testcase>
        <testcase classname="src/lib/actions/update-release-action.spec.ts" name="updateReleaseAction &gt; Release Update &gt; should preserve existing errors on failure" time="0.000382625">
        </testcase>
        <testcase classname="src/lib/actions/update-release-action.spec.ts" name="updateReleaseAction &gt; Release Update &gt; should handle release not found error" time="0.000304833">
        </testcase>
        <testcase classname="src/lib/actions/update-release-action.spec.ts" name="updateReleaseAction &gt; Security Logging &gt; should log successful release update" time="0.000287625">
        </testcase>
        <testcase classname="src/lib/actions/update-release-action.spec.ts" name="updateReleaseAction &gt; Security Logging &gt; should log failed release update" time="0.000173791">
        </testcase>
        <testcase classname="src/lib/actions/update-release-action.spec.ts" name="updateReleaseAction &gt; Cache Revalidation &gt; should revalidate release page on success" time="0.000133041">
        </testcase>
        <testcase classname="src/lib/actions/update-release-action.spec.ts" name="updateReleaseAction &gt; Error Handling &gt; should handle unexpected errors gracefully" time="0.000672625">
        </testcase>
    </testsuite>
    <testsuite name="src/app/components/ui/vertical-separator.spec.tsx" timestamp="2026-02-02T09:07:19.394Z" hostname="Mac-5426.lan" tests="5" failures="0" errors="0" skipped="0" time="0.024082042">
        <testcase classname="src/app/components/ui/vertical-separator.spec.tsx" name="VerticalSeparator &gt; renders" time="0.01789075">
        </testcase>
        <testcase classname="src/app/components/ui/vertical-separator.spec.tsx" name="VerticalSeparator &gt; has vertical orientation" time="0.001076833">
        </testcase>
        <testcase classname="src/app/components/ui/vertical-separator.spec.tsx" name="VerticalSeparator &gt; has default height class" time="0.001150542">
        </testcase>
        <testcase classname="src/app/components/ui/vertical-separator.spec.tsx" name="VerticalSeparator &gt; applies custom className" time="0.002227083">
        </testcase>
        <testcase classname="src/app/components/ui/vertical-separator.spec.tsx" name="VerticalSeparator &gt; has margin class" time="0.000840375">
        </testcase>
    </testsuite>
    <testsuite name="src/app/components/ui/turnstile-widget.spec.tsx" timestamp="2026-02-02T09:07:19.395Z" hostname="Mac-5426.lan" tests="21" failures="0" errors="0" skipped="0" time="0.101743667">
        <testcase classname="src/app/components/ui/turnstile-widget.spec.tsx" name="TurnstileWidget &gt; site key selection &gt; should use production site key in production environment" time="0.001397041">
        </testcase>
        <testcase classname="src/app/components/ui/turnstile-widget.spec.tsx" name="TurnstileWidget &gt; site key selection &gt; should use test site key in non-production environment" time="0.001121291">
        </testcase>
        <testcase classname="src/app/components/ui/turnstile-widget.spec.tsx" name="TurnstileWidget &gt; site key selection &gt; should use test site key when NODE_ENV is test" time="0.000961041">
        </testcase>
        <testcase classname="src/app/components/ui/turnstile-widget.spec.tsx" name="TurnstileWidget &gt; verification handling &gt; should call setIsVerified with true when verification succeeds" time="0.009276125">
        </testcase>
        <testcase classname="src/app/components/ui/turnstile-widget.spec.tsx" name="TurnstileWidget &gt; verification handling &gt; should provide onVerify callback to Turnstile component" time="0.001012792">
        </testcase>
        <testcase classname="src/app/components/ui/turnstile-widget.spec.tsx" name="TurnstileWidget &gt; error handling &gt; should reset turnstile and set verified to false on error" time="0.000924042">
        </testcase>
        <testcase classname="src/app/components/ui/turnstile-widget.spec.tsx" name="TurnstileWidget &gt; error handling &gt; should handle expire events" time="0.000964333">
        </testcase>
        <testcase classname="src/app/components/ui/turnstile-widget.spec.tsx" name="TurnstileWidget &gt; error handling &gt; should handle timeout events" time="0.000892">
        </testcase>
        <testcase classname="src/app/components/ui/turnstile-widget.spec.tsx" name="TurnstileWidget &gt; turnstile integration &gt; should use turnstile hook for reset functionality" time="0.001376417">
        </testcase>
        <testcase classname="src/app/components/ui/turnstile-widget.spec.tsx" name="TurnstileWidget &gt; turnstile integration &gt; should pass correct props to Turnstile component" time="0.013761958">
        </testcase>
        <testcase classname="src/app/components/ui/turnstile-widget.spec.tsx" name="TurnstileWidget &gt; callback integration &gt; should accept and use setIsVerified callback properly" time="0.002374958">
        </testcase>
        <testcase classname="src/app/components/ui/turnstile-widget.spec.tsx" name="TurnstileWidget &gt; callback integration &gt; should handle multiple verification events" time="0.017878709">
        </testcase>
        <testcase classname="src/app/components/ui/turnstile-widget.spec.tsx" name="TurnstileWidget &gt; callback integration &gt; should call onToken callback with token when verification succeeds" time="0.036357667">
        </testcase>
        <testcase classname="src/app/components/ui/turnstile-widget.spec.tsx" name="TurnstileWidget &gt; callback integration &gt; should call onToken with empty string when verification is reset on error" time="0.004524084">
        </testcase>
        <testcase classname="src/app/components/ui/turnstile-widget.spec.tsx" name="TurnstileWidget &gt; callback integration &gt; should call onToken with empty string when verification expires" time="0.001402459">
        </testcase>
        <testcase classname="src/app/components/ui/turnstile-widget.spec.tsx" name="TurnstileWidget &gt; callback integration &gt; should call onToken with empty string when verification times out" time="0.000980791">
        </testcase>
        <testcase classname="src/app/components/ui/turnstile-widget.spec.tsx" name="TurnstileWidget &gt; callback integration &gt; should not throw when onToken is not provided and reset occurs" time="0.00099875">
        </testcase>
        <testcase classname="src/app/components/ui/turnstile-widget.spec.tsx" name="TurnstileWidget &gt; environment variable handling &gt; should handle missing environment variables gracefully" time="0.001249334">
        </testcase>
        <testcase classname="src/app/components/ui/turnstile-widget.spec.tsx" name="TurnstileWidget &gt; environment variable handling &gt; should prefer production key when NODE_ENV is production" time="0.0010805">
        </testcase>
        <testcase classname="src/app/components/ui/turnstile-widget.spec.tsx" name="TurnstileWidget &gt; component lifecycle &gt; should render without crashing" time="0.000877708">
        </testcase>
        <testcase classname="src/app/components/ui/turnstile-widget.spec.tsx" name="TurnstileWidget &gt; component lifecycle &gt; should be unmountable without errors" time="0.0009785">
        </testcase>
    </testsuite>
    <testsuite name="src/app/components/ui/tooltip.spec.tsx" timestamp="2026-02-02T09:07:19.396Z" hostname="Mac-5426.lan" tests="16" failures="0" errors="0" skipped="0" time="0.317301167">
        <testcase classname="src/app/components/ui/tooltip.spec.tsx" name="Tooltip Components &gt; TooltipProvider &gt; renders children" time="0.001246166">
        </testcase>
        <testcase classname="src/app/components/ui/tooltip.spec.tsx" name="Tooltip Components &gt; TooltipProvider &gt; uses default delayDuration of 0" time="0.026331958">
        </testcase>
        <testcase classname="src/app/components/ui/tooltip.spec.tsx" name="Tooltip Components &gt; TooltipProvider &gt; accepts custom delayDuration" time="0.002661917">
        </testcase>
        <testcase classname="src/app/components/ui/tooltip.spec.tsx" name="Tooltip Components &gt; Tooltip &gt; renders trigger" time="0.001818916">
        </testcase>
        <testcase classname="src/app/components/ui/tooltip.spec.tsx" name="Tooltip Components &gt; Tooltip &gt; shows tooltip on hover" time="0.019317375">
        </testcase>
        <testcase classname="src/app/components/ui/tooltip.spec.tsx" name="Tooltip Components &gt; Tooltip &gt; tooltip can be shown and verified" time="0.017914333">
        </testcase>
        <testcase classname="src/app/components/ui/tooltip.spec.tsx" name="Tooltip Components &gt; TooltipTrigger &gt; renders with data-slot attribute" time="0.002567208">
        </testcase>
        <testcase classname="src/app/components/ui/tooltip.spec.tsx" name="Tooltip Components &gt; TooltipTrigger &gt; renders children" time="0.002720083">
        </testcase>
        <testcase classname="src/app/components/ui/tooltip.spec.tsx" name="Tooltip Components &gt; TooltipTrigger &gt; forwards asChild prop" time="0.001883792">
        </testcase>
        <testcase classname="src/app/components/ui/tooltip.spec.tsx" name="Tooltip Components &gt; TooltipContent &gt; renders with data-slot attribute" time="0.060052292">
        </testcase>
        <testcase classname="src/app/components/ui/tooltip.spec.tsx" name="Tooltip Components &gt; TooltipContent &gt; applies custom className" time="0.025200333">
        </testcase>
        <testcase classname="src/app/components/ui/tooltip.spec.tsx" name="Tooltip Components &gt; TooltipContent &gt; renders children" time="0.01879375">
        </testcase>
        <testcase classname="src/app/components/ui/tooltip.spec.tsx" name="Tooltip Components &gt; TooltipContent &gt; uses default sideOffset of 0" time="0.023760875">
        </testcase>
        <testcase classname="src/app/components/ui/tooltip.spec.tsx" name="Tooltip Components &gt; TooltipContent &gt; accepts custom sideOffset" time="0.026400041">
        </testcase>
        <testcase classname="src/app/components/ui/tooltip.spec.tsx" name="Tooltip Components &gt; integration &gt; renders complete tooltip structure with pointer interaction" time="0.020883833">
        </testcase>
        <testcase classname="src/app/components/ui/tooltip.spec.tsx" name="Tooltip Components &gt; integration &gt; multiple tooltips can coexist" time="0.064509125">
        </testcase>
    </testsuite>
    <testsuite name="src/app/components/auth/edit-profile-button.spec.tsx" timestamp="2026-02-02T09:07:19.397Z" hostname="Mac-5426.lan" tests="6" failures="0" errors="0" skipped="0" time="0.048919833">
        <testcase classname="src/app/components/auth/edit-profile-button.spec.tsx" name="EditProfileButton &gt; renders the edit profile link" time="0.023446083">
        </testcase>
        <testcase classname="src/app/components/auth/edit-profile-button.spec.tsx" name="EditProfileButton &gt; displays the correct text" time="0.001437083">
        </testcase>
        <testcase classname="src/app/components/auth/edit-profile-button.spec.tsx" name="EditProfileButton &gt; renders the user icon" time="0.017059292">
        </testcase>
        <testcase classname="src/app/components/auth/edit-profile-button.spec.tsx" name="EditProfileButton &gt; applies the correct CSS classes" time="0.002405541">
        </testcase>
        <testcase classname="src/app/components/auth/edit-profile-button.spec.tsx" name="EditProfileButton &gt; renders null on mobile devices" time="0.000799375">
        </testcase>
        <testcase classname="src/app/components/auth/edit-profile-button.spec.tsx" name="EditProfileButton &gt; renders link on desktop devices" time="0.002856375">
        </testcase>
    </testsuite>
    <testsuite name="src/lib/utils/rate-limit.spec.ts" timestamp="2026-02-02T09:07:19.397Z" hostname="Mac-5426.lan" tests="16" failures="0" errors="0" skipped="0" time="0.007618834">
        <testcase classname="src/lib/utils/rate-limit.spec.ts" name="rateLimit &gt; should allow requests within limit" time="0.000308083">
        </testcase>
        <testcase classname="src/lib/utils/rate-limit.spec.ts" name="rateLimit &gt; should reject requests exceeding limit" time="0.00011125">
        </testcase>
        <testcase classname="src/lib/utils/rate-limit.spec.ts" name="rateLimit &gt; should track different tokens independently" time="0.000219625">
        </testcase>
        <testcase classname="src/lib/utils/rate-limit.spec.ts" name="rateLimit &gt; should handle zero limit" time="0.001649625">
        </testcase>
        <testcase classname="src/lib/utils/rate-limit.spec.ts" name="rateLimit &gt; should handle high limit" time="0.001743083">
        </testcase>
        <testcase classname="src/lib/utils/rate-limit.spec.ts" name="rateLimit &gt; should handle concurrent requests from same token" time="0.000188459">
        </testcase>
        <testcase classname="src/lib/utils/rate-limit.spec.ts" name="rateLimit &gt; should use configured interval and token limit" time="0.00020275">
        </testcase>
        <testcase classname="src/lib/utils/rate-limit.spec.ts" name="rateLimit &gt; real-world scenarios &gt; should handle API rate limiting scenario" time="0.000323666">
        </testcase>
        <testcase classname="src/lib/utils/rate-limit.spec.ts" name="rateLimit &gt; real-world scenarios &gt; should handle login attempt rate limiting" time="0.000189917">
        </testcase>
        <testcase classname="src/lib/utils/rate-limit.spec.ts" name="rateLimit &gt; real-world scenarios &gt; should handle multiple users accessing API" time="0.0006">
        </testcase>
        <testcase classname="src/lib/utils/rate-limit.spec.ts" name="rateLimit &gt; real-world scenarios &gt; should handle burst traffic" time="0.000148625">
        </testcase>
        <testcase classname="src/lib/utils/rate-limit.spec.ts" name="rateLimit &gt; edge cases &gt; should handle empty token string" time="0.00012925">
        </testcase>
        <testcase classname="src/lib/utils/rate-limit.spec.ts" name="rateLimit &gt; edge cases &gt; should handle very long token strings" time="0.000131709">
        </testcase>
        <testcase classname="src/lib/utils/rate-limit.spec.ts" name="rateLimit &gt; edge cases &gt; should handle special characters in tokens" time="0.000146959">
        </testcase>
        <testcase classname="src/lib/utils/rate-limit.spec.ts" name="rateLimit &gt; edge cases &gt; should handle limit of 1" time="0.0001745">
        </testcase>
        <testcase classname="src/lib/utils/rate-limit.spec.ts" name="rateLimit &gt; edge cases &gt; should maintain separate counters for different limiters" time="0.000199458">
        </testcase>
    </testsuite>
    <testsuite name="src/app/components/ui/popover.spec.tsx" timestamp="2026-02-02T09:07:19.398Z" hostname="Mac-5426.lan" tests="11" failures="0" errors="0" skipped="0" time="0.277186792">
        <testcase classname="src/app/components/ui/popover.spec.tsx" name="Popover Components &gt; Popover &gt; should render a popover with trigger and content" time="0.097542542">
        </testcase>
        <testcase classname="src/app/components/ui/popover.spec.tsx" name="Popover Components &gt; PopoverTrigger &gt; should render the trigger button" time="0.001617667">
        </testcase>
        <testcase classname="src/app/components/ui/popover.spec.tsx" name="Popover Components &gt; PopoverTrigger &gt; should have data-slot attribute" time="0.001969">
        </testcase>
        <testcase classname="src/app/components/ui/popover.spec.tsx" name="Popover Components &gt; PopoverContent &gt; should render content when popover is open" time="0.027371416">
        </testcase>
        <testcase classname="src/app/components/ui/popover.spec.tsx" name="Popover Components &gt; PopoverContent &gt; should have data-slot attribute on content" time="0.025162125">
        </testcase>
        <testcase classname="src/app/components/ui/popover.spec.tsx" name="Popover Components &gt; PopoverContent &gt; should apply custom className" time="0.029574541">
        </testcase>
        <testcase classname="src/app/components/ui/popover.spec.tsx" name="Popover Components &gt; PopoverContent &gt; should merge custom className with default classes" time="0.020308708">
        </testcase>
        <testcase classname="src/app/components/ui/popover.spec.tsx" name="Popover Components &gt; PopoverAnchor &gt; should render the anchor element" time="0.002050208">
        </testcase>
        <testcase classname="src/app/components/ui/popover.spec.tsx" name="Popover Components &gt; PopoverAnchor &gt; should have data-slot attribute" time="0.002691375">
        </testcase>
        <testcase classname="src/app/components/ui/popover.spec.tsx" name="Popover Components &gt; Popover open/close behavior &gt; should close when clicking outside" time="0.034971125">
        </testcase>
        <testcase classname="src/app/components/ui/popover.spec.tsx" name="Popover Components &gt; Popover open/close behavior &gt; should close when trigger is clicked again" time="0.032625375">
        </testcase>
    </testsuite>
    <testsuite name="src/lib/utils/profile-utils.spec.ts" timestamp="2026-02-02T09:07:19.398Z" hostname="Mac-5426.lan" tests="9" failures="0" errors="0" skipped="0" time="0.002761208">
        <testcase classname="src/lib/utils/profile-utils.spec.ts" name="profile-utils &gt; splitFullName &gt; should split a full name into first and last name" time="0.00038575">
        </testcase>
        <testcase classname="src/lib/utils/profile-utils.spec.ts" name="profile-utils &gt; splitFullName &gt; should handle single names" time="0.000063625">
        </testcase>
        <testcase classname="src/lib/utils/profile-utils.spec.ts" name="profile-utils &gt; splitFullName &gt; should handle multiple middle names" time="0.000068625">
        </testcase>
        <testcase classname="src/lib/utils/profile-utils.spec.ts" name="profile-utils &gt; splitFullName &gt; should handle empty or null names" time="0.000176375">
        </testcase>
        <testcase classname="src/lib/utils/profile-utils.spec.ts" name="profile-utils &gt; splitFullName &gt; should handle names with extra whitespace" time="0.000058167">
        </testcase>
        <testcase classname="src/lib/utils/profile-utils.spec.ts" name="profile-utils &gt; formatPhoneNumber &gt; should format 10-digit US phone numbers" time="0.000086625">
        </testcase>
        <testcase classname="src/lib/utils/profile-utils.spec.ts" name="profile-utils &gt; formatPhoneNumber &gt; should format 11-digit US phone numbers with country code" time="0.000074084">
        </testcase>
        <testcase classname="src/lib/utils/profile-utils.spec.ts" name="profile-utils &gt; formatPhoneNumber &gt; should handle empty or null phone numbers" time="0.000702458">
        </testcase>
        <testcase classname="src/lib/utils/profile-utils.spec.ts" name="profile-utils &gt; formatPhoneNumber &gt; should return original format for unrecognized patterns" time="0.000138958">
        </testcase>
    </testsuite>
    <testsuite name="src/lib/actions/create-track-action.spec.ts" timestamp="2026-02-02T09:07:19.399Z" hostname="Mac-5426.lan" tests="20" failures="0" errors="0" skipped="0" time="0.020313334">
        <testcase classname="src/lib/actions/create-track-action.spec.ts" name="createTrackAction &gt; Authorization &gt; should require admin role" time="0.000814791">
        </testcase>
        <testcase classname="src/lib/actions/create-track-action.spec.ts" name="createTrackAction &gt; Authorization &gt; should return error when user is not logged in" time="0.000128083">
        </testcase>
        <testcase classname="src/lib/actions/create-track-action.spec.ts" name="createTrackAction &gt; Authorization &gt; should return error when user is not admin" time="0.000157291">
        </testcase>
        <testcase classname="src/lib/actions/create-track-action.spec.ts" name="createTrackAction &gt; Authorization &gt; should allow admin users to create tracks" time="0.00011275">
        </testcase>
        <testcase classname="src/lib/actions/create-track-action.spec.ts" name="createTrackAction &gt; Validation &gt; should validate form data with permitted fields only" time="0.001923917">
        </testcase>
        <testcase classname="src/lib/actions/create-track-action.spec.ts" name="createTrackAction &gt; Validation &gt; should return validation errors when data is invalid" time="0.000300583">
        </testcase>
        <testcase classname="src/lib/actions/create-track-action.spec.ts" name="createTrackAction &gt; Track Creation &gt; should create track successfully with all fields" time="0.004793">
        </testcase>
        <testcase classname="src/lib/actions/create-track-action.spec.ts" name="createTrackAction &gt; Track Creation &gt; should create track with minimal required fields" time="0.000237">
        </testcase>
        <testcase classname="src/lib/actions/create-track-action.spec.ts" name="createTrackAction &gt; Track Creation &gt; should handle empty coverArt as undefined" time="0.001230459">
        </testcase>
        <testcase classname="src/lib/actions/create-track-action.spec.ts" name="createTrackAction &gt; Track Creation &gt; should handle track creation failure from service" time="0.003431125">
        </testcase>
        <testcase classname="src/lib/actions/create-track-action.spec.ts" name="createTrackAction &gt; Track Creation &gt; should handle service returning generic error" time="0.000415833">
        </testcase>
        <testcase classname="src/lib/actions/create-track-action.spec.ts" name="createTrackAction &gt; Track Creation &gt; should handle service returning error without message" time="0.003564291">
        </testcase>
        <testcase classname="src/lib/actions/create-track-action.spec.ts" name="createTrackAction &gt; Track Creation &gt; should use default position when position is undefined" time="0.000434083">
        </testcase>
        <testcase classname="src/lib/actions/create-track-action.spec.ts" name="createTrackAction &gt; Security Logging &gt; should log successful track creation" time="0.000134417">
        </testcase>
        <testcase classname="src/lib/actions/create-track-action.spec.ts" name="createTrackAction &gt; Security Logging &gt; should log failed track creation attempt" time="0.000151">
        </testcase>
        <testcase classname="src/lib/actions/create-track-action.spec.ts" name="createTrackAction &gt; Security Logging &gt; should filter out undefined fields in security log" time="0.000147541">
        </testcase>
        <testcase classname="src/lib/actions/create-track-action.spec.ts" name="createTrackAction &gt; Cache Revalidation &gt; should revalidate track creation page on success" time="0.000119458">
        </testcase>
        <testcase classname="src/lib/actions/create-track-action.spec.ts" name="createTrackAction &gt; Cache Revalidation &gt; should revalidate track creation page on failure" time="0.000135667">
        </testcase>
        <testcase classname="src/lib/actions/create-track-action.spec.ts" name="createTrackAction &gt; Error Handling &gt; should handle unexpected errors gracefully" time="0.00013">
        </testcase>
        <testcase classname="src/lib/actions/create-track-action.spec.ts" name="createTrackAction &gt; Error Handling &gt; should detect title uniqueness error with various message formats" time="0.0001895">
        </testcase>
    </testsuite>
    <testsuite name="src/app/components/ui/input-otp.spec.tsx" timestamp="2026-02-02T09:07:19.400Z" hostname="Mac-5426.lan" tests="16" failures="0" errors="0" skipped="0" time="0.10506">
        <testcase classname="src/app/components/ui/input-otp.spec.tsx" name="InputOTP &gt; renders" time="0.002293917">
        </testcase>
        <testcase classname="src/app/components/ui/input-otp.spec.tsx" name="InputOTP &gt; applies custom className" time="0.003414583">
        </testcase>
        <testcase classname="src/app/components/ui/input-otp.spec.tsx" name="InputOTP &gt; applies custom containerClassName" time="0.008229958">
        </testcase>
        <testcase classname="src/app/components/ui/input-otp.spec.tsx" name="InputOTPGroup &gt; renders" time="0.001993833">
        </testcase>
        <testcase classname="src/app/components/ui/input-otp.spec.tsx" name="InputOTPGroup &gt; applies custom className" time="0.002182625">
        </testcase>
        <testcase classname="src/app/components/ui/input-otp.spec.tsx" name="InputOTPGroup &gt; has flex layout" time="0.002700708">
        </testcase>
        <testcase classname="src/app/components/ui/input-otp.spec.tsx" name="InputOTPSlot &gt; renders" time="0.002829791">
        </testcase>
        <testcase classname="src/app/components/ui/input-otp.spec.tsx" name="InputOTPSlot &gt; applies custom className" time="0.032057208">
        </testcase>
        <testcase classname="src/app/components/ui/input-otp.spec.tsx" name="InputOTPSlot &gt; renders multiple slots" time="0.005101583">
        </testcase>
        <testcase classname="src/app/components/ui/input-otp.spec.tsx" name="InputOTPSeparator &gt; renders" time="0.002503625">
        </testcase>
        <testcase classname="src/app/components/ui/input-otp.spec.tsx" name="InputOTPSeparator &gt; has separator role" time="0.003981833">
        </testcase>
        <testcase classname="src/app/components/ui/input-otp.spec.tsx" name="InputOTPSeparator &gt; contains minus icon" time="0.002585291">
        </testcase>
        <testcase classname="src/app/components/ui/input-otp.spec.tsx" name="Full InputOTP Integration &gt; renders a complete OTP input with separator" time="0.0237845">
        </testcase>
        <testcase classname="src/app/components/ui/input-otp.spec.tsx" name="InputOTPSlot with fake caret &gt; renders fake caret when slot has focus" time="0.005166916">
        </testcase>
        <testcase classname="src/app/components/ui/input-otp.spec.tsx" name="InputOTPSlot with fake caret &gt; displays character in slot when provided" time="0.003023">
            <system-err>
Input contains an input of type undefined with both value and defaultValue props. Input elements must be either controlled or uncontrolled (specify either the value prop, or the defaultValue prop, but not both). Decide between using a controlled or uncontrolled input element and remove one of these props. More info: https://react.dev/link/controlled-components

            </system-err>
        </testcase>
        <testcase classname="src/app/components/ui/input-otp.spec.tsx" name="InputOTPSlot with fake caret &gt; handles slot without context gracefully" time="0.001719791">
        </testcase>
    </testsuite>
    <testsuite name="src/app/components/forms/fields/checkbox-field.spec.tsx" timestamp="2026-02-02T09:07:19.401Z" hostname="Mac-5426.lan" tests="12" failures="0" errors="0" skipped="0" time="0.046093958">
        <testcase classname="src/app/components/forms/fields/checkbox-field.spec.tsx" name="CheckboxField &gt; renders with correct label and id" time="0.00172225">
        </testcase>
        <testcase classname="src/app/components/forms/fields/checkbox-field.spec.tsx" name="CheckboxField &gt; renders with string label" time="0.001472167">
        </testcase>
        <testcase classname="src/app/components/forms/fields/checkbox-field.spec.tsx" name="CheckboxField &gt; calls onUserInteraction when checkbox changes" time="0.003819792">
        </testcase>
        <testcase classname="src/app/components/forms/fields/checkbox-field.spec.tsx" name="CheckboxField &gt; does not call onUserInteraction when not provided" time="0.001563625">
        </testcase>
        <testcase classname="src/app/components/forms/fields/checkbox-field.spec.tsx" name="CheckboxField &gt; applies correct CSS classes for layout" time="0.002209125">
        </testcase>
        <testcase classname="src/app/components/forms/fields/checkbox-field.spec.tsx" name="CheckboxField &gt; renders complex label content" time="0.00492225">
        </testcase>
        <testcase classname="src/app/components/forms/fields/checkbox-field.spec.tsx" name="CheckboxField &gt; applies correct label styles" time="0.018258584">
        </testcase>
        <testcase classname="src/app/components/forms/fields/checkbox-field.spec.tsx" name="CheckboxField &gt; renders all form structure components" time="0.001406833">
        </testcase>
        <testcase classname="src/app/components/forms/fields/checkbox-field.spec.tsx" name="CheckboxField &gt; passes setValue prop when provided" time="0.001291708">
        </testcase>
        <testcase classname="src/app/components/forms/fields/checkbox-field.spec.tsx" name="CheckboxField &gt; calls setValue with correct parameters when checkbox is changed" time="0.002137083">
        </testcase>
        <testcase classname="src/app/components/forms/fields/checkbox-field.spec.tsx" name="CheckboxField &gt; calls both setValue and onUserInteraction when both provided" time="0.004582042">
        </testcase>
        <testcase classname="src/app/components/forms/fields/checkbox-field.spec.tsx" name="CheckboxField &gt; handles checkbox state changes" time="0.001577167">
        </testcase>
    </testsuite>
    <testsuite name="src/lib/decorators/with-auth.spec.ts" timestamp="2026-02-02T09:07:19.401Z" hostname="Mac-5426.lan" tests="20" failures="0" errors="0" skipped="0" time="0.006477">
        <testcase classname="src/lib/decorators/with-auth.spec.ts" name="withAuth decorator &gt; authentication &gt; should call the handler when user is authenticated" time="0.000133667">
        </testcase>
        <testcase classname="src/lib/decorators/with-auth.spec.ts" name="withAuth decorator &gt; authentication &gt; should return 401 when user is not authenticated" time="0.000166416">
        </testcase>
        <testcase classname="src/lib/decorators/with-auth.spec.ts" name="withAuth decorator &gt; authentication &gt; should return 401 when auth throws an error" time="0.000144709">
        </testcase>
        <testcase classname="src/lib/decorators/with-auth.spec.ts" name="withAuth decorator &gt; authentication &gt; should pass through the original handler response" time="0.000088334">
        </testcase>
        <testcase classname="src/lib/decorators/with-auth.spec.ts" name="withAuth decorator &gt; authentication &gt; should handle synchronous handler responses" time="0.000086084">
        </testcase>
        <testcase classname="src/lib/decorators/with-auth.spec.ts" name="withAuth decorator &gt; context and parameters &gt; should pass request context with parameters correctly" time="0.000123042">
        </testcase>
        <testcase classname="src/lib/decorators/with-auth.spec.ts" name="withAuth decorator &gt; context and parameters &gt; should handle empty context parameters" time="0.000186209">
        </testcase>
        <testcase classname="src/lib/decorators/with-auth.spec.ts" name="withAuth decorator &gt; session data handling &gt; should handle session with complete user data" time="0.000115667">
        </testcase>
        <testcase classname="src/lib/decorators/with-auth.spec.ts" name="withAuth decorator &gt; session data handling &gt; should handle session with minimal user data" time="0.000119792">
        </testcase>
        <testcase classname="src/lib/decorators/with-auth.spec.ts" name="withAdmin decorator &gt; admin authorization &gt; should call the handler when user has admin role" time="0.000218917">
        </testcase>
        <testcase classname="src/lib/decorators/with-auth.spec.ts" name="withAdmin decorator &gt; admin authorization &gt; should return 403 when user does not have admin role" time="0.000191083">
        </testcase>
        <testcase classname="src/lib/decorators/with-auth.spec.ts" name="withAdmin decorator &gt; admin authorization &gt; should return 403 when user has no role" time="0.000138125">
        </testcase>
        <testcase classname="src/lib/decorators/with-auth.spec.ts" name="withAdmin decorator &gt; admin authorization &gt; should return 403 when user has null role" time="0.000177083">
        </testcase>
        <testcase classname="src/lib/decorators/with-auth.spec.ts" name="withAdmin decorator &gt; admin authorization &gt; should return 403 when session is null" time="0.000124458">
        </testcase>
        <testcase classname="src/lib/decorators/with-auth.spec.ts" name="withAdmin decorator &gt; admin authorization &gt; should return 403 when session user is undefined" time="0.000120625">
        </testcase>
        <testcase classname="src/lib/decorators/with-auth.spec.ts" name="withAdmin decorator &gt; auth error handling &gt; should return 403 when auth throws an error" time="0.000710042">
        </testcase>
        <testcase classname="src/lib/decorators/with-auth.spec.ts" name="withAdmin decorator &gt; response handling &gt; should pass through the original handler response" time="0.000135167">
        </testcase>
        <testcase classname="src/lib/decorators/with-auth.spec.ts" name="withAdmin decorator &gt; response handling &gt; should handle synchronous handler responses" time="0.000878209">
        </testcase>
        <testcase classname="src/lib/decorators/with-auth.spec.ts" name="withAdmin decorator &gt; role validation edge cases &gt; should handle different admin role case variations" time="0.000716625">
        </testcase>
        <testcase classname="src/lib/decorators/with-auth.spec.ts" name="withAdmin decorator &gt; role validation edge cases &gt; should reject other roles" time="0.000843292">
        </testcase>
    </testsuite>
    <testsuite name="src/app/components/ui/switch.spec.tsx" timestamp="2026-02-02T09:07:19.402Z" hostname="Mac-5426.lan" tests="10" failures="0" errors="0" skipped="0" time="0.133151458">
        <testcase classname="src/app/components/ui/switch.spec.tsx" name="Switch &gt; renders" time="0.035563667">
        </testcase>
        <testcase classname="src/app/components/ui/switch.spec.tsx" name="Switch &gt; has data-slot attribute" time="0.027270375">
        </testcase>
        <testcase classname="src/app/components/ui/switch.spec.tsx" name="Switch &gt; applies custom className" time="0.003082834">
        </testcase>
        <testcase classname="src/app/components/ui/switch.spec.tsx" name="Switch &gt; can be toggled on" time="0.010233375">
        </testcase>
        <testcase classname="src/app/components/ui/switch.spec.tsx" name="Switch &gt; can be toggled off" time="0.020524917">
        </testcase>
        <testcase classname="src/app/components/ui/switch.spec.tsx" name="Switch &gt; supports controlled state" time="0.013840584">
        </testcase>
        <testcase classname="src/app/components/ui/switch.spec.tsx" name="Switch &gt; can be disabled" time="0.003257375">
        </testcase>
        <testcase classname="src/app/components/ui/switch.spec.tsx" name="Switch &gt; renders thumb element" time="0.003429375">
        </testcase>
        <testcase classname="src/app/components/ui/switch.spec.tsx" name="Switch &gt; passes additional props" time="0.003589292">
        </testcase>
        <testcase classname="src/app/components/ui/switch.spec.tsx" name="Switch &gt; toggles via keyboard" time="0.010874209">
        </testcase>
    </testsuite>
    <testsuite name="src/app/components/forms/fields/combobox-field.spec.tsx" timestamp="2026-02-02T09:07:19.403Z" hostname="Mac-5426.lan" tests="32" failures="0" errors="0" skipped="0" time="0.262447625">
        <testcase classname="src/app/components/forms/fields/combobox-field.spec.tsx" name="ComboboxField &gt; renders with correct label and placeholder" time="0.003391125">
        </testcase>
        <testcase classname="src/app/components/forms/fields/combobox-field.spec.tsx" name="ComboboxField &gt; renders with correct combobox attributes" time="0.00319125">
        </testcase>
        <testcase classname="src/app/components/forms/fields/combobox-field.spec.tsx" name="ComboboxField &gt; renders command input with correct placeholder" time="0.005474625">
        </testcase>
        <testcase classname="src/app/components/forms/fields/combobox-field.spec.tsx" name="ComboboxField &gt; renders all command structure components" time="0.004549292">
        </testcase>
        <testcase classname="src/app/components/forms/fields/combobox-field.spec.tsx" name="ComboboxField &gt; renders all options as command items" time="0.005501875">
        </testcase>
        <testcase classname="src/app/components/forms/fields/combobox-field.spec.tsx" name="ComboboxField &gt; shows empty message" time="0.002993917">
        </testcase>
        <testcase classname="src/app/components/forms/fields/combobox-field.spec.tsx" name="ComboboxField &gt; calls onUserInteraction when option is selected" time="0.002784583">
        </testcase>
        <testcase classname="src/app/components/forms/fields/combobox-field.spec.tsx" name="ComboboxField &gt; does not call onUserInteraction when not provided" time="0.023561292">
        </testcase>
        <testcase classname="src/app/components/forms/fields/combobox-field.spec.tsx" name="ComboboxField &gt; uses default popover width" time="0.005405542">
        </testcase>
        <testcase classname="src/app/components/forms/fields/combobox-field.spec.tsx" name="ComboboxField &gt; uses custom popover width when provided" time="0.003573292">
        </testcase>
        <testcase classname="src/app/components/forms/fields/combobox-field.spec.tsx" name="ComboboxField &gt; renders form message component" time="0.002919083">
        </testcase>
        <testcase classname="src/app/components/forms/fields/combobox-field.spec.tsx" name="ComboboxField &gt; renders check and chevron icons" time="0.003455625">
        </testcase>
        <testcase classname="src/app/components/forms/fields/combobox-field.spec.tsx" name="ComboboxField &gt; handles options with custom search values" time="0.003246167">
        </testcase>
        <testcase classname="src/app/components/forms/fields/combobox-field.spec.tsx" name="ComboboxField &gt; handles options without custom search values" time="0.002949875">
        </testcase>
        <testcase classname="src/app/components/forms/fields/combobox-field.spec.tsx" name="ComboboxField &gt; renders all form structure components" time="0.00343425">
        </testcase>
        <testcase classname="src/app/components/forms/fields/combobox-field.spec.tsx" name="ComboboxField &gt; passes setValue prop when provided" time="0.01521125">
        </testcase>
        <testcase classname="src/app/components/forms/fields/combobox-field.spec.tsx" name="ComboboxField &gt; displays placeholder when field has no value" time="0.004276667">
        </testcase>
        <testcase classname="src/app/components/forms/fields/combobox-field.spec.tsx" name="ComboboxField &gt; calls setValue with correct parameters when option is selected" time="0.058562667">
        </testcase>
        <testcase classname="src/app/components/forms/fields/combobox-field.spec.tsx" name="ComboboxField &gt; calls both setValue and field.onChange when option selected" time="0.024389917">
        </testcase>
        <testcase classname="src/app/components/forms/fields/combobox-field.spec.tsx" name="ComboboxField &gt; Focus and Keyboard Behavior &gt; opens popover when user types an alphanumeric key" time="0.005704625">
        </testcase>
        <testcase classname="src/app/components/forms/fields/combobox-field.spec.tsx" name="ComboboxField &gt; Focus and Keyboard Behavior &gt; opens popover when user types a number" time="0.00797525">
        </testcase>
        <testcase classname="src/app/components/forms/fields/combobox-field.spec.tsx" name="ComboboxField &gt; Focus and Keyboard Behavior &gt; does not open popover for non-alphanumeric keys" time="0.00356225">
        </testcase>
        <testcase classname="src/app/components/forms/fields/combobox-field.spec.tsx" name="ComboboxField &gt; Focus and Keyboard Behavior &gt; populates search input when typing on closed popover" time="0.005359666">
        </testcase>
        <testcase classname="src/app/components/forms/fields/combobox-field.spec.tsx" name="ComboboxField &gt; Focus and Keyboard Behavior &gt; renders search input as controlled with value prop" time="0.003581459">
        </testcase>
        <testcase classname="src/app/components/forms/fields/combobox-field.spec.tsx" name="ComboboxField &gt; Focus and Keyboard Behavior &gt; clears search input after selecting an option" time="0.00944075">
        </testcase>
        <testcase classname="src/app/components/forms/fields/combobox-field.spec.tsx" name="ComboboxField &gt; Focus and Keyboard Behavior &gt; handles uppercase letters correctly" time="0.008128833">
        </testcase>
        <testcase classname="src/app/components/forms/fields/combobox-field.spec.tsx" name="ComboboxField &gt; Focus and Keyboard Behavior &gt; handles numbers correctly" time="0.005884375">
        </testcase>
        <testcase classname="src/app/components/forms/fields/combobox-field.spec.tsx" name="ComboboxField &gt; Focus and Keyboard Behavior &gt; populates search input when typing on closed popover" time="0.009083541">
        </testcase>
        <testcase classname="src/app/components/forms/fields/combobox-field.spec.tsx" name="ComboboxField &gt; Focus and Keyboard Behavior &gt; uses controlled search input with value prop" time="0.0024815">
        </testcase>
        <testcase classname="src/app/components/forms/fields/combobox-field.spec.tsx" name="ComboboxField &gt; Focus and Keyboard Behavior &gt; passes shouldFilter prop to Command component" time="0.002517833">
        </testcase>
        <testcase classname="src/app/components/forms/fields/combobox-field.spec.tsx" name="ComboboxField &gt; Focus and Keyboard Behavior &gt; clears search value when popover closes" time="0.010748583">
        </testcase>
        <testcase classname="src/app/components/forms/fields/combobox-field.spec.tsx" name="ComboboxField &gt; Focus and Keyboard Behavior &gt; closes popover when search input is cleared while open" time="0.00725775">
        </testcase>
    </testsuite>
    <testsuite name="src/app/components/ui/audio/carousel-number-up.spec.tsx" timestamp="2026-02-02T09:07:19.404Z" hostname="Mac-5426.lan" tests="14" failures="0" errors="0" skipped="0" time="0.091109334">
        <testcase classname="src/app/components/ui/audio/carousel-number-up.spec.tsx" name="CarouselNumberUp &gt; renders carousel with aria-label" time="0.002757958">
        </testcase>
        <testcase classname="src/app/components/ui/audio/carousel-number-up.spec.tsx" name="CarouselNumberUp &gt; renders carousel content" time="0.017353042">
        </testcase>
        <testcase classname="src/app/components/ui/audio/carousel-number-up.spec.tsx" name="CarouselNumberUp &gt; renders navigation buttons" time="0.002395875">
        </testcase>
        <testcase classname="src/app/components/ui/audio/carousel-number-up.spec.tsx" name="CarouselNumberUp &gt; limits displayed artists to numberUp value" time="0.001411083">
        </testcase>
        <testcase classname="src/app/components/ui/audio/carousel-number-up.spec.tsx" name="CarouselNumberUp &gt; renders all artists when numberUp is greater than array length" time="0.001780167">
        </testcase>
        <testcase classname="src/app/components/ui/audio/carousel-number-up.spec.tsx" name="CarouselNumberUp &gt; renders images with correct cover art" time="0.004271333">
        </testcase>
        <testcase classname="src/app/components/ui/audio/carousel-number-up.spec.tsx" name="CarouselNumberUp &gt; uses displayName when available for alt text" time="0.00113925">
        </testcase>
        <testcase classname="src/app/components/ui/audio/carousel-number-up.spec.tsx" name="CarouselNumberUp &gt; uses firstName and surname when displayName is null" time="0.002327208">
        </testcase>
        <testcase classname="src/app/components/ui/audio/carousel-number-up.spec.tsx" name="CarouselNumberUp &gt; renders with default numberUp when not specified" time="0.002289125">
        </testcase>
        <testcase classname="src/app/components/ui/audio/carousel-number-up.spec.tsx" name="CarouselNumberUp &gt; renders with horizontal orientation" time="0.011798">
        </testcase>
        <testcase classname="src/app/components/ui/audio/carousel-number-up.spec.tsx" name="CarouselNumberUp &gt; handles empty artists array" time="0.001206083">
        </testcase>
        <testcase classname="src/app/components/ui/audio/carousel-number-up.spec.tsx" name="CarouselNumberUp &gt; sorts releases by date and uses most recent cover art" time="0.032365292">
        </testcase>
        <testcase classname="src/app/components/ui/audio/carousel-number-up.spec.tsx" name="CarouselNumberUp &gt; uses displayName when available" time="0.004226542">
        </testcase>
        <testcase classname="src/app/components/ui/audio/carousel-number-up.spec.tsx" name="CarouselNumberUp &gt; uses firstName and surname fallback when displayName is null" time="0.003768625">
        </testcase>
    </testsuite>
    <testsuite name="src/lib/utils/email-security.spec.ts" timestamp="2026-02-02T09:07:19.405Z" hostname="Mac-5426.lan" tests="15" failures="0" errors="0" skipped="0" time="0.003664">
        <testcase classname="src/lib/utils/email-security.spec.ts" name="Email Security &gt; isDisposableEmail &gt; should identify common disposable email domains" time="0.000186791">
        </testcase>
        <testcase classname="src/lib/utils/email-security.spec.ts" name="Email Security &gt; isDisposableEmail &gt; should handle subdomain disposable emails" time="0.000066333">
        </testcase>
        <testcase classname="src/lib/utils/email-security.spec.ts" name="Email Security &gt; isDisposableEmail &gt; should return false for legitimate email domains" time="0.000182791">
        </testcase>
        <testcase classname="src/lib/utils/email-security.spec.ts" name="Email Security &gt; isDisposableEmail &gt; should handle case insensitivity" time="0.000087708">
        </testcase>
        <testcase classname="src/lib/utils/email-security.spec.ts" name="Email Security &gt; isDisposableEmail &gt; should handle emails without @ symbol" time="0.000070625">
        </testcase>
        <testcase classname="src/lib/utils/email-security.spec.ts" name="Email Security &gt; isDisposableEmail &gt; should handle emails with multiple @ symbols" time="0.000052833">
        </testcase>
        <testcase classname="src/lib/utils/email-security.spec.ts" name="Email Security &gt; validateEmailSecurity &gt; should validate correct email format" time="0.000123375">
        </testcase>
        <testcase classname="src/lib/utils/email-security.spec.ts" name="Email Security &gt; validateEmailSecurity &gt; should reject invalid email formats" time="0.000214166">
        </testcase>
        <testcase classname="src/lib/utils/email-security.spec.ts" name="Email Security &gt; validateEmailSecurity &gt; should reject disposable email addresses" time="0.000070958">
        </testcase>
        <testcase classname="src/lib/utils/email-security.spec.ts" name="Email Security &gt; validateEmailSecurity &gt; should reject emails with local part longer than 64 characters" time="0.000147458">
        </testcase>
        <testcase classname="src/lib/utils/email-security.spec.ts" name="Email Security &gt; validateEmailSecurity &gt; should accept emails with local part exactly 64 characters" time="0.000082625">
        </testcase>
        <testcase classname="src/lib/utils/email-security.spec.ts" name="Email Security &gt; validateEmailSecurity &gt; should validate common email formats" time="0.000224833">
        </testcase>
        <testcase classname="src/lib/utils/email-security.spec.ts" name="Email Security &gt; validateEmailSecurity &gt; should handle edge cases gracefully" time="0.000890083">
        </testcase>
        <testcase classname="src/lib/utils/email-security.spec.ts" name="Email Security &gt; validateEmailSecurity &gt; should reject emails with only @ symbol" time="0.000074958">
        </testcase>
        <testcase classname="src/lib/utils/email-security.spec.ts" name="Email Security &gt; validateEmailSecurity &gt; should handle unicode characters in email" time="0.000111917">
        </testcase>
    </testsuite>
    <testsuite name="src/app/components/ui/heading.spec.tsx" timestamp="2026-02-02T09:07:19.405Z" hostname="Mac-5426.lan" tests="13" failures="0" errors="0" skipped="0" time="0.078553958">
        <testcase classname="src/app/components/ui/heading.spec.tsx" name="Heading &gt; renders" time="0.002968459">
        </testcase>
        <testcase classname="src/app/components/ui/heading.spec.tsx" name="Heading &gt; defaults to h1" time="0.003016708">
        </testcase>
        <testcase classname="src/app/components/ui/heading.spec.tsx" name="Heading &gt; applies custom className" time="0.037270125">
        </testcase>
        <testcase classname="src/app/components/ui/heading.spec.tsx" name="Heading &gt; renders children" time="0.003293625">
        </testcase>
        <testcase classname="src/app/components/ui/heading.spec.tsx" name="Heading &gt; levels &gt; renders level 1" time="0.003966542">
        </testcase>
        <testcase classname="src/app/components/ui/heading.spec.tsx" name="Heading &gt; levels &gt; renders level 2" time="0.001830375">
        </testcase>
        <testcase classname="src/app/components/ui/heading.spec.tsx" name="Heading &gt; levels &gt; renders level 3" time="0.004177166">
        </testcase>
        <testcase classname="src/app/components/ui/heading.spec.tsx" name="Heading &gt; levels &gt; renders level 4" time="0.010691167">
        </testcase>
        <testcase classname="src/app/components/ui/heading.spec.tsx" name="Heading &gt; levels &gt; renders level 5" time="0.001897625">
        </testcase>
        <testcase classname="src/app/components/ui/heading.spec.tsx" name="Heading &gt; levels &gt; renders level 6" time="0.002311708">
        </testcase>
        <testcase classname="src/app/components/ui/heading.spec.tsx" name="Heading &gt; levels &gt; falls back to h1 for invalid level" time="0.001767583">
        </testcase>
        <testcase classname="src/app/components/ui/heading.spec.tsx" name="Heading &gt; passes additional props" time="0.003217125">
        </testcase>
        <testcase classname="src/app/components/ui/heading.spec.tsx" name="Heading &gt; supports ref forwarding" time="0.001104208">
        </testcase>
    </testsuite>
    <testsuite name="src/app/components/ui/badge.spec.tsx" timestamp="2026-02-02T09:07:19.406Z" hostname="Mac-5426.lan" tests="15" failures="0" errors="0" skipped="0" time="0.032929">
        <testcase classname="src/app/components/ui/badge.spec.tsx" name="Badge &gt; renders" time="0.014521542">
        </testcase>
        <testcase classname="src/app/components/ui/badge.spec.tsx" name="Badge &gt; has data-slot attribute" time="0.002475834">
        </testcase>
        <testcase classname="src/app/components/ui/badge.spec.tsx" name="Badge &gt; applies custom className" time="0.002911375">
        </testcase>
        <testcase classname="src/app/components/ui/badge.spec.tsx" name="Badge &gt; renders children" time="0.000906167">
        </testcase>
        <testcase classname="src/app/components/ui/badge.spec.tsx" name="Badge &gt; variants &gt; renders default variant" time="0.000865375">
        </testcase>
        <testcase classname="src/app/components/ui/badge.spec.tsx" name="Badge &gt; variants &gt; renders secondary variant" time="0.000860583">
        </testcase>
        <testcase classname="src/app/components/ui/badge.spec.tsx" name="Badge &gt; variants &gt; renders destructive variant" time="0.001043917">
        </testcase>
        <testcase classname="src/app/components/ui/badge.spec.tsx" name="Badge &gt; variants &gt; renders outline variant" time="0.000873042">
        </testcase>
        <testcase classname="src/app/components/ui/badge.spec.tsx" name="Badge &gt; asChild &gt; renders as span by default" time="0.000862375">
        </testcase>
        <testcase classname="src/app/components/ui/badge.spec.tsx" name="Badge &gt; asChild &gt; renders child element when asChild is true" time="0.002118291">
        </testcase>
        <testcase classname="src/app/components/ui/badge.spec.tsx" name="Badge &gt; passes additional props" time="0.002771625">
        </testcase>
        <testcase classname="src/app/components/ui/badge.spec.tsx" name="Badge &gt; badgeVariants &gt; returns default variant classes" time="0.000284958">
        </testcase>
        <testcase classname="src/app/components/ui/badge.spec.tsx" name="Badge &gt; badgeVariants &gt; returns secondary variant classes" time="0.00009475">
        </testcase>
        <testcase classname="src/app/components/ui/badge.spec.tsx" name="Badge &gt; badgeVariants &gt; returns destructive variant classes" time="0.000122583">
        </testcase>
        <testcase classname="src/app/components/ui/badge.spec.tsx" name="Badge &gt; badgeVariants &gt; returns outline variant classes" time="0.000064125">
        </testcase>
    </testsuite>
    <testsuite name="src/app/components/ui/skeleton.spec.tsx" timestamp="2026-02-02T09:07:19.407Z" hostname="Mac-5426.lan" tests="10" failures="0" errors="0" skipped="0" time="0.038456416">
        <testcase classname="src/app/components/ui/skeleton.spec.tsx" name="Skeleton &gt; rendering &gt; should render the skeleton div" time="0.00068175">
        </testcase>
        <testcase classname="src/app/components/ui/skeleton.spec.tsx" name="Skeleton &gt; rendering &gt; should have data-slot attribute" time="0.001175417">
        </testcase>
        <testcase classname="src/app/components/ui/skeleton.spec.tsx" name="Skeleton &gt; rendering &gt; should have default styling classes" time="0.000941166">
        </testcase>
        <testcase classname="src/app/components/ui/skeleton.spec.tsx" name="Skeleton &gt; className prop &gt; should apply custom className" time="0.000902167">
        </testcase>
        <testcase classname="src/app/components/ui/skeleton.spec.tsx" name="Skeleton &gt; className prop &gt; should merge custom className with default classes" time="0.00077475">
        </testcase>
        <testcase classname="src/app/components/ui/skeleton.spec.tsx" name="Skeleton &gt; className prop &gt; should allow overriding width" time="0.015915834">
        </testcase>
        <testcase classname="src/app/components/ui/skeleton.spec.tsx" name="Skeleton &gt; className prop &gt; should allow overriding height" time="0.001067583">
        </testcase>
        <testcase classname="src/app/components/ui/skeleton.spec.tsx" name="Skeleton &gt; additional props &gt; should pass through style prop" time="0.011848167">
        </testcase>
        <testcase classname="src/app/components/ui/skeleton.spec.tsx" name="Skeleton &gt; additional props &gt; should pass through aria attributes" time="0.001014292">
        </testcase>
        <testcase classname="src/app/components/ui/skeleton.spec.tsx" name="Skeleton &gt; additional props &gt; should pass through role attribute" time="0.000802167">
        </testcase>
    </testsuite>
    <testsuite name="src/lib/utils/image-text-overlay.spec.ts" timestamp="2026-02-02T09:07:19.407Z" hostname="Mac-5426.lan" tests="21" failures="0" errors="0" skipped="0" time="0.039360708">
        <testcase classname="src/lib/utils/image-text-overlay.spec.ts" name="addTextOverlayToImage &gt; successful overlay creation &gt; should add text overlay to image and return blob" time="0.001698792">
        </testcase>
        <testcase classname="src/lib/utils/image-text-overlay.spec.ts" name="addTextOverlayToImage &gt; successful overlay creation &gt; should set canvas dimensions to provided width and height" time="0.001524625">
        </testcase>
        <testcase classname="src/lib/utils/image-text-overlay.spec.ts" name="addTextOverlayToImage &gt; successful overlay creation &gt; should draw the image onto the canvas" time="0.002648625">
        </testcase>
        <testcase classname="src/lib/utils/image-text-overlay.spec.ts" name="addTextOverlayToImage &gt; successful overlay creation &gt; should create gradient overlay for text contrast" time="0.001486125">
        </testcase>
        <testcase classname="src/lib/utils/image-text-overlay.spec.ts" name="addTextOverlayToImage &gt; successful overlay creation &gt; should draw the main message text" time="0.001616417">
        </testcase>
        <testcase classname="src/lib/utils/image-text-overlay.spec.ts" name="addTextOverlayToImage &gt; secondary message handling &gt; should draw secondary message when provided" time="0.001443542">
        </testcase>
        <testcase classname="src/lib/utils/image-text-overlay.spec.ts" name="addTextOverlayToImage &gt; secondary message handling &gt; should not draw secondary message when not provided" time="0.001732209">
        </testcase>
        <testcase classname="src/lib/utils/image-text-overlay.spec.ts" name="addTextOverlayToImage &gt; text styling &gt; should apply text shadow settings" time="0.001683833">
        </testcase>
        <testcase classname="src/lib/utils/image-text-overlay.spec.ts" name="addTextOverlayToImage &gt; text styling &gt; should center text horizontally" time="0.001705375">
        </testcase>
        <testcase classname="src/lib/utils/image-text-overlay.spec.ts" name="addTextOverlayToImage &gt; word wrapping &gt; should wrap long messages across multiple lines" time="0.001613167">
        </testcase>
        <testcase classname="src/lib/utils/image-text-overlay.spec.ts" name="addTextOverlayToImage &gt; word wrapping &gt; should handle single word messages" time="0.001668417">
        </testcase>
        <testcase classname="src/lib/utils/image-text-overlay.spec.ts" name="addTextOverlayToImage &gt; error handling &gt; should reject when canvas context cannot be obtained" time="0.000553584">
        </testcase>
        <testcase classname="src/lib/utils/image-text-overlay.spec.ts" name="addTextOverlayToImage &gt; error handling &gt; should reject when image fails to load" time="0.002832542">
        </testcase>
        <testcase classname="src/lib/utils/image-text-overlay.spec.ts" name="addTextOverlayToImage &gt; error handling &gt; should reject when toBlob fails to create blob" time="0.001852">
        </testcase>
        <testcase classname="src/lib/utils/image-text-overlay.spec.ts" name="addTextOverlayToImage &gt; output format &gt; should output JPEG format" time="0.000676417">
        </testcase>
        <testcase classname="src/lib/utils/image-text-overlay.spec.ts" name="addTextOverlayToImage &gt; output format &gt; should use 92% quality for JPEG" time="0.002185917">
        </testcase>
        <testcase classname="src/lib/utils/image-text-overlay.spec.ts" name="addTextOverlayToImage &gt; output format &gt; should return both blob and dataUrl" time="0.001586334">
        </testcase>
        <testcase classname="src/lib/utils/image-text-overlay.spec.ts" name="addTextOverlayToImage &gt; varied secondary message placement &gt; should apply consistent offset based on message content" time="0.004460792">
        </testcase>
        <testcase classname="src/lib/utils/image-text-overlay.spec.ts" name="addTextOverlayToImage &gt; font size calculation &gt; should scale font size based on image width" time="0.001536667">
        </testcase>
        <testcase classname="src/lib/utils/image-text-overlay.spec.ts" name="addTextOverlayToImage &gt; font size calculation &gt; should use minimum font size for very small images" time="0.001442208">
        </testcase>
        <testcase classname="src/lib/utils/image-text-overlay.spec.ts" name="addTextOverlayToImage &gt; URL cleanup &gt; should create and revoke object URL for blob" time="0.001907333">
        </testcase>
    </testsuite>
    <testsuite name="src/app/(auth)/success/change-email/container.spec.tsx" timestamp="2026-02-02T09:07:19.408Z" hostname="Mac-5426.lan" tests="5" failures="0" errors="0" skipped="0" time="0.032706708">
        <testcase classname="src/app/(auth)/success/change-email/container.spec.tsx" name="ChangeEmailSuccessContainer &gt; renders success heading" time="0.023883958">
        </testcase>
        <testcase classname="src/app/(auth)/success/change-email/container.spec.tsx" name="ChangeEmailSuccessContainer &gt; renders email change success message" time="0.001768375">
        </testcase>
        <testcase classname="src/app/(auth)/success/change-email/container.spec.tsx" name="ChangeEmailSuccessContainer &gt; indicates user was signed out" time="0.001764667">
        </testcase>
        <testcase classname="src/app/(auth)/success/change-email/container.spec.tsx" name="ChangeEmailSuccessContainer &gt; displays the new email address" time="0.002258416">
        </testcase>
        <testcase classname="src/app/(auth)/success/change-email/container.spec.tsx" name="ChangeEmailSuccessContainer &gt; renders link to signin page" time="0.001355625">
        </testcase>
    </testsuite>
    <testsuite name="src/lib/utils/image-resize.spec.ts" timestamp="2026-02-02T09:07:19.408Z" hostname="Mac-5426.lan" tests="16" failures="0" errors="0" skipped="0" time="0.034203667">
        <testcase classname="src/lib/utils/image-resize.spec.ts" name="image-resize &gt; resizeImage &gt; should resize image larger than maxWidth" time="0.00252625">
        </testcase>
        <testcase classname="src/lib/utils/image-resize.spec.ts" name="image-resize &gt; resizeImage &gt; should not resize image smaller than maxWidth" time="0.001796959">
        </testcase>
        <testcase classname="src/lib/utils/image-resize.spec.ts" name="image-resize &gt; resizeImage &gt; should respect maxHeight constraint" time="0.001688667">
        </testcase>
        <testcase classname="src/lib/utils/image-resize.spec.ts" name="image-resize &gt; resizeImage &gt; should use default quality of 0.9" time="0.00159725">
        </testcase>
        <testcase classname="src/lib/utils/image-resize.spec.ts" name="image-resize &gt; resizeImage &gt; should support custom quality" time="0.00249175">
        </testcase>
        <testcase classname="src/lib/utils/image-resize.spec.ts" name="image-resize &gt; resizeImage &gt; should convert format when specified" time="0.001563791">
        </testcase>
        <testcase classname="src/lib/utils/image-resize.spec.ts" name="image-resize &gt; resizeImage &gt; should preserve PNG format by default" time="0.002137458">
        </testcase>
        <testcase classname="src/lib/utils/image-resize.spec.ts" name="image-resize &gt; resizeImage &gt; should preserve WebP format by default" time="0.00182">
        </testcase>
        <testcase classname="src/lib/utils/image-resize.spec.ts" name="image-resize &gt; resizeImage &gt; should convert GIF to JPEG by default" time="0.00166375">
        </testcase>
        <testcase classname="src/lib/utils/image-resize.spec.ts" name="image-resize &gt; resizeImage &gt; should generate correct filename with dimensions" time="0.0014115">
        </testcase>
        <testcase classname="src/lib/utils/image-resize.spec.ts" name="image-resize &gt; resizeImage &gt; should clean up object URL after loading" time="0.001737792">
        </testcase>
        <testcase classname="src/lib/utils/image-resize.spec.ts" name="image-resize &gt; resizeImage &gt; should throw error when canvas context is null" time="0.002586583">
        </testcase>
        <testcase classname="src/lib/utils/image-resize.spec.ts" name="image-resize &gt; resizeImage &gt; should throw error when toBlob fails" time="0.001434416">
        </testcase>
        <testcase classname="src/lib/utils/image-resize.spec.ts" name="image-resize &gt; resizeNotificationBannerImage &gt; should resize to 880px width" time="0.001795917">
        </testcase>
        <testcase classname="src/lib/utils/image-resize.spec.ts" name="image-resize &gt; resizeNotificationBannerImage &gt; should convert to JPEG format" time="0.004342334">
        </testcase>
        <testcase classname="src/lib/utils/image-resize.spec.ts" name="image-resize &gt; resizeNotificationBannerImage &gt; should not resize images already 880px or smaller" time="0.001361583">
        </testcase>
    </testsuite>
    <testsuite name="src/app/components/ui/spinners/spinner-ring-circle.spec.tsx" timestamp="2026-02-02T09:07:19.409Z" hostname="Mac-5426.lan" tests="41" failures="0" errors="0" skipped="0" time="0.06919625">
        <testcase classname="src/app/components/ui/spinners/spinner-ring-circle.spec.tsx" name="SpinnerRingCircle &gt; rendering &gt; should render a div element" time="0.000649541">
        </testcase>
        <testcase classname="src/app/components/ui/spinners/spinner-ring-circle.spec.tsx" name="SpinnerRingCircle &gt; rendering &gt; should have aria-label for accessibility" time="0.002884333">
        </testcase>
        <testcase classname="src/app/components/ui/spinners/spinner-ring-circle.spec.tsx" name="SpinnerRingCircle &gt; rendering &gt; should render with default props" time="0.000713209">
        </testcase>
        <testcase classname="src/app/components/ui/spinners/spinner-ring-circle.spec.tsx" name="SpinnerRingCircle &gt; size variants &gt; should render with small size by default" time="0.000541417">
        </testcase>
        <testcase classname="src/app/components/ui/spinners/spinner-ring-circle.spec.tsx" name="SpinnerRingCircle &gt; size variants &gt; should render with small size when explicitly set" time="0.0005685">
        </testcase>
        <testcase classname="src/app/components/ui/spinners/spinner-ring-circle.spec.tsx" name="SpinnerRingCircle &gt; size variants &gt; should render with medium size" time="0.000712583">
        </testcase>
        <testcase classname="src/app/components/ui/spinners/spinner-ring-circle.spec.tsx" name="SpinnerRingCircle &gt; size variants &gt; should render with large size" time="0.000641959">
        </testcase>
        <testcase classname="src/app/components/ui/spinners/spinner-ring-circle.spec.tsx" name="SpinnerRingCircle &gt; color variants &gt; should render with default variant colors" time="0.001086583">
        </testcase>
        <testcase classname="src/app/components/ui/spinners/spinner-ring-circle.spec.tsx" name="SpinnerRingCircle &gt; color variants &gt; should render with primary variant colors" time="0.000996333">
        </testcase>
        <testcase classname="src/app/components/ui/spinners/spinner-ring-circle.spec.tsx" name="SpinnerRingCircle &gt; color variants &gt; should render with secondary variant colors" time="0.000960291">
        </testcase>
        <testcase classname="src/app/components/ui/spinners/spinner-ring-circle.spec.tsx" name="SpinnerRingCircle &gt; color variants &gt; should render with accent variant colors" time="0.0009745">
        </testcase>
        <testcase classname="src/app/components/ui/spinners/spinner-ring-circle.spec.tsx" name="SpinnerRingCircle &gt; combined size and variant props &gt; should handle small primary spinner" time="0.000594958">
        </testcase>
        <testcase classname="src/app/components/ui/spinners/spinner-ring-circle.spec.tsx" name="SpinnerRingCircle &gt; combined size and variant props &gt; should handle medium secondary spinner" time="0.000608542">
        </testcase>
        <testcase classname="src/app/components/ui/spinners/spinner-ring-circle.spec.tsx" name="SpinnerRingCircle &gt; combined size and variant props &gt; should handle large accent spinner" time="0.000512708">
        </testcase>
        <testcase classname="src/app/components/ui/spinners/spinner-ring-circle.spec.tsx" name="SpinnerRingCircle &gt; custom className prop &gt; should accept and apply custom className" time="0.000744292">
        </testcase>
        <testcase classname="src/app/components/ui/spinners/spinner-ring-circle.spec.tsx" name="SpinnerRingCircle &gt; custom className prop &gt; should merge custom className with variant classes" time="0.002032125">
        </testcase>
        <testcase classname="src/app/components/ui/spinners/spinner-ring-circle.spec.tsx" name="SpinnerRingCircle &gt; custom className prop &gt; should handle multiple custom classes" time="0.001155">
        </testcase>
        <testcase classname="src/app/components/ui/spinners/spinner-ring-circle.spec.tsx" name="SpinnerRingCircle &gt; HTML attributes spread &gt; should accept and apply data attributes" time="0.00089">
        </testcase>
        <testcase classname="src/app/components/ui/spinners/spinner-ring-circle.spec.tsx" name="SpinnerRingCircle &gt; HTML attributes spread &gt; should accept and apply id attribute" time="0.00069125">
        </testcase>
        <testcase classname="src/app/components/ui/spinners/spinner-ring-circle.spec.tsx" name="SpinnerRingCircle &gt; HTML attributes spread &gt; should accept and apply role attribute" time="0.001000625">
        </testcase>
        <testcase classname="src/app/components/ui/spinners/spinner-ring-circle.spec.tsx" name="SpinnerRingCircle &gt; HTML attributes spread &gt; should accept style prop" time="0.008012875">
        </testcase>
        <testcase classname="src/app/components/ui/spinners/spinner-ring-circle.spec.tsx" name="SpinnerRingCircle &gt; animation classes &gt; should have animate-spin class" time="0.000796416">
        </testcase>
        <testcase classname="src/app/components/ui/spinners/spinner-ring-circle.spec.tsx" name="SpinnerRingCircle &gt; animation classes &gt; should have rounded-full class for circular shape" time="0.014455167">
        </testcase>
        <testcase classname="src/app/components/ui/spinners/spinner-ring-circle.spec.tsx" name="SpinnerRingCircle &gt; animation classes &gt; should have border-2 class" time="0.001498625">
        </testcase>
        <testcase classname="src/app/components/ui/spinners/spinner-ring-circle.spec.tsx" name="SpinnerRingCircle &gt; accessibility &gt; should have aria-label by default" time="0.005472667">
        </testcase>
        <testcase classname="src/app/components/ui/spinners/spinner-ring-circle.spec.tsx" name="SpinnerRingCircle &gt; accessibility &gt; should allow overriding aria-label" time="0.002171625">
        </testcase>
        <testcase classname="src/app/components/ui/spinners/spinner-ring-circle.spec.tsx" name="SpinnerRingCircle &gt; accessibility &gt; should work with role=&quot;status&quot;" time="0.000608125">
        </testcase>
        <testcase classname="src/app/components/ui/spinners/spinner-ring-circle.spec.tsx" name="SpinnerRingCircle &gt; accessibility &gt; should be perceivable by screen readers" time="0.003806792">
        </testcase>
        <testcase classname="src/app/components/ui/spinners/spinner-ring-circle.spec.tsx" name="SpinnerRingCircle &gt; CVA variants integration &gt; should export spinnerVariants function" time="0.000091417">
        </testcase>
        <testcase classname="src/app/components/ui/spinners/spinner-ring-circle.spec.tsx" name="SpinnerRingCircle &gt; CVA variants integration &gt; should generate correct classes with spinnerVariants" time="0.000163916">
        </testcase>
        <testcase classname="src/app/components/ui/spinners/spinner-ring-circle.spec.tsx" name="SpinnerRingCircle &gt; CVA variants integration &gt; should use default variants when none provided" time="0.000082042">
        </testcase>
        <testcase classname="src/app/components/ui/spinners/spinner-ring-circle.spec.tsx" name="SpinnerRingCircle &gt; edge cases &gt; should render consistently across multiple instances" time="0.001262208">
        </testcase>
        <testcase classname="src/app/components/ui/spinners/spinner-ring-circle.spec.tsx" name="SpinnerRingCircle &gt; edge cases &gt; should handle empty className gracefully" time="0.000623916">
        </testcase>
        <testcase classname="src/app/components/ui/spinners/spinner-ring-circle.spec.tsx" name="SpinnerRingCircle &gt; edge cases &gt; should handle undefined props gracefully" time="0.0006705">
        </testcase>
        <testcase classname="src/app/components/ui/spinners/spinner-ring-circle.spec.tsx" name="SpinnerRingCircle &gt; edge cases &gt; should work within different parent contexts" time="0.002389042">
        </testcase>
        <testcase classname="src/app/components/ui/spinners/spinner-ring-circle.spec.tsx" name="SpinnerRingCircle &gt; edge cases &gt; should handle rapid prop changes" time="0.001080917">
        </testcase>
        <testcase classname="src/app/components/ui/spinners/spinner-ring-circle.spec.tsx" name="SpinnerRingCircle &gt; gradient effect &gt; should have gradient border colors from light to dark (default variant)" time="0.002092459">
        </testcase>
        <testcase classname="src/app/components/ui/spinners/spinner-ring-circle.spec.tsx" name="SpinnerRingCircle &gt; gradient effect &gt; should have gradient opacity for theme variants" time="0.000749792">
        </testcase>
        <testcase classname="src/app/components/ui/spinners/spinner-ring-circle.spec.tsx" name="SpinnerRingCircle &gt; TypeScript type safety &gt; should accept SpinnerRingCircleProps interface" time="0.000632542">
        </testcase>
        <testcase classname="src/app/components/ui/spinners/spinner-ring-circle.spec.tsx" name="SpinnerRingCircle &gt; TypeScript type safety &gt; should work without any props" time="0.000531083">
        </testcase>
        <testcase classname="src/app/components/ui/spinners/spinner-ring-circle.spec.tsx" name="SpinnerRingCircle &gt; TypeScript type safety &gt; should accept VariantProps from CVA" time="0.000715666">
        </testcase>
    </testsuite>
    <testsuite name="src/app/components/ui/toggle.spec.tsx" timestamp="2026-02-02T09:07:19.411Z" hostname="Mac-5426.lan" tests="16" failures="0" errors="0" skipped="0" time="0.092280541">
        <testcase classname="src/app/components/ui/toggle.spec.tsx" name="Toggle &gt; renders" time="0.022741959">
        </testcase>
        <testcase classname="src/app/components/ui/toggle.spec.tsx" name="Toggle &gt; has data-slot attribute" time="0.001828167">
        </testcase>
        <testcase classname="src/app/components/ui/toggle.spec.tsx" name="Toggle &gt; applies custom className" time="0.0025045">
        </testcase>
        <testcase classname="src/app/components/ui/toggle.spec.tsx" name="Toggle &gt; can be pressed" time="0.013071084">
        </testcase>
[...]
        </testcase>
        <testcase classname="src/lib/validation/create-track-schema.spec.ts" name="create-track-schema &gt; audioUrl validation &gt; should accept valid URLs" time="0.000141">
        </testcase>
        <testcase classname="src/lib/validation/create-track-schema.spec.ts" name="create-track-schema &gt; audioUrl validation &gt; should reject empty audioUrl" time="0.0001615">
        </testcase>
        <testcase classname="src/lib/validation/create-track-schema.spec.ts" name="create-track-schema &gt; audioUrl validation &gt; should reject invalid URLs" time="0.000247459">
        </testcase>
        <testcase classname="src/lib/validation/create-track-schema.spec.ts" name="create-track-schema &gt; coverArt validation &gt; should accept valid URLs" time="0.000165917">
        </testcase>
        <testcase classname="src/lib/validation/create-track-schema.spec.ts" name="create-track-schema &gt; coverArt validation &gt; should accept empty coverArt (optional field)" time="0.000079625">
        </testcase>
        <testcase classname="src/lib/validation/create-track-schema.spec.ts" name="create-track-schema &gt; coverArt validation &gt; should accept undefined coverArt" time="0.000076792">
        </testcase>
        <testcase classname="src/lib/validation/create-track-schema.spec.ts" name="create-track-schema &gt; coverArt validation &gt; should reject invalid URLs" time="0.000483708">
        </testcase>
        <testcase classname="src/lib/validation/create-track-schema.spec.ts" name="create-track-schema &gt; position validation &gt; should accept valid positions" time="0.000268709">
        </testcase>
        <testcase classname="src/lib/validation/create-track-schema.spec.ts" name="create-track-schema &gt; position validation &gt; should reject negative positions" time="0.000128875">
        </testcase>
        <testcase classname="src/lib/validation/create-track-schema.spec.ts" name="create-track-schema &gt; position validation &gt; should reject non-integer positions" time="0.000183167">
        </testcase>
        <testcase classname="src/lib/validation/create-track-schema.spec.ts" name="create-track-schema &gt; artistIds validation &gt; should accept valid MongoDB ObjectIds" time="0.002693625">
        </testcase>
        <testcase classname="src/lib/validation/create-track-schema.spec.ts" name="create-track-schema &gt; artistIds validation &gt; should accept empty artistIds array" time="0.002173958">
        </testcase>
        <testcase classname="src/lib/validation/create-track-schema.spec.ts" name="create-track-schema &gt; artistIds validation &gt; should accept undefined artistIds" time="0.000190375">
        </testcase>
        <testcase classname="src/lib/validation/create-track-schema.spec.ts" name="create-track-schema &gt; artistIds validation &gt; should reject invalid MongoDB ObjectIds" time="0.000370291">
        </testcase>
        <testcase classname="src/lib/validation/create-track-schema.spec.ts" name="create-track-schema &gt; releaseIds validation &gt; should accept valid MongoDB ObjectIds" time="0.000083541">
        </testcase>
        <testcase classname="src/lib/validation/create-track-schema.spec.ts" name="create-track-schema &gt; releaseIds validation &gt; should accept empty releaseIds array" time="0.000072042">
        </testcase>
        <testcase classname="src/lib/validation/create-track-schema.spec.ts" name="create-track-schema &gt; releaseIds validation &gt; should accept undefined releaseIds" time="0.000103125">
        </testcase>
        <testcase classname="src/lib/validation/create-track-schema.spec.ts" name="create-track-schema &gt; releaseIds validation &gt; should reject invalid MongoDB ObjectIds" time="0.000358292">
        </testcase>
        <testcase classname="src/lib/validation/create-track-schema.spec.ts" name="create-track-schema &gt; publishedOn validation &gt; should accept valid date strings" time="0.000137">
        </testcase>
        <testcase classname="src/lib/validation/create-track-schema.spec.ts" name="create-track-schema &gt; publishedOn validation &gt; should accept empty publishedOn" time="0.000086834">
        </testcase>
        <testcase classname="src/lib/validation/create-track-schema.spec.ts" name="create-track-schema &gt; publishedOn validation &gt; should accept undefined publishedOn" time="0.000078334">
        </testcase>
        <testcase classname="src/lib/validation/create-track-schema.spec.ts" name="create-track-schema &gt; createdBy validation &gt; should accept valid MongoDB ObjectId" time="0.000097209">
        </testcase>
        <testcase classname="src/lib/validation/create-track-schema.spec.ts" name="create-track-schema &gt; createdBy validation &gt; should accept undefined createdBy" time="0.005062625">
        </testcase>
        <testcase classname="src/lib/validation/create-track-schema.spec.ts" name="create-track-schema &gt; createdBy validation &gt; should reject invalid MongoDB ObjectId format" time="0.000619791">
        </testcase>
        <testcase classname="src/lib/validation/create-track-schema.spec.ts" name="create-track-schema &gt; full form validation &gt; should accept complete valid data" time="0.000147125">
        </testcase>
        <testcase classname="src/lib/validation/create-track-schema.spec.ts" name="create-track-schema &gt; full form validation &gt; should accept minimal required data" time="0.000144333">
        </testcase>
        <testcase classname="src/lib/validation/create-track-schema.spec.ts" name="create-track-schema &gt; full form validation &gt; should reject data missing required fields" time="0.000115583">
        </testcase>
        <testcase classname="src/lib/validation/create-track-schema.spec.ts" name="create-track-schema &gt; full form validation &gt; should reject data with missing title" time="0.000213125">
        </testcase>
        <testcase classname="src/lib/validation/create-track-schema.spec.ts" name="create-track-schema &gt; full form validation &gt; should reject data with missing duration" time="0.000220166">
        </testcase>
        <testcase classname="src/lib/validation/create-track-schema.spec.ts" name="create-track-schema &gt; full form validation &gt; should reject data with missing audioUrl" time="0.000113084">
        </testcase>
        <testcase classname="src/lib/validation/create-track-schema.spec.ts" name="create-track-schema &gt; full form validation &gt; should reject data with missing position" time="0.000125292">
        </testcase>
        <testcase classname="src/lib/validation/create-track-schema.spec.ts" name="create-track-schema &gt; type inference &gt; should correctly infer TrackFormData type" time="0.000119334">
        </testcase>
    </testsuite>
    <testsuite name="src/app/components/header/header.spec.tsx" timestamp="2026-02-02T09:07:19.542Z" hostname="Mac-5426.lan" tests="16" failures="0" errors="0" skipped="0" time="0.178508792">
        <testcase classname="src/app/components/header/header.spec.tsx" name="Header &gt; renders without crashing" time="0.005778917">
        </testcase>
        <testcase classname="src/app/components/header/header.spec.tsx" name="Header &gt; renders with sticky positioning" time="0.006593292">
        </testcase>
        <testcase classname="src/app/components/header/header.spec.tsx" name="Header &gt; renders Logo component with isMobile=false by default" time="0.01750425">
        </testcase>
        <testcase classname="src/app/components/header/header.spec.tsx" name="Header &gt; renders Logo component with isMobile=true when passed" time="0.008845083">
        </testcase>
        <testcase classname="src/app/components/header/header.spec.tsx" name="Header &gt; mobile mode &gt; renders hamburger menu in mobile mode" time="0.004437458">
        </testcase>
        <testcase classname="src/app/components/header/header.spec.tsx" name="Header &gt; mobile mode &gt; renders Fake Four Inc words image in mobile mode" time="0.003687041">
        </testcase>
        <testcase classname="src/app/components/header/header.spec.tsx" name="Header &gt; mobile mode &gt; renders image with correct dimensions" time="0.012163917">
        </testcase>
        <testcase classname="src/app/components/header/header.spec.tsx" name="Header &gt; mobile mode &gt; image has priority flag set" time="0.004347209">
        </testcase>
        <testcase classname="src/app/components/header/header.spec.tsx" name="Header &gt; desktop mode &gt; does not render hamburger menu in desktop mode" time="0.003150084">
        </testcase>
        <testcase classname="src/app/components/header/header.spec.tsx" name="Header &gt; desktop mode &gt; does not render Fake Four Inc words image in desktop mode" time="0.003780125">
        </testcase>
        <testcase classname="src/app/components/header/header.spec.tsx" name="Header &gt; animated background &gt; renders motion div for animated background" time="0.009719375">
        </testcase>
        <testcase classname="src/app/components/header/header.spec.tsx" name="Header &gt; sparkle effects &gt; renders sparkle container with suppressHydrationWarning" time="0.005230667">
        </testcase>
        <testcase classname="src/app/components/header/header.spec.tsx" name="Header &gt; sparkle effects &gt; generates sparkles on initial render" time="0.006025458">
        </testcase>
        <testcase classname="src/app/components/header/header.spec.tsx" name="Header &gt; header content &gt; renders header element with flex layout" time="0.003582">
        </testcase>
        <testcase classname="src/app/components/header/header.spec.tsx" name="Header &gt; header content &gt; applies desktop height styles" time="0.006648583">
        </testcase>
        <testcase classname="src/app/components/header/header.spec.tsx" name="Header &gt; header content &gt; applies mobile height styles" time="0.074879375">
        </testcase>
    </testsuite>
    <testsuite name="src/app/components/ui/social-media-icon-links.spec.tsx" timestamp="2026-02-02T09:07:19.543Z" hostname="Mac-5426.lan" tests="13" failures="0" errors="0" skipped="0" time="0.180379417">
        <testcase classname="src/app/components/ui/social-media-icon-links.spec.tsx" name="SocialMediaIconLinks &gt; renders" time="0.003235958">
        </testcase>
        <testcase classname="src/app/components/ui/social-media-icon-links.spec.tsx" name="SocialMediaIconLinks &gt; renders all social media links" time="0.007920209">
        </testcase>
        <testcase classname="src/app/components/ui/social-media-icon-links.spec.tsx" name="SocialMediaIconLinks &gt; has correct number of links" time="0.007505209">
        </testcase>
        <testcase classname="src/app/components/ui/social-media-icon-links.spec.tsx" name="SocialMediaIconLinks &gt; links have aria-label" time="0.004231458">
        </testcase>
        <testcase classname="src/app/components/ui/social-media-icon-links.spec.tsx" name="SocialMediaIconLinks &gt; links open in new tab" time="0.033197667">
        </testcase>
        <testcase classname="src/app/components/ui/social-media-icon-links.spec.tsx" name="SocialMediaIconLinks &gt; links have noopener for security" time="0.004969333">
        </testcase>
        <testcase classname="src/app/components/ui/social-media-icon-links.spec.tsx" name="SocialMediaIconLinks &gt; Facebook link has correct href" time="0.009352541">
        </testcase>
        <testcase classname="src/app/components/ui/social-media-icon-links.spec.tsx" name="SocialMediaIconLinks &gt; Instagram link has correct href" time="0.086053083">
        </testcase>
        <testcase classname="src/app/components/ui/social-media-icon-links.spec.tsx" name="SocialMediaIconLinks &gt; renders icons as images" time="0.005937375">
        </testcase>
        <testcase classname="src/app/components/ui/social-media-icon-links.spec.tsx" name="SocialMediaIconLinks &gt; images have alt text" time="0.003711375">
        </testcase>
        <testcase classname="src/app/components/ui/social-media-icon-links.spec.tsx" name="SocialMediaIconLinks &gt; has screen reader text for each link" time="0.003746583">
        </testcase>
        <testcase classname="src/app/components/ui/social-media-icon-links.spec.tsx" name="SocialMediaIconLinks &gt; applies custom className" time="0.003595041">
        </testcase>
        <testcase classname="src/app/components/ui/social-media-icon-links.spec.tsx" name="SocialMediaIconLinks &gt; has flex layout classes" time="0.005804208">
        </testcase>
    </testsuite>
    <testsuite name="src/lib/utils/states.spec.ts" timestamp="2026-02-02T09:07:19.543Z" hostname="Mac-5426.lan" tests="14" failures="0" errors="0" skipped="0" time="0.010723792">
        <testcase classname="src/lib/utils/states.spec.ts" name="states &gt; US_STATES &gt; should contain 50 states" time="0.000375542">
        </testcase>
        <testcase classname="src/lib/utils/states.spec.ts" name="states &gt; US_STATES &gt; should have valid state objects with code and name" time="0.007176084">
        </testcase>
        <testcase classname="src/lib/utils/states.spec.ts" name="states &gt; US_STATES &gt; should include Alabama" time="0.000353417">
        </testcase>
        <testcase classname="src/lib/utils/states.spec.ts" name="states &gt; US_STATES &gt; should include California" time="0.000132459">
        </testcase>
        <testcase classname="src/lib/utils/states.spec.ts" name="states &gt; US_STATES &gt; should include Wyoming (last alphabetically)" time="0.000079667">
        </testcase>
        <testcase classname="src/lib/utils/states.spec.ts" name="states &gt; US_STATES &gt; should have unique state codes" time="0.000063042">
        </testcase>
        <testcase classname="src/lib/utils/states.spec.ts" name="states &gt; getStateName &gt; should return the state name for a valid code" time="0.000093125">
        </testcase>
        <testcase classname="src/lib/utils/states.spec.ts" name="states &gt; getStateName &gt; should return the state name for lowercase code" time="0.00005225">
        </testcase>
        <testcase classname="src/lib/utils/states.spec.ts" name="states &gt; getStateName &gt; should return the code if state is not found" time="0.000890209">
        </testcase>
        <testcase classname="src/lib/utils/states.spec.ts" name="states &gt; getStateName &gt; should return empty string if empty string is passed" time="0.000052709">
        </testcase>
        <testcase classname="src/lib/utils/states.spec.ts" name="states &gt; getStateName &gt; should return Texas for TX" time="0.000068375">
        </testcase>
        <testcase classname="src/lib/utils/states.spec.ts" name="states &gt; getStateName &gt; should return New York for NY" time="0.000058458">
        </testcase>
        <testcase classname="src/lib/utils/states.spec.ts" name="states &gt; getDefaultState &gt; should return AL as the default state" time="0.000051083">
        </testcase>
        <testcase classname="src/lib/utils/states.spec.ts" name="states &gt; getDefaultState &gt; should return a valid state code" time="0.000078833">
        </testcase>
    </testsuite>
    <testsuite name="src/lib/utils/get-display-name.spec.ts" timestamp="2026-02-02T09:07:19.544Z" hostname="Mac-5426.lan" tests="22" failures="0" errors="0" skipped="0" time="0.005554417">
        <testcase classname="src/lib/utils/get-display-name.spec.ts" name="getDisplayName &gt; displayName priority &gt; should return displayName when available" time="0.00008725">
        </testcase>
        <testcase classname="src/lib/utils/get-display-name.spec.ts" name="getDisplayName &gt; displayName priority &gt; should handle displayName with special characters" time="0.000102208">
        </testcase>
        <testcase classname="src/lib/utils/get-display-name.spec.ts" name="getDisplayName &gt; title fallback &gt; should return title when displayName is not available" time="0.000142875">
        </testcase>
        <testcase classname="src/lib/utils/get-display-name.spec.ts" name="getDisplayName &gt; title fallback &gt; should prefer displayName over title" time="0.000083584">
        </testcase>
        <testcase classname="src/lib/utils/get-display-name.spec.ts" name="getDisplayName &gt; name fallback &gt; should return name when displayName and title are not available" time="0.000202">
        </testcase>
        <testcase classname="src/lib/utils/get-display-name.spec.ts" name="getDisplayName &gt; name fallback &gt; should prefer title over name" time="0.001602625">
        </testcase>
        <testcase classname="src/lib/utils/get-display-name.spec.ts" name="getDisplayName &gt; firstName/surname fallback &gt; should return formatted name when firstName and surname are available" time="0.000075792">
        </testcase>
        <testcase classname="src/lib/utils/get-display-name.spec.ts" name="getDisplayName &gt; firstName/surname fallback &gt; should prefer displayName over firstName/surname" time="0.000075333">
        </testcase>
        <testcase classname="src/lib/utils/get-display-name.spec.ts" name="getDisplayName &gt; firstName/surname fallback &gt; should prefer title over firstName/surname" time="0.000082875">
        </testcase>
        <testcase classname="src/lib/utils/get-display-name.spec.ts" name="getDisplayName &gt; firstName/surname fallback &gt; should prefer name over firstName/surname" time="0.0000805">
        </testcase>
        <testcase classname="src/lib/utils/get-display-name.spec.ts" name="getDisplayName &gt; error handling &gt; should return error message when no valid fields are available" time="0.000248542">
        </testcase>
        <testcase classname="src/lib/utils/get-display-name.spec.ts" name="getDisplayName &gt; error handling &gt; should return error when displayName is not a string" time="0.000087375">
        </testcase>
        <testcase classname="src/lib/utils/get-display-name.spec.ts" name="getDisplayName &gt; error handling &gt; should return error when title is not a string" time="0.000091542">
        </testcase>
        <testcase classname="src/lib/utils/get-display-name.spec.ts" name="getDisplayName &gt; error handling &gt; should return error when name is not a string" time="0.000085625">
        </testcase>
        <testcase classname="src/lib/utils/get-display-name.spec.ts" name="getDisplayName &gt; error handling &gt; should return error when firstName is available but surname is not" time="0.000091375">
        </testcase>
        <testcase classname="src/lib/utils/get-display-name.spec.ts" name="getDisplayName &gt; error handling &gt; should return error when surname is available but firstName is not" time="0.000103042">
        </testcase>
        <testcase classname="src/lib/utils/get-display-name.spec.ts" name="getDisplayName &gt; error handling &gt; should return error when firstName is not a string" time="0.000122459">
        </testcase>
        <testcase classname="src/lib/utils/get-display-name.spec.ts" name="getDisplayName &gt; error handling &gt; should return error when surname is not a string" time="0.000083458">
        </testcase>
        <testcase classname="src/lib/utils/get-display-name.spec.ts" name="getDisplayName &gt; edge cases &gt; should handle empty string displayName" time="0.000086584">
        </testcase>
        <testcase classname="src/lib/utils/get-display-name.spec.ts" name="getDisplayName &gt; edge cases &gt; should handle whitespace-only displayName" time="0.00007975">
        </testcase>
        <testcase classname="src/lib/utils/get-display-name.spec.ts" name="getDisplayName &gt; edge cases &gt; should handle null values" time="0.000366">
        </testcase>
        <testcase classname="src/lib/utils/get-display-name.spec.ts" name="getDisplayName &gt; edge cases &gt; should handle undefined values" time="0.000115">
        </testcase>
    </testsuite>
</testsuites>
