<?xml version="1.0" encoding="UTF-8" ?>
<testsuites name="vitest tests" tests="1178" failures="1" errors="0" time="8.0578498">
    <testsuite name="src/app/components/ui/vertical-separator.spec.tsx" timestamp="2026-02-07T23:17:44.499Z" hostname="runnervmwffz4" tests="5" failures="0" errors="0" skipped="0" time="0.040810721">
        <testcase classname="src/app/components/ui/vertical-separator.spec.tsx" name="VerticalSeparator &gt; renders" time="0.003093182">
        </testcase>
        <testcase classname="src/app/components/ui/vertical-separator.spec.tsx" name="VerticalSeparator &gt; has vertical orientation" time="0.002964305">
        </testcase>
        <testcase classname="src/app/components/ui/vertical-separator.spec.tsx" name="VerticalSeparator &gt; has default height class" time="0.003045866">
        </testcase>
        <testcase classname="src/app/components/ui/vertical-separator.spec.tsx" name="VerticalSeparator &gt; applies custom className" time="0.003014995">
        </testcase>
        <testcase classname="src/app/components/ui/vertical-separator.spec.tsx" name="VerticalSeparator &gt; has margin class" time="0.026360819">
        </testcase>
    </testsuite>
    <testsuite name="src/app/components/ui/input.spec.tsx" timestamp="2026-02-07T23:17:44.501Z" hostname="runnervmwffz4" tests="40" failures="0" errors="0" skipped="0" time="0.364553617">
        <testcase classname="src/app/components/ui/input.spec.tsx" name="Input &gt; rendering &gt; should render an input element" time="0.002423986">
        </testcase>
        <testcase classname="src/app/components/ui/input.spec.tsx" name="Input &gt; rendering &gt; should render with default type text" time="0.002530843">
        </testcase>
        <testcase classname="src/app/components/ui/input.spec.tsx" name="Input &gt; rendering &gt; should render with specified type" time="0.002630011">
        </testcase>
        <testcase classname="src/app/components/ui/input.spec.tsx" name="Input &gt; rendering &gt; should render password input correctly" time="0.001116452">
        </testcase>
        <testcase classname="src/app/components/ui/input.spec.tsx" name="Input &gt; rendering &gt; should render number input correctly" time="0.005300971">
        </testcase>
        <testcase classname="src/app/components/ui/input.spec.tsx" name="Input &gt; styling &gt; should apply default CSS classes" time="0.002496745">
        </testcase>
        <testcase classname="src/app/components/ui/input.spec.tsx" name="Input &gt; styling &gt; should apply custom className along with default classes" time="0.002718455">
        </testcase>
        <testcase classname="src/app/components/ui/input.spec.tsx" name="Input &gt; styling &gt; should have focus styles in classes" time="0.001798851">
        </testcase>
        <testcase classname="src/app/components/ui/input.spec.tsx" name="Input &gt; styling &gt; should have disabled styles in classes" time="0.002636408">
        </testcase>
        <testcase classname="src/app/components/ui/input.spec.tsx" name="Input &gt; styling &gt; should have invalid styles in classes" time="0.002348054">
        </testcase>
        <testcase classname="src/app/components/ui/input.spec.tsx" name="Input &gt; states &gt; should be enabled by default" time="0.003730455">
        </testcase>
        <testcase classname="src/app/components/ui/input.spec.tsx" name="Input &gt; states &gt; should be disabled when disabled prop is true" time="0.003957702">
        </testcase>
        <testcase classname="src/app/components/ui/input.spec.tsx" name="Input &gt; states &gt; should show as required when required prop is true" time="0.003241769">
        </testcase>
        <testcase classname="src/app/components/ui/input.spec.tsx" name="Input &gt; states &gt; should show as invalid when aria-invalid is true" time="0.003644695">
        </testcase>
        <testcase classname="src/app/components/ui/input.spec.tsx" name="Input &gt; interactions &gt; should handle text input" time="0.041853083">
        </testcase>
        <testcase classname="src/app/components/ui/input.spec.tsx" name="Input &gt; interactions &gt; should call onChange handler" time="0.019102688">
        </testcase>
        <testcase classname="src/app/components/ui/input.spec.tsx" name="Input &gt; interactions &gt; should call onFocus handler" time="0.016024204">
        </testcase>
        <testcase classname="src/app/components/ui/input.spec.tsx" name="Input &gt; interactions &gt; should call onBlur handler" time="0.016514016">
        </testcase>
        <testcase classname="src/app/components/ui/input.spec.tsx" name="Input &gt; interactions &gt; should not call handlers when disabled" time="0.021407904">
        </testcase>
        <testcase classname="src/app/components/ui/input.spec.tsx" name="Input &gt; attributes &gt; should support placeholder" time="0.002147683">
        </testcase>
        <testcase classname="src/app/components/ui/input.spec.tsx" name="Input &gt; attributes &gt; should support defaultValue" time="0.00202292">
        </testcase>
        <testcase classname="src/app/components/ui/input.spec.tsx" name="Input &gt; attributes &gt; should support value (controlled)" time="0.003827013">
        </testcase>
        <testcase classname="src/app/components/ui/input.spec.tsx" name="Input &gt; attributes &gt; should support name attribute" time="0.004952236">
        </testcase>
        <testcase classname="src/app/components/ui/input.spec.tsx" name="Input &gt; attributes &gt; should support id attribute" time="0.00598723">
        </testcase>
        <testcase classname="src/app/components/ui/input.spec.tsx" name="Input &gt; attributes &gt; should support maxLength" time="0.004287435">
        </testcase>
        <testcase classname="src/app/components/ui/input.spec.tsx" name="Input &gt; attributes &gt; should support minLength" time="0.004369521">
        </testcase>
        <testcase classname="src/app/components/ui/input.spec.tsx" name="Input &gt; attributes &gt; should support pattern" time="0.042782326">
        </testcase>
        <testcase classname="src/app/components/ui/input.spec.tsx" name="Input &gt; accessibility &gt; should be focusable" time="0.002297373">
        </testcase>
        <testcase classname="src/app/components/ui/input.spec.tsx" name="Input &gt; accessibility &gt; should not be focusable when disabled" time="0.002619399">
        </testcase>
        <testcase classname="src/app/components/ui/input.spec.tsx" name="Input &gt; accessibility &gt; should support aria-label" time="0.003229268">
        </testcase>
        <testcase classname="src/app/components/ui/input.spec.tsx" name="Input &gt; accessibility &gt; should support aria-describedby" time="0.004386706">
        </testcase>
        <testcase classname="src/app/components/ui/input.spec.tsx" name="Input &gt; accessibility &gt; should support aria-invalid" time="0.002767922">
        </testcase>
        <testcase classname="src/app/components/ui/input.spec.tsx" name="Input &gt; input types &gt; should handle email type with validation" time="0.038878614">
        </testcase>
        <testcase classname="src/app/components/ui/input.spec.tsx" name="Input &gt; input types &gt; should handle password type" time="0.024793622">
        </testcase>
        <testcase classname="src/app/components/ui/input.spec.tsx" name="Input &gt; input types &gt; should handle number type" time="0.017161403">
        </testcase>
        <testcase classname="src/app/components/ui/input.spec.tsx" name="Input &gt; input types &gt; should handle search type" time="0.003146861">
        </testcase>
        <testcase classname="src/app/components/ui/input.spec.tsx" name="Input &gt; input types &gt; should handle tel type" time="0.002403732">
        </testcase>
        <testcase classname="src/app/components/ui/input.spec.tsx" name="Input &gt; input types &gt; should handle url type" time="0.003166195">
        </testcase>
        <testcase classname="src/app/components/ui/input.spec.tsx" name="Input &gt; file input &gt; should handle file input type" time="0.027626918">
        </testcase>
        <testcase classname="src/app/components/ui/input.spec.tsx" name="Input &gt; file input &gt; should apply file-specific styles" time="0.002882799">
        </testcase>
    </testsuite>
    <testsuite name="src/app/components/ui/spinner/spinner.spec.tsx" timestamp="2026-02-07T23:17:44.507Z" hostname="runnervmwffz4" tests="24" failures="0" errors="0" skipped="0" time="0.105009484">
        <testcase classname="src/app/components/ui/spinner/spinner.spec.tsx" name="Spinner &gt; rendering &gt; should render the spinner" time="0.001307867">
        </testcase>
        <testcase classname="src/app/components/ui/spinner/spinner.spec.tsx" name="Spinner &gt; rendering &gt; should have proper aria-label for accessibility" time="0.010851721">
        </testcase>
        <testcase classname="src/app/components/ui/spinner/spinner.spec.tsx" name="Spinner &gt; size variants &gt; should render with default sm size" time="0.001620151">
        </testcase>
        <testcase classname="src/app/components/ui/spinner/spinner.spec.tsx" name="Spinner &gt; size variants &gt; should render with sm size" time="0.001181255">
        </testcase>
        <testcase classname="src/app/components/ui/spinner/spinner.spec.tsx" name="Spinner &gt; size variants &gt; should render with md size" time="0.001122629">
        </testcase>
        <testcase classname="src/app/components/ui/spinner/spinner.spec.tsx" name="Spinner &gt; size variants &gt; should render with lg size" time="0.001622778">
        </testcase>
        <testcase classname="src/app/components/ui/spinner/spinner.spec.tsx" name="Spinner &gt; variant styles &gt; should render with default variant" time="0.001534012">
        </testcase>
        <testcase classname="src/app/components/ui/spinner/spinner.spec.tsx" name="Spinner &gt; variant styles &gt; should render with primary variant" time="0.002762156">
        </testcase>
        <testcase classname="src/app/components/ui/spinner/spinner.spec.tsx" name="Spinner &gt; variant styles &gt; should render with secondary variant" time="0.003896787">
        </testcase>
        <testcase classname="src/app/components/ui/spinner/spinner.spec.tsx" name="Spinner &gt; variant styles &gt; should render with accent variant" time="0.001582967">
        </testcase>
        <testcase classname="src/app/components/ui/spinner/spinner.spec.tsx" name="Spinner &gt; className prop &gt; should apply custom className" time="0.027349903">
        </testcase>
        <testcase classname="src/app/components/ui/spinner/spinner.spec.tsx" name="Spinner &gt; className prop &gt; should merge custom className with variant classes" time="0.002737615">
        </testcase>
        <testcase classname="src/app/components/ui/spinner/spinner.spec.tsx" name="Spinner &gt; additional props &gt; should pass through data-testid" time="0.002389527">
        </testcase>
        <testcase classname="src/app/components/ui/spinner/spinner.spec.tsx" name="Spinner &gt; additional props &gt; should pass through style prop" time="0.036264235">
        </testcase>
        <testcase classname="src/app/components/ui/spinner/spinner.spec.tsx" name="Spinner &gt; additional props &gt; should pass through id prop" time="0.002052046">
        </testcase>
        <testcase classname="src/app/components/ui/spinner/spinner.spec.tsx" name="Spinner &gt; spinnerVariants &gt; should export spinnerVariants function" time="0.000161256">
        </testcase>
        <testcase classname="src/app/components/ui/spinner/spinner.spec.tsx" name="Spinner &gt; spinnerVariants &gt; should generate correct classes for sm size" time="0.000093508">
        </testcase>
        <testcase classname="src/app/components/ui/spinner/spinner.spec.tsx" name="Spinner &gt; spinnerVariants &gt; should generate correct classes for md size" time="0.000114368">
        </testcase>
        <testcase classname="src/app/components/ui/spinner/spinner.spec.tsx" name="Spinner &gt; spinnerVariants &gt; should generate correct classes for lg size" time="0.000090873">
        </testcase>
        <testcase classname="src/app/components/ui/spinner/spinner.spec.tsx" name="Spinner &gt; spinnerVariants &gt; should generate correct classes for primary variant" time="0.000188183">
        </testcase>
        <testcase classname="src/app/components/ui/spinner/spinner.spec.tsx" name="Spinner &gt; spinnerVariants &gt; should generate correct classes for secondary variant" time="0.000091783">
        </testcase>
        <testcase classname="src/app/components/ui/spinner/spinner.spec.tsx" name="Spinner &gt; spinnerVariants &gt; should generate correct classes for accent variant" time="0.000124615">
        </testcase>
        <testcase classname="src/app/components/ui/spinner/spinner.spec.tsx" name="Spinner &gt; spinnerVariants &gt; should generate correct default classes" time="0.000303448">
        </testcase>
        <testcase classname="src/app/components/ui/spinner/spinner.spec.tsx" name="Spinner &gt; animation &gt; should have animate-spin class" time="0.002870418">
        </testcase>
    </testsuite>
    <testsuite name="src/lib/actions/change-email-action.spec.ts" timestamp="2026-02-07T23:17:44.510Z" hostname="runnervmwffz4" tests="28" failures="0" errors="0" skipped="0" time="0.021272104">
        <testcase classname="src/lib/actions/change-email-action.spec.ts" name="changeEmailAction &gt; successful email change flow &gt; should update email and sign out when data is valid" time="0.000731918">
        </testcase>
        <testcase classname="src/lib/actions/change-email-action.spec.ts" name="changeEmailAction &gt; successful email change flow &gt; should use session email as previousEmail when not provided" time="0.001799205">
        </testcase>
        <testcase classname="src/lib/actions/change-email-action.spec.ts" name="changeEmailAction &gt; successful email change flow &gt; should use empty string for previousEmail when session has no email" time="0.000582305">
        </testcase>
        <testcase classname="src/lib/actions/change-email-action.spec.ts" name="changeEmailAction &gt; successful email change flow &gt; should set hasTimeout to false on successful update" time="0.000426945">
        </testcase>
        <testcase classname="src/lib/actions/change-email-action.spec.ts" name="changeEmailAction &gt; security audit logging &gt; should log security event when email is successfully changed" time="0.000524211">
        </testcase>
        <testcase classname="src/lib/actions/change-email-action.spec.ts" name="changeEmailAction &gt; security audit logging &gt; should log security event with session email when previousEmail not provided" time="0.000670247">
        </testcase>
        <testcase classname="src/lib/actions/change-email-action.spec.ts" name="changeEmailAction &gt; security audit logging &gt; should log security event with empty string when no email in session" time="0.000641817">
        </testcase>
        <testcase classname="src/lib/actions/change-email-action.spec.ts" name="changeEmailAction &gt; security audit logging &gt; should handle logSecurityEvent failures gracefully" time="0.000505635">
        </testcase>
        <testcase classname="src/lib/actions/change-email-action.spec.ts" name="changeEmailAction &gt; security audit logging &gt; should not log security event when email update fails" time="0.000337315">
        </testcase>
        <testcase classname="src/lib/actions/change-email-action.spec.ts" name="changeEmailAction &gt; security audit logging &gt; should not log security event when user is not authenticated" time="0.00032395">
        </testcase>
        <testcase classname="src/lib/actions/change-email-action.spec.ts" name="changeEmailAction &gt; validation failures &gt; should return form state with errors when validation fails" time="0.000445538">
        </testcase>
        <testcase classname="src/lib/actions/change-email-action.spec.ts" name="changeEmailAction &gt; validation failures &gt; should return error when emails do not match" time="0.000521981">
        </testcase>
        <testcase classname="src/lib/actions/change-email-action.spec.ts" name="changeEmailAction &gt; authentication failures &gt; should return error when user is not authenticated" time="0.002868369">
        </testcase>
        <testcase classname="src/lib/actions/change-email-action.spec.ts" name="changeEmailAction &gt; authentication failures &gt; should return error when session has no user id" time="0.000709641">
        </testcase>
        <testcase classname="src/lib/actions/change-email-action.spec.ts" name="changeEmailAction &gt; database errors &gt; should handle duplicate email errors" time="0.00035215">
        </testcase>
        <testcase classname="src/lib/actions/change-email-action.spec.ts" name="changeEmailAction &gt; database errors &gt; should handle timeout errors with ETIMEOUT in message" time="0.000373954">
        </testcase>
        <testcase classname="src/lib/actions/change-email-action.spec.ts" name="changeEmailAction &gt; database errors &gt; should handle timeout errors with &quot;timeout&quot; in message" time="0.000349902">
        </testcase>
        <testcase classname="src/lib/actions/change-email-action.spec.ts" name="changeEmailAction &gt; database errors &gt; should handle timeout errors with &quot;timed out&quot; in message" time="0.000306881">
        </testcase>
        <testcase classname="src/lib/actions/change-email-action.spec.ts" name="changeEmailAction &gt; database errors &gt; should handle timeout errors with ETIMEOUT error code" time="0.000515305">
        </testcase>
        <testcase classname="src/lib/actions/change-email-action.spec.ts" name="changeEmailAction &gt; database errors &gt; should handle unknown Prisma errors with P2002 but different target" time="0.000458487">
        </testcase>
        <testcase classname="src/lib/actions/change-email-action.spec.ts" name="changeEmailAction &gt; database errors &gt; should handle other Prisma errors" time="0.000618292">
        </testcase>
        <testcase classname="src/lib/actions/change-email-action.spec.ts" name="changeEmailAction &gt; database errors &gt; should handle general errors" time="0.000370292">
        </testcase>
        <testcase classname="src/lib/actions/change-email-action.spec.ts" name="changeEmailAction &gt; database errors &gt; should handle non-Error thrown values" time="0.001800995">
        </testcase>
        <testcase classname="src/lib/actions/change-email-action.spec.ts" name="changeEmailAction &gt; database errors &gt; should initialize formState.errors when undefined on duplicate email error" time="0.000384195">
        </testcase>
        <testcase classname="src/lib/actions/change-email-action.spec.ts" name="changeEmailAction &gt; signOut errors &gt; should handle signOut failures gracefully" time="0.00048843">
        </testcase>
        <testcase classname="src/lib/actions/change-email-action.spec.ts" name="changeEmailAction &gt; edge cases &gt; should preserve form state fields when returning errors" time="0.000461376">
        </testcase>
        <testcase classname="src/lib/actions/change-email-action.spec.ts" name="changeEmailAction &gt; edge cases &gt; should handle empty email strings" time="0.000551273">
        </testcase>
        <testcase classname="src/lib/actions/change-email-action.spec.ts" name="changeEmailAction &gt; edge cases &gt; should not redirect when email update fails" time="0.000651706">
        </testcase>
    </testsuite>
    <testsuite name="src/app/components/ui/audio-player.spec.tsx" timestamp="2026-02-07T23:17:44.516Z" hostname="runnervmwffz4" tests="11" failures="0" errors="0" skipped="0" time="0.055404603">
        <testcase classname="src/app/components/ui/audio-player.spec.tsx" name="AudioPlayer &gt; renders the player container" time="0.001763024">
        </testcase>
        <testcase classname="src/app/components/ui/audio-player.spec.tsx" name="AudioPlayer &gt; renders with default audio type" time="0.002330763">
        </testcase>
        <testcase classname="src/app/components/ui/audio-player.spec.tsx" name="AudioPlayer &gt; renders with custom audio type" time="0.001617847">
        </testcase>
        <testcase classname="src/app/components/ui/audio-player.spec.tsx" name="AudioPlayer &gt; renders poster image when provided" time="0.026205099">
            <system-err>
Received `true` for a non-boolean attribute `priority`.

If you want to write it to the DOM, pass a string instead: priority=&quot;true&quot; or priority={value.toString()}.

            </system-err>
        </testcase>
        <testcase classname="src/app/components/ui/audio-player.spec.tsx" name="AudioPlayer &gt; does not render poster image when not provided" time="0.0018106">
        </testcase>
        <testcase classname="src/app/components/ui/audio-player.spec.tsx" name="AudioPlayer &gt; calls onReady callback when player is ready" time="0.004185354">
        </testcase>
        <testcase classname="src/app/components/ui/audio-player.spec.tsx" name="AudioPlayer &gt; does not call onReady when not provided" time="0.001537769">
        </testcase>
        <testcase classname="src/app/components/ui/audio-player.spec.tsx" name="AudioPlayer &gt; has responsive player container classes" time="0.003709082">
        </testcase>
        <testcase classname="src/app/components/ui/audio-player.spec.tsx" name="AudioPlayer &gt; renders poster container with correct classes" time="0.002060875">
        </testcase>
        <testcase classname="src/app/components/ui/audio-player.spec.tsx" name="AudioPlayer &gt; disposes player on unmount" time="0.005432731">
        </testcase>
        <testcase classname="src/app/components/ui/audio-player.spec.tsx" name="AudioPlayer &gt; does not dispose already disposed player" time="0.002713751">
        </testcase>
    </testsuite>
    <testsuite name="src/lib/actions/create-artist-action.spec.ts" timestamp="2026-02-07T23:17:44.517Z" hostname="runnervmwffz4" tests="19" failures="0" errors="0" skipped="0" time="0.016248007">
        <testcase classname="src/lib/actions/create-artist-action.spec.ts" name="createArtistAction &gt; Authorization &gt; should require admin role" time="0.001624968">
        </testcase>
        <testcase classname="src/lib/actions/create-artist-action.spec.ts" name="createArtistAction &gt; Authorization &gt; should return error when user is not logged in" time="0.000346789">
        </testcase>
        <testcase classname="src/lib/actions/create-artist-action.spec.ts" name="createArtistAction &gt; Authorization &gt; should return error when user is not admin" time="0.000231202">
        </testcase>
        <testcase classname="src/lib/actions/create-artist-action.spec.ts" name="createArtistAction &gt; Validation &gt; should validate form data with permitted fields only" time="0.001753048">
        </testcase>
        <testcase classname="src/lib/actions/create-artist-action.spec.ts" name="createArtistAction &gt; Validation &gt; should return validation errors when data is invalid" time="0.000328816">
        </testcase>
        <testcase classname="src/lib/actions/create-artist-action.spec.ts" name="createArtistAction &gt; Artist Creation &gt; should create artist successfully with all fields" time="0.000505497">
        </testcase>
        <testcase classname="src/lib/actions/create-artist-action.spec.ts" name="createArtistAction &gt; Artist Creation &gt; should create artist with minimal required fields" time="0.000435984">
        </testcase>
        <testcase classname="src/lib/actions/create-artist-action.spec.ts" name="createArtistAction &gt; Artist Creation &gt; should handle artist creation failure from service" time="0.000311284">
        </testcase>
        <testcase classname="src/lib/actions/create-artist-action.spec.ts" name="createArtistAction &gt; Artist Creation &gt; should handle service returning error without message" time="0.000368991">
        </testcase>
        <testcase classname="src/lib/actions/create-artist-action.spec.ts" name="createArtistAction &gt; Security Logging &gt; should log successful artist creation" time="0.000806309">
        </testcase>
        <testcase classname="src/lib/actions/create-artist-action.spec.ts" name="createArtistAction &gt; Security Logging &gt; should log failed artist creation attempt" time="0.002928629">
        </testcase>
        <testcase classname="src/lib/actions/create-artist-action.spec.ts" name="createArtistAction &gt; Security Logging &gt; should filter out undefined fields in security log" time="0.000505113">
        </testcase>
        <testcase classname="src/lib/actions/create-artist-action.spec.ts" name="createArtistAction &gt; Cache Revalidation &gt; should revalidate artist creation page on success" time="0.000261485">
        </testcase>
        <testcase classname="src/lib/actions/create-artist-action.spec.ts" name="createArtistAction &gt; Cache Revalidation &gt; should revalidate even on failure" time="0.000439053">
        </testcase>
        <testcase classname="src/lib/actions/create-artist-action.spec.ts" name="createArtistAction &gt; Error Handling &gt; should handle unexpected errors during artist creation" time="0.001331018">
        </testcase>
        <testcase classname="src/lib/actions/create-artist-action.spec.ts" name="createArtistAction &gt; Error Handling &gt; should handle errors during security logging" time="0.000295223">
        </testcase>
        <testcase classname="src/lib/actions/create-artist-action.spec.ts" name="createArtistAction &gt; slug uniqueness error handling &gt; should handle slug error with &quot;unique&quot; keyword" time="0.000518701">
        </testcase>
        <testcase classname="src/lib/actions/create-artist-action.spec.ts" name="createArtistAction &gt; slug uniqueness error handling &gt; should handle slug error with &quot;already exists&quot; keyword" time="0.000559473">
        </testcase>
        <testcase classname="src/lib/actions/create-artist-action.spec.ts" name="createArtistAction &gt; slug uniqueness error handling &gt; should handle slug error with &quot;duplicate&quot; keyword" time="0.000295114">
        </testcase>
    </testsuite>
    <testsuite name="src/app/components/ui/chart.spec.tsx" timestamp="2026-02-07T23:17:44.520Z" hostname="runnervmwffz4" tests="30" failures="0" errors="0" skipped="0" time="0.138699496">
        <testcase classname="src/app/components/ui/chart.spec.tsx" name="ChartContainer &gt; renders with data-slot attribute" time="0.001853062">
        </testcase>
        <testcase classname="src/app/components/ui/chart.spec.tsx" name="ChartContainer &gt; renders with data-chart attribute containing unique id" time="0.00225956">
        </testcase>
        <testcase classname="src/app/components/ui/chart.spec.tsx" name="ChartContainer &gt; applies custom className" time="0.00275637">
        </testcase>
        <testcase classname="src/app/components/ui/chart.spec.tsx" name="ChartContainer &gt; uses custom id when provided" time="0.00252337">
        </testcase>
        <testcase classname="src/app/components/ui/chart.spec.tsx" name="ChartContainer &gt; renders children inside ResponsiveContainer" time="0.001665857">
        </testcase>
        <testcase classname="src/app/components/ui/chart.spec.tsx" name="ChartStyle &gt; renders style element with color config" time="0.002060692">
        </testcase>
        <testcase classname="src/app/components/ui/chart.spec.tsx" name="ChartStyle &gt; renders style element with theme config" time="0.00252659">
        </testcase>
        <testcase classname="src/app/components/ui/chart.spec.tsx" name="ChartStyle &gt; returns null for empty color config" time="0.000984613">
        </testcase>
        <testcase classname="src/app/components/ui/chart.spec.tsx" name="ChartTooltip &gt; exports ChartTooltip component" time="0.000142877">
        </testcase>
        <testcase classname="src/app/components/ui/chart.spec.tsx" name="ChartTooltipContent &gt; returns null when not active" time="0.002254925">
        </testcase>
        <testcase classname="src/app/components/ui/chart.spec.tsx" name="ChartTooltipContent &gt; returns null when payload is empty" time="0.005616471">
        </testcase>
        <testcase classname="src/app/components/ui/chart.spec.tsx" name="ChartTooltipContent &gt; renders tooltip content when active with payload" time="0.003328393">
        </testcase>
        <testcase classname="src/app/components/ui/chart.spec.tsx" name="ChartTooltipContent &gt; renders with dot indicator by default" time="0.048239325">
        </testcase>
        <testcase classname="src/app/components/ui/chart.spec.tsx" name="ChartTooltipContent &gt; renders with line indicator" time="0.003569338">
        </testcase>
        <testcase classname="src/app/components/ui/chart.spec.tsx" name="ChartTooltipContent &gt; renders with dashed indicator" time="0.00485826">
        </testcase>
        <testcase classname="src/app/components/ui/chart.spec.tsx" name="ChartTooltipContent &gt; hides label when hideLabel is true" time="0.002752816">
        </testcase>
        <testcase classname="src/app/components/ui/chart.spec.tsx" name="ChartTooltipContent &gt; hides indicator when hideIndicator is true" time="0.004966987">
        </testcase>
        <testcase classname="src/app/components/ui/chart.spec.tsx" name="ChartTooltipContent &gt; uses custom formatter when provided" time="0.002942107">
        </testcase>
        <testcase classname="src/app/components/ui/chart.spec.tsx" name="ChartTooltipContent &gt; uses custom labelFormatter when provided" time="0.006473024">
        </testcase>
        <testcase classname="src/app/components/ui/chart.spec.tsx" name="ChartTooltipContent &gt; filters out items with type &quot;none&quot;" time="0.002392521">
        </testcase>
        <testcase classname="src/app/components/ui/chart.spec.tsx" name="ChartLegend &gt; exports ChartLegend component" time="0.00008364">
        </testcase>
        <testcase classname="src/app/components/ui/chart.spec.tsx" name="ChartLegendContent &gt; returns null when payload is empty" time="0.001355653">
        </testcase>
        <testcase classname="src/app/components/ui/chart.spec.tsx" name="ChartLegendContent &gt; returns null when payload is undefined" time="0.001604651">
        </testcase>
        <testcase classname="src/app/components/ui/chart.spec.tsx" name="ChartLegendContent &gt; renders legend items with payload" time="0.005460565">
        </testcase>
        <testcase classname="src/app/components/ui/chart.spec.tsx" name="ChartLegendContent &gt; hides icon when hideIcon is true" time="0.001868025">
        </testcase>
        <testcase classname="src/app/components/ui/chart.spec.tsx" name="ChartLegendContent &gt; renders with custom icon when provided in config" time="0.002478783">
        </testcase>
        <testcase classname="src/app/components/ui/chart.spec.tsx" name="ChartLegendContent &gt; filters out items with type &quot;none&quot;" time="0.001708864">
        </testcase>
        <testcase classname="src/app/components/ui/chart.spec.tsx" name="ChartLegendContent &gt; renders with verticalAlign top" time="0.001919829">
        </testcase>
        <testcase classname="src/app/components/ui/chart.spec.tsx" name="ChartLegendContent &gt; renders with verticalAlign bottom" time="0.010183176">
        </testcase>
        <testcase classname="src/app/components/ui/chart.spec.tsx" name="useChart hook error &gt; throws error when used outside ChartContainer context" time="0.004920402">
        </testcase>
    </testsuite>
    <testsuite name="src/lib/utils/cover-art-upload.spec.ts" timestamp="2026-02-07T23:17:44.525Z" hostname="runnervmwffz4" tests="15" failures="0" errors="0" skipped="0" time="0.024646982">
        <testcase classname="src/lib/utils/cover-art-upload.spec.ts" name="cover-art-upload &gt; uploadCoverArtToS3 &gt; should upload base64 cover art to S3 and return CDN URL" time="0.00138367">
            <system-out>
[Cover Art Upload] Converting base64 to file: {
  fileName: [32m&apos;test-album-cover.jpg&apos;[39m,
  mimeType: [32m&apos;image/jpeg&apos;[39m,
  fileSize: [33m20[39m
}

[Cover Art Upload] Successfully uploaded cover art: {
  cdnUrl: [32m&apos;https://cdn.example.com/media/releases/coverart/test-cover.jpg&apos;[39m
}

            </system-out>
        </testcase>
        <testcase classname="src/lib/utils/cover-art-upload.spec.ts" name="cover-art-upload &gt; uploadCoverArtToS3 &gt; should handle PNG images correctly" time="0.001169901">
            <system-out>
[Cover Art Upload] Converting base64 to file: {
  fileName: [32m&apos;test-album-cover.png&apos;[39m,
  mimeType: [32m&apos;image/png&apos;[39m,
  fileSize: [33m24[39m
}

[Cover Art Upload] Successfully uploaded cover art: {
  cdnUrl: [32m&apos;https://cdn.example.com/media/releases/coverart/test-cover.png&apos;[39m
}

            </system-out>
        </testcase>
        <testcase classname="src/lib/utils/cover-art-upload.spec.ts" name="cover-art-upload &gt; uploadCoverArtToS3 &gt; should return error when presigned URL fetch fails" time="0.00074498">
            <system-out>
[Cover Art Upload] Converting base64 to file: {
  fileName: [32m&apos;test-album-cover.jpg&apos;[39m,
  mimeType: [32m&apos;image/jpeg&apos;[39m,
  fileSize: [33m20[39m
}

            </system-out>
            <system-err>
[Cover Art Upload] Failed to get presigned URL: Failed to get presigned URL

            </system-err>
        </testcase>
        <testcase classname="src/lib/utils/cover-art-upload.spec.ts" name="cover-art-upload &gt; uploadCoverArtToS3 &gt; should return error when S3 upload fails" time="0.000933421">
            <system-out>
[Cover Art Upload] Converting base64 to file: {
  fileName: [32m&apos;test-album-cover.jpg&apos;[39m,
  mimeType: [32m&apos;image/jpeg&apos;[39m,
  fileSize: [33m20[39m
}

            </system-out>
            <system-err>
[Cover Art Upload] S3 upload failed: Network error

            </system-err>
        </testcase>
        <testcase classname="src/lib/utils/cover-art-upload.spec.ts" name="cover-art-upload &gt; uploadCoverArtToS3 &gt; should handle missing album name gracefully" time="0.001863534">
            <system-out>
[Cover Art Upload] Converting base64 to file: { fileName: [32m&apos;cover-cover.jpg&apos;[39m, mimeType: [32m&apos;image/jpeg&apos;[39m, fileSize: [33m20[39m }

[Cover Art Upload] Successfully uploaded cover art: { cdnUrl: [32m&apos;https://cdn.example.com/test.jpg&apos;[39m }

            </system-out>
        </testcase>
        <testcase classname="src/lib/utils/cover-art-upload.spec.ts" name="cover-art-upload &gt; uploadCoverArtToS3 &gt; should sanitize special characters in album name" time="0.000949455">
            <system-out>
[Cover Art Upload] Converting base64 to file: {
  fileName: [32m&apos;test-album-------cover.jpg&apos;[39m,
  mimeType: [32m&apos;image/jpeg&apos;[39m,
  fileSize: [33m20[39m
}

[Cover Art Upload] Successfully uploaded cover art: { cdnUrl: [32m&apos;https://cdn.example.com/test.jpg&apos;[39m }

            </system-out>
        </testcase>
        <testcase classname="src/lib/utils/cover-art-upload.spec.ts" name="cover-art-upload &gt; uploadCoverArtToS3 &gt; should handle exceptions gracefully" time="0.004905132">
            <system-out>
[Cover Art Upload] Converting base64 to file: {
  fileName: [32m&apos;test-album-cover.jpg&apos;[39m,
  mimeType: [32m&apos;image/jpeg&apos;[39m,
  fileSize: [33m20[39m
}

            </system-out>
            <system-err>
[Cover Art Upload] Error: Error: Network failure
    at [90m/home/runner/work/boudreaux/boudreaux/[39msrc/lib/utils/cover-art-upload.spec.ts:215:58
    at [90mfile:///home/runner/work/boudreaux/boudreaux/[39mnode_modules/[4m@vitest/runner[24m/dist/index.js:145:11
    at [90mfile:///home/runner/work/boudreaux/boudreaux/[39mnode_modules/[4m@vitest/runner[24m/dist/index.js:915:26
    at [90mfile:///home/runner/work/boudreaux/boudreaux/[39mnode_modules/[4m@vitest/runner[24m/dist/index.js:1243:20
    at new Promise (&lt;anonymous&gt;)
    at runWithTimeout [90m(file:///home/runner/work/boudreaux/boudreaux/[39mnode_modules/[4m@vitest/runner[24m/dist/index.js:1209:10[90m)[39m
    at [90mfile:///home/runner/work/boudreaux/boudreaux/[39mnode_modules/[4m@vitest/runner[24m/dist/index.js:1653:37
    at Traces.$ [90m(file:///home/runner/work/boudreaux/boudreaux/[39mnode_modules/[4mvitest[24m/dist/chunks/traces.CCmnQaNT.js:142:27[90m)[39m
    at trace [90m(file:///home/runner/work/boudreaux/boudreaux/[39mnode_modules/[4mvitest[24m/dist/chunks/test.B8ej_ZHS.js:239:21[90m)[39m
    at runTest [90m(file:///home/runner/work/boudreaux/boudreaux/[39mnode_modules/[4m@vitest/runner[24m/dist/index.js:1653:12[90m)[39m

            </system-err>
        </testcase>
        <testcase classname="src/lib/utils/cover-art-upload.spec.ts" name="cover-art-upload &gt; uploadCoverArtToS3 &gt; should handle webp image format" time="0.000917855">
            <system-out>
[Cover Art Upload] Converting base64 to file: { fileName: [32m&apos;test-cover.webp&apos;[39m, mimeType: [32m&apos;image/webp&apos;[39m, fileSize: [33m44[39m }

[Cover Art Upload] Successfully uploaded cover art: { cdnUrl: [32m&apos;https://cdn.example.com/test.webp&apos;[39m }

            </system-out>
        </testcase>
        <testcase classname="src/lib/utils/cover-art-upload.spec.ts" name="cover-art-upload &gt; uploadCoverArtToS3 &gt; should handle unknown image format with default extension" time="0.005340195">
            <system-out>
[Cover Art Upload] Converting base64 to file: { fileName: [32m&apos;test-cover.jpg&apos;[39m, mimeType: [32m&apos;image/xyz&apos;[39m, fileSize: [33m4[39m }

[Cover Art Upload] Successfully uploaded cover art: { cdnUrl: [32m&apos;https://cdn.example.com/test.jpg&apos;[39m }

            </system-out>
        </testcase>
        <testcase classname="src/lib/utils/cover-art-upload.spec.ts" name="cover-art-upload &gt; uploadCoverArtToS3 &gt; should return error when presigned data is empty" time="0.000732144">
            <system-out>
[Cover Art Upload] Converting base64 to file: {
  fileName: [32m&apos;test-album-cover.jpg&apos;[39m,
  mimeType: [32m&apos;image/jpeg&apos;[39m,
  fileSize: [33m20[39m
}

            </system-out>
            <system-err>
[Cover Art Upload] Failed to get presigned URL: [90mundefined[39m

            </system-err>
        </testcase>
        <testcase classname="src/lib/utils/cover-art-upload.spec.ts" name="cover-art-upload &gt; uploadCoverArtsToS3 &gt; should deduplicate cover arts by album name" time="0.000607025">
            <system-out>
[Cover Art Upload] Uploading unique cover arts: { total: [33m3[39m, unique: [33m1[39m }
[Cover Art Upload] Converting base64 to file: { fileName: [32m&apos;album-a-cover.jpg&apos;[39m, mimeType: [32m&apos;image/jpeg&apos;[39m, fileSize: [33m20[39m }

[Cover Art Upload] Successfully uploaded cover art: { cdnUrl: [32m&apos;https://cdn.example.com/test.jpg&apos;[39m }

            </system-out>
        </testcase>
        <testcase classname="src/lib/utils/cover-art-upload.spec.ts" name="cover-art-upload &gt; uploadCoverArtsToS3 &gt; should handle tracks without album names" time="0.000761331">
            <system-out>
[Cover Art Upload] Uploading unique cover arts: { total: [33m2[39m, unique: [33m2[39m }
[Cover Art Upload] Converting base64 to file: {
  fileName: [32m&apos;unknown-0-cover.jpg&apos;[39m,
  mimeType: [32m&apos;image/jpeg&apos;[39m,
  fileSize: [33m20[39m
}

[Cover Art Upload] Successfully uploaded cover art: { cdnUrl: [32m&apos;https://cdn.example.com/test1.jpg&apos;[39m }

[Cover Art Upload] Converting base64 to file: {
  fileName: [32m&apos;unknown-1-cover.jpg&apos;[39m,
  mimeType: [32m&apos;image/jpeg&apos;[39m,
  fileSize: [33m20[39m
}

[Cover Art Upload] Successfully uploaded cover art: { cdnUrl: [32m&apos;https://cdn.example.com/test2.jpg&apos;[39m }

            </system-out>
        </testcase>
        <testcase classname="src/lib/utils/cover-art-upload.spec.ts" name="cover-art-upload &gt; uploadCoverArtsToS3 &gt; should handle album names with only whitespace" time="0.001076498">
            <system-out>
[Cover Art Upload] Uploading unique cover arts: { total: [33m2[39m, unique: [33m2[39m }
[Cover Art Upload] Converting base64 to file: {
  fileName: [32m&apos;unknown-0-cover.jpg&apos;[39m,
  mimeType: [32m&apos;image/jpeg&apos;[39m,
  fileSize: [33m20[39m
}

[Cover Art Upload] Successfully uploaded cover art: { cdnUrl: [32m&apos;https://cdn.example.com/test1.jpg&apos;[39m }

[Cover Art Upload] Converting base64 to file: {
  fileName: [32m&apos;unknown-1-cover.jpg&apos;[39m,
  mimeType: [32m&apos;image/jpeg&apos;[39m,
  fileSize: [33m20[39m
}

[Cover Art Upload] Successfully uploaded cover art: { cdnUrl: [32m&apos;https://cdn.example.com/test2.jpg&apos;[39m }

            </system-out>
        </testcase>
        <testcase classname="src/lib/utils/cover-art-upload.spec.ts" name="cover-art-upload &gt; uploadCoverArtsToS3 &gt; should return partial results when some uploads fail" time="0.000780125">
            <system-out>
[Cover Art Upload] Uploading unique cover arts: { total: [33m2[39m, unique: [33m2[39m }
[Cover Art Upload] Converting base64 to file: { fileName: [32m&apos;album-a-cover.jpg&apos;[39m, mimeType: [32m&apos;image/jpeg&apos;[39m, fileSize: [33m20[39m }

[Cover Art Upload] Successfully uploaded cover art: { cdnUrl: [32m&apos;https://cdn.example.com/test.jpg&apos;[39m }

[Cover Art Upload] Converting base64 to file: { fileName: [32m&apos;album-b-cover.jpg&apos;[39m, mimeType: [32m&apos;image/jpeg&apos;[39m, fileSize: [33m20[39m }

            </system-out>
            <system-err>
[Cover Art Upload] Failed to get presigned URL: Upload failed

            </system-err>
        </testcase>
        <testcase classname="src/lib/utils/cover-art-upload.spec.ts" name="cover-art-upload &gt; uploadCoverArtsToS3 &gt; should return empty map for empty input" time="0.000419872">
            <system-out>
[Cover Art Upload] Uploading unique cover arts: { total: [33m0[39m, unique: [33m0[39m }

            </system-out>
        </testcase>
    </testsuite>
    <testsuite name="src/app/components/auth/auth-toolbar.spec.tsx" timestamp="2026-02-07T23:17:44.530Z" hostname="runnervmwffz4" tests="46" failures="0" errors="0" skipped="0" time="0.097588576">
        <testcase classname="src/app/components/auth/auth-toolbar.spec.tsx" name="AuthToolbar &gt; when user is unauthenticated &gt; renders sign in and sign up links" time="0.001883631">
        </testcase>
        <testcase classname="src/app/components/auth/auth-toolbar.spec.tsx" name="AuthToolbar &gt; when user is unauthenticated &gt; does not render signed in toolbar" time="0.00146937">
        </testcase>
        <testcase classname="src/app/components/auth/auth-toolbar.spec.tsx" name="AuthToolbar &gt; when user is unauthenticated &gt; applies custom className when provided" time="0.001578448">
        </testcase>
        <testcase classname="src/app/components/auth/auth-toolbar.spec.tsx" name="AuthToolbar &gt; when user is unauthenticated &gt; logs unauthenticated state message" time="0.00144535">
        </testcase>
        <testcase classname="src/app/components/auth/auth-toolbar.spec.tsx" name="AuthToolbar &gt; when user is unauthenticated &gt; applies correct CSS classes to container" time="0.001942162">
        </testcase>
        <testcase classname="src/app/components/auth/auth-toolbar.spec.tsx" name="AuthToolbar &gt; when user is authenticated &gt; renders signed in toolbar" time="0.000927205">
        </testcase>
        <testcase classname="src/app/components/auth/auth-toolbar.spec.tsx" name="AuthToolbar &gt; when user is authenticated &gt; does not render sign in and sign up links" time="0.001066463">
        </testcase>
        <testcase classname="src/app/components/auth/auth-toolbar.spec.tsx" name="AuthToolbar &gt; when user is authenticated &gt; passes className to signed in toolbar" time="0.001046376">
        </testcase>
        <testcase classname="src/app/components/auth/auth-toolbar.spec.tsx" name="AuthToolbar &gt; when user is authenticated &gt; logs authenticated state message" time="0.0010741">
        </testcase>
        <testcase classname="src/app/components/auth/auth-toolbar.spec.tsx" name="AuthToolbar &gt; when user is authenticated &gt; with admin user &gt; renders signed in toolbar for admin user" time="0.001124096">
        </testcase>
        <testcase classname="src/app/components/auth/auth-toolbar.spec.tsx" name="AuthToolbar &gt; when user is authenticated &gt; with admin user &gt; in development mode &gt; logs admin role in development mode" time="0.001161965">
        </testcase>
        <testcase classname="src/app/components/auth/auth-toolbar.spec.tsx" name="AuthToolbar &gt; when user is authenticated &gt; with admin user &gt; in development mode &gt; logs session status in development mode" time="0.001218946">
        </testcase>
        <testcase classname="src/app/components/auth/auth-toolbar.spec.tsx" name="AuthToolbar &gt; when user is authenticated &gt; with admin user &gt; in development mode &gt; logs session data in development mode" time="0.001245229">
        </testcase>
        <testcase classname="src/app/components/auth/auth-toolbar.spec.tsx" name="AuthToolbar &gt; when user is authenticated &gt; with admin user &gt; in development mode &gt; logs user data in development mode" time="0.001155451">
        </testcase>
        <testcase classname="src/app/components/auth/auth-toolbar.spec.tsx" name="AuthToolbar &gt; when user is authenticated &gt; with admin user &gt; in development mode &gt; logs admin role value in development mode" time="0.001213494">
        </testcase>
        <testcase classname="src/app/components/auth/auth-toolbar.spec.tsx" name="AuthToolbar &gt; when user is authenticated &gt; with admin user &gt; in development mode &gt; handles falsy role value with fallback to N/A" time="0.001362852">
        </testcase>
        <testcase classname="src/app/components/auth/auth-toolbar.spec.tsx" name="AuthToolbar &gt; when user is authenticated &gt; with admin user &gt; in development mode &gt; logs username in development mode" time="0.001240175">
        </testcase>
        <testcase classname="src/app/components/auth/auth-toolbar.spec.tsx" name="AuthToolbar &gt; when user is authenticated &gt; with admin user &gt; in production mode &gt; does not log admin role in production mode" time="0.000894699">
        </testcase>
        <testcase classname="src/app/components/auth/auth-toolbar.spec.tsx" name="AuthToolbar &gt; when user is authenticated &gt; with admin user &gt; in production mode &gt; does not log session status in production mode" time="0.001152204">
        </testcase>
        <testcase classname="src/app/components/auth/auth-toolbar.spec.tsx" name="AuthToolbar &gt; when user is authenticated &gt; with admin user &gt; in production mode &gt; still logs authenticated toolbar message" time="0.001096217">
        </testcase>
        <testcase classname="src/app/components/auth/auth-toolbar.spec.tsx" name="AuthToolbar &gt; when user is authenticated &gt; with non-admin user &gt; renders signed in toolbar for non-admin user" time="0.001025684">
        </testcase>
        <testcase classname="src/app/components/auth/auth-toolbar.spec.tsx" name="AuthToolbar &gt; when user is authenticated &gt; with non-admin user &gt; in development mode &gt; does not log user role for non-admin in development mode" time="0.001304101">
        </testcase>
        <testcase classname="src/app/components/auth/auth-toolbar.spec.tsx" name="AuthToolbar &gt; when user is authenticated &gt; with non-admin user &gt; in development mode &gt; logs session data in development mode" time="0.001084471">
        </testcase>
        <testcase classname="src/app/components/auth/auth-toolbar.spec.tsx" name="AuthToolbar &gt; when user is authenticated &gt; with user missing role &gt; renders signed in toolbar when role is undefined" time="0.001149769">
        </testcase>
        <testcase classname="src/app/components/auth/auth-toolbar.spec.tsx" name="AuthToolbar &gt; when user is authenticated &gt; with user missing role &gt; in development mode &gt; logs N/A for missing role in development mode when checking admin" time="0.001176731">
        </testcase>
        <testcase classname="src/app/components/auth/auth-toolbar.spec.tsx" name="AuthToolbar &gt; when session status is loading &gt; renders loading spinner with correct props" time="0.003318201">
        </testcase>
        <testcase classname="src/app/components/auth/auth-toolbar.spec.tsx" name="AuthToolbar &gt; when session status is loading &gt; displays loading text" time="0.022783475">
        </testcase>
        <testcase classname="src/app/components/auth/auth-toolbar.spec.tsx" name="AuthToolbar &gt; when session status is loading &gt; does not render sign in/up links while loading" time="0.003611047">
        </testcase>
        <testcase classname="src/app/components/auth/auth-toolbar.spec.tsx" name="AuthToolbar &gt; when session status is loading &gt; does not render signed in toolbar while loading" time="0.002990122">
        </testcase>
        <testcase classname="src/app/components/auth/auth-toolbar.spec.tsx" name="AuthToolbar &gt; edge cases and boundary conditions &gt; with null session but authenticated status &gt; renders unauthenticated links when session is null despite authenticated status" time="0.001972096">
        </testcase>
        <testcase classname="src/app/components/auth/auth-toolbar.spec.tsx" name="AuthToolbar &gt; edge cases and boundary conditions &gt; with undefined session data &gt; handles undefined session gracefully" time="0.001386421">
        </testcase>
        <testcase classname="src/app/components/auth/auth-toolbar.spec.tsx" name="AuthToolbar &gt; edge cases and boundary conditions &gt; with custom className variations &gt; handles empty string className" time="0.002417492">
        </testcase>
        <testcase classname="src/app/components/auth/auth-toolbar.spec.tsx" name="AuthToolbar &gt; edge cases and boundary conditions &gt; with custom className variations &gt; handles multiple className values" time="0.003560553">
        </testcase>
        <testcase classname="src/app/components/auth/auth-toolbar.spec.tsx" name="AuthToolbar &gt; edge cases and boundary conditions &gt; with custom className variations &gt; passes className to authenticated toolbar" time="0.001774283">
        </testcase>
        <testcase classname="src/app/components/auth/auth-toolbar.spec.tsx" name="AuthToolbar &gt; edge cases and boundary conditions &gt; development mode logging variations &gt; logs when user data is present" time="0.001148072">
        </testcase>
        <testcase classname="src/app/components/auth/auth-toolbar.spec.tsx" name="AuthToolbar &gt; edge cases and boundary conditions &gt; development mode logging variations &gt; logs username when present" time="0.001048092">
        </testcase>
        <testcase classname="src/app/components/auth/auth-toolbar.spec.tsx" name="AuthToolbar &gt; edge cases and boundary conditions &gt; development mode logging variations &gt; logs undefined username when not present" time="0.001048136">
        </testcase>
        <testcase classname="src/app/components/auth/auth-toolbar.spec.tsx" name="AuthToolbar &gt; edge cases and boundary conditions &gt; development mode logging variations &gt; handles session with null user" time="0.000890607">
        </testcase>
        <testcase classname="src/app/components/auth/auth-toolbar.spec.tsx" name="AuthToolbar &gt; edge cases and boundary conditions &gt; admin role edge cases &gt; handles admin role with empty string" time="0.00222525">
        </testcase>
        <testcase classname="src/app/components/auth/auth-toolbar.spec.tsx" name="AuthToolbar &gt; edge cases and boundary conditions &gt; admin role edge cases &gt; correctly identifies admin role case-sensitively" time="0.003130677">
        </testcase>
        <testcase classname="src/app/components/auth/auth-toolbar.spec.tsx" name="AuthToolbar &gt; component rendering and structure &gt; renders without crashing with minimal props" time="0.001176501">
        </testcase>
        <testcase classname="src/app/components/auth/auth-toolbar.spec.tsx" name="AuthToolbar &gt; component rendering and structure &gt; maintains proper DOM structure for unauthenticated state" time="0.001664229">
        </testcase>
        <testcase classname="src/app/components/auth/auth-toolbar.spec.tsx" name="AuthToolbar &gt; component rendering and structure &gt; renders exactly one root element for unauthenticated" time="0.001330165">
        </testcase>
        <testcase classname="src/app/components/auth/auth-toolbar.spec.tsx" name="AuthToolbar &gt; component rendering and structure &gt; renders exactly one root element for authenticated" time="0.001074913">
        </testcase>
        <testcase classname="src/app/components/auth/auth-toolbar.spec.tsx" name="AuthToolbar &gt; component rendering and structure &gt; renders exactly one root element for loading" time="0.001219943">
        </testcase>
        <testcase classname="src/app/components/auth/auth-toolbar.spec.tsx" name="AuthToolbar &gt; logging prefix consistency &gt; uses consistent logging prefix for all log calls" time="0.003378675">
        </testcase>
    </testsuite>
    <testsuite name="src/app/hooks/use-releases-query.spec.tsx" timestamp="2026-02-07T23:17:44.537Z" hostname="runnervmwffz4" tests="6" failures="0" errors="0" skipped="0" time="0.344779562">
        <testcase classname="src/app/hooks/use-releases-query.spec.tsx" name="useReleasesQuery &gt; should fetch releases successfully" time="0.054583355">
        </testcase>
        <testcase classname="src/app/hooks/use-releases-query.spec.tsx" name="useReleasesQuery &gt; should return error when fetch fails" time="0.054710259">
        </testcase>
        <testcase classname="src/app/hooks/use-releases-query.spec.tsx" name="useReleasesQuery &gt; should return error when network request fails" time="0.06952367">
        </testcase>
        <testcase classname="src/app/hooks/use-releases-query.spec.tsx" name="useReleasesQuery &gt; should provide refetch function" time="0.055410618">
        </testcase>
        <testcase classname="src/app/hooks/use-releases-query.spec.tsx" name="useReleasesQuery &gt; should have correct query key" time="0.053451389">
        </testcase>
        <testcase classname="src/app/hooks/use-releases-query.spec.tsx" name="useReleasesQuery &gt; should return empty releases array when API returns empty" time="0.055266427">
        </testcase>
    </testsuite>
    <testsuite name="src/lib/utils/email-security.spec.ts" timestamp="2026-02-07T23:17:44.538Z" hostname="runnervmwffz4" tests="15" failures="0" errors="0" skipped="0" time="0.006540371">
        <testcase classname="src/lib/utils/email-security.spec.ts" name="Email Security &gt; isDisposableEmail &gt; should identify common disposable email domains" time="0.00039532">
        </testcase>
        <testcase classname="src/lib/utils/email-security.spec.ts" name="Email Security &gt; isDisposableEmail &gt; should handle subdomain disposable emails" time="0.000217461">
        </testcase>
        <testcase classname="src/lib/utils/email-security.spec.ts" name="Email Security &gt; isDisposableEmail &gt; should return false for legitimate email domains" time="0.001279425">
        </testcase>
        <testcase classname="src/lib/utils/email-security.spec.ts" name="Email Security &gt; isDisposableEmail &gt; should handle case insensitivity" time="0.000299868">
        </testcase>
        <testcase classname="src/lib/utils/email-security.spec.ts" name="Email Security &gt; isDisposableEmail &gt; should handle emails without @ symbol" time="0.000162713">
        </testcase>
        <testcase classname="src/lib/utils/email-security.spec.ts" name="Email Security &gt; isDisposableEmail &gt; should handle emails with multiple @ symbols" time="0.000223084">
        </testcase>
        <testcase classname="src/lib/utils/email-security.spec.ts" name="Email Security &gt; validateEmailSecurity &gt; should validate correct email format" time="0.0000826">
        </testcase>
        <testcase classname="src/lib/utils/email-security.spec.ts" name="Email Security &gt; validateEmailSecurity &gt; should reject invalid email formats" time="0.000371416">
        </testcase>
        <testcase classname="src/lib/utils/email-security.spec.ts" name="Email Security &gt; validateEmailSecurity &gt; should reject disposable email addresses" time="0.000084215">
        </testcase>
        <testcase classname="src/lib/utils/email-security.spec.ts" name="Email Security &gt; validateEmailSecurity &gt; should reject emails with local part longer than 64 characters" time="0.000309234">
        </testcase>
        <testcase classname="src/lib/utils/email-security.spec.ts" name="Email Security &gt; validateEmailSecurity &gt; should accept emails with local part exactly 64 characters" time="0.000113681">
        </testcase>
        <testcase classname="src/lib/utils/email-security.spec.ts" name="Email Security &gt; validateEmailSecurity &gt; should validate common email formats" time="0.000447633">
        </testcase>
        <testcase classname="src/lib/utils/email-security.spec.ts" name="Email Security &gt; validateEmailSecurity &gt; should handle edge cases gracefully" time="0.00009546">
        </testcase>
        <testcase classname="src/lib/utils/email-security.spec.ts" name="Email Security &gt; validateEmailSecurity &gt; should reject emails with only @ symbol" time="0.000073422">
        </testcase>
        <testcase classname="src/lib/utils/email-security.spec.ts" name="Email Security &gt; validateEmailSecurity &gt; should handle unicode characters in email" time="0.000294701">
        </testcase>
    </testsuite>
    <testsuite name="src/app/components/ui/sidebar.spec.tsx" timestamp="2026-02-07T23:17:44.540Z" hostname="runnervmwffz4" tests="56" failures="0" errors="0" skipped="0" time="0.276658101">
        <testcase classname="src/app/components/ui/sidebar.spec.tsx" name="SidebarProvider &gt; renders with data-slot attribute" time="0.001162376">
        </testcase>
        <testcase classname="src/app/components/ui/sidebar.spec.tsx" name="SidebarProvider &gt; applies custom className" time="0.001399728">
        </testcase>
        <testcase classname="src/app/components/ui/sidebar.spec.tsx" name="SidebarProvider &gt; renders children" time="0.001364125">
        </testcase>
        <testcase classname="src/app/components/ui/sidebar.spec.tsx" name="SidebarProvider &gt; sets CSS variables for sidebar width" time="0.003336454">
        </testcase>
        <testcase classname="src/app/components/ui/sidebar.spec.tsx" name="Sidebar &gt; renders with data-slot attribute" time="0.00166093">
        </testcase>
        <testcase classname="src/app/components/ui/sidebar.spec.tsx" name="Sidebar &gt; renders with default side prop (left)" time="0.001912629">
        </testcase>
        <testcase classname="src/app/components/ui/sidebar.spec.tsx" name="Sidebar &gt; renders with right side prop" time="0.001923015">
        </testcase>
        <testcase classname="src/app/components/ui/sidebar.spec.tsx" name="Sidebar &gt; renders with data-state attribute" time="0.001737937">
        </testcase>
        <testcase classname="src/app/components/ui/sidebar.spec.tsx" name="Sidebar &gt; renders with collapsed state when defaultOpen is false" time="0.002185645">
        </testcase>
        <testcase classname="src/app/components/ui/sidebar.spec.tsx" name="Sidebar &gt; renders children" time="0.001693938">
        </testcase>
        <testcase classname="src/app/components/ui/sidebar.spec.tsx" name="Sidebar &gt; renders with collapsible=&quot;none&quot; variant" time="0.002245019">
        </testcase>
        <testcase classname="src/app/components/ui/sidebar.spec.tsx" name="SidebarTrigger &gt; renders with data-slot attribute" time="0.003540134">
        </testcase>
        <testcase classname="src/app/components/ui/sidebar.spec.tsx" name="SidebarTrigger &gt; has sr-only text for accessibility" time="0.009771366">
        </testcase>
        <testcase classname="src/app/components/ui/sidebar.spec.tsx" name="SidebarTrigger &gt; applies custom className" time="0.003352042">
        </testcase>
        <testcase classname="src/app/components/ui/sidebar.spec.tsx" name="SidebarRail &gt; renders with data-slot attribute" time="0.001823753">
        </testcase>
        <testcase classname="src/app/components/ui/sidebar.spec.tsx" name="SidebarRail &gt; has aria-label for accessibility" time="0.002461548">
        </testcase>
        <testcase classname="src/app/components/ui/sidebar.spec.tsx" name="SidebarInset &gt; renders with data-slot attribute" time="0.001667357">
        </testcase>
        <testcase classname="src/app/components/ui/sidebar.spec.tsx" name="SidebarInset &gt; renders as main element" time="0.002336465">
        </testcase>
        <testcase classname="src/app/components/ui/sidebar.spec.tsx" name="SidebarInset &gt; applies custom className" time="0.001682514">
        </testcase>
        <testcase classname="src/app/components/ui/sidebar.spec.tsx" name="SidebarInput &gt; renders with data-slot attribute" time="0.002506883">
        </testcase>
        <testcase classname="src/app/components/ui/sidebar.spec.tsx" name="SidebarInput &gt; accepts input" time="0.0803666">
        </testcase>
        <testcase classname="src/app/components/ui/sidebar.spec.tsx" name="SidebarHeader &gt; renders with data-slot attribute" time="0.001866461">
        </testcase>
        <testcase classname="src/app/components/ui/sidebar.spec.tsx" name="SidebarHeader &gt; renders children" time="0.001456831">
        </testcase>
        <testcase classname="src/app/components/ui/sidebar.spec.tsx" name="SidebarFooter &gt; renders with data-slot attribute" time="0.004624755">
        </testcase>
        <testcase classname="src/app/components/ui/sidebar.spec.tsx" name="SidebarFooter &gt; renders children" time="0.004106883">
        </testcase>
        <testcase classname="src/app/components/ui/sidebar.spec.tsx" name="SidebarSeparator &gt; renders with data-slot attribute" time="0.00200182">
        </testcase>
        <testcase classname="src/app/components/ui/sidebar.spec.tsx" name="SidebarContent &gt; renders with data-slot attribute" time="0.001318814">
        </testcase>
        <testcase classname="src/app/components/ui/sidebar.spec.tsx" name="SidebarContent &gt; renders children" time="0.001472002">
        </testcase>
        <testcase classname="src/app/components/ui/sidebar.spec.tsx" name="SidebarGroup &gt; renders with data-slot attribute" time="0.003273873">
        </testcase>
        <testcase classname="src/app/components/ui/sidebar.spec.tsx" name="SidebarGroupLabel &gt; renders with data-slot attribute" time="0.002065123">
        </testcase>
        <testcase classname="src/app/components/ui/sidebar.spec.tsx" name="SidebarGroupLabel &gt; renders text content" time="0.001572819">
        </testcase>
        <testcase classname="src/app/components/ui/sidebar.spec.tsx" name="SidebarGroupAction &gt; renders with data-slot attribute" time="0.029941046">
        </testcase>
        <testcase classname="src/app/components/ui/sidebar.spec.tsx" name="SidebarGroupContent &gt; renders with data-slot attribute" time="0.001498864">
        </testcase>
        <testcase classname="src/app/components/ui/sidebar.spec.tsx" name="SidebarMenu &gt; renders with data-slot attribute" time="0.001588412">
        </testcase>
        <testcase classname="src/app/components/ui/sidebar.spec.tsx" name="SidebarMenu &gt; renders as ul element" time="0.001397723">
        </testcase>
        <testcase classname="src/app/components/ui/sidebar.spec.tsx" name="SidebarMenuItem &gt; renders with data-slot attribute" time="0.002163569">
        </testcase>
        <testcase classname="src/app/components/ui/sidebar.spec.tsx" name="SidebarMenuItem &gt; renders as li element" time="0.002155536">
        </testcase>
        <testcase classname="src/app/components/ui/sidebar.spec.tsx" name="SidebarMenuButton &gt; renders with data-slot attribute" time="0.001793467">
        </testcase>
        <testcase classname="src/app/components/ui/sidebar.spec.tsx" name="SidebarMenuButton &gt; handles click events" time="0.014752483">
        </testcase>
        <testcase classname="src/app/components/ui/sidebar.spec.tsx" name="SidebarMenuButton &gt; renders with active state" time="0.001996344">
        </testcase>
        <testcase classname="src/app/components/ui/sidebar.spec.tsx" name="SidebarMenuButton &gt; renders with tooltip when provided as string" time="0.008120542">
        </testcase>
        <testcase classname="src/app/components/ui/sidebar.spec.tsx" name="SidebarMenuAction &gt; renders with data-slot attribute" time="0.001744869">
        </testcase>
        <testcase classname="src/app/components/ui/sidebar.spec.tsx" name="SidebarMenuBadge &gt; renders with data-slot attribute" time="0.002320177">
        </testcase>
        <testcase classname="src/app/components/ui/sidebar.spec.tsx" name="SidebarMenuBadge &gt; renders badge content" time="0.001658409">
        </testcase>
        <testcase classname="src/app/components/ui/sidebar.spec.tsx" name="SidebarMenuSkeleton &gt; renders with data-slot attribute" time="0.001931971">
        </testcase>
        <testcase classname="src/app/components/ui/sidebar.spec.tsx" name="SidebarMenuSkeleton &gt; renders with icon skeleton when showIcon is true" time="0.00219706">
        </testcase>
        <testcase classname="src/app/components/ui/sidebar.spec.tsx" name="SidebarMenuSkeleton &gt; always renders text skeleton" time="0.001433281">
        </testcase>
        <testcase classname="src/app/components/ui/sidebar.spec.tsx" name="SidebarMenuSub &gt; renders with data-slot attribute" time="0.001521174">
        </testcase>
        <testcase classname="src/app/components/ui/sidebar.spec.tsx" name="SidebarMenuSub &gt; renders as ul element" time="0.001675294">
        </testcase>
        <testcase classname="src/app/components/ui/sidebar.spec.tsx" name="SidebarMenuSubItem &gt; renders with data-slot attribute" time="0.002734857">
        </testcase>
        <testcase classname="src/app/components/ui/sidebar.spec.tsx" name="SidebarMenuSubButton &gt; renders with data-slot attribute" time="0.001604548">
        </testcase>
        <testcase classname="src/app/components/ui/sidebar.spec.tsx" name="SidebarMenuSubButton &gt; renders with active state" time="0.002091194">
        </testcase>
        <testcase classname="src/app/components/ui/sidebar.spec.tsx" name="SidebarMenuSubButton &gt; renders with sm size" time="0.0016742">
        </testcase>
        <testcase classname="src/app/components/ui/sidebar.spec.tsx" name="useSidebar hook &gt; throws error when used outside SidebarProvider" time="0.00486271">
        </testcase>
        <testcase classname="src/app/components/ui/sidebar.spec.tsx" name="Keyboard shortcut &gt; toggles sidebar on Ctrl+B" time="0.020455262">
        </testcase>
        <testcase classname="src/app/components/ui/sidebar.spec.tsx" name="Keyboard shortcut &gt; toggles sidebar on Cmd+B (Mac)" time="0.005651323">
        </testcase>
    </testsuite>
    <testsuite name="src/app/components/ui/label.spec.tsx" timestamp="2026-02-07T23:17:44.548Z" hostname="runnervmwffz4" tests="23" failures="0" errors="0" skipped="0" time="0.218264117">
        <testcase classname="src/app/components/ui/label.spec.tsx" name="Label &gt; rendering &gt; should render a label element" time="0.001542607">
        </testcase>
        <testcase classname="src/app/components/ui/label.spec.tsx" name="Label &gt; rendering &gt; should render children correctly" time="0.001625911">
        </testcase>
        <testcase classname="src/app/components/ui/label.spec.tsx" name="Label &gt; rendering &gt; should render complex children" time="0.001549759">
        </testcase>
        <testcase classname="src/app/components/ui/label.spec.tsx" name="Label &gt; styling &gt; should apply default CSS classes" time="0.001083281">
        </testcase>
        <testcase classname="src/app/components/ui/label.spec.tsx" name="Label &gt; styling &gt; should apply custom className along with default classes" time="0.001268185">
        </testcase>
        <testcase classname="src/app/components/ui/label.spec.tsx" name="Label &gt; styling &gt; should have disabled state styles in classes" time="0.001299177">
        </testcase>
        <testcase classname="src/app/components/ui/label.spec.tsx" name="Label &gt; interactions &gt; should call onClick handler when clicked" time="0.012783543">
        </testcase>
        <testcase classname="src/app/components/ui/label.spec.tsx" name="Label &gt; interactions &gt; should focus associated input when clicked" time="0.06494827">
        </testcase>
        <testcase classname="src/app/components/ui/label.spec.tsx" name="Label &gt; interactions &gt; should work with nested inputs" time="0.014893284">
        </testcase>
        <testcase classname="src/app/components/ui/label.spec.tsx" name="Label &gt; accessibility &gt; should associate with input using htmlFor" time="0.005153333">
        </testcase>
        <testcase classname="src/app/components/ui/label.spec.tsx" name="Label &gt; accessibility &gt; should work with implicit association (nested input)" time="0.006747722">
        </testcase>
        <testcase classname="src/app/components/ui/label.spec.tsx" name="Label &gt; accessibility &gt; should support aria-label" time="0.002611599">
        </testcase>
        <testcase classname="src/app/components/ui/label.spec.tsx" name="Label &gt; accessibility &gt; should support aria-describedby" time="0.001641607">
        </testcase>
        <testcase classname="src/app/components/ui/label.spec.tsx" name="Label &gt; HTML attributes &gt; should pass through HTML attributes" time="0.003580708">
        </testcase>
        <testcase classname="src/app/components/ui/label.spec.tsx" name="Label &gt; HTML attributes &gt; should support custom data attributes" time="0.002731803">
        </testcase>
        <testcase classname="src/app/components/ui/label.spec.tsx" name="Label &gt; form integration &gt; should work with checkbox inputs" time="0.018268152">
        </testcase>
        <testcase classname="src/app/components/ui/label.spec.tsx" name="Label &gt; form integration &gt; should work with radio inputs" time="0.023061291">
        </testcase>
        <testcase classname="src/app/components/ui/label.spec.tsx" name="Label &gt; form integration &gt; should work with select elements" time="0.006671508">
        </testcase>
        <testcase classname="src/app/components/ui/label.spec.tsx" name="Label &gt; form integration &gt; should work with textarea elements" time="0.006618166">
        </testcase>
        <testcase classname="src/app/components/ui/label.spec.tsx" name="Label &gt; required field indicators &gt; should render required indicator" time="0.001203118">
        </testcase>
        <testcase classname="src/app/components/ui/label.spec.tsx" name="Label &gt; required field indicators &gt; should handle complex required indicators" time="0.001596494">
        </testcase>
        <testcase classname="src/app/components/ui/label.spec.tsx" name="Label &gt; disabled states &gt; should handle disabled state through group context" time="0.029098946">
        </testcase>
        <testcase classname="src/app/components/ui/label.spec.tsx" name="Label &gt; disabled states &gt; should handle peer disabled states" time="0.005398336">
        </testcase>
    </testsuite>
    <testsuite name="src/app/components/ui/form.spec.tsx" timestamp="2026-02-07T23:17:44.551Z" hostname="runnervmwffz4" tests="25" failures="0" errors="0" skipped="0" time="0.149736044">
        <testcase classname="src/app/components/ui/form.spec.tsx" name="Form Components &gt; Form (FormProvider) &gt; provides form context to children" time="0.002765412">
        </testcase>
        <testcase classname="src/app/components/ui/form.spec.tsx" name="Form Components &gt; FormField &gt; renders Controller with field context" time="0.003931139">
        </testcase>
        <testcase classname="src/app/components/ui/form.spec.tsx" name="Form Components &gt; useFormField &gt; returns field information when used correctly" time="0.002972642">
        </testcase>
        <testcase classname="src/app/components/ui/form.spec.tsx" name="Form Components &gt; useFormField &gt; throws error when used outside FormProvider" time="0.00148807">
        </testcase>
        <testcase classname="src/app/components/ui/form.spec.tsx" name="Form Components &gt; useFormField &gt; throws error when field context is empty" time="0.000944413">
        </testcase>
        <testcase classname="src/app/components/ui/form.spec.tsx" name="Form Components &gt; FormItem &gt; renders with data-slot attribute" time="0.005451118">
        </testcase>
        <testcase classname="src/app/components/ui/form.spec.tsx" name="Form Components &gt; FormItem &gt; applies custom className" time="0.038356129">
        </testcase>
        <testcase classname="src/app/components/ui/form.spec.tsx" name="Form Components &gt; FormItem &gt; provides id context to children" time="0.007772121">
        </testcase>
        <testcase classname="src/app/components/ui/form.spec.tsx" name="Form Components &gt; FormLabel &gt; renders with data-slot attribute" time="0.003940674">
        </testcase>
        <testcase classname="src/app/components/ui/form.spec.tsx" name="Form Components &gt; FormLabel &gt; has htmlFor pointing to form item id" time="0.005458573">
        </testcase>
        <testcase classname="src/app/components/ui/form.spec.tsx" name="Form Components &gt; FormLabel &gt; shows error state when field has error" time="0.005842291">
        </testcase>
        <testcase classname="src/app/components/ui/form.spec.tsx" name="Form Components &gt; FormLabel &gt; applies custom className" time="0.003193401">
        </testcase>
        <testcase classname="src/app/components/ui/form.spec.tsx" name="Form Components &gt; FormControl &gt; renders with data-slot attribute" time="0.004959487">
        </testcase>
        <testcase classname="src/app/components/ui/form.spec.tsx" name="Form Components &gt; FormControl &gt; sets aria-describedby to description id when no error" time="0.006720549">
        </testcase>
        <testcase classname="src/app/components/ui/form.spec.tsx" name="Form Components &gt; FormControl &gt; sets aria-describedby to both description and message when error" time="0.00826315">
            <system-err>
Cannot update a component (`FormLabel`) while rendering a different component (`CompleteFormField`). To locate the bad setState() call inside `CompleteFormField`, follow the stack trace as described in https://react.dev/link/setstate-in-render

            </system-err>
        </testcase>
        <testcase classname="src/app/components/ui/form.spec.tsx" name="Form Components &gt; FormControl &gt; sets aria-invalid when there is an error" time="0.004457977">
        </testcase>
        <testcase classname="src/app/components/ui/form.spec.tsx" name="Form Components &gt; FormDescription &gt; renders with data-slot attribute" time="0.003878997">
        </testcase>
        <testcase classname="src/app/components/ui/form.spec.tsx" name="Form Components &gt; FormDescription &gt; renders description text" time="0.003026995">
        </testcase>
        <testcase classname="src/app/components/ui/form.spec.tsx" name="Form Components &gt; FormDescription &gt; applies custom className" time="0.00306295">
        </testcase>
        <testcase classname="src/app/components/ui/form.spec.tsx" name="Form Components &gt; FormMessage &gt; renders error message when field has error" time="0.003404">
        </testcase>
        <testcase classname="src/app/components/ui/form.spec.tsx" name="Form Components &gt; FormMessage &gt; renders with data-slot attribute" time="0.004494744">
        </testcase>
        <testcase classname="src/app/components/ui/form.spec.tsx" name="Form Components &gt; FormMessage &gt; renders nothing when no error and no children" time="0.003189789">
        </testcase>
        <testcase classname="src/app/components/ui/form.spec.tsx" name="Form Components &gt; FormMessage &gt; renders children as fallback when no error" time="0.003591417">
        </testcase>
        <testcase classname="src/app/components/ui/form.spec.tsx" name="Form Components &gt; FormMessage &gt; applies custom className" time="0.004365831">
        </testcase>
        <testcase classname="src/app/components/ui/form.spec.tsx" name="Form Components &gt; integration &gt; renders a complete form with all components" time="0.011234682">
        </testcase>
    </testsuite>
    <testsuite name="src/app/components/cdn-status-banner.spec.tsx" timestamp="2026-02-07T23:17:44.554Z" hostname="runnervmwffz4" tests="12" failures="0" errors="0" skipped="0" time="0.108771509">
        <testcase classname="src/app/components/cdn-status-banner.spec.tsx" name="CDNStatusBanner &gt; returns null when loading" time="0.001066903">
        </testcase>
        <testcase classname="src/app/components/cdn-status-banner.spec.tsx" name="CDNStatusBanner &gt; returns null when status is &quot;ready&quot;" time="0.00264908">
            <system-err>
Failed to check CDN status: TypeError: Cannot read properties of undefined (reading &apos;json&apos;)
    at checkStatus [90m(/home/runner/work/boudreaux/boudreaux/[39msrc/app/components/cdn-status-banner.tsx:29:37[90m)[39m

            </system-err>
        </testcase>
        <testcase classname="src/app/components/cdn-status-banner.spec.tsx" name="CDNStatusBanner &gt; shows banner when status is &quot;invalidating&quot;" time="0.005357609">
        </testcase>
        <testcase classname="src/app/components/cdn-status-banner.spec.tsx" name="CDNStatusBanner &gt; shows error banner when status is &quot;error&quot;" time="0.044544995">
            <system-err>
Failed to check CDN status: TypeError: Cannot read properties of undefined (reading &apos;json&apos;)
    at checkStatus [90m(/home/runner/work/boudreaux/boudreaux/[39msrc/app/components/cdn-status-banner.tsx:29:37[90m)[39m

            </system-err>
        </testcase>
        <testcase classname="src/app/components/cdn-status-banner.spec.tsx" name="CDNStatusBanner &gt; shows default banner for unknown status" time="0.00790997">
            <system-err>
Failed to check CDN status: TypeError: Cannot read properties of undefined (reading &apos;json&apos;)
    at checkStatus [90m(/home/runner/work/boudreaux/boudreaux/[39msrc/app/components/cdn-status-banner.tsx:29:37[90m)[39m

            </system-err>
        </testcase>
        <testcase classname="src/app/components/cdn-status-banner.spec.tsx" name="CDNStatusBanner &gt; displays estimated time remaining when available" time="0.006345448">
            <system-err>
Failed to check CDN status: TypeError: Cannot read properties of undefined (reading &apos;json&apos;)
    at checkStatus [90m(/home/runner/work/boudreaux/boudreaux/[39msrc/app/components/cdn-status-banner.tsx:29:37[90m)[39m

            </system-err>
        </testcase>
        <testcase classname="src/app/components/cdn-status-banner.spec.tsx" name="CDNStatusBanner &gt; handles fetch error gracefully" time="0.00538153">
        </testcase>
[...]
    </testsuite>
    <testsuite name="src/lib/actions/signin-action.spec.ts" timestamp="2026-02-07T23:17:44.678Z" hostname="runnervmwffz4" tests="0" failures="0" errors="0" skipped="0" time="0">
    </testsuite>
    <testsuite name="src/lib/validation/create-release-schema.spec.ts" timestamp="2026-02-07T23:17:44.678Z" hostname="runnervmwffz4" tests="0" failures="0" errors="0" skipped="0" time="0">
    </testsuite>
    <testsuite name="src/app/components/ui/table.spec.tsx" timestamp="2026-02-07T23:17:44.678Z" hostname="runnervmwffz4" tests="0" failures="0" errors="0" skipped="0" time="0">
    </testsuite>
    <testsuite name="src/app/components/ui/track-play-button.spec.tsx" timestamp="2026-02-07T23:17:44.678Z" hostname="runnervmwffz4" tests="0" failures="0" errors="0" skipped="0" time="0">
    </testsuite>
    <testsuite name="src/app/components/ui/aspect-ratio.spec.tsx" timestamp="2026-02-07T23:17:44.678Z" hostname="runnervmwffz4" tests="0" failures="0" errors="0" skipped="0" time="0">
    </testsuite>
    <testsuite name="src/app/components/ui/progress.spec.tsx" timestamp="2026-02-07T23:17:44.678Z" hostname="runnervmwffz4" tests="0" failures="0" errors="0" skipped="0" time="0">
    </testsuite>
    <testsuite name="src/app/components/ui/scroll-area.spec.tsx" timestamp="2026-02-07T23:17:44.679Z" hostname="runnervmwffz4" tests="0" failures="0" errors="0" skipped="0" time="0">
    </testsuite>
    <testsuite name="src/lib/utils/rate-limit.spec.ts" timestamp="2026-02-07T23:17:44.679Z" hostname="runnervmwffz4" tests="0" failures="0" errors="0" skipped="0" time="0">
    </testsuite>
    <testsuite name="src/app/components/forms/fields/state-field.spec.tsx" timestamp="2026-02-07T23:17:44.679Z" hostname="runnervmwffz4" tests="0" failures="0" errors="0" skipped="0" time="0">
    </testsuite>
    <testsuite name="src/app/components/footer/footer.spec.tsx" timestamp="2026-02-07T23:17:44.679Z" hostname="runnervmwffz4" tests="0" failures="0" errors="0" skipped="0" time="0">
    </testsuite>
    <testsuite name="src/app/components/ui/collapsible.spec.tsx" timestamp="2026-02-07T23:17:44.679Z" hostname="runnervmwffz4" tests="0" failures="0" errors="0" skipped="0" time="0">
    </testsuite>
    <testsuite name="src/lib/actions/create-track-action.spec.ts" timestamp="2026-02-07T23:17:44.679Z" hostname="runnervmwffz4" tests="0" failures="0" errors="0" skipped="0" time="0">
    </testsuite>
    <testsuite name="src/lib/actions/track-image-actions.spec.ts" timestamp="2026-02-07T23:17:44.679Z" hostname="runnervmwffz4" tests="0" failures="0" errors="0" skipped="0" time="0">
    </testsuite>
    <testsuite name="src/app/components/ui/sonner.spec.tsx" timestamp="2026-02-07T23:17:44.680Z" hostname="runnervmwffz4" tests="0" failures="0" errors="0" skipped="0" time="0">
    </testsuite>
    <testsuite name="src/app/components/ui/separator.spec.tsx" timestamp="2026-02-07T23:17:44.680Z" hostname="runnervmwffz4" tests="0" failures="0" errors="0" skipped="0" time="0">
    </testsuite>
    <testsuite name="src/lib/utils/profile-utils.spec.ts" timestamp="2026-02-07T23:17:44.680Z" hostname="runnervmwffz4" tests="0" failures="0" errors="0" skipped="0" time="0">
    </testsuite>
    <testsuite name="src/app/components/notification-banner.spec.tsx" timestamp="2026-02-07T23:17:44.680Z" hostname="runnervmwffz4" tests="0" failures="0" errors="0" skipped="0" time="0">
    </testsuite>
    <testsuite name="src/app/components/ui/alert.spec.tsx" timestamp="2026-02-07T23:17:44.680Z" hostname="runnervmwffz4" tests="0" failures="0" errors="0" skipped="0" time="0">
    </testsuite>
    <testsuite name="src/app/components/providers.spec.tsx" timestamp="2026-02-07T23:17:44.680Z" hostname="runnervmwffz4" tests="0" failures="0" errors="0" skipped="0" time="0">
    </testsuite>
    <testsuite name="src/app/hooks/use-featured-artists-query.spec.tsx" timestamp="2026-02-07T23:17:44.680Z" hostname="runnervmwffz4" tests="0" failures="0" errors="0" skipped="0" time="0">
    </testsuite>
    <testsuite name="src/app/components/health-status-message.spec.tsx" timestamp="2026-02-07T23:17:44.680Z" hostname="runnervmwffz4" tests="0" failures="0" errors="0" skipped="0" time="0">
    </testsuite>
    <testsuite name="src/app/components/ui/avatar.spec.tsx" timestamp="2026-02-07T23:17:44.681Z" hostname="runnervmwffz4" tests="0" failures="0" errors="0" skipped="0" time="0">
    </testsuite>
    <testsuite name="src/lib/utils/console-logger.spec.ts" timestamp="2026-02-07T23:17:44.681Z" hostname="runnervmwffz4" tests="0" failures="0" errors="0" skipped="0" time="0">
    </testsuite>
    <testsuite name="src/app/page.spec.tsx" timestamp="2026-02-07T23:17:44.681Z" hostname="runnervmwffz4" tests="0" failures="0" errors="0" skipped="0" time="0">
    </testsuite>
    <testsuite name="src/lib/utils/verify-turnstile.spec.ts" timestamp="2026-02-07T23:17:44.681Z" hostname="runnervmwffz4" tests="0" failures="0" errors="0" skipped="0" time="0">
    </testsuite>
    <testsuite name="src/lib/actions/update-profile-action.spec.ts" timestamp="2026-02-07T23:17:44.681Z" hostname="runnervmwffz4" tests="0" failures="0" errors="0" skipped="0" time="0">
    </testsuite>
    <testsuite name="src/app/components/auth/signup-link.spec.tsx" timestamp="2026-02-07T23:17:44.681Z" hostname="runnervmwffz4" tests="0" failures="0" errors="0" skipped="0" time="0">
    </testsuite>
    <testsuite name="src/app/hooks/use-tracks-query.spec.tsx" timestamp="2026-02-07T23:17:44.681Z" hostname="runnervmwffz4" tests="0" failures="0" errors="0" skipped="0" time="0">
    </testsuite>
    <testsuite name="src/app/about/page.spec.tsx" timestamp="2026-02-07T23:17:44.682Z" hostname="runnervmwffz4" tests="0" failures="0" errors="0" skipped="0" time="0">
    </testsuite>
    <testsuite name="src/lib/utils/get-artist-display-name.spec.ts" timestamp="2026-02-07T23:17:44.682Z" hostname="runnervmwffz4" tests="0" failures="0" errors="0" skipped="0" time="0">
    </testsuite>
    <testsuite name="src/lib/utils/tailwind-utils.spec.ts" timestamp="2026-02-07T23:17:44.682Z" hostname="runnervmwffz4" tests="0" failures="0" errors="0" skipped="0" time="0">
    </testsuite>
    <testsuite name="src/lib/types/health-status.spec.ts" timestamp="2026-02-07T23:17:44.682Z" hostname="runnervmwffz4" tests="0" failures="0" errors="0" skipped="0" time="0">
    </testsuite>
    <testsuite name="src/lib/actions/bulk-create-tracks-action.spec.ts" timestamp="2026-02-07T23:17:44.682Z" hostname="runnervmwffz4" tests="0" failures="0" errors="0" skipped="0" time="0">
    </testsuite>
    <testsuite name="src/app/components/header/header.spec.tsx" timestamp="2026-02-07T23:17:44.682Z" hostname="runnervmwffz4" tests="0" failures="0" errors="0" skipped="0" time="0">
    </testsuite>
    <testsuite name="src/lib/validation/change-email-schema.spec.ts" timestamp="2026-02-07T23:17:44.682Z" hostname="runnervmwffz4" tests="0" failures="0" errors="0" skipped="0" time="0">
    </testsuite>
    <testsuite name="src/app/admin/data-views/track-data-view.spec.tsx" timestamp="2026-02-07T23:17:44.682Z" hostname="runnervmwffz4" tests="0" failures="0" errors="0" skipped="0" time="0">
    </testsuite>
    <testsuite name="src/app/components/ui/popover.spec.tsx" timestamp="2026-02-07T23:17:44.683Z" hostname="runnervmwffz4" tests="0" failures="0" errors="0" skipped="0" time="0">
    </testsuite>
    <testsuite name="src/app/components/ui/carousel.spec.tsx" timestamp="2026-02-07T23:17:44.683Z" hostname="runnervmwffz4" tests="0" failures="0" errors="0" skipped="0" time="0">
    </testsuite>
    <testsuite name="src/lib/actions/process-notification-image-action.spec.ts" timestamp="2026-02-07T23:17:44.683Z" hostname="runnervmwffz4" tests="0" failures="0" errors="0" skipped="0" time="0">
    </testsuite>
    <testsuite name="src/lib/actions/presigned-upload-actions.spec.ts" timestamp="2026-02-07T23:17:44.683Z" hostname="runnervmwffz4" tests="0" failures="0" errors="0" skipped="0" time="0">
    </testsuite>
    <testsuite name="src/app/components/forms/fields/country-field.spec.tsx" timestamp="2026-02-07T23:17:44.683Z" hostname="runnervmwffz4" tests="0" failures="0" errors="0" skipped="0" time="0">
    </testsuite>
    <testsuite name="src/lib/utils/auth/require-role.spec.ts" timestamp="2026-02-07T23:17:44.683Z" hostname="runnervmwffz4" tests="0" failures="0" errors="0" skipped="0" time="0">
    </testsuite>
    <testsuite name="src/app/components/ui/page-section.spec.tsx" timestamp="2026-02-07T23:17:44.683Z" hostname="runnervmwffz4" tests="0" failures="0" errors="0" skipped="0" time="0">
    </testsuite>
    <testsuite name="src/app/components/featured-artists-player.spec.tsx" timestamp="2026-02-07T23:17:44.684Z" hostname="runnervmwffz4" tests="0" failures="0" errors="0" skipped="0" time="0">
    </testsuite>
    <testsuite name="src/app/components/ui/radio-group.spec.tsx" timestamp="2026-02-07T23:17:44.684Z" hostname="runnervmwffz4" tests="0" failures="0" errors="0" skipped="0" time="0">
    </testsuite>
    <testsuite name="src/app/api/featured-artists/route.spec.ts" timestamp="2026-02-07T23:17:44.684Z" hostname="runnervmwffz4" tests="0" failures="0" errors="0" skipped="0" time="0">
    </testsuite>
    <testsuite name="src/app/(auth)/success/change-username/container.spec.tsx" timestamp="2026-02-07T23:17:44.684Z" hostname="runnervmwffz4" tests="0" failures="0" errors="0" skipped="0" time="0">
    </testsuite>
    <testsuite name="src/app/components/ui/toggle-group.spec.tsx" timestamp="2026-02-07T23:17:44.684Z" hostname="runnervmwffz4" tests="0" failures="0" errors="0" skipped="0" time="0">
    </testsuite>
    <testsuite name="src/app/components/ui/turnstile-widget.spec.tsx" timestamp="2026-02-07T23:17:44.684Z" hostname="runnervmwffz4" tests="0" failures="0" errors="0" skipped="0" time="0">
    </testsuite>
    <testsuite name="src/app/components/ui/form-input.spec.tsx" timestamp="2026-02-07T23:17:44.684Z" hostname="runnervmwffz4" tests="0" failures="0" errors="0" skipped="0" time="0">
    </testsuite>
    <testsuite name="src/app/components/ui/page-section-paragraph.spec.tsx" timestamp="2026-02-07T23:17:44.685Z" hostname="runnervmwffz4" tests="0" failures="0" errors="0" skipped="0" time="0">
    </testsuite>
    <testsuite name="src/app/components/forms/bulk-track-uploader.spec.tsx" timestamp="2026-02-07T23:17:44.685Z" hostname="runnervmwffz4" tests="0" failures="0" errors="0" skipped="0" time="0">
    </testsuite>
    <testsuite name="src/app/components/ui/playlist-player.spec.tsx" timestamp="2026-02-07T23:17:44.685Z" hostname="runnervmwffz4" tests="0" failures="0" errors="0" skipped="0" time="0">
    </testsuite>
    <testsuite name="src/app/components/ui/content-container.spec.tsx" timestamp="2026-02-07T23:17:44.685Z" hostname="runnervmwffz4" tests="0" failures="0" errors="0" skipped="0" time="0">
    </testsuite>
    <testsuite name="src/lib/utils/image-resize.spec.ts" timestamp="2026-02-07T23:17:44.685Z" hostname="runnervmwffz4" tests="0" failures="0" errors="0" skipped="0" time="0">
    </testsuite>
    <testsuite name="src/lib/actions/release-image-actions.spec.ts" timestamp="2026-02-07T23:17:44.685Z" hostname="runnervmwffz4" tests="0" failures="0" errors="0" skipped="0" time="0">
    </testsuite>
    <testsuite name="src/app/components/ui/slider.spec.tsx" timestamp="2026-02-07T23:17:44.685Z" hostname="runnervmwffz4" tests="0" failures="0" errors="0" skipped="0" time="0">
    </testsuite>
    <testsuite name="src/app/components/auth/username-link.spec.tsx" timestamp="2026-02-07T23:17:44.685Z" hostname="runnervmwffz4" tests="0" failures="0" errors="0" skipped="0" time="0">
    </testsuite>
    <testsuite name="src/lib/actions/update-track-action.spec.ts" timestamp="2026-02-07T23:17:44.686Z" hostname="runnervmwffz4" tests="0" failures="0" errors="0" skipped="0" time="0">
    </testsuite>
    <testsuite name="src/app/hooks/use-infinite-tracks-query.spec.ts" timestamp="2026-02-07T23:17:44.686Z" hostname="runnervmwffz4" tests="0" failures="0" errors="0" skipped="0" time="0">
    </testsuite>
    <testsuite name="src/app/hooks/use-groups-query.spec.tsx" timestamp="2026-02-07T23:17:44.686Z" hostname="runnervmwffz4" tests="0" failures="0" errors="0" skipped="0" time="0">
    </testsuite>
    <testsuite name="src/app/components/ui/media-uploader.spec.tsx" timestamp="2026-02-07T23:17:44.686Z" hostname="runnervmwffz4" tests="0" failures="0" errors="0" skipped="0" time="0">
    </testsuite>
    <testsuite name="src/app/components/ui/dialog.spec.tsx" timestamp="2026-02-07T23:17:44.686Z" hostname="runnervmwffz4" tests="0" failures="0" errors="0" skipped="0" time="0">
    </testsuite>
    <testsuite name="src/lib/actions/group-member-actions.spec.ts" timestamp="2026-02-07T23:17:44.686Z" hostname="runnervmwffz4" tests="0" failures="0" errors="0" skipped="0" time="0">
    </testsuite>
    <testsuite name="src/app/components/health-status-icon.spec.tsx" timestamp="2026-02-07T23:17:44.686Z" hostname="runnervmwffz4" tests="0" failures="0" errors="0" skipped="0" time="0">
    </testsuite>
    <testsuite name="src/lib/actions/find-or-create-artist-action.spec.ts" timestamp="2026-02-07T23:17:44.687Z" hostname="runnervmwffz4" tests="0" failures="0" errors="0" skipped="0" time="0">
    </testsuite>
    <testsuite name="src/app/api/health/route.spec.ts" timestamp="2026-02-07T23:17:44.687Z" hostname="runnervmwffz4" tests="0" failures="0" errors="0" skipped="0" time="0">
    </testsuite>
    <testsuite name="src/app/components/forms/fields/checkbox-field.spec.tsx" timestamp="2026-02-07T23:17:44.687Z" hostname="runnervmwffz4" tests="0" failures="0" errors="0" skipped="0" time="0">
    </testsuite>
    <testsuite name="src/lib/actions/signup-action.spec.ts" timestamp="2026-02-07T23:17:44.687Z" hostname="runnervmwffz4" tests="0" failures="0" errors="0" skipped="0" time="0">
    </testsuite>
    <testsuite name="src/app/components/auth/admin-link.spec.tsx" timestamp="2026-02-07T23:17:44.687Z" hostname="runnervmwffz4" tests="0" failures="0" errors="0" skipped="0" time="0">
    </testsuite>
    <testsuite name="src/app/components/ui/resizable.spec.tsx" timestamp="2026-02-07T23:17:44.687Z" hostname="runnervmwffz4" tests="0" failures="0" errors="0" skipped="0" time="0">
    </testsuite>
    <testsuite name="src/lib/actions/change-username-action.spec.ts" timestamp="2026-02-07T23:17:44.687Z" hostname="runnervmwffz4" tests="0" failures="0" errors="0" skipped="0" time="0">
    </testsuite>
    <testsuite name="src/app/components/ui/command.spec.tsx" timestamp="2026-02-07T23:17:44.688Z" hostname="runnervmwffz4" tests="0" failures="0" errors="0" skipped="0" time="0">
    </testsuite>
    <testsuite name="src/app/components/ui/loading-spinner.spec.tsx" timestamp="2026-02-07T23:17:44.688Z" hostname="runnervmwffz4" tests="0" failures="0" errors="0" skipped="0" time="0">
    </testsuite>
    <testsuite name="src/app/admin/data-views/release-data-view.spec.tsx" timestamp="2026-02-07T23:17:44.688Z" hostname="runnervmwffz4" tests="0" failures="0" errors="0" skipped="0" time="0">
    </testsuite>
    <testsuite name="src/app/components/ui/spinners/spinner-ring-circle.spec.tsx" timestamp="2026-02-07T23:17:44.688Z" hostname="runnervmwffz4" tests="0" failures="0" errors="0" skipped="0" time="0">
    </testsuite>
    <testsuite name="src/lib/actions/update-track-audio-action.spec.ts" timestamp="2026-02-07T23:17:44.688Z" hostname="runnervmwffz4" tests="0" failures="0" errors="0" skipped="0" time="0">
    </testsuite>
    <testsuite name="src/app/components/auth/signout-button.spec.tsx" timestamp="2026-02-07T23:17:44.688Z" hostname="runnervmwffz4" tests="0" failures="0" errors="0" skipped="0" time="0">
    </testsuite>
    <testsuite name="src/lib/actions/notification-banner-action.spec.ts" timestamp="2026-02-07T23:17:44.688Z" hostname="runnervmwffz4" tests="0" failures="0" errors="0" skipped="0" time="0">
    </testsuite>
    <testsuite name="src/app/components/ui/patreon-link.spec.tsx" timestamp="2026-02-07T23:17:44.689Z" hostname="runnervmwffz4" tests="0" failures="0" errors="0" skipped="0" time="0">
    </testsuite>
    <testsuite name="src/app/components/ui/social-media-icon-links.spec.tsx" timestamp="2026-02-07T23:17:44.689Z" hostname="runnervmwffz4" tests="0" failures="0" errors="0" skipped="0" time="0">
    </testsuite>
    <testsuite name="src/lib/utils/sanitization.spec.ts" timestamp="2026-02-07T23:17:44.689Z" hostname="runnervmwffz4" tests="0" failures="0" errors="0" skipped="0" time="0">
    </testsuite>
    <testsuite name="src/app/components/ui/hamburger-menu.spec.tsx" timestamp="2026-02-07T23:17:44.689Z" hostname="runnervmwffz4" tests="0" failures="0" errors="0" skipped="0" time="0">
    </testsuite>
    <testsuite name="src/app/components/ui/card.spec.tsx" timestamp="2026-02-07T23:17:44.689Z" hostname="runnervmwffz4" tests="0" failures="0" errors="0" skipped="0" time="0">
    </testsuite>
    <testsuite name="src/app/api/releases/route.spec.ts" timestamp="2026-02-07T23:17:44.689Z" hostname="runnervmwffz4" tests="0" failures="0" errors="0" skipped="0" time="0">
    </testsuite>
    <testsuite name="src/lib/validation/signup-schema.spec.ts" timestamp="2026-02-07T23:17:44.689Z" hostname="runnervmwffz4" tests="0" failures="0" errors="0" skipped="0" time="0">
    </testsuite>
    <testsuite name="src/app/hooks/use-mobile.spec.ts" timestamp="2026-02-07T23:17:44.689Z" hostname="runnervmwffz4" tests="0" failures="0" errors="0" skipped="0" time="0">
    </testsuite>
    <testsuite name="src/lib/config/env-validation.spec.ts" timestamp="2026-02-07T23:17:44.690Z" hostname="runnervmwffz4" tests="0" failures="0" errors="0" skipped="0" time="0">
    </testsuite>
    <testsuite name="src/lib/services/release-service.spec.ts" timestamp="2026-02-07T23:17:44.690Z" hostname="runnervmwffz4" tests="0" failures="0" errors="0" skipped="0" time="0">
    </testsuite>
    <testsuite name="src/lib/utils/account-lockout.spec.ts" timestamp="2026-02-07T23:17:44.690Z" hostname="runnervmwffz4" tests="0" failures="0" errors="0" skipped="0" time="0">
    </testsuite>
    <testsuite name="src/lib/decorators/with-auth.spec.ts" timestamp="2026-02-07T23:17:44.690Z" hostname="runnervmwffz4" tests="0" failures="0" errors="0" skipped="0" time="0">
    </testsuite>
    <testsuite name="src/app/api/tracks/route.spec.ts" timestamp="2026-02-07T23:17:44.690Z" hostname="runnervmwffz4" tests="0" failures="0" errors="0" skipped="0" time="0">
    </testsuite>
    <testsuite name="src/app/api/artists/route.spec.ts" timestamp="2026-02-07T23:17:44.690Z" hostname="runnervmwffz4" tests="0" failures="0" errors="0" skipped="0" time="0">
    </testsuite>
    <testsuite name="src/app/components/ui/navigation-menu.spec.tsx" timestamp="2026-02-07T23:17:44.690Z" hostname="runnervmwffz4" tests="0" failures="0" errors="0" skipped="0" time="0">
    </testsuite>
    <testsuite name="src/app/components/ui/tooltip.spec.tsx" timestamp="2026-02-07T23:17:44.691Z" hostname="runnervmwffz4" tests="0" failures="0" errors="0" skipped="0" time="0">
    </testsuite>
    <testsuite name="src/app/actions/get-featured-artists.spec.ts" timestamp="2026-02-07T23:17:44.691Z" hostname="runnervmwffz4" tests="0" failures="0" errors="0" skipped="0" time="0">
    </testsuite>
    <testsuite name="src/lib/prisma-adapter.spec.ts" timestamp="2026-02-07T23:17:44.691Z" hostname="runnervmwffz4" tests="0" failures="0" errors="0" skipped="0" time="0">
    </testsuite>
    <testsuite name="src/lib/services/audio-metadata-service.spec.ts" timestamp="2026-02-07T23:17:44.691Z" hostname="runnervmwffz4" tests="0" failures="0" errors="0" skipped="0" time="0">
    </testsuite>
    <testsuite name="src/app/components/ui/sheet.spec.tsx" timestamp="2026-02-07T23:17:44.691Z" hostname="runnervmwffz4" tests="0" failures="0" errors="0" skipped="0" time="0">
    </testsuite>
</testsuites>
