<?xml version="1.0" encoding="UTF-8" ?>
<testsuites name="vitest tests" tests="3443" failures="0" errors="0" time="27.319648711">
    <testsuite name="src/app/components/forms/fields/artist-multi-select.spec.tsx" timestamp="2026-02-06T06:04:53.840Z" hostname="runnervmkj6or" tests="23" failures="0" errors="0" skipped="0" time="0.783460279">
        <testcase classname="src/app/components/forms/fields/artist-multi-select.spec.tsx" name="ArtistMultiSelect &gt; rendering &gt; renders the component with label" time="0.004241182">
        </testcase>
        <testcase classname="src/app/components/forms/fields/artist-multi-select.spec.tsx" name="ArtistMultiSelect &gt; rendering &gt; renders with custom placeholder" time="0.003512502">
        </testcase>
        <testcase classname="src/app/components/forms/fields/artist-multi-select.spec.tsx" name="ArtistMultiSelect &gt; rendering &gt; renders disabled when disabled prop is true" time="0.0030529">
        </testcase>
        <testcase classname="src/app/components/forms/fields/artist-multi-select.spec.tsx" name="ArtistMultiSelect &gt; popover behavior &gt; opens popover when trigger is clicked" time="0.020498623">
        </testcase>
        <testcase classname="src/app/components/forms/fields/artist-multi-select.spec.tsx" name="ArtistMultiSelect &gt; popover behavior &gt; fetches artists when popover opens" time="0.023447211">
        </testcase>
        <testcase classname="src/app/components/forms/fields/artist-multi-select.spec.tsx" name="ArtistMultiSelect &gt; search functionality &gt; renders search input with placeholder" time="0.025041906">
        </testcase>
        <testcase classname="src/app/components/forms/fields/artist-multi-select.spec.tsx" name="ArtistMultiSelect &gt; artist display &gt; displays artist items when loaded" time="0.030531123">
        </testcase>
        <testcase classname="src/app/components/forms/fields/artist-multi-select.spec.tsx" name="ArtistMultiSelect &gt; artist display &gt; shows display name when available" time="0.116160143">
        </testcase>
        <testcase classname="src/app/components/forms/fields/artist-multi-select.spec.tsx" name="ArtistMultiSelect &gt; artist display &gt; shows firstName surname when displayName is empty" time="0.027218442">
        </testcase>
        <testcase classname="src/app/components/forms/fields/artist-multi-select.spec.tsx" name="ArtistMultiSelect &gt; selection behavior &gt; shows selected count when artists are selected" time="0.054008567">
        </testcase>
        <testcase classname="src/app/components/forms/fields/artist-multi-select.spec.tsx" name="ArtistMultiSelect &gt; selection behavior &gt; shows plural count for multiple selected artists" time="0.050167157">
        </testcase>
        <testcase classname="src/app/components/forms/fields/artist-multi-select.spec.tsx" name="ArtistMultiSelect &gt; create artist link &gt; includes returnTo parameter when releaseId is provided" time="0.018626462">
        </testcase>
        <testcase classname="src/app/components/forms/fields/artist-multi-select.spec.tsx" name="ArtistMultiSelect &gt; create artist link &gt; includes releaseId parameter when releaseId is provided" time="0.020948537">
        </testcase>
        <testcase classname="src/app/components/forms/fields/artist-multi-select.spec.tsx" name="ArtistMultiSelect &gt; create artist link &gt; has no query params when releaseId is not provided" time="0.019151525">
        </testcase>
        <testcase classname="src/app/components/forms/fields/artist-multi-select.spec.tsx" name="ArtistMultiSelect &gt; toggle selection &gt; deselects artist when clicking on already selected item" time="0.044392721">
        </testcase>
        <testcase classname="src/app/components/forms/fields/artist-multi-select.spec.tsx" name="ArtistMultiSelect &gt; badge removal &gt; removes artist when clicking badge remove button" time="0.06378344">
        </testcase>
        <testcase classname="src/app/components/forms/fields/artist-multi-select.spec.tsx" name="ArtistMultiSelect &gt; disabled state &gt; disables trigger button when disabled prop is true" time="0.004617931">
        </testcase>
        <testcase classname="src/app/components/forms/fields/artist-multi-select.spec.tsx" name="ArtistMultiSelect &gt; popover state management &gt; clears search value when popover closes" time="0.073138745">
        </testcase>
        <testcase classname="src/app/components/forms/fields/artist-multi-select.spec.tsx" name="ArtistMultiSelect &gt; fetch error handling &gt; handles non-ok response from fetch" time="0.019576843">
        </testcase>
        <testcase classname="src/app/components/forms/fields/artist-multi-select.spec.tsx" name="ArtistMultiSelect &gt; fetch error handling &gt; handles network error during fetch" time="0.021655338">
        </testcase>
        <testcase classname="src/app/components/forms/fields/artist-multi-select.spec.tsx" name="ArtistMultiSelect &gt; fetch error handling &gt; handles non-Error exception during fetch" time="0.025413303">
        </testcase>
        <testcase classname="src/app/components/forms/fields/artist-multi-select.spec.tsx" name="ArtistMultiSelect &gt; search with parameter &gt; fetches with search parameter when searching" time="0.090962439">
            <system-err>
An update to ArtistMultiSelect inside a test was not wrapped in act(...).

When testing, code that causes React state updates should be wrapped into act(...):

act(() =&gt; {
  /* fire events that update state */
});
/* assert on the output */

This ensures that you&apos;re testing the behavior the user would see in the browser. Learn more at https://react.dev/link/wrap-tests-with-act
An update to ArtistMultiSelect inside a test was not wrapped in act(...).

When testing, code that causes React state updates should be wrapped into act(...):

act(() =&gt; {
  /* fire events that update state */
});
/* assert on the output */

This ensures that you&apos;re testing the behavior the user would see in the browser. Learn more at https://react.dev/link/wrap-tests-with-act

An update to ArtistMultiSelect inside a test was not wrapped in act(...).

When testing, code that causes React state updates should be wrapped into act(...):

act(() =&gt; {
  /* fire events that update state */
});
/* assert on the output */

This ensures that you&apos;re testing the behavior the user would see in the browser. Learn more at https://react.dev/link/wrap-tests-with-act
An update to ArtistMultiSelect inside a test was not wrapped in act(...).

When testing, code that causes React state updates should be wrapped into act(...):

act(() =&gt; {
  /* fire events that update state */
});
/* assert on the output */

This ensures that you&apos;re testing the behavior the user would see in the browser. Learn more at https://react.dev/link/wrap-tests-with-act

            </system-err>
        </testcase>
        <testcase classname="src/app/components/forms/fields/artist-multi-select.spec.tsx" name="ArtistMultiSelect &gt; search with parameter &gt; does not skip initial fetch when artists are empty" time="0.019714689">
        </testcase>
    </testsuite>
    <testsuite name="src/lib/utils/countries.spec.ts" timestamp="2026-02-06T06:04:53.846Z" hostname="runnervmkj6or" tests="7" failures="0" errors="0" skipped="0" time="0.023595334">
        <testcase classname="src/lib/utils/countries.spec.ts" name="countries utility &gt; COUNTRIES constant &gt; should be an array of country objects" time="0.000395223">
        </testcase>
        <testcase classname="src/lib/utils/countries.spec.ts" name="countries utility &gt; COUNTRIES constant &gt; should have valid country objects with code and name" time="0.017476701">
        </testcase>
        <testcase classname="src/lib/utils/countries.spec.ts" name="countries utility &gt; COUNTRIES constant &gt; should include common countries" time="0.001205786">
        </testcase>
        <testcase classname="src/lib/utils/countries.spec.ts" name="countries utility &gt; getCountryName &gt; should return country name for valid code" time="0.000482464">
        </testcase>
        <testcase classname="src/lib/utils/countries.spec.ts" name="countries utility &gt; getCountryName &gt; should return the code itself for invalid code" time="0.001324114">
        </testcase>
        <testcase classname="src/lib/utils/countries.spec.ts" name="countries utility &gt; getCountryName &gt; should handle empty string" time="0.000282003">
        </testcase>
        <testcase classname="src/lib/utils/countries.spec.ts" name="countries utility &gt; getDefaultCountry &gt; should return US as default country" time="0.000141442">
        </testcase>
    </testsuite>
    <testsuite name="src/app/components/ui/breadcrumb-menu.spec.tsx" timestamp="2026-02-06T06:04:53.848Z" hostname="runnervmkj6or" tests="18" failures="0" errors="0" skipped="0" time="0.199685303">
        <testcase classname="src/app/components/ui/breadcrumb-menu.spec.tsx" name="BreadcrumbMenu &gt; renders the home icon" time="0.003186587">
        </testcase>
        <testcase classname="src/app/components/ui/breadcrumb-menu.spec.tsx" name="BreadcrumbMenu &gt; renders home link with correct href" time="0.008891364">
        </testcase>
        <testcase classname="src/app/components/ui/breadcrumb-menu.spec.tsx" name="BreadcrumbMenu &gt; renders screen reader text for home icon" time="0.003086062">
        </testcase>
        <testcase classname="src/app/components/ui/breadcrumb-menu.spec.tsx" name="BreadcrumbMenu &gt; renders all breadcrumb items" time="0.007404607">
        </testcase>
        <testcase classname="src/app/components/ui/breadcrumb-menu.spec.tsx" name="BreadcrumbMenu &gt; renders inactive items as links" time="0.012379352">
        </testcase>
        <testcase classname="src/app/components/ui/breadcrumb-menu.spec.tsx" name="BreadcrumbMenu &gt; renders active items as plain text (not links)" time="0.004388706">
        </testcase>
        <testcase classname="src/app/components/ui/breadcrumb-menu.spec.tsx" name="BreadcrumbMenu &gt; renders separators between items" time="0.005097641">
        </testcase>
        <testcase classname="src/app/components/ui/breadcrumb-menu.spec.tsx" name="BreadcrumbMenu &gt; renders empty list when no items provided" time="0.005551942">
        </testcase>
        <testcase classname="src/app/components/ui/breadcrumb-menu.spec.tsx" name="BreadcrumbMenu &gt; renders single item correctly" time="0.005241577">
        </testcase>
        <testcase classname="src/app/components/ui/breadcrumb-menu.spec.tsx" name="BreadcrumbMenu &gt; generates unique keys for items using url and anchorText" time="0.004799377">
        </testcase>
        <testcase classname="src/app/components/ui/breadcrumb-menu.spec.tsx" name="BreadcrumbMenu &gt; handles items with same anchorText but different urls" time="0.096327013">
        </testcase>
        <testcase classname="src/app/components/ui/breadcrumb-menu.spec.tsx" name="BreadcrumbMenu &gt; applies correct classes to wrapper" time="0.003951886">
        </testcase>
        <testcase classname="src/app/components/ui/breadcrumb-menu.spec.tsx" name="BreadcrumbMenu &gt; applies hover styles to home icon link" time="0.002717539">
        </testcase>
        <testcase classname="src/app/components/ui/breadcrumb-menu.spec.tsx" name="BreadcrumbMenu &gt; renders multiple active items if provided" time="0.007076209">
        </testcase>
        <testcase classname="src/app/components/ui/breadcrumb-menu.spec.tsx" name="BreadcrumbMenu &gt; handles special characters in anchorText" time="0.005709565">
        </testcase>
        <testcase classname="src/app/components/ui/breadcrumb-menu.spec.tsx" name="BreadcrumbMenu &gt; handles long breadcrumb chains" time="0.010265923">
        </testcase>
        <testcase classname="src/app/components/ui/breadcrumb-menu.spec.tsx" name="BreadcrumbMenu &gt; renders with aria attributes for accessibility" time="0.006909559">
        </testcase>
        <testcase classname="src/app/components/ui/breadcrumb-menu.spec.tsx" name="BreadcrumbMenu &gt; home icon has correct structure" time="0.004071038">
        </testcase>
    </testsuite>
    <testsuite name="src/lib/actions/update-profile-action.spec.ts" timestamp="2026-02-06T06:04:53.852Z" hostname="runnervmkj6or" tests="18" failures="0" errors="0" skipped="0" time="0.024923778">
        <testcase classname="src/lib/actions/update-profile-action.spec.ts" name="updateProfileAction &gt; successful profile update flow &gt; should update profile when data is valid and user is authenticated" time="0.001279052">
            <system-out>
[SECURITY_AUDIT] {
  event: [32m&apos;user.profile.updated&apos;[39m,
  userId: [32m&apos;user-123&apos;[39m,
  metadata: {
    updatedFields: [
      [32m&apos;firstName&apos;[39m,
      [32m&apos;lastName&apos;[39m,
      [32m&apos;phone&apos;[39m,
      [32m&apos;addressLine1&apos;[39m,
      [32m&apos;addressLine2&apos;[39m,
      [32m&apos;city&apos;[39m,
      [32m&apos;state&apos;[39m,
      [32m&apos;zipCode&apos;[39m,
      [32m&apos;country&apos;[39m,
      [32m&apos;allowSmsNotifications&apos;[39m
    ]
  },
  timestamp: [35m2026-02-06T06:02:09.641Z[39m
}

            </system-out>
        </testcase>
        <testcase classname="src/lib/actions/update-profile-action.spec.ts" name="updateProfileAction &gt; successful profile update flow &gt; should combine first and last name into fullName" time="0.000972142">
            <system-out>
[SECURITY_AUDIT] {
  event: [32m&apos;user.profile.updated&apos;[39m,
  userId: [32m&apos;user-123&apos;[39m,
  metadata: {
    updatedFields: [
      [32m&apos;firstName&apos;[39m,
      [32m&apos;lastName&apos;[39m,
      [32m&apos;phone&apos;[39m,
      [32m&apos;addressLine1&apos;[39m,
      [32m&apos;addressLine2&apos;[39m,
      [32m&apos;city&apos;[39m,
      [32m&apos;state&apos;[39m,
      [32m&apos;zipCode&apos;[39m,
      [32m&apos;country&apos;[39m,
      [32m&apos;allowSmsNotifications&apos;[39m
    ]
  },
  timestamp: [35m2026-02-06T06:02:09.642Z[39m
}

            </system-out>
        </testcase>
        <testcase classname="src/lib/actions/update-profile-action.spec.ts" name="updateProfileAction &gt; successful profile update flow &gt; should handle empty first name" time="0.002186895">
            <system-out>
[SECURITY_AUDIT] {
  event: [32m&apos;user.profile.updated&apos;[39m,
  userId: [32m&apos;user-123&apos;[39m,
  metadata: {
    updatedFields: [
      [32m&apos;firstName&apos;[39m,
      [32m&apos;lastName&apos;[39m,
      [32m&apos;phone&apos;[39m,
      [32m&apos;addressLine1&apos;[39m,
      [32m&apos;addressLine2&apos;[39m,
      [32m&apos;city&apos;[39m,
      [32m&apos;state&apos;[39m,
      [32m&apos;zipCode&apos;[39m,
      [32m&apos;country&apos;[39m,
      [32m&apos;allowSmsNotifications&apos;[39m
    ]
  },
  timestamp: [35m2026-02-06T06:02:09.636Z[39m
}

            </system-out>
        </testcase>
        <testcase classname="src/lib/actions/update-profile-action.spec.ts" name="updateProfileAction &gt; successful profile update flow &gt; should handle empty last name" time="0.001039718">
            <system-out>
[SECURITY_AUDIT] {
  event: [32m&apos;user.profile.updated&apos;[39m,
  userId: [32m&apos;user-123&apos;[39m,
  metadata: {
    updatedFields: [
      [32m&apos;firstName&apos;[39m,
      [32m&apos;lastName&apos;[39m,
      [32m&apos;phone&apos;[39m,
      [32m&apos;addressLine1&apos;[39m,
      [32m&apos;addressLine2&apos;[39m,
      [32m&apos;city&apos;[39m,
      [32m&apos;state&apos;[39m,
      [32m&apos;zipCode&apos;[39m,
      [32m&apos;country&apos;[39m,
      [32m&apos;allowSmsNotifications&apos;[39m
    ]
  },
  timestamp: [35m2026-02-06T06:02:09.640Z[39m
}

            </system-out>
        </testcase>
        <testcase classname="src/lib/actions/update-profile-action.spec.ts" name="updateProfileAction &gt; successful profile update flow &gt; should revalidate profile path after successful update" time="0.0009325">
            <system-out>
[SECURITY_AUDIT] {
  event: [32m&apos;user.profile.updated&apos;[39m,
  userId: [32m&apos;user-123&apos;[39m,
  metadata: {
    updatedFields: [
      [32m&apos;firstName&apos;[39m,
      [32m&apos;lastName&apos;[39m,
      [32m&apos;phone&apos;[39m,
      [32m&apos;addressLine1&apos;[39m,
      [32m&apos;addressLine2&apos;[39m,
      [32m&apos;city&apos;[39m,
      [32m&apos;state&apos;[39m,
      [32m&apos;zipCode&apos;[39m,
      [32m&apos;country&apos;[39m,
      [32m&apos;allowSmsNotifications&apos;[39m
    ]
  },
  timestamp: [35m2026-02-06T06:02:09.643Z[39m
}

            </system-out>
        </testcase>
        <testcase classname="src/lib/actions/update-profile-action.spec.ts" name="updateProfileAction &gt; successful profile update flow &gt; should handle all optional fields" time="0.001305019">
            <system-out>
[SECURITY_AUDIT] {
  event: [32m&apos;user.profile.updated&apos;[39m,
  userId: [32m&apos;user-123&apos;[39m,
  metadata: {
    updatedFields: [
      [32m&apos;firstName&apos;[39m,
      [32m&apos;lastName&apos;[39m,
      [32m&apos;phone&apos;[39m,
      [32m&apos;addressLine1&apos;[39m,
      [32m&apos;addressLine2&apos;[39m,
      [32m&apos;city&apos;[39m,
      [32m&apos;state&apos;[39m,
      [32m&apos;zipCode&apos;[39m,
      [32m&apos;country&apos;[39m,
      [32m&apos;allowSmsNotifications&apos;[39m
    ]
  },
  timestamp: [35m2026-02-06T06:02:09.638Z[39m
}

            </system-out>
        </testcase>
        <testcase classname="src/lib/actions/update-profile-action.spec.ts" name="updateProfileAction &gt; authentication errors &gt; should return error when user is not authenticated" time="0.000466655">
        </testcase>
        <testcase classname="src/lib/actions/update-profile-action.spec.ts" name="updateProfileAction &gt; authentication errors &gt; should return error when session exists but user ID is missing" time="0.000536484">
        </testcase>
        <testcase classname="src/lib/actions/update-profile-action.spec.ts" name="updateProfileAction &gt; authentication errors &gt; should return error when session exists but user is undefined" time="0.000328389">
        </testcase>
        <testcase classname="src/lib/actions/update-profile-action.spec.ts" name="updateProfileAction &gt; validation errors &gt; should return formState when validation fails" time="0.002595532">
        </testcase>
        <testcase classname="src/lib/actions/update-profile-action.spec.ts" name="updateProfileAction &gt; validation errors &gt; should not call database when parsed data is invalid" time="0.000561101">
        </testcase>
        <testcase classname="src/lib/actions/update-profile-action.spec.ts" name="updateProfileAction &gt; database errors &gt; should handle Prisma known request errors" time="0.000789774">
        </testcase>
        <testcase classname="src/lib/actions/update-profile-action.spec.ts" name="updateProfileAction &gt; database errors &gt; should handle generic database errors" time="0.001070175">
        </testcase>
        <testcase classname="src/lib/actions/update-profile-action.spec.ts" name="updateProfileAction &gt; database errors &gt; should not revalidate path when update fails" time="0.000403838">
        </testcase>
        <testcase classname="src/lib/actions/update-profile-action.spec.ts" name="updateProfileAction &gt; edge cases &gt; should handle empty string values" time="0.000797549">
            <system-out>
[SECURITY_AUDIT] {
  event: [32m&apos;user.profile.updated&apos;[39m,
  userId: [32m&apos;user-123&apos;[39m,
  metadata: {
    updatedFields: [
      [32m&apos;firstName&apos;[39m,
      [32m&apos;lastName&apos;[39m,
      [32m&apos;phone&apos;[39m,
      [32m&apos;addressLine1&apos;[39m,
      [32m&apos;addressLine2&apos;[39m,
      [32m&apos;city&apos;[39m,
      [32m&apos;state&apos;[39m,
      [32m&apos;zipCode&apos;[39m,
      [32m&apos;country&apos;[39m,
      [32m&apos;allowSmsNotifications&apos;[39m
    ]
  },
  timestamp: [35m2026-02-06T06:02:09.646Z[39m
}

            </system-out>
        </testcase>
        <testcase classname="src/lib/actions/update-profile-action.spec.ts" name="updateProfileAction &gt; edge cases &gt; should trim whitespace from name combination" time="0.000730805">
            <system-out>
[SECURITY_AUDIT] {
  event: [32m&apos;user.profile.updated&apos;[39m,
  userId: [32m&apos;user-123&apos;[39m,
  metadata: {
    updatedFields: [
      [32m&apos;firstName&apos;[39m,
      [32m&apos;lastName&apos;[39m,
      [32m&apos;phone&apos;[39m,
      [32m&apos;addressLine1&apos;[39m,
      [32m&apos;addressLine2&apos;[39m,
      [32m&apos;city&apos;[39m,
      [32m&apos;state&apos;[39m,
      [32m&apos;zipCode&apos;[39m,
      [32m&apos;country&apos;[39m,
      [32m&apos;allowSmsNotifications&apos;[39m
    ]
  },
  timestamp: [35m2026-02-06T06:02:09.645Z[39m
}

            </system-out>
        </testcase>
        <testcase classname="src/lib/actions/update-profile-action.spec.ts" name="updateProfileAction &gt; edge cases &gt; should handle allowSmsNotifications as boolean" time="0.00073904">
            <system-out>
[SECURITY_AUDIT] {
  event: [32m&apos;user.profile.updated&apos;[39m,
  userId: [32m&apos;user-123&apos;[39m,
  metadata: {
    updatedFields: [
      [32m&apos;firstName&apos;[39m,
      [32m&apos;lastName&apos;[39m,
      [32m&apos;phone&apos;[39m,
      [32m&apos;addressLine1&apos;[39m,
      [32m&apos;addressLine2&apos;[39m,
      [32m&apos;city&apos;[39m,
      [32m&apos;state&apos;[39m,
      [32m&apos;zipCode&apos;[39m,
      [32m&apos;country&apos;[39m,
      [32m&apos;allowSmsNotifications&apos;[39m
    ]
  },
  timestamp: [35m2026-02-06T06:02:09.647Z[39m
}

            </system-out>
        </testcase>
        <testcase classname="src/lib/actions/update-profile-action.spec.ts" name="updateProfileAction &gt; permitted fields &gt; should only process permitted fields" time="0.005475381">
            <system-out>
[SECURITY_AUDIT] {
  event: [32m&apos;user.profile.updated&apos;[39m,
  userId: [32m&apos;user-123&apos;[39m,
  metadata: {
    updatedFields: [
      [32m&apos;firstName&apos;[39m,
      [32m&apos;lastName&apos;[39m,
      [32m&apos;phone&apos;[39m,
      [32m&apos;addressLine1&apos;[39m,
      [32m&apos;addressLine2&apos;[39m,
      [32m&apos;city&apos;[39m,
      [32m&apos;state&apos;[39m,
      [32m&apos;zipCode&apos;[39m,
      [32m&apos;country&apos;[39m,
      [32m&apos;allowSmsNotifications&apos;[39m
    ]
  },
  timestamp: [35m2026-02-06T06:02:09.628Z[39m
}

            </system-out>
        </testcase>
    </testsuite>
    <testsuite name="src/app/components/forms/fields/combobox-field.spec.tsx" timestamp="2026-02-06T06:04:53.858Z" hostname="runnervmkj6or" tests="32" failures="0" errors="0" skipped="0" time="0.378638089">
        <testcase classname="src/app/components/forms/fields/combobox-field.spec.tsx" name="ComboboxField &gt; renders with correct label and placeholder" time="0.003550062">
        </testcase>
        <testcase classname="src/app/components/forms/fields/combobox-field.spec.tsx" name="ComboboxField &gt; renders with correct combobox attributes" time="0.004210977">
        </testcase>
        <testcase classname="src/app/components/forms/fields/combobox-field.spec.tsx" name="ComboboxField &gt; renders command input with correct placeholder" time="0.004524098">
        </testcase>
        <testcase classname="src/app/components/forms/fields/combobox-field.spec.tsx" name="ComboboxField &gt; renders all command structure components" time="0.004139334">
        </testcase>
        <testcase classname="src/app/components/forms/fields/combobox-field.spec.tsx" name="ComboboxField &gt; renders all options as command items" time="0.004387273">
        </testcase>
        <testcase classname="src/app/components/forms/fields/combobox-field.spec.tsx" name="ComboboxField &gt; shows empty message" time="0.003477888">
        </testcase>
        <testcase classname="src/app/components/forms/fields/combobox-field.spec.tsx" name="ComboboxField &gt; calls onUserInteraction when option is selected" time="0.004198804">
        </testcase>
        <testcase classname="src/app/components/forms/fields/combobox-field.spec.tsx" name="ComboboxField &gt; does not call onUserInteraction when not provided" time="0.00467631">
        </testcase>
        <testcase classname="src/app/components/forms/fields/combobox-field.spec.tsx" name="ComboboxField &gt; uses default popover width" time="0.00586871">
        </testcase>
        <testcase classname="src/app/components/forms/fields/combobox-field.spec.tsx" name="ComboboxField &gt; uses custom popover width when provided" time="0.004749616">
        </testcase>
        <testcase classname="src/app/components/forms/fields/combobox-field.spec.tsx" name="ComboboxField &gt; renders form message component" time="0.002727206">
        </testcase>
        <testcase classname="src/app/components/forms/fields/combobox-field.spec.tsx" name="ComboboxField &gt; renders check and chevron icons" time="0.007527195">
        </testcase>
        <testcase classname="src/app/components/forms/fields/combobox-field.spec.tsx" name="ComboboxField &gt; handles options with custom search values" time="0.003265444">
        </testcase>
        <testcase classname="src/app/components/forms/fields/combobox-field.spec.tsx" name="ComboboxField &gt; handles options without custom search values" time="0.00339241">
        </testcase>
        <testcase classname="src/app/components/forms/fields/combobox-field.spec.tsx" name="ComboboxField &gt; renders all form structure components" time="0.003763748">
        </testcase>
        <testcase classname="src/app/components/forms/fields/combobox-field.spec.tsx" name="ComboboxField &gt; passes setValue prop when provided" time="0.004190038">
        </testcase>
        <testcase classname="src/app/components/forms/fields/combobox-field.spec.tsx" name="ComboboxField &gt; displays placeholder when field has no value" time="0.002754496">
        </testcase>
        <testcase classname="src/app/components/forms/fields/combobox-field.spec.tsx" name="ComboboxField &gt; calls setValue with correct parameters when option is selected" time="0.085070987">
        </testcase>
        <testcase classname="src/app/components/forms/fields/combobox-field.spec.tsx" name="ComboboxField &gt; calls both setValue and field.onChange when option selected" time="0.036640849">
        </testcase>
        <testcase classname="src/app/components/forms/fields/combobox-field.spec.tsx" name="ComboboxField &gt; Focus and Keyboard Behavior &gt; opens popover when user types an alphanumeric key" time="0.009422769">
        </testcase>
        <testcase classname="src/app/components/forms/fields/combobox-field.spec.tsx" name="ComboboxField &gt; Focus and Keyboard Behavior &gt; opens popover when user types a number" time="0.013346704">
        </testcase>
        <testcase classname="src/app/components/forms/fields/combobox-field.spec.tsx" name="ComboboxField &gt; Focus and Keyboard Behavior &gt; does not open popover for non-alphanumeric keys" time="0.009068072">
        </testcase>
        <testcase classname="src/app/components/forms/fields/combobox-field.spec.tsx" name="ComboboxField &gt; Focus and Keyboard Behavior &gt; populates search input when typing on closed popover" time="0.007950951">
        </testcase>
        <testcase classname="src/app/components/forms/fields/combobox-field.spec.tsx" name="ComboboxField &gt; Focus and Keyboard Behavior &gt; renders search input as controlled with value prop" time="0.006900644">
        </testcase>
        <testcase classname="src/app/components/forms/fields/combobox-field.spec.tsx" name="ComboboxField &gt; Focus and Keyboard Behavior &gt; clears search input after selecting an option" time="0.010420379">
        </testcase>
        <testcase classname="src/app/components/forms/fields/combobox-field.spec.tsx" name="ComboboxField &gt; Focus and Keyboard Behavior &gt; handles uppercase letters correctly" time="0.05605388">
        </testcase>
        <testcase classname="src/app/components/forms/fields/combobox-field.spec.tsx" name="ComboboxField &gt; Focus and Keyboard Behavior &gt; handles numbers correctly" time="0.010073066">
        </testcase>
        <testcase classname="src/app/components/forms/fields/combobox-field.spec.tsx" name="ComboboxField &gt; Focus and Keyboard Behavior &gt; populates search input when typing letter on closed popover and opens popover" time="0.012851005">
        </testcase>
        <testcase classname="src/app/components/forms/fields/combobox-field.spec.tsx" name="ComboboxField &gt; Focus and Keyboard Behavior &gt; uses controlled search input with value prop" time="0.00710404">
        </testcase>
        <testcase classname="src/app/components/forms/fields/combobox-field.spec.tsx" name="ComboboxField &gt; Focus and Keyboard Behavior &gt; passes shouldFilter prop to Command component" time="0.005090647">
        </testcase>
        <testcase classname="src/app/components/forms/fields/combobox-field.spec.tsx" name="ComboboxField &gt; Focus and Keyboard Behavior &gt; clears search value when popover closes" time="0.021453603">
        </testcase>
        <testcase classname="src/app/components/forms/fields/combobox-field.spec.tsx" name="ComboboxField &gt; Focus and Keyboard Behavior &gt; closes popover when search input is cleared while open" time="0.012810709">
        </testcase>
    </testsuite>
    <testsuite name="src/app/components/auth/signed-in-as.spec.tsx" timestamp="2026-02-06T06:04:53.864Z" hostname="runnervmkj6or" tests="8" failures="0" errors="0" skipped="0" time="0.113736368">
        <testcase classname="src/app/components/auth/signed-in-as.spec.tsx" name="SignedInAs &gt; when user has username &gt; renders the signed in text" time="0.005376007">
        </testcase>
        <testcase classname="src/app/components/auth/signed-in-as.spec.tsx" name="SignedInAs &gt; when user has username &gt; renders the key icon with correct size" time="0.004614344">
        </testcase>
        <testcase classname="src/app/components/auth/signed-in-as.spec.tsx" name="SignedInAs &gt; when user has username &gt; renders the username link" time="0.057976254">
        </testcase>
        <testcase classname="src/app/components/auth/signed-in-as.spec.tsx" name="SignedInAs &gt; when user has username &gt; applies consistent flex layout" time="0.003601066">
        </testcase>
        <testcase classname="src/app/components/auth/signed-in-as.spec.tsx" name="SignedInAs &gt; when user has username &gt; shows appropriate content based on screen size" time="0.031784124">
        </testcase>
        <testcase classname="src/app/components/auth/signed-in-as.spec.tsx" name="SignedInAs &gt; when user has no username &gt; displays email when username is undefined but email is available" time="0.002531734">
        </testcase>
        <testcase classname="src/app/components/auth/signed-in-as.spec.tsx" name="SignedInAs &gt; when user has no username &gt; displays email when username is null but email is available" time="0.003531938">
        </testcase>
        <testcase classname="src/app/components/auth/signed-in-as.spec.tsx" name="SignedInAs &gt; when user has no username &gt; returns null when user session is null" time="0.002006419">
            <system-err>
[SignedInAs] No display name found, returning null

            </system-err>
        </testcase>
    </testsuite>
    <testsuite name="src/app/components/ui/navigation-menu.spec.tsx" timestamp="2026-02-06T06:04:53.866Z" hostname="runnervmkj6or" tests="14" failures="0" errors="0" skipped="0" time="0.132898877">
        <testcase classname="src/app/components/ui/navigation-menu.spec.tsx" name="NavigationMenu &gt; renders" time="0.00912663">
        </testcase>
        <testcase classname="src/app/components/ui/navigation-menu.spec.tsx" name="NavigationMenu &gt; applies custom className" time="0.009433721">
        </testcase>
        <testcase classname="src/app/components/ui/navigation-menu.spec.tsx" name="NavigationMenu &gt; renders without viewport when viewport=false" time="0.006576733">
        </testcase>
        <testcase classname="src/app/components/ui/navigation-menu.spec.tsx" name="NavigationMenuList &gt; renders" time="0.009914852">
        </testcase>
        <testcase classname="src/app/components/ui/navigation-menu.spec.tsx" name="NavigationMenuItem &gt; renders" time="0.008655748">
        </testcase>
        <testcase classname="src/app/components/ui/navigation-menu.spec.tsx" name="NavigationMenuTrigger &gt; renders" time="0.056766472">
        </testcase>
        <testcase classname="src/app/components/ui/navigation-menu.spec.tsx" name="NavigationMenuTrigger &gt; has data-slot attribute" time="0.010768985">
        </testcase>
        <testcase classname="src/app/components/ui/navigation-menu.spec.tsx" name="NavigationMenuContent &gt; can be imported" time="0.00025903">
        </testcase>
        <testcase classname="src/app/components/ui/navigation-menu.spec.tsx" name="NavigationMenuLink &gt; can be imported" time="0.000562713">
        </testcase>
        <testcase classname="src/app/components/ui/navigation-menu.spec.tsx" name="NavigationMenuLink &gt; renders with data-slot attribute" time="0.008553427">
        </testcase>
        <testcase classname="src/app/components/ui/navigation-menu.spec.tsx" name="NavigationMenuLink &gt; applies custom className" time="0.008034085">
        </testcase>
        <testcase classname="src/app/components/ui/navigation-menu.spec.tsx" name="NavigationMenuIndicator &gt; can be imported" time="0.000287613">
        </testcase>
        <testcase classname="src/app/components/ui/navigation-menu.spec.tsx" name="NavigationMenuViewport &gt; can be imported" time="0.000233263">
        </testcase>
        <testcase classname="src/app/components/ui/navigation-menu.spec.tsx" name="navigationMenuTriggerStyle &gt; returns a string" time="0.000229616">
        </testcase>
    </testsuite>
    <testsuite name="src/app/api/featured-artists/route.spec.ts" timestamp="2026-02-06T06:04:53.869Z" hostname="runnervmkj6or" tests="11" failures="0" errors="0" skipped="0" time="0.023671736">
        <testcase classname="src/app/api/featured-artists/route.spec.ts" name="Featured Artists API Routes &gt; GET /api/featured-artists &gt; should return all featured artists with default parameters" time="0.000633495">
        </testcase>
        <testcase classname="src/app/api/featured-artists/route.spec.ts" name="Featured Artists API Routes &gt; GET /api/featured-artists &gt; should handle pagination parameters" time="0.000921789">
        </testcase>
        <testcase classname="src/app/api/featured-artists/route.spec.ts" name="Featured Artists API Routes &gt; GET /api/featured-artists &gt; should handle search parameter" time="0.005593029">
        </testcase>
        <testcase classname="src/app/api/featured-artists/route.spec.ts" name="Featured Artists API Routes &gt; GET /api/featured-artists &gt; should return empty array when no featured artists found" time="0.000687726">
        </testcase>
        <testcase classname="src/app/api/featured-artists/route.spec.ts" name="Featured Artists API Routes &gt; GET /api/featured-artists &gt; should return 503 when database is unavailable" time="0.000379774">
        </testcase>
        <testcase classname="src/app/api/featured-artists/route.spec.ts" name="Featured Artists API Routes &gt; GET /api/featured-artists &gt; should return 500 for other errors" time="0.001098347">
        </testcase>
        <testcase classname="src/app/api/featured-artists/route.spec.ts" name="Featured Artists API Routes &gt; POST /api/featured-artists &gt; should create a new featured artist" time="0.000929593">
        </testcase>
        <testcase classname="src/app/api/featured-artists/route.spec.ts" name="Featured Artists API Routes &gt; POST /api/featured-artists &gt; should return 503 when database is unavailable on create" time="0.00079297">
        </testcase>
        <testcase classname="src/app/api/featured-artists/route.spec.ts" name="Featured Artists API Routes &gt; POST /api/featured-artists &gt; should return 500 for create errors" time="0.001448224">
        </testcase>
        <testcase classname="src/app/api/featured-artists/route.spec.ts" name="Featured Artists API Routes &gt; POST /api/featured-artists &gt; should handle unexpected errors in GET and return 500" time="0.001360402">
            <system-err>
FeaturedArtist GET error: Error: Unexpected error
    at [90m/home/runner/work/boudreaux/boudreaux/[39msrc/app/api/featured-artists/route.spec.ts:215:9
    at [90mfile:///home/runner/work/boudreaux/boudreaux/[39mnode_modules/[4m@vitest/runner[24m/dist/index.js:145:11
    at [90mfile:///home/runner/work/boudreaux/boudreaux/[39mnode_modules/[4m@vitest/runner[24m/dist/index.js:915:26
    at [90mfile:///home/runner/work/boudreaux/boudreaux/[39mnode_modules/[4m@vitest/runner[24m/dist/index.js:1243:20
    at new Promise (&lt;anonymous&gt;)
    at runWithTimeout [90m(file:///home/runner/work/boudreaux/boudreaux/[39mnode_modules/[4m@vitest/runner[24m/dist/index.js:1209:10[90m)[39m
    at [90mfile:///home/runner/work/boudreaux/boudreaux/[39mnode_modules/[4m@vitest/runner[24m/dist/index.js:1653:37
    at Traces.$ [90m(file:///home/runner/work/boudreaux/boudreaux/[39mnode_modules/[4mvitest[24m/dist/chunks/traces.CCmnQaNT.js:142:27[90m)[39m
    at trace [90m(file:///home/runner/work/boudreaux/boudreaux/[39mnode_modules/[4mvitest[24m/dist/chunks/test.B8ej_ZHS.js:239:21[90m)[39m
    at runTest [90m(file:///home/runner/work/boudreaux/boudreaux/[39mnode_modules/[4m@vitest/runner[24m/dist/index.js:1653:12[90m)[39m

            </system-err>
        </testcase>
        <testcase classname="src/app/api/featured-artists/route.spec.ts" name="Featured Artists API Routes &gt; POST /api/featured-artists &gt; should handle unexpected errors in POST and return 500" time="0.007480127">
            <system-err>
FeaturedArtist POST error: Error: Unexpected error
    at [90m/home/runner/work/boudreaux/boudreaux/[39msrc/app/api/featured-artists/route.spec.ts:228:9
    at [90mfile:///home/runner/work/boudreaux/boudreaux/[39mnode_modules/[4m@vitest/runner[24m/dist/index.js:145:11
    at [90mfile:///home/runner/work/boudreaux/boudreaux/[39mnode_modules/[4m@vitest/runner[24m/dist/index.js:915:26
    at [90mfile:///home/runner/work/boudreaux/boudreaux/[39mnode_modules/[4m@vitest/runner[24m/dist/index.js:1243:20
    at new Promise (&lt;anonymous&gt;)
    at runWithTimeout [90m(file:///home/runner/work/boudreaux/boudreaux/[39mnode_modules/[4m@vitest/runner[24m/dist/index.js:1209:10[90m)[39m
    at [90mfile:///home/runner/work/boudreaux/boudreaux/[39mnode_modules/[4m@vitest/runner[24m/dist/index.js:1653:37
    at Traces.$ [90m(file:///home/runner/work/boudreaux/boudreaux/[39mnode_modules/[4mvitest[24m/dist/chunks/traces.CCmnQaNT.js:142:27[90m)[39m
    at trace [90m(file:///home/runner/work/boudreaux/boudreaux/[39mnode_modules/[4mvitest[24m/dist/chunks/test.B8ej_ZHS.js:239:21[90m)[39m
    at runTest [90m(file:///home/runner/work/boudreaux/boudreaux/[39mnode_modules/[4m@vitest/runner[24m/dist/index.js:1653:12[90m)[39m

            </system-err>
        </testcase>
    </testsuite>
    <testsuite name="src/app/components/ui/input-otp.spec.tsx" timestamp="2026-02-06T06:04:53.872Z" hostname="runnervmkj6or" tests="16" failures="0" errors="0" skipped="0" time="0.206000906">
        <testcase classname="src/app/components/ui/input-otp.spec.tsx" name="InputOTP &gt; renders" time="0.005069089">
        </testcase>
        <testcase classname="src/app/components/ui/input-otp.spec.tsx" name="InputOTP &gt; applies custom className" time="0.005980239">
        </testcase>
        <testcase classname="src/app/components/ui/input-otp.spec.tsx" name="InputOTP &gt; applies custom containerClassName" time="0.004766277">
        </testcase>
        <testcase classname="src/app/components/ui/input-otp.spec.tsx" name="InputOTPGroup &gt; renders" time="0.003908938">
        </testcase>
        <testcase classname="src/app/components/ui/input-otp.spec.tsx" name="InputOTPGroup &gt; applies custom className" time="0.004067572">
        </testcase>
        <testcase classname="src/app/components/ui/input-otp.spec.tsx" name="InputOTPGroup &gt; has flex layout" time="0.004810609">
        </testcase>
        <testcase classname="src/app/components/ui/input-otp.spec.tsx" name="InputOTPSlot &gt; renders" time="0.008723374">
        </testcase>
        <testcase classname="src/app/components/ui/input-otp.spec.tsx" name="InputOTPSlot &gt; applies custom className" time="0.05573055">
        </testcase>
        <testcase classname="src/app/components/ui/input-otp.spec.tsx" name="InputOTPSlot &gt; renders multiple slots" time="0.00865654">
        </testcase>
        <testcase classname="src/app/components/ui/input-otp.spec.tsx" name="InputOTPSeparator &gt; renders" time="0.007064478">
        </testcase>
        <testcase classname="src/app/components/ui/input-otp.spec.tsx" name="InputOTPSeparator &gt; has separator role" time="0.047647463">
        </testcase>
        <testcase classname="src/app/components/ui/input-otp.spec.tsx" name="InputOTPSeparator &gt; contains minus icon" time="0.006636485">
        </testcase>
        <testcase classname="src/app/components/ui/input-otp.spec.tsx" name="Full InputOTP Integration &gt; renders a complete OTP input with separator" time="0.011134816">
        </testcase>
        <testcase classname="src/app/components/ui/input-otp.spec.tsx" name="InputOTPSlot with fake caret &gt; renders fake caret when slot has focus" time="0.013930749">
        </testcase>
        <testcase classname="src/app/components/ui/input-otp.spec.tsx" name="InputOTPSlot with fake caret &gt; displays character in slot when provided" time="0.008405755">
            <system-err>
Input contains an input of type undefined with both value and defaultValue props. Input elements must be either controlled or uncontrolled (specify either the value prop, or the defaultValue prop, but not both). Decide between using a controlled or uncontrolled input element and remove one of these props. More info: https://react.dev/link/controlled-components

            </system-err>
        </testcase>
        <testcase classname="src/app/components/ui/input-otp.spec.tsx" name="InputOTPSlot with fake caret &gt; handles slot without context gracefully" time="0.005764568">
        </testcase>
    </testsuite>
    <testsuite name="src/lib/validation/create-track-schema.spec.ts" timestamp="2026-02-06T06:04:53.875Z" hostname="runnervmkj6or" tests="42" failures="0" errors="0" skipped="0" time="0.022023374">
        <testcase classname="src/lib/validation/create-track-schema.spec.ts" name="create-track-schema &gt; title validation &gt; should accept valid titles" time="0.000283616">
        </testcase>
        <testcase classname="src/lib/validation/create-track-schema.spec.ts" name="create-track-schema &gt; title validation &gt; should reject empty title" time="0.000324722">
        </testcase>
        <testcase classname="src/lib/validation/create-track-schema.spec.ts" name="create-track-schema &gt; title validation &gt; should reject title exceeding 200 characters" time="0.000317448">
        </testcase>
        <testcase classname="src/lib/validation/create-track-schema.spec.ts" name="create-track-schema &gt; title validation &gt; should accept title at max length (200 characters)" time="0.000142585">
        </testcase>
        <testcase classname="src/lib/validation/create-track-schema.spec.ts" name="create-track-schema &gt; duration validation &gt; should accept valid durations" time="0.000342084">
        </testcase>
        <testcase classname="src/lib/validation/create-track-schema.spec.ts" name="create-track-schema &gt; duration validation &gt; should reject duration less than 1 second" time="0.000323159">
        </testcase>
        <testcase classname="src/lib/validation/create-track-schema.spec.ts" name="create-track-schema &gt; duration validation &gt; should reject negative duration" time="0.000278877">
        </testcase>
        <testcase classname="src/lib/validation/create-track-schema.spec.ts" name="create-track-schema &gt; duration validation &gt; should reject duration exceeding 24 hours (86400 seconds)" time="0.000308983">
        </testcase>
        <testcase classname="src/lib/validation/create-track-schema.spec.ts" name="create-track-schema &gt; duration validation &gt; should accept duration at max (86400 seconds = 24 hours)" time="0.000152192">
        </testcase>
        <testcase classname="src/lib/validation/create-track-schema.spec.ts" name="create-track-schema &gt; duration validation &gt; should reject non-integer duration" time="0.000413777">
        </testcase>
        <testcase classname="src/lib/validation/create-track-schema.spec.ts" name="create-track-schema &gt; audioUrl validation &gt; should accept valid URLs" time="0.000368674">
        </testcase>
        <testcase classname="src/lib/validation/create-track-schema.spec.ts" name="create-track-schema &gt; audioUrl validation &gt; should reject empty audioUrl" time="0.000374104">
        </testcase>
        <testcase classname="src/lib/validation/create-track-schema.spec.ts" name="create-track-schema &gt; audioUrl validation &gt; should reject invalid URLs" time="0.000622624">
        </testcase>
        <testcase classname="src/lib/validation/create-track-schema.spec.ts" name="create-track-schema &gt; coverArt validation &gt; should accept valid URLs" time="0.000775698">
        </testcase>
        <testcase classname="src/lib/validation/create-track-schema.spec.ts" name="create-track-schema &gt; coverArt validation &gt; should accept empty coverArt (optional field)" time="0.003428317">
        </testcase>
        <testcase classname="src/lib/validation/create-track-schema.spec.ts" name="create-track-schema &gt; coverArt validation &gt; should accept undefined coverArt" time="0.000433855">
        </testcase>
        <testcase classname="src/lib/validation/create-track-schema.spec.ts" name="create-track-schema &gt; coverArt validation &gt; should reject invalid URLs" time="0.001431605">
        </testcase>
        <testcase classname="src/lib/validation/create-track-schema.spec.ts" name="create-track-schema &gt; position validation &gt; should accept valid positions" time="0.000535173">
        </testcase>
        <testcase classname="src/lib/validation/create-track-schema.spec.ts" name="create-track-schema &gt; position validation &gt; should reject negative positions" time="0.000444624">
        </testcase>
        <testcase classname="src/lib/validation/create-track-schema.spec.ts" name="create-track-schema &gt; position validation &gt; should reject non-integer positions" time="0.000316166">
        </testcase>
        <testcase classname="src/lib/validation/create-track-schema.spec.ts" name="create-track-schema &gt; artistIds validation &gt; should accept valid MongoDB ObjectIds" time="0.000207555">
        </testcase>
        <testcase classname="src/lib/validation/create-track-schema.spec.ts" name="create-track-schema &gt; artistIds validation &gt; should accept empty artistIds array" time="0.00032881">
        </testcase>
        <testcase classname="src/lib/validation/create-track-schema.spec.ts" name="create-track-schema &gt; artistIds validation &gt; should accept undefined artistIds" time="0.000357012">
        </testcase>
        <testcase classname="src/lib/validation/create-track-schema.spec.ts" name="create-track-schema &gt; artistIds validation &gt; should reject invalid MongoDB ObjectIds" time="0.000863281">
        </testcase>
        <testcase classname="src/lib/validation/create-track-schema.spec.ts" name="create-track-schema &gt; releaseIds validation &gt; should accept valid MongoDB ObjectIds" time="0.000149246">
        </testcase>
        <testcase classname="src/lib/validation/create-track-schema.spec.ts" name="create-track-schema &gt; releaseIds validation &gt; should accept empty releaseIds array" time="0.000213807">
        </testcase>
        <testcase classname="src/lib/validation/create-track-schema.spec.ts" name="create-track-schema &gt; releaseIds validation &gt; should accept undefined releaseIds" time="0.000163403">
        </testcase>
        <testcase classname="src/lib/validation/create-track-schema.spec.ts" name="create-track-schema &gt; releaseIds validation &gt; should reject invalid MongoDB ObjectIds" time="0.000639446">
        </testcase>
        <testcase classname="src/lib/validation/create-track-schema.spec.ts" name="create-track-schema &gt; publishedOn validation &gt; should accept valid date strings" time="0.00052341">
        </testcase>
        <testcase classname="src/lib/validation/create-track-schema.spec.ts" name="create-track-schema &gt; publishedOn validation &gt; should accept empty publishedOn" time="0.000370407">
        </testcase>
        <testcase classname="src/lib/validation/create-track-schema.spec.ts" name="create-track-schema &gt; publishedOn validation &gt; should accept undefined publishedOn" time="0.000214687">
        </testcase>
        <testcase classname="src/lib/validation/create-track-schema.spec.ts" name="create-track-schema &gt; createdBy validation &gt; should accept valid MongoDB ObjectId" time="0.000211091">
        </testcase>
        <testcase classname="src/lib/validation/create-track-schema.spec.ts" name="create-track-schema &gt; createdBy validation &gt; should accept undefined createdBy" time="0.000252588">
        </testcase>
        <testcase classname="src/lib/validation/create-track-schema.spec.ts" name="create-track-schema &gt; createdBy validation &gt; should reject invalid MongoDB ObjectId format" time="0.000680061">
        </testcase>
        <testcase classname="src/lib/validation/create-track-schema.spec.ts" name="create-track-schema &gt; full form validation &gt; should accept complete valid data" time="0.000229937">
        </testcase>
        <testcase classname="src/lib/validation/create-track-schema.spec.ts" name="create-track-schema &gt; full form validation &gt; should accept minimal required data" time="0.000251356">
        </testcase>
        <testcase classname="src/lib/validation/create-track-schema.spec.ts" name="create-track-schema &gt; full form validation &gt; should reject data missing required fields" time="0.000236989">
        </testcase>
        <testcase classname="src/lib/validation/create-track-schema.spec.ts" name="create-track-schema &gt; full form validation &gt; should reject data with missing title" time="0.000418416">
        </testcase>
        <testcase classname="src/lib/validation/create-track-schema.spec.ts" name="create-track-schema &gt; full form validation &gt; should reject data with missing duration" time="0.000208015">
        </testcase>
        <testcase classname="src/lib/validation/create-track-schema.spec.ts" name="create-track-schema &gt; full form validation &gt; should reject data with missing audioUrl" time="0.000303603">
        </testcase>
        <testcase classname="src/lib/validation/create-track-schema.spec.ts" name="create-track-schema &gt; full form validation &gt; should reject data with missing position" time="0.000292051">
        </testcase>
        <testcase classname="src/lib/validation/create-track-schema.spec.ts" name="create-track-schema &gt; type inference &gt; should correctly infer TrackFormData type" time="0.000210099">
        </testcase>
    </testsuite>
    <testsuite name="src/app/components/ui/spinners/message-spinner.spec.tsx" timestamp="2026-02-06T06:04:53.883Z" hostname="runnervmkj6or" tests="31" failures="0" errors="0" skipped="0" time="0.103337829">
        <testcase classname="src/app/components/ui/spinners/message-spinner.spec.tsx" name="MessageSpinner &gt; rendering &gt; should render the title" time="0.001757058">
        </testcase>
        <testcase classname="src/app/components/ui/spinners/message-spinner.spec.tsx" name="MessageSpinner &gt; rendering &gt; should render the SpinnerRingCircle component" time="0.001969282">
        </testcase>
        <testcase classname="src/app/components/ui/spinners/message-spinner.spec.tsx" name="MessageSpinner &gt; rendering &gt; should pass size prop to SpinnerRingCircle" time="0.001467311">
        </testcase>
        <testcase classname="src/app/components/ui/spinners/message-spinner.spec.tsx" name="MessageSpinner &gt; rendering &gt; should pass variant prop to SpinnerRingCircle" time="0.001411176">
        </testcase>
        <testcase classname="src/app/components/ui/spinners/message-spinner.spec.tsx" name="MessageSpinner &gt; size variants &gt; small size &gt; should apply small gap spacing" time="0.002286128">
        </testcase>
        <testcase classname="src/app/components/ui/spinners/message-spinner.spec.tsx" name="MessageSpinner &gt; size variants &gt; small size &gt; should apply small text size to title" time="0.002702361">
        </testcase>
        <testcase classname="src/app/components/ui/spinners/message-spinner.spec.tsx" name="MessageSpinner &gt; size variants &gt; small size &gt; should apply small container dimensions" time="0.001984369">
        </testcase>
        <testcase classname="src/app/components/ui/spinners/message-spinner.spec.tsx" name="MessageSpinner &gt; size variants &gt; medium size &gt; should apply medium gap spacing" time="0.002550078">
        </testcase>
        <testcase classname="src/app/components/ui/spinners/message-spinner.spec.tsx" name="MessageSpinner &gt; size variants &gt; medium size &gt; should apply medium text size to title" time="0.00389421">
        </testcase>
        <testcase classname="src/app/components/ui/spinners/message-spinner.spec.tsx" name="MessageSpinner &gt; size variants &gt; medium size &gt; should apply medium container dimensions" time="0.003140112">
        </testcase>
        <testcase classname="src/app/components/ui/spinners/message-spinner.spec.tsx" name="MessageSpinner &gt; size variants &gt; large size &gt; should apply large gap spacing" time="0.001308827">
        </testcase>
        <testcase classname="src/app/components/ui/spinners/message-spinner.spec.tsx" name="MessageSpinner &gt; size variants &gt; large size &gt; should apply large text size to title" time="0.001942692">
        </testcase>
        <testcase classname="src/app/components/ui/spinners/message-spinner.spec.tsx" name="MessageSpinner &gt; size variants &gt; large size &gt; should apply large container dimensions" time="0.001615566">
        </testcase>
        <testcase classname="src/app/components/ui/spinners/message-spinner.spec.tsx" name="MessageSpinner &gt; spinner variants &gt; should render with default variant" time="0.001394656">
        </testcase>
        <testcase classname="src/app/components/ui/spinners/message-spinner.spec.tsx" name="MessageSpinner &gt; spinner variants &gt; should render with primary variant" time="0.00164489">
        </testcase>
        <testcase classname="src/app/components/ui/spinners/message-spinner.spec.tsx" name="MessageSpinner &gt; spinner variants &gt; should render with accent variant" time="0.001378455">
        </testcase>
        <testcase classname="src/app/components/ui/spinners/message-spinner.spec.tsx" name="MessageSpinner &gt; className prop &gt; should apply custom className to wrapper" time="0.026882442">
        </testcase>
        <testcase classname="src/app/components/ui/spinners/message-spinner.spec.tsx" name="MessageSpinner &gt; className prop &gt; should merge custom className with variant classes" time="0.00410985">
        </testcase>
        <testcase classname="src/app/components/ui/spinners/message-spinner.spec.tsx" name="MessageSpinner &gt; layout structure &gt; should have flex column layout" time="0.001724507">
        </testcase>
        <testcase classname="src/app/components/ui/spinners/message-spinner.spec.tsx" name="MessageSpinner &gt; layout structure &gt; should have centered spinner container" time="0.001339324">
        </testcase>
        <testcase classname="src/app/components/ui/spinners/message-spinner.spec.tsx" name="MessageSpinner &gt; layout structure &gt; should have proper layout structure with inner container" time="0.002301668">
        </testcase>
        <testcase classname="src/app/components/ui/spinners/message-spinner.spec.tsx" name="MessageSpinner &gt; accessibility &gt; should render title text element" time="0.011634792">
        </testcase>
        <testcase classname="src/app/components/ui/spinners/message-spinner.spec.tsx" name="MessageSpinner &gt; accessibility &gt; should display the provided title text" time="0.0040018">
        </testcase>
        <testcase classname="src/app/components/ui/spinners/message-spinner.spec.tsx" name="MessageSpinner &gt; size and variant combinations &gt; should render all elements with correct defaults for small size" time="0.001918918">
        </testcase>
        <testcase classname="src/app/components/ui/spinners/message-spinner.spec.tsx" name="MessageSpinner &gt; size and variant combinations &gt; should render all elements with correct defaults for medium size and primary variant" time="0.002682243">
        </testcase>
        <testcase classname="src/app/components/ui/spinners/message-spinner.spec.tsx" name="MessageSpinner &gt; size and variant combinations &gt; should render all elements with correct defaults for large size and accent variant" time="0.001915101">
        </testcase>
        <testcase classname="src/app/components/ui/spinners/message-spinner.spec.tsx" name="MessageSpinner &gt; Accessibility &gt; should use default variant when not provided" time="0.002180763">
        </testcase>
        <testcase classname="src/app/components/ui/spinners/message-spinner.spec.tsx" name="MessageSpinner &gt; Accessibility &gt; should use default message when not provided" time="0.001559722">
        </testcase>
        <testcase classname="src/app/components/ui/spinners/message-spinner.spec.tsx" name="MessageSpinner &gt; Accessibility &gt; should use medium size by default for heading when not provided" time="0.001782525">
        </testcase>
        <testcase classname="src/app/components/ui/spinners/message-spinner.spec.tsx" name="MessageSpinner &gt; MessageHeading2 component &gt; should render with provided message" time="0.001695293">
        </testcase>
        <testcase classname="src/app/components/ui/spinners/message-spinner.spec.tsx" name="MessageSpinner &gt; MessageHeading2 component &gt; should apply correct size classes" time="0.00187661">
        </testcase>
    </testsuite>
    <testsuite name="src/lib/utils/tailwind-utils.spec.ts" timestamp="2026-02-06T06:04:53.889Z" hostname="runnervmkj6or" tests="10" failures="0" errors="0" skipped="0" time="0.013025039">
        <testcase classname="src/lib/utils/tailwind-utils.spec.ts" name="tailwind-utils &gt; cn (className utility) &gt; should merge class names" time="0.000159786">
        </testcase>
        <testcase classname="src/lib/utils/tailwind-utils.spec.ts" name="tailwind-utils &gt; cn (className utility) &gt; should handle conditional classes" time="0.000464331">
        </testcase>
        <testcase classname="src/lib/utils/tailwind-utils.spec.ts" name="tailwind-utils &gt; cn (className utility) &gt; should handle Tailwind conflicts properly" time="0.000632703">
        </testcase>
        <testcase classname="src/lib/utils/tailwind-utils.spec.ts" name="tailwind-utils &gt; cn (className utility) &gt; should handle complex conditional logic" time="0.000665855">
        </testcase>
        <testcase classname="src/lib/utils/tailwind-utils.spec.ts" name="tailwind-utils &gt; cn (className utility) &gt; should handle arrays of classes" time="0.000417494">
        </testcase>
        <testcase classname="src/lib/utils/tailwind-utils.spec.ts" name="tailwind-utils &gt; cn (className utility) &gt; should handle undefined and null values" time="0.00016752">
        </testcase>
        <testcase classname="src/lib/utils/tailwind-utils.spec.ts" name="tailwind-utils &gt; cn (className utility) &gt; should handle empty strings" time="0.000508733">
        </testcase>
        <testcase classname="src/lib/utils/tailwind-utils.spec.ts" name="tailwind-utils &gt; cn (className utility) &gt; should handle nested arrays and objects" time="0.000579424">
        </testcase>
        <testcase classname="src/lib/utils/tailwind-utils.spec.ts" name="tailwind-utils &gt; cn (className utility) &gt; should return empty string for no arguments" time="0.006896857">
        </testcase>
        <testcase classname="src/lib/utils/tailwind-utils.spec.ts" name="tailwind-utils &gt; cn (className utility) &gt; should deduplicate identical classes" time="0.000231629">
        </testcase>
    </testsuite>
    <testsuite name="src/app/api/tracks/metadata/route.spec.ts" timestamp="2026-02-06T06:04:53.891Z" hostname="runnervmkj6or" tests="8" failures="0" errors="0" skipped="0" time="0.034899457">
        <testcase classname="src/app/api/tracks/metadata/route.spec.ts" name="POST /api/tracks/metadata &gt; should return 400 if content type header is missing" time="0.000295679">
        </testcase>
        <testcase classname="src/app/api/tracks/metadata/route.spec.ts" name="POST /api/tracks/metadata &gt; should return 400 if content type is not multipart/form-data" time="0.000241468">
        </testcase>
        <testcase classname="src/app/api/tracks/metadata/route.spec.ts" name="POST /api/tracks/metadata &gt; should return 400 if no file is provided" time="0.000493896">
        </testcase>
        <testcase classname="src/app/api/tracks/metadata/route.spec.ts" name="POST /api/tracks/metadata &gt; should return 400 for unsupported file types" time="0.000688978">
        </testcase>
        <testcase classname="src/app/api/tracks/metadata/route.spec.ts" name="POST /api/tracks/metadata &gt; should extract metadata from valid audio file" time="0.003736598">
        </testcase>
        <testcase classname="src/app/api/tracks/metadata/route.spec.ts" name="POST /api/tracks/metadata &gt; should accept various audio formats" time="0.003916341">
        </testcase>
        <testcase classname="src/app/api/tracks/metadata/route.spec.ts" name="POST /api/tracks/metadata &gt; should return 400 when metadata extraction fails" time="0.000655154">
        </testcase>
        <testcase classname="src/app/api/tracks/metadata/route.spec.ts" name="POST /api/tracks/metadata &gt; should return 500 for unexpected errors" time="0.009857186">
            <system-err>
Track metadata extraction error: Error: Unexpected error
    at [90m/home/runner/work/boudreaux/boudreaux/[39msrc/app/api/tracks/metadata/route.spec.ts:200:43
    at [90mfile:///home/runner/work/boudreaux/boudreaux/[39mnode_modules/[4m@vitest/runner[24m/dist/index.js:145:11
    at [90mfile:///home/runner/work/boudreaux/boudreaux/[39mnode_modules/[4m@vitest/runner[24m/dist/index.js:915:26
    at [90mfile:///home/runner/work/boudreaux/boudreaux/[39mnode_modules/[4m@vitest/runner[24m/dist/index.js:1243:20
    at new Promise (&lt;anonymous&gt;)
    at runWithTimeout [90m(file:///home/runner/work/boudreaux/boudreaux/[39mnode_modules/[4m@vitest/runner[24m/dist/index.js:1209:10[90m)[39m
    at [90mfile:///home/runner/work/boudreaux/boudreaux/[39mnode_modules/[4m@vitest/runner[24m/dist/index.js:1653:37
    at Traces.$ [90m(file:///home/runner/work/boudreaux/boudreaux/[39mnode_modules/[4mvitest[24m/dist/chunks/traces.CCmnQaNT.js:142:27[90m)[39m
    at trace [90m(file:///home/runner/work/boudreaux/boudreaux/[39mnode_modules/[4mvitest[24m/dist/chunks/test.B8ej_ZHS.js:239:21[90m)[39m
    at runTest [90m(file:///home/runner/work/boudreaux/boudreaux/[39mnode_modules/[4m@vitest/runner[24m/dist/index.js:1653:12[90m)[39m

            </system-err>
        </testcase>
    </testsuite>
    <testsuite name="src/lib/services/track-service.spec.ts" timestamp="2026-02-06T06:04:53.893Z" hostname="runnervmkj6or" tests="31" failures="0" errors="0" skipped="0" time="0.02930837">
        <testcase classname="src/lib/services/track-service.spec.ts" name="TrackService &gt; createTrack &gt; should create a track successfully" time="0.000403688">
        </testcase>
        <testcase classname="src/lib/services/track-service.spec.ts" name="TrackService &gt; createTrack &gt; should return error for unique constraint violation" time="0.000380456">
        </testcase>
        <testcase classname="src/lib/services/track-service.spec.ts" name="TrackService &gt; createTrack &gt; should return error for database initialization failure" time="0.000823476">
            <system-err>
Database connection failed: PrismaClientInitializationError: Database connection failed
    at [90m/home/runner/work/boudreaux/boudreaux/[39msrc/lib/services/track-service.spec.ts:122:27
    at [90mfile:///home/runner/work/boudreaux/boudreaux/[39mnode_modules/[4m@vitest/runner[24m/dist/index.js:145:11
    at [90mfile:///home/runner/work/boudreaux/boudreaux/[39mnode_modules/[4m@vitest/runner[24m/dist/index.js:915:26
    at [90mfile:///home/runner/work/boudreaux/boudreaux/[39mnode_modules/[4m@vitest/runner[24m/dist/index.js:1243:20
    at new Promise (&lt;anonymous&gt;)
    at runWithTimeout [90m(file:///home/runner/work/boudreaux/boudreaux/[39mnode_modules/[4m@vitest/runner[24m/dist/index.js:1209:10[90m)[39m
    at [90mfile:///home/runner/work/boudreaux/boudreaux/[39mnode_modules/[4m@vitest/runner[24m/dist/index.js:1653:37
    at Traces.$ [90m(file:///home/runner/work/boudreaux/boudreaux/[39mnode_modules/[4mvitest[24m/dist/chunks/traces.CCmnQaNT.js:142:27[90m)[39m
    at trace [90m(file:///home/runner/work/boudreaux/boudreaux/[39mnode_modules/[4mvitest[24m/dist/chunks/test.B8ej_ZHS.js:239:21[90m)[39m
    at runTest [90m(file:///home/runner/work/boudreaux/boudreaux/[39mnode_modules/[4m@vitest/runner[24m/dist/index.js:1653:12[90m)[39m

            </system-err>
        </testcase>
        <testcase classname="src/lib/services/track-service.spec.ts" name="TrackService &gt; createTrack &gt; should return generic error for unknown failures" time="0.000612496">
            <system-err>
Unexpected error: Error: Unknown error
    at [90m/home/runner/work/boudreaux/boudreaux/[39msrc/lib/services/track-service.spec.ts:138:56
    at [90mfile:///home/runner/work/boudreaux/boudreaux/[39mnode_modules/[4m@vitest/runner[24m/dist/index.js:145:11
    at [90mfile:///home/runner/work/boudreaux/boudreaux/[39mnode_modules/[4m@vitest/runner[24m/dist/index.js:915:26
    at [90mfile:///home/runner/work/boudreaux/boudreaux/[39mnode_modules/[4m@vitest/runner[24m/dist/index.js:1243:20
    at new Promise (&lt;anonymous&gt;)
    at runWithTimeout [90m(file:///home/runner/work/boudreaux/boudreaux/[39mnode_modules/[4m@vitest/runner[24m/dist/index.js:1209:10[90m)[39m
    at [90mfile:///home/runner/work/boudreaux/boudreaux/[39mnode_modules/[4m@vitest/runner[24m/dist/index.js:1653:37
    at Traces.$ [90m(file:///home/runner/work/boudreaux/boudreaux/[39mnode_modules/[4mvitest[24m/dist/chunks/traces.CCmnQaNT.js:142:27[90m)[39m
    at trace [90m(file:///home/runner/work/boudreaux/boudreaux/[39mnode_modules/[4mvitest[24m/dist/chunks/test.B8ej_ZHS.js:239:21[90m)[39m
    at runTest [90m(file:///home/runner/work/boudreaux/boudreaux/[39mnode_modules/[4m@vitest/runner[24m/dist/index.js:1653:12[90m)[39m

            </system-err>
        </testcase>
        <testcase classname="src/lib/services/track-service.spec.ts" name="TrackService &gt; getTrackById &gt; should retrieve a track by ID successfully" time="0.000380776">
        </testcase>
        <testcase classname="src/lib/services/track-service.spec.ts" name="TrackService &gt; getTrackById &gt; should return error when track is not found" time="0.000299545">
        </testcase>
        <testcase classname="src/lib/services/track-service.spec.ts" name="TrackService &gt; getTrackById &gt; should return error for database initialization failure" time="0.000525695">
            <system-err>
Database connection failed: PrismaClientInitializationError: Database connection failed
    at [90m/home/runner/work/boudreaux/boudreaux/[39msrc/lib/services/track-service.spec.ts:203:27
    at [90mfile:///home/runner/work/boudreaux/boudreaux/[39mnode_modules/[4m@vitest/runner[24m/dist/index.js:145:11
    at [90mfile:///home/runner/work/boudreaux/boudreaux/[39mnode_modules/[4m@vitest/runner[24m/dist/index.js:915:26
    at [90mfile:///home/runner/work/boudreaux/boudreaux/[39mnode_modules/[4m@vitest/runner[24m/dist/index.js:1243:20
    at new Promise (&lt;anonymous&gt;)
    at runWithTimeout [90m(file:///home/runner/work/boudreaux/boudreaux/[39mnode_modules/[4m@vitest/runner[24m/dist/index.js:1209:10[90m)[39m
    at [90mfile:///home/runner/work/boudreaux/boudreaux/[39mnode_modules/[4m@vitest/runner[24m/dist/index.js:1653:37
    at Traces.$ [90m(file:///home/runner/work/boudreaux/boudreaux/[39mnode_modules/[4mvitest[24m/dist/chunks/traces.CCmnQaNT.js:142:27[90m)[39m
    at trace [90m(file:///home/runner/work/boudreaux/boudreaux/[39mnode_modules/[4mvitest[24m/dist/chunks/test.B8ej_ZHS.js:239:21[90m)[39m
    at runTest [90m(file:///home/runner/work/boudreaux/boudreaux/[39mnode_modules/[4m@vitest/runner[24m/dist/index.js:1653:12[90m)[39m

            </system-err>
        </testcase>
        <testcase classname="src/lib/services/track-service.spec.ts" name="TrackService &gt; getTrackById &gt; should return generic error for unknown failures" time="0.000466435">
            <system-err>
Unexpected error: Error: Unknown error
    at [90m/home/runner/work/boudreaux/boudreaux/[39msrc/lib/services/track-service.spec.ts:219:60
    at [90mfile:///home/runner/work/boudreaux/boudreaux/[39mnode_modules/[4m@vitest/runner[24m/dist/index.js:145:11
    at [90mfile:///home/runner/work/boudreaux/boudreaux/[39mnode_modules/[4m@vitest/runner[24m/dist/index.js:915:26
    at [90mfile:///home/runner/work/boudreaux/boudreaux/[39mnode_modules/[4m@vitest/runner[24m/dist/index.js:1243:20
    at new Promise (&lt;anonymous&gt;)
    at runWithTimeout [90m(file:///home/runner/work/boudreaux/boudreaux/[39mnode_modules/[4m@vitest/runner[24m/dist/index.js:1209:10[90m)[39m
    at [90mfile:///home/runner/work/boudreaux/boudreaux/[39mnode_modules/[4m@vitest/runner[24m/dist/index.js:1653:37
    at Traces.$ [90m(file:///home/runner/work/boudreaux/boudreaux/[39mnode_modules/[4mvitest[24m/dist/chunks/traces.CCmnQaNT.js:142:27[90m)[39m
    at trace [90m(file:///home/runner/work/boudreaux/boudreaux/[39mnode_modules/[4mvitest[24m/dist/chunks/test.B8ej_ZHS.js:239:21[90m)[39m
    at runTest [90m(file:///home/runner/work/boudreaux/boudreaux/[39mnode_modules/[4m@vitest/runner[24m/dist/index.js:1653:12[90m)[39m

            </system-err>
        </testcase>
        <testcase classname="src/lib/services/track-service.spec.ts" name="TrackService &gt; getTracks &gt; should retrieve all tracks with default params" time="0.000553626">
        </testcase>
        <testcase classname="src/lib/services/track-service.spec.ts" name="TrackService &gt; getTracks &gt; should apply skip and take params" time="0.000443773">
        </testcase>
        <testcase classname="src/lib/services/track-service.spec.ts" name="TrackService &gt; getTracks &gt; should apply search filter" time="0.001796832">
        </testcase>
        <testcase classname="src/lib/services/track-service.spec.ts" name="TrackService &gt; getTracks &gt; should return empty array when no tracks exist" time="0.000319884">
        </testcase>
        <testcase classname="src/lib/services/track-service.spec.ts" name="TrackService &gt; getTracks &gt; should return error for database initialization failure" time="0.000585285">
            <system-err>
Database connection failed: PrismaClientInitializationError: Database connection failed
    at [90m/home/runner/work/boudreaux/boudreaux/[39msrc/lib/services/track-service.spec.ts:293:27
    at [90mfile:///home/runner/work/boudreaux/boudreaux/[39mnode_modules/[4m@vitest/runner[24m/dist/index.js:145:11
    at [90mfile:///home/runner/work/boudreaux/boudreaux/[39mnode_modules/[4m@vitest/runner[24m/dist/index.js:915:26
    at [90mfile:///home/runner/work/boudreaux/boudreaux/[39mnode_modules/[4m@vitest/runner[24m/dist/index.js:1243:20
    at new Promise (&lt;anonymous&gt;)
    at runWithTimeout [90m(file:///home/runner/work/boudreaux/boudreaux/[39mnode_modules/[4m@vitest/runner[24m/dist/index.js:1209:10[90m)[39m
    at [90mfile:///home/runner/work/boudreaux/boudreaux/[39mnode_modules/[4m@vitest/runner[24m/dist/index.js:1653:37
    at Traces.$ [90m(file:///home/runner/work/boudreaux/boudreaux/[39mnode_modules/[4mvitest[24m/dist/chunks/traces.CCmnQaNT.js:142:27[90m)[39m
    at trace [90m(file:///home/runner/work/boudreaux/boudreaux/[39mnode_modules/[4mvitest[24m/dist/chunks/test.B8ej_ZHS.js:239:21[90m)[39m
    at runTest [90m(file:///home/runner/work/boudreaux/boudreaux/[39mnode_modules/[4m@vitest/runner[24m/dist/index.js:1653:12[90m)[39m

            </system-err>
        </testcase>
        <testcase classname="src/lib/services/track-service.spec.ts" name="TrackService &gt; getTracks &gt; should return generic error for unknown failures" time="0.000645557">
            <system-err>
Unexpected error: Error: Unknown error
    at [90m/home/runner/work/boudreaux/boudreaux/[39msrc/lib/services/track-service.spec.ts:309:58
    at [90mfile:///home/runner/work/boudreaux/boudreaux/[39mnode_modules/[4m@vitest/runner[24m/dist/index.js:145:11
    at [90mfile:///home/runner/work/boudreaux/boudreaux/[39mnode_modules/[4m@vitest/runner[24m/dist/index.js:915:26
    at [90mfile:///home/runner/work/boudreaux/boudreaux/[39mnode_modules/[4m@vitest/runner[24m/dist/index.js:1243:20
    at new Promise (&lt;anonymous&gt;)
    at runWithTimeout [90m(file:///home/runner/work/boudreaux/boudreaux/[39mnode_modules/[4m@vitest/runner[24m/dist/index.js:1209:10[90m)[39m
    at [90mfile:///home/runner/work/boudreaux/boudreaux/[39mnode_modules/[4m@vitest/runner[24m/dist/index.js:1653:37
    at Traces.$ [90m(file:///home/runner/work/boudreaux/boudreaux/[39mnode_modules/[4mvitest[24m/dist/chunks/traces.CCmnQaNT.js:142:27[90m)[39m
    at trace [90m(file:///home/runner/work/boudreaux/boudreaux/[39mnode_modules/[4mvitest[24m/dist/chunks/test.B8ej_ZHS.js:239:21[90m)[39m
    at runTest [90m(file:///home/runner/work/boudreaux/boudreaux/[39mnode_modules/[4m@vitest/runner[24m/dist/index.js:1653:12[90m)[39m

            </system-err>
        </testcase>
        <testcase classname="src/lib/services/track-service.spec.ts" name="TrackService &gt; updateTrack &gt; should update a track successfully" time="0.002251264">
        </testcase>
        <testcase classname="src/lib/services/track-service.spec.ts" name="TrackService &gt; updateTrack &gt; should return error when track is not found" time="0.000314684">
        </testcase>
        <testcase classname="src/lib/services/track-service.spec.ts" name="TrackService &gt; updateTrack &gt; should return error for unique constraint violation" time="0.000544199">
        </testcase>
        <testcase classname="src/lib/services/track-service.spec.ts" name="TrackService &gt; updateTrack &gt; should return error for database initialization failure" time="0.000989795">
            <system-err>
Database connection failed: PrismaClientInitializationError: Database connection failed
    at [90m/home/runner/work/boudreaux/boudreaux/[39msrc/lib/services/track-service.spec.ts:387:27
    at [90mfile:///home/runner/work/boudreaux/boudreaux/[39mnode_modules/[4m@vitest/runner[24m/dist/index.js:145:11
    at [90mfile:///home/runner/work/boudreaux/boudreaux/[39mnode_modules/[4m@vitest/runner[24m/dist/index.js:915:26
    at [90mfile:///home/runner/work/boudreaux/boudreaux/[39mnode_modules/[4m@vitest/runner[24m/dist/index.js:1243:20
    at new Promise (&lt;anonymous&gt;)
    at runWithTimeout [90m(file:///home/runner/work/boudreaux/boudreaux/[39mnode_modules/[4m@vitest/runner[24m/dist/index.js:1209:10[90m)[39m
    at [90mfile:///home/runner/work/boudreaux/boudreaux/[39mnode_modules/[4m@vitest/runner[24m/dist/index.js:1653:37
    at Traces.$ [90m(file:///home/runner/work/boudreaux/boudreaux/[39mnode_modules/[4mvitest[24m/dist/chunks/traces.CCmnQaNT.js:142:27[90m)[39m
    at trace [90m(file:///home/runner/work/boudreaux/boudreaux/[39mnode_modules/[4mvitest[24m/dist/chunks/test.B8ej_ZHS.js:239:21[90m)[39m
    at runTest [90m(file:///home/runner/work/boudreaux/boudreaux/[39mnode_modules/[4m@vitest/runner[24m/dist/index.js:1653:12[90m)[39m

            </system-err>
        </testcase>
        <testcase classname="src/lib/services/track-service.spec.ts" name="TrackService &gt; updateTrack &gt; should return generic error for unknown failures" time="0.007289245">
            <system-err>
Unexpected error: Error: Unknown error
    at [90m/home/runner/work/boudreaux/boudreaux/[39msrc/lib/services/track-service.spec.ts:403:56
    at [90mfile:///home/runner/work/boudreaux/boudreaux/[39mnode_modules/[4m@vitest/runner[24m/dist/index.js:145:11
    at [90mfile:///home/runner/work/boudreaux/boudreaux/[39mnode_modules/[4m@vitest/runner[24m/dist/index.js:915:26
    at [90mfile:///home/runner/work/boudreaux/boudreaux/[39mnode_modules/[4m@vitest/runner[24m/dist/index.js:1243:20
    at new Promise (&lt;anonymous&gt;)
    at runWithTimeout [90m(file:///home/runner/work/boudreaux/boudreaux/[39mnode_modules/[4m@vitest/runner[24m/dist/index.js:1209:10[90m)[39m
    at [90mfile:///home/runner/work/boudreaux/boudreaux/[39mnode_modules/[4m@vitest/runner[24m/dist/index.js:1653:37
    at Traces.$ [90m(file:///home/runner/work/boudreaux/boudreaux/[39mnode_modules/[4mvitest[24m/dist/chunks/traces.CCmnQaNT.js:142:27[90m)[39m
    at trace [90m(file:///home/runner/work/boudreaux/boudreaux/[39mnode_modules/[4mvitest[24m/dist/chunks/test.B8ej_ZHS.js:239:21[90m)[39m
    at runTest [90m(file:///home/runner/work/boudreaux/boudreaux/[39mnode_modules/[4m@vitest/runner[24m/dist/index.js:1653:12[90m)[39m

            </system-err>
        </testcase>
        <testcase classname="src/lib/services/track-service.spec.ts" name="TrackService &gt; deleteTrack &gt; should delete a track successfully" time="0.000445366">
        </testcase>
        <testcase classname="src/lib/services/track-service.spec.ts" name="TrackService &gt; deleteTrack &gt; should return error when track is not found" time="0.000322478">
        </testcase>
        <testcase classname="src/lib/services/track-service.spec.ts" name="TrackService &gt; deleteTrack &gt; should return error for database initialization failure" time="0.000577611">
            <system-err>
Database connection failed: PrismaClientInitializationError: Database connection failed
    at [90m/home/runner/work/boudreaux/boudreaux/[39msrc/lib/services/track-service.spec.ts:452:27
    at [90mfile:///home/runner/work/boudreaux/boudreaux/[39mnode_modules/[4m@vitest/runner[24m/dist/index.js:145:11
    at [90mfile:///home/runner/work/boudreaux/boudreaux/[39mnode_modules/[4m@vitest/runner[24m/dist/index.js:915:26
    at [90mfile:///home/runner/work/boudreaux/boudreaux/[39mnode_modules/[4m@vitest/runner[24m/dist/index.js:1243:20
    at new Promise (&lt;anonymous&gt;)
    at runWithTimeout [90m(file:///home/runner/work/boudreaux/boudreaux/[39mnode_modules/[4m@vitest/runner[24m/dist/index.js:1209:10[90m)[39m
    at [90mfile:///home/runner/work/boudreaux/boudreaux/[39mnode_modules/[4m@vitest/runner[24m/dist/index.js:1653:37
    at Traces.$ [90m(file:///home/runner/work/boudreaux/boudreaux/[39mnode_modules/[4mvitest[24m/dist/chunks/traces.CCmnQaNT.js:142:27[90m)[39m
    at trace [90m(file:///home/runner/work/boudreaux/boudreaux/[39mnode_modules/[4mvitest[24m/dist/chunks/test.B8ej_ZHS.js:239:21[90m)[39m
[...]
    at [90mfile:///home/runner/work/boudreaux/boudreaux/[39mnode_modules/[4m@vitest/runner[24m/dist/index.js:1243:20
    at new Promise (&lt;anonymous&gt;)
    at runWithTimeout [90m(file:///home/runner/work/boudreaux/boudreaux/[39mnode_modules/[4m@vitest/runner[24m/dist/index.js:1209:10[90m)[39m
    at [90mfile:///home/runner/work/boudreaux/boudreaux/[39mnode_modules/[4m@vitest/runner[24m/dist/index.js:1653:37
    at Traces.$ [90m(file:///home/runner/work/boudreaux/boudreaux/[39mnode_modules/[4mvitest[24m/dist/chunks/traces.CCmnQaNT.js:142:27[90m)[39m
    at trace [90m(file:///home/runner/work/boudreaux/boudreaux/[39mnode_modules/[4mvitest[24m/dist/chunks/test.B8ej_ZHS.js:239:21[90m)[39m
    at runTest [90m(file:///home/runner/work/boudreaux/boudreaux/[39mnode_modules/[4m@vitest/runner[24m/dist/index.js:1653:12[90m)[39m {
  clientVersion: [32m&apos;5.0.0&apos;[39m,
  errorCode: [90mundefined[39m,
  retryable: [90mundefined[39m
}

            </system-err>
        </testcase>
        <testcase classname="src/lib/services/release-service.spec.ts" name="ReleaseService &gt; updateRelease &gt; should handle unknown errors" time="0.007361165">
            <system-err>
Unexpected error: Error: Unknown error
    at [90m/home/runner/work/boudreaux/boudreaux/[39msrc/lib/services/release-service.spec.ts:492:58
    at [90mfile:///home/runner/work/boudreaux/boudreaux/[39mnode_modules/[4m@vitest/runner[24m/dist/index.js:145:11
    at [90mfile:///home/runner/work/boudreaux/boudreaux/[39mnode_modules/[4m@vitest/runner[24m/dist/index.js:915:26
    at [90mfile:///home/runner/work/boudreaux/boudreaux/[39mnode_modules/[4m@vitest/runner[24m/dist/index.js:1243:20
    at new Promise (&lt;anonymous&gt;)
    at runWithTimeout [90m(file:///home/runner/work/boudreaux/boudreaux/[39mnode_modules/[4m@vitest/runner[24m/dist/index.js:1209:10[90m)[39m
    at [90mfile:///home/runner/work/boudreaux/boudreaux/[39mnode_modules/[4m@vitest/runner[24m/dist/index.js:1653:37
    at Traces.$ [90m(file:///home/runner/work/boudreaux/boudreaux/[39mnode_modules/[4mvitest[24m/dist/chunks/traces.CCmnQaNT.js:142:27[90m)[39m
    at trace [90m(file:///home/runner/work/boudreaux/boudreaux/[39mnode_modules/[4mvitest[24m/dist/chunks/test.B8ej_ZHS.js:239:21[90m)[39m
    at runTest [90m(file:///home/runner/work/boudreaux/boudreaux/[39mnode_modules/[4m@vitest/runner[24m/dist/index.js:1653:12[90m)[39m

            </system-err>
        </testcase>
        <testcase classname="src/lib/services/release-service.spec.ts" name="ReleaseService &gt; deleteRelease &gt; should delete a release successfully" time="0.000368022">
        </testcase>
        <testcase classname="src/lib/services/release-service.spec.ts" name="ReleaseService &gt; deleteRelease &gt; should return error when release not found" time="0.000311918">
        </testcase>
        <testcase classname="src/lib/services/release-service.spec.ts" name="ReleaseService &gt; deleteRelease &gt; should return error when database is unavailable" time="0.000624107">
            <system-err>
Database connection failed: PrismaClientInitializationError: Connection failed
    at [90m/home/runner/work/boudreaux/boudreaux/[39msrc/lib/services/release-service.spec.ts:540:25
    at [90mfile:///home/runner/work/boudreaux/boudreaux/[39mnode_modules/[4m@vitest/runner[24m/dist/index.js:145:11
    at [90mfile:///home/runner/work/boudreaux/boudreaux/[39mnode_modules/[4m@vitest/runner[24m/dist/index.js:915:26
    at [90mfile:///home/runner/work/boudreaux/boudreaux/[39mnode_modules/[4m@vitest/runner[24m/dist/index.js:1243:20
    at new Promise (&lt;anonymous&gt;)
    at runWithTimeout [90m(file:///home/runner/work/boudreaux/boudreaux/[39mnode_modules/[4m@vitest/runner[24m/dist/index.js:1209:10[90m)[39m
    at [90mfile:///home/runner/work/boudreaux/boudreaux/[39mnode_modules/[4m@vitest/runner[24m/dist/index.js:1653:37
    at Traces.$ [90m(file:///home/runner/work/boudreaux/boudreaux/[39mnode_modules/[4mvitest[24m/dist/chunks/traces.CCmnQaNT.js:142:27[90m)[39m
    at trace [90m(file:///home/runner/work/boudreaux/boudreaux/[39mnode_modules/[4mvitest[24m/dist/chunks/test.B8ej_ZHS.js:239:21[90m)[39m
    at runTest [90m(file:///home/runner/work/boudreaux/boudreaux/[39mnode_modules/[4m@vitest/runner[24m/dist/index.js:1653:12[90m)[39m {
  clientVersion: [32m&apos;5.0.0&apos;[39m,
  errorCode: [90mundefined[39m,
  retryable: [90mundefined[39m
}

            </system-err>
        </testcase>
        <testcase classname="src/lib/services/release-service.spec.ts" name="ReleaseService &gt; deleteRelease &gt; should handle unknown errors" time="0.000690651">
            <system-err>
Unexpected error: Error: Unknown error
    at [90m/home/runner/work/boudreaux/boudreaux/[39msrc/lib/services/release-service.spec.ts:552:58
    at [90mfile:///home/runner/work/boudreaux/boudreaux/[39mnode_modules/[4m@vitest/runner[24m/dist/index.js:145:11
    at [90mfile:///home/runner/work/boudreaux/boudreaux/[39mnode_modules/[4m@vitest/runner[24m/dist/index.js:915:26
    at [90mfile:///home/runner/work/boudreaux/boudreaux/[39mnode_modules/[4m@vitest/runner[24m/dist/index.js:1243:20
    at new Promise (&lt;anonymous&gt;)
    at runWithTimeout [90m(file:///home/runner/work/boudreaux/boudreaux/[39mnode_modules/[4m@vitest/runner[24m/dist/index.js:1209:10[90m)[39m
    at [90mfile:///home/runner/work/boudreaux/boudreaux/[39mnode_modules/[4m@vitest/runner[24m/dist/index.js:1653:37
    at Traces.$ [90m(file:///home/runner/work/boudreaux/boudreaux/[39mnode_modules/[4mvitest[24m/dist/chunks/traces.CCmnQaNT.js:142:27[90m)[39m
    at trace [90m(file:///home/runner/work/boudreaux/boudreaux/[39mnode_modules/[4mvitest[24m/dist/chunks/test.B8ej_ZHS.js:239:21[90m)[39m
    at runTest [90m(file:///home/runner/work/boudreaux/boudreaux/[39mnode_modules/[4m@vitest/runner[24m/dist/index.js:1653:12[90m)[39m

            </system-err>
        </testcase>
        <testcase classname="src/lib/services/release-service.spec.ts" name="ReleaseService &gt; softDeleteRelease &gt; should soft delete a release successfully" time="0.000903275">
        </testcase>
        <testcase classname="src/lib/services/release-service.spec.ts" name="ReleaseService &gt; softDeleteRelease &gt; should return error when release not found" time="0.000457868">
        </testcase>
        <testcase classname="src/lib/services/release-service.spec.ts" name="ReleaseService &gt; softDeleteRelease &gt; should return error when database is unavailable" time="0.000578482">
            <system-err>
Database connection failed: PrismaClientInitializationError: Connection failed
    at [90m/home/runner/work/boudreaux/boudreaux/[39msrc/lib/services/release-service.spec.ts:614:25
    at [90mfile:///home/runner/work/boudreaux/boudreaux/[39mnode_modules/[4m@vitest/runner[24m/dist/index.js:145:11
    at [90mfile:///home/runner/work/boudreaux/boudreaux/[39mnode_modules/[4m@vitest/runner[24m/dist/index.js:915:26
    at [90mfile:///home/runner/work/boudreaux/boudreaux/[39mnode_modules/[4m@vitest/runner[24m/dist/index.js:1243:20
    at new Promise (&lt;anonymous&gt;)
    at runWithTimeout [90m(file:///home/runner/work/boudreaux/boudreaux/[39mnode_modules/[4m@vitest/runner[24m/dist/index.js:1209:10[90m)[39m
    at [90mfile:///home/runner/work/boudreaux/boudreaux/[39mnode_modules/[4m@vitest/runner[24m/dist/index.js:1653:37
    at Traces.$ [90m(file:///home/runner/work/boudreaux/boudreaux/[39mnode_modules/[4mvitest[24m/dist/chunks/traces.CCmnQaNT.js:142:27[90m)[39m
    at trace [90m(file:///home/runner/work/boudreaux/boudreaux/[39mnode_modules/[4mvitest[24m/dist/chunks/test.B8ej_ZHS.js:239:21[90m)[39m
    at runTest [90m(file:///home/runner/work/boudreaux/boudreaux/[39mnode_modules/[4m@vitest/runner[24m/dist/index.js:1653:12[90m)[39m {
  clientVersion: [32m&apos;5.0.0&apos;[39m,
  errorCode: [90mundefined[39m,
  retryable: [90mundefined[39m
}

            </system-err>
        </testcase>
        <testcase classname="src/lib/services/release-service.spec.ts" name="ReleaseService &gt; softDeleteRelease &gt; should handle unknown errors" time="0.000614399">
            <system-err>
Unexpected error: Error: Unknown error
    at [90m/home/runner/work/boudreaux/boudreaux/[39msrc/lib/services/release-service.spec.ts:626:58
    at [90mfile:///home/runner/work/boudreaux/boudreaux/[39mnode_modules/[4m@vitest/runner[24m/dist/index.js:145:11
    at [90mfile:///home/runner/work/boudreaux/boudreaux/[39mnode_modules/[4m@vitest/runner[24m/dist/index.js:915:26
    at [90mfile:///home/runner/work/boudreaux/boudreaux/[39mnode_modules/[4m@vitest/runner[24m/dist/index.js:1243:20
    at new Promise (&lt;anonymous&gt;)
    at runWithTimeout [90m(file:///home/runner/work/boudreaux/boudreaux/[39mnode_modules/[4m@vitest/runner[24m/dist/index.js:1209:10[90m)[39m
    at [90mfile:///home/runner/work/boudreaux/boudreaux/[39mnode_modules/[4m@vitest/runner[24m/dist/index.js:1653:37
    at Traces.$ [90m(file:///home/runner/work/boudreaux/boudreaux/[39mnode_modules/[4mvitest[24m/dist/chunks/traces.CCmnQaNT.js:142:27[90m)[39m
    at trace [90m(file:///home/runner/work/boudreaux/boudreaux/[39mnode_modules/[4mvitest[24m/dist/chunks/test.B8ej_ZHS.js:239:21[90m)[39m
    at runTest [90m(file:///home/runner/work/boudreaux/boudreaux/[39mnode_modules/[4m@vitest/runner[24m/dist/index.js:1653:12[90m)[39m

            </system-err>
        </testcase>
        <testcase classname="src/lib/services/release-service.spec.ts" name="ReleaseService &gt; restoreRelease &gt; should restore a soft-deleted release successfully" time="0.000747826">
        </testcase>
        <testcase classname="src/lib/services/release-service.spec.ts" name="ReleaseService &gt; restoreRelease &gt; should return error when release not found" time="0.000378121">
        </testcase>
        <testcase classname="src/lib/services/release-service.spec.ts" name="ReleaseService &gt; restoreRelease &gt; should return error when database is unavailable" time="0.000964227">
            <system-err>
Database connection failed: PrismaClientInitializationError: Connection failed
    at [90m/home/runner/work/boudreaux/boudreaux/[39msrc/lib/services/release-service.spec.ts:688:25
    at [90mfile:///home/runner/work/boudreaux/boudreaux/[39mnode_modules/[4m@vitest/runner[24m/dist/index.js:145:11
    at [90mfile:///home/runner/work/boudreaux/boudreaux/[39mnode_modules/[4m@vitest/runner[24m/dist/index.js:915:26
    at [90mfile:///home/runner/work/boudreaux/boudreaux/[39mnode_modules/[4m@vitest/runner[24m/dist/index.js:1243:20
    at new Promise (&lt;anonymous&gt;)
    at runWithTimeout [90m(file:///home/runner/work/boudreaux/boudreaux/[39mnode_modules/[4m@vitest/runner[24m/dist/index.js:1209:10[90m)[39m
    at [90mfile:///home/runner/work/boudreaux/boudreaux/[39mnode_modules/[4m@vitest/runner[24m/dist/index.js:1653:37
    at Traces.$ [90m(file:///home/runner/work/boudreaux/boudreaux/[39mnode_modules/[4mvitest[24m/dist/chunks/traces.CCmnQaNT.js:142:27[90m)[39m
    at trace [90m(file:///home/runner/work/boudreaux/boudreaux/[39mnode_modules/[4mvitest[24m/dist/chunks/test.B8ej_ZHS.js:239:21[90m)[39m
    at runTest [90m(file:///home/runner/work/boudreaux/boudreaux/[39mnode_modules/[4m@vitest/runner[24m/dist/index.js:1653:12[90m)[39m {
  clientVersion: [32m&apos;5.0.0&apos;[39m,
  errorCode: [90mundefined[39m,
  retryable: [90mundefined[39m
}

            </system-err>
        </testcase>
        <testcase classname="src/lib/services/release-service.spec.ts" name="ReleaseService &gt; restoreRelease &gt; should handle unknown errors" time="0.000835809">
            <system-err>
Unexpected error: Error: Unknown error
    at [90m/home/runner/work/boudreaux/boudreaux/[39msrc/lib/services/release-service.spec.ts:700:58
    at [90mfile:///home/runner/work/boudreaux/boudreaux/[39mnode_modules/[4m@vitest/runner[24m/dist/index.js:145:11
    at [90mfile:///home/runner/work/boudreaux/boudreaux/[39mnode_modules/[4m@vitest/runner[24m/dist/index.js:915:26
    at [90mfile:///home/runner/work/boudreaux/boudreaux/[39mnode_modules/[4m@vitest/runner[24m/dist/index.js:1243:20
    at new Promise (&lt;anonymous&gt;)
    at runWithTimeout [90m(file:///home/runner/work/boudreaux/boudreaux/[39mnode_modules/[4m@vitest/runner[24m/dist/index.js:1209:10[90m)[39m
    at [90mfile:///home/runner/work/boudreaux/boudreaux/[39mnode_modules/[4m@vitest/runner[24m/dist/index.js:1653:37
    at Traces.$ [90m(file:///home/runner/work/boudreaux/boudreaux/[39mnode_modules/[4mvitest[24m/dist/chunks/traces.CCmnQaNT.js:142:27[90m)[39m
    at trace [90m(file:///home/runner/work/boudreaux/boudreaux/[39mnode_modules/[4mvitest[24m/dist/chunks/test.B8ej_ZHS.js:239:21[90m)[39m
    at runTest [90m(file:///home/runner/work/boudreaux/boudreaux/[39mnode_modules/[4m@vitest/runner[24m/dist/index.js:1653:12[90m)[39m

            </system-err>
        </testcase>
    </testsuite>
    <testsuite name="src/app/components/ui/sheet.spec.tsx" timestamp="2026-02-06T06:04:54.520Z" hostname="runnervmkj6or" tests="20" failures="0" errors="0" skipped="0" time="0.536645725">
        <testcase classname="src/app/components/ui/sheet.spec.tsx" name="Sheet Components &gt; Sheet &gt; renders children" time="0.001528884">
        </testcase>
        <testcase classname="src/app/components/ui/sheet.spec.tsx" name="Sheet Components &gt; SheetTrigger &gt; renders with data-slot attribute" time="0.002228942">
        </testcase>
        <testcase classname="src/app/components/ui/sheet.spec.tsx" name="Sheet Components &gt; SheetTrigger &gt; renders children" time="0.001939725">
        </testcase>
        <testcase classname="src/app/components/ui/sheet.spec.tsx" name="Sheet Components &gt; SheetClose &gt; renders with data-slot attribute" time="0.021320902">
            <system-err>
`DialogContent` requires a `DialogTitle` for the component to be accessible for screen reader users.

If you want to hide the `DialogTitle`, you can wrap it with our VisuallyHidden component.

For more information, see https://radix-ui.com/primitives/docs/components/dialog
Warning: Missing `Description` or `aria-describedby={undefined}` for {DialogContent}.

            </system-err>
        </testcase>
        <testcase classname="src/app/components/ui/sheet.spec.tsx" name="Sheet Components &gt; SheetClose &gt; closes sheet when clicked" time="0.039763177">
            <system-err>
Warning: Missing `Description` or `aria-describedby={undefined}` for {DialogContent}.

            </system-err>
        </testcase>
        <testcase classname="src/app/components/ui/sheet.spec.tsx" name="Sheet Components &gt; SheetContent &gt; renders with data-slot attribute" time="0.032265719">
            <system-err>
Warning: Missing `Description` or `aria-describedby={undefined}` for {DialogContent}.

            </system-err>
        </testcase>
        <testcase classname="src/app/components/ui/sheet.spec.tsx" name="Sheet Components &gt; SheetContent &gt; applies custom className" time="0.028050034">
            <system-err>
Warning: Missing `Description` or `aria-describedby={undefined}` for {DialogContent}.

            </system-err>
        </testcase>
        <testcase classname="src/app/components/ui/sheet.spec.tsx" name="Sheet Components &gt; SheetContent &gt; defaults to right side" time="0.13565624">
            <system-err>
Warning: Missing `Description` or `aria-describedby={undefined}` for {DialogContent}.

            </system-err>
        </testcase>
        <testcase classname="src/app/components/ui/sheet.spec.tsx" name="Sheet Components &gt; SheetContent &gt; renders on left side" time="0.027596643">
            <system-err>
Warning: Missing `Description` or `aria-describedby={undefined}` for {DialogContent}.

            </system-err>
        </testcase>
        <testcase classname="src/app/components/ui/sheet.spec.tsx" name="Sheet Components &gt; SheetContent &gt; renders on top" time="0.022459332">
            <system-err>
Warning: Missing `Description` or `aria-describedby={undefined}` for {DialogContent}.

            </system-err>
        </testcase>
        <testcase classname="src/app/components/ui/sheet.spec.tsx" name="Sheet Components &gt; SheetContent &gt; renders on bottom" time="0.030094706">
            <system-err>
Warning: Missing `Description` or `aria-describedby={undefined}` for {DialogContent}.

            </system-err>
        </testcase>
        <testcase classname="src/app/components/ui/sheet.spec.tsx" name="Sheet Components &gt; SheetHeader &gt; renders with data-slot attribute" time="0.021704654">
            <system-err>
`DialogContent` requires a `DialogTitle` for the component to be accessible for screen reader users.

If you want to hide the `DialogTitle`, you can wrap it with our VisuallyHidden component.

For more information, see https://radix-ui.com/primitives/docs/components/dialog
Warning: Missing `Description` or `aria-describedby={undefined}` for {DialogContent}.

            </system-err>
        </testcase>
        <testcase classname="src/app/components/ui/sheet.spec.tsx" name="Sheet Components &gt; SheetHeader &gt; applies custom className" time="0.021759214">
            <system-err>
`DialogContent` requires a `DialogTitle` for the component to be accessible for screen reader users.

If you want to hide the `DialogTitle`, you can wrap it with our VisuallyHidden component.

For more information, see https://radix-ui.com/primitives/docs/components/dialog
Warning: Missing `Description` or `aria-describedby={undefined}` for {DialogContent}.

            </system-err>
        </testcase>
        <testcase classname="src/app/components/ui/sheet.spec.tsx" name="Sheet Components &gt; SheetFooter &gt; renders with data-slot attribute" time="0.021073303">
            <system-err>
`DialogContent` requires a `DialogTitle` for the component to be accessible for screen reader users.

If you want to hide the `DialogTitle`, you can wrap it with our VisuallyHidden component.

For more information, see https://radix-ui.com/primitives/docs/components/dialog
Warning: Missing `Description` or `aria-describedby={undefined}` for {DialogContent}.

            </system-err>
        </testcase>
        <testcase classname="src/app/components/ui/sheet.spec.tsx" name="Sheet Components &gt; SheetFooter &gt; applies custom className" time="0.022017362">
            <system-err>
`DialogContent` requires a `DialogTitle` for the component to be accessible for screen reader users.

If you want to hide the `DialogTitle`, you can wrap it with our VisuallyHidden component.

For more information, see https://radix-ui.com/primitives/docs/components/dialog
Warning: Missing `Description` or `aria-describedby={undefined}` for {DialogContent}.

            </system-err>
        </testcase>
        <testcase classname="src/app/components/ui/sheet.spec.tsx" name="Sheet Components &gt; SheetTitle &gt; renders with data-slot attribute" time="0.020880425">
            <system-err>
Warning: Missing `Description` or `aria-describedby={undefined}` for {DialogContent}.

            </system-err>
        </testcase>
        <testcase classname="src/app/components/ui/sheet.spec.tsx" name="Sheet Components &gt; SheetTitle &gt; applies custom className" time="0.019515926">
            <system-err>
Warning: Missing `Description` or `aria-describedby={undefined}` for {DialogContent}.

            </system-err>
        </testcase>
        <testcase classname="src/app/components/ui/sheet.spec.tsx" name="Sheet Components &gt; SheetDescription &gt; renders with data-slot attribute" time="0.02057552">
        </testcase>
        <testcase classname="src/app/components/ui/sheet.spec.tsx" name="Sheet Components &gt; SheetDescription &gt; applies custom className" time="0.01837974">
        </testcase>
        <testcase classname="src/app/components/ui/sheet.spec.tsx" name="Sheet Components &gt; integration &gt; renders a complete sheet" time="0.024376135">
        </testcase>
    </testsuite>
</testsuites>
