<?xml version="1.0" encoding="UTF-8" ?>
<testsuites name="vitest tests" tests="1261" failures="1" errors="0" time="7.538280059">
    <testsuite name="src/app/components/ui/vertical-separator.spec.tsx" timestamp="2026-02-07T23:19:30.742Z" hostname="runnervmwffz4" tests="5" failures="0" errors="0" skipped="0" time="0.039574082">
        <testcase classname="src/app/components/ui/vertical-separator.spec.tsx" name="VerticalSeparator &gt; renders" time="0.002890508">
        </testcase>
        <testcase classname="src/app/components/ui/vertical-separator.spec.tsx" name="VerticalSeparator &gt; has vertical orientation" time="0.00306703">
        </testcase>
        <testcase classname="src/app/components/ui/vertical-separator.spec.tsx" name="VerticalSeparator &gt; has default height class" time="0.002926548">
        </testcase>
        <testcase classname="src/app/components/ui/vertical-separator.spec.tsx" name="VerticalSeparator &gt; applies custom className" time="0.002790416">
        </testcase>
        <testcase classname="src/app/components/ui/vertical-separator.spec.tsx" name="VerticalSeparator &gt; has margin class" time="0.025958505">
        </testcase>
    </testsuite>
    <testsuite name="src/app/components/ui/input.spec.tsx" timestamp="2026-02-07T23:19:30.744Z" hostname="runnervmwffz4" tests="40" failures="0" errors="0" skipped="0" time="0.367198342">
        <testcase classname="src/app/components/ui/input.spec.tsx" name="Input &gt; rendering &gt; should render an input element" time="0.002553976">
        </testcase>
        <testcase classname="src/app/components/ui/input.spec.tsx" name="Input &gt; rendering &gt; should render with default type text" time="0.002721454">
        </testcase>
        <testcase classname="src/app/components/ui/input.spec.tsx" name="Input &gt; rendering &gt; should render with specified type" time="0.002676511">
        </testcase>
        <testcase classname="src/app/components/ui/input.spec.tsx" name="Input &gt; rendering &gt; should render password input correctly" time="0.001194632">
        </testcase>
        <testcase classname="src/app/components/ui/input.spec.tsx" name="Input &gt; rendering &gt; should render number input correctly" time="0.005606696">
        </testcase>
        <testcase classname="src/app/components/ui/input.spec.tsx" name="Input &gt; styling &gt; should apply default CSS classes" time="0.002844794">
        </testcase>
        <testcase classname="src/app/components/ui/input.spec.tsx" name="Input &gt; styling &gt; should apply custom className along with default classes" time="0.002988794">
        </testcase>
        <testcase classname="src/app/components/ui/input.spec.tsx" name="Input &gt; styling &gt; should have focus styles in classes" time="0.002075798">
        </testcase>
        <testcase classname="src/app/components/ui/input.spec.tsx" name="Input &gt; styling &gt; should have disabled styles in classes" time="0.00298286">
        </testcase>
        <testcase classname="src/app/components/ui/input.spec.tsx" name="Input &gt; styling &gt; should have invalid styles in classes" time="0.00258984">
        </testcase>
        <testcase classname="src/app/components/ui/input.spec.tsx" name="Input &gt; states &gt; should be enabled by default" time="0.003484022">
        </testcase>
        <testcase classname="src/app/components/ui/input.spec.tsx" name="Input &gt; states &gt; should be disabled when disabled prop is true" time="0.00375167">
        </testcase>
        <testcase classname="src/app/components/ui/input.spec.tsx" name="Input &gt; states &gt; should show as required when required prop is true" time="0.003132471">
        </testcase>
        <testcase classname="src/app/components/ui/input.spec.tsx" name="Input &gt; states &gt; should show as invalid when aria-invalid is true" time="0.003640666">
        </testcase>
        <testcase classname="src/app/components/ui/input.spec.tsx" name="Input &gt; interactions &gt; should handle text input" time="0.03551461">
        </testcase>
        <testcase classname="src/app/components/ui/input.spec.tsx" name="Input &gt; interactions &gt; should call onChange handler" time="0.018849074">
        </testcase>
        <testcase classname="src/app/components/ui/input.spec.tsx" name="Input &gt; interactions &gt; should call onFocus handler" time="0.013984612">
        </testcase>
        <testcase classname="src/app/components/ui/input.spec.tsx" name="Input &gt; interactions &gt; should call onBlur handler" time="0.016550479">
        </testcase>
        <testcase classname="src/app/components/ui/input.spec.tsx" name="Input &gt; interactions &gt; should not call handlers when disabled" time="0.026211192">
        </testcase>
        <testcase classname="src/app/components/ui/input.spec.tsx" name="Input &gt; attributes &gt; should support placeholder" time="0.001921282">
        </testcase>
        <testcase classname="src/app/components/ui/input.spec.tsx" name="Input &gt; attributes &gt; should support defaultValue" time="0.001906118">
        </testcase>
        <testcase classname="src/app/components/ui/input.spec.tsx" name="Input &gt; attributes &gt; should support value (controlled)" time="0.003727341">
        </testcase>
        <testcase classname="src/app/components/ui/input.spec.tsx" name="Input &gt; attributes &gt; should support name attribute" time="0.004763332">
        </testcase>
        <testcase classname="src/app/components/ui/input.spec.tsx" name="Input &gt; attributes &gt; should support id attribute" time="0.005912325">
        </testcase>
        <testcase classname="src/app/components/ui/input.spec.tsx" name="Input &gt; attributes &gt; should support maxLength" time="0.004124767">
        </testcase>
        <testcase classname="src/app/components/ui/input.spec.tsx" name="Input &gt; attributes &gt; should support minLength" time="0.004097537">
        </testcase>
        <testcase classname="src/app/components/ui/input.spec.tsx" name="Input &gt; attributes &gt; should support pattern" time="0.044113802">
        </testcase>
        <testcase classname="src/app/components/ui/input.spec.tsx" name="Input &gt; accessibility &gt; should be focusable" time="0.002132872">
        </testcase>
        <testcase classname="src/app/components/ui/input.spec.tsx" name="Input &gt; accessibility &gt; should not be focusable when disabled" time="0.002511909">
        </testcase>
        <testcase classname="src/app/components/ui/input.spec.tsx" name="Input &gt; accessibility &gt; should support aria-label" time="0.003083998">
        </testcase>
        <testcase classname="src/app/components/ui/input.spec.tsx" name="Input &gt; accessibility &gt; should support aria-describedby" time="0.004343941">
        </testcase>
        <testcase classname="src/app/components/ui/input.spec.tsx" name="Input &gt; accessibility &gt; should support aria-invalid" time="0.002673655">
        </testcase>
        <testcase classname="src/app/components/ui/input.spec.tsx" name="Input &gt; input types &gt; should handle email type with validation" time="0.038127945">
        </testcase>
        <testcase classname="src/app/components/ui/input.spec.tsx" name="Input &gt; input types &gt; should handle password type" time="0.030101426">
        </testcase>
        <testcase classname="src/app/components/ui/input.spec.tsx" name="Input &gt; input types &gt; should handle number type" time="0.017560339">
        </testcase>
        <testcase classname="src/app/components/ui/input.spec.tsx" name="Input &gt; input types &gt; should handle search type" time="0.00318129">
        </testcase>
        <testcase classname="src/app/components/ui/input.spec.tsx" name="Input &gt; input types &gt; should handle tel type" time="0.002230227">
        </testcase>
        <testcase classname="src/app/components/ui/input.spec.tsx" name="Input &gt; input types &gt; should handle url type" time="0.003253333">
        </testcase>
        <testcase classname="src/app/components/ui/input.spec.tsx" name="Input &gt; file input &gt; should handle file input type" time="0.027780381">
        </testcase>
        <testcase classname="src/app/components/ui/input.spec.tsx" name="Input &gt; file input &gt; should apply file-specific styles" time="0.003033648">
        </testcase>
    </testsuite>
    <testsuite name="src/app/components/ui/spinner/spinner.spec.tsx" timestamp="2026-02-07T23:19:30.750Z" hostname="runnervmwffz4" tests="24" failures="0" errors="0" skipped="0" time="0.099113273">
        <testcase classname="src/app/components/ui/spinner/spinner.spec.tsx" name="Spinner &gt; rendering &gt; should render the spinner" time="0.001133431">
        </testcase>
        <testcase classname="src/app/components/ui/spinner/spinner.spec.tsx" name="Spinner &gt; rendering &gt; should have proper aria-label for accessibility" time="0.009776769">
        </testcase>
        <testcase classname="src/app/components/ui/spinner/spinner.spec.tsx" name="Spinner &gt; size variants &gt; should render with default sm size" time="0.001275895">
        </testcase>
        <testcase classname="src/app/components/ui/spinner/spinner.spec.tsx" name="Spinner &gt; size variants &gt; should render with sm size" time="0.001009217">
        </testcase>
        <testcase classname="src/app/components/ui/spinner/spinner.spec.tsx" name="Spinner &gt; size variants &gt; should render with md size" time="0.001016607">
        </testcase>
        <testcase classname="src/app/components/ui/spinner/spinner.spec.tsx" name="Spinner &gt; size variants &gt; should render with lg size" time="0.001423445">
        </testcase>
        <testcase classname="src/app/components/ui/spinner/spinner.spec.tsx" name="Spinner &gt; variant styles &gt; should render with default variant" time="0.001962846">
        </testcase>
        <testcase classname="src/app/components/ui/spinner/spinner.spec.tsx" name="Spinner &gt; variant styles &gt; should render with primary variant" time="0.002707823">
        </testcase>
        <testcase classname="src/app/components/ui/spinner/spinner.spec.tsx" name="Spinner &gt; variant styles &gt; should render with secondary variant" time="0.002854097">
        </testcase>
        <testcase classname="src/app/components/ui/spinner/spinner.spec.tsx" name="Spinner &gt; variant styles &gt; should render with accent variant" time="0.001463178">
        </testcase>
        <testcase classname="src/app/components/ui/spinner/spinner.spec.tsx" name="Spinner &gt; className prop &gt; should apply custom className" time="0.026955794">
        </testcase>
        <testcase classname="src/app/components/ui/spinner/spinner.spec.tsx" name="Spinner &gt; className prop &gt; should merge custom className with variant classes" time="0.002440277">
        </testcase>
        <testcase classname="src/app/components/ui/spinner/spinner.spec.tsx" name="Spinner &gt; additional props &gt; should pass through data-testid" time="0.002215413">
        </testcase>
        <testcase classname="src/app/components/ui/spinner/spinner.spec.tsx" name="Spinner &gt; additional props &gt; should pass through style prop" time="0.034706769">
        </testcase>
        <testcase classname="src/app/components/ui/spinner/spinner.spec.tsx" name="Spinner &gt; additional props &gt; should pass through id prop" time="0.001919864">
        </testcase>
        <testcase classname="src/app/components/ui/spinner/spinner.spec.tsx" name="Spinner &gt; spinnerVariants &gt; should export spinnerVariants function" time="0.000156448">
        </testcase>
        <testcase classname="src/app/components/ui/spinner/spinner.spec.tsx" name="Spinner &gt; spinnerVariants &gt; should generate correct classes for sm size" time="0.000090371">
        </testcase>
        <testcase classname="src/app/components/ui/spinner/spinner.spec.tsx" name="Spinner &gt; spinnerVariants &gt; should generate correct classes for md size" time="0.000115293">
        </testcase>
        <testcase classname="src/app/components/ui/spinner/spinner.spec.tsx" name="Spinner &gt; spinnerVariants &gt; should generate correct classes for lg size" time="0.000097592">
        </testcase>
        <testcase classname="src/app/components/ui/spinner/spinner.spec.tsx" name="Spinner &gt; spinnerVariants &gt; should generate correct classes for primary variant" time="0.000191947">
        </testcase>
        <testcase classname="src/app/components/ui/spinner/spinner.spec.tsx" name="Spinner &gt; spinnerVariants &gt; should generate correct classes for secondary variant" time="0.000087867">
        </testcase>
        <testcase classname="src/app/components/ui/spinner/spinner.spec.tsx" name="Spinner &gt; spinnerVariants &gt; should generate correct classes for accent variant" time="0.000136443">
        </testcase>
        <testcase classname="src/app/components/ui/spinner/spinner.spec.tsx" name="Spinner &gt; spinnerVariants &gt; should generate correct default classes" time="0.000279216">
        </testcase>
        <testcase classname="src/app/components/ui/spinner/spinner.spec.tsx" name="Spinner &gt; animation &gt; should have animate-spin class" time="0.002548955">
        </testcase>
    </testsuite>
    <testsuite name="src/lib/decorators/with-auth.spec.ts" timestamp="2026-02-07T23:19:30.753Z" hostname="runnervmwffz4" tests="25" failures="0" errors="0" skipped="0" time="0.014646904">
        <testcase classname="src/lib/decorators/with-auth.spec.ts" name="withAuth decorator &gt; authentication &gt; should call the handler when user is authenticated" time="0.000563339">
        </testcase>
        <testcase classname="src/lib/decorators/with-auth.spec.ts" name="withAuth decorator &gt; authentication &gt; should return 401 when user is not authenticated" time="0.000670732">
        </testcase>
        <testcase classname="src/lib/decorators/with-auth.spec.ts" name="withAuth decorator &gt; authentication &gt; should return 401 when auth throws an error" time="0.001508515">
        </testcase>
        <testcase classname="src/lib/decorators/with-auth.spec.ts" name="withAuth decorator &gt; authentication &gt; should pass through the original handler response" time="0.000214375">
        </testcase>
        <testcase classname="src/lib/decorators/with-auth.spec.ts" name="withAuth decorator &gt; authentication &gt; should handle synchronous handler responses" time="0.00047856">
        </testcase>
        <testcase classname="src/lib/decorators/with-auth.spec.ts" name="withAuth decorator &gt; context and parameters &gt; should pass request context with parameters correctly" time="0.003022049">
        </testcase>
        <testcase classname="src/lib/decorators/with-auth.spec.ts" name="withAuth decorator &gt; context and parameters &gt; should handle empty context parameters" time="0.000570244">
        </testcase>
        <testcase classname="src/lib/decorators/with-auth.spec.ts" name="withAuth decorator &gt; session data handling &gt; should handle session with complete user data" time="0.000322007">
        </testcase>
        <testcase classname="src/lib/decorators/with-auth.spec.ts" name="withAuth decorator &gt; session data handling &gt; should handle session with minimal user data" time="0.000379217">
        </testcase>
        <testcase classname="src/lib/decorators/with-auth.spec.ts" name="withAdmin decorator &gt; admin authorization &gt; should call the handler when user has admin role" time="0.000293916">
        </testcase>
        <testcase classname="src/lib/decorators/with-auth.spec.ts" name="withAdmin decorator &gt; admin authorization &gt; should return 403 when user does not have admin role" time="0.000281218">
        </testcase>
        <testcase classname="src/lib/decorators/with-auth.spec.ts" name="withAdmin decorator &gt; admin authorization &gt; should return 403 when user has no role" time="0.000283594">
        </testcase>
        <testcase classname="src/lib/decorators/with-auth.spec.ts" name="withAdmin decorator &gt; admin authorization &gt; should return 403 when user has null role" time="0.000366745">
        </testcase>
        <testcase classname="src/lib/decorators/with-auth.spec.ts" name="withAdmin decorator &gt; admin authorization &gt; should return 401 when session is null" time="0.000334646">
        </testcase>
        <testcase classname="src/lib/decorators/with-auth.spec.ts" name="withAdmin decorator &gt; admin authorization &gt; should return 403 when session user is undefined" time="0.000311966">
        </testcase>
        <testcase classname="src/lib/decorators/with-auth.spec.ts" name="withAdmin decorator &gt; auth error handling &gt; should return 403 when auth throws an error" time="0.000472943">
        </testcase>
        <testcase classname="src/lib/decorators/with-auth.spec.ts" name="withAdmin decorator &gt; response handling &gt; should pass through the original handler response" time="0.000238042">
        </testcase>
        <testcase classname="src/lib/decorators/with-auth.spec.ts" name="withAdmin decorator &gt; response handling &gt; should handle synchronous handler responses" time="0.000198911">
        </testcase>
        <testcase classname="src/lib/decorators/with-auth.spec.ts" name="withAdmin decorator &gt; role validation edge cases &gt; should accept exact &quot;admin&quot; role" time="0.000294829">
        </testcase>
        <testcase classname="src/lib/decorators/with-auth.spec.ts" name="withAdmin decorator &gt; role validation edge cases &gt; should reject case variation &quot;ADMIN&quot;" time="0.000154936">
        </testcase>
        <testcase classname="src/lib/decorators/with-auth.spec.ts" name="withAdmin decorator &gt; role validation edge cases &gt; should reject case variation &quot;Admin&quot;" time="0.000249401">
        </testcase>
        <testcase classname="src/lib/decorators/with-auth.spec.ts" name="withAdmin decorator &gt; role validation edge cases &gt; should reject role &quot;user&quot;" time="0.000222099">
        </testcase>
        <testcase classname="src/lib/decorators/with-auth.spec.ts" name="withAdmin decorator &gt; role validation edge cases &gt; should reject role &quot;moderator&quot;" time="0.000196299">
        </testcase>
        <testcase classname="src/lib/decorators/with-auth.spec.ts" name="withAdmin decorator &gt; role validation edge cases &gt; should reject role &quot;superuser&quot;" time="0.00010835">
        </testcase>
        <testcase classname="src/lib/decorators/with-auth.spec.ts" name="withAdmin decorator &gt; role validation edge cases &gt; should reject role &quot;administrator&quot;" time="0.000136225">
        </testcase>
    </testsuite>
    <testsuite name="src/app/components/ui/audio-player.spec.tsx" timestamp="2026-02-07T23:19:30.757Z" hostname="runnervmwffz4" tests="11" failures="0" errors="0" skipped="0" time="0.054538454">
        <testcase classname="src/app/components/ui/audio-player.spec.tsx" name="AudioPlayer &gt; renders the player container" time="0.001727747">
        </testcase>
        <testcase classname="src/app/components/ui/audio-player.spec.tsx" name="AudioPlayer &gt; renders with default audio type" time="0.002229139">
        </testcase>
        <testcase classname="src/app/components/ui/audio-player.spec.tsx" name="AudioPlayer &gt; renders with custom audio type" time="0.00154994">
        </testcase>
        <testcase classname="src/app/components/ui/audio-player.spec.tsx" name="AudioPlayer &gt; renders poster image when provided" time="0.025628133">
            <system-err>
Received `true` for a non-boolean attribute `priority`.

If you want to write it to the DOM, pass a string instead: priority=&quot;true&quot; or priority={value.toString()}.

            </system-err>
        </testcase>
        <testcase classname="src/app/components/ui/audio-player.spec.tsx" name="AudioPlayer &gt; does not render poster image when not provided" time="0.001960155">
        </testcase>
        <testcase classname="src/app/components/ui/audio-player.spec.tsx" name="AudioPlayer &gt; calls onReady callback when player is ready" time="0.004113592">
        </testcase>
        <testcase classname="src/app/components/ui/audio-player.spec.tsx" name="AudioPlayer &gt; does not call onReady when not provided" time="0.001570598">
        </testcase>
        <testcase classname="src/app/components/ui/audio-player.spec.tsx" name="AudioPlayer &gt; has responsive player container classes" time="0.00354498">
        </testcase>
        <testcase classname="src/app/components/ui/audio-player.spec.tsx" name="AudioPlayer &gt; renders poster container with correct classes" time="0.002020624">
        </testcase>
        <testcase classname="src/app/components/ui/audio-player.spec.tsx" name="AudioPlayer &gt; disposes player on unmount" time="0.005558738">
        </testcase>
        <testcase classname="src/app/components/ui/audio-player.spec.tsx" name="AudioPlayer &gt; does not dispose already disposed player" time="0.002828292">
        </testcase>
    </testsuite>
    <testsuite name="src/lib/actions/change-email-action.spec.ts" timestamp="2026-02-07T23:19:30.759Z" hostname="runnervmwffz4" tests="28" failures="0" errors="0" skipped="0" time="0.021484458">
        <testcase classname="src/lib/actions/change-email-action.spec.ts" name="changeEmailAction &gt; successful email change flow &gt; should update email and sign out when data is valid" time="0.000773304">
        </testcase>
        <testcase classname="src/lib/actions/change-email-action.spec.ts" name="changeEmailAction &gt; successful email change flow &gt; should use session email as previousEmail when not provided" time="0.001818968">
        </testcase>
        <testcase classname="src/lib/actions/change-email-action.spec.ts" name="changeEmailAction &gt; successful email change flow &gt; should use empty string for previousEmail when session has no email" time="0.000562262">
        </testcase>
        <testcase classname="src/lib/actions/change-email-action.spec.ts" name="changeEmailAction &gt; successful email change flow &gt; should set hasTimeout to false on successful update" time="0.000486748">
        </testcase>
        <testcase classname="src/lib/actions/change-email-action.spec.ts" name="changeEmailAction &gt; security audit logging &gt; should log security event when email is successfully changed" time="0.000547276">
        </testcase>
        <testcase classname="src/lib/actions/change-email-action.spec.ts" name="changeEmailAction &gt; security audit logging &gt; should log security event with session email when previousEmail not provided" time="0.00068452">
        </testcase>
        <testcase classname="src/lib/actions/change-email-action.spec.ts" name="changeEmailAction &gt; security audit logging &gt; should log security event with empty string when no email in session" time="0.000618977">
        </testcase>
        <testcase classname="src/lib/actions/change-email-action.spec.ts" name="changeEmailAction &gt; security audit logging &gt; should handle logSecurityEvent failures gracefully" time="0.000477878">
        </testcase>
        <testcase classname="src/lib/actions/change-email-action.spec.ts" name="changeEmailAction &gt; security audit logging &gt; should not log security event when email update fails" time="0.000327168">
        </testcase>
        <testcase classname="src/lib/actions/change-email-action.spec.ts" name="changeEmailAction &gt; security audit logging &gt; should not log security event when user is not authenticated" time="0.000331902">
        </testcase>
        <testcase classname="src/lib/actions/change-email-action.spec.ts" name="changeEmailAction &gt; validation failures &gt; should return form state with errors when validation fails" time="0.000459165">
        </testcase>
        <testcase classname="src/lib/actions/change-email-action.spec.ts" name="changeEmailAction &gt; validation failures &gt; should return error when emails do not match" time="0.000531075">
        </testcase>
        <testcase classname="src/lib/actions/change-email-action.spec.ts" name="changeEmailAction &gt; authentication failures &gt; should return error when user is not authenticated" time="0.002821516">
        </testcase>
        <testcase classname="src/lib/actions/change-email-action.spec.ts" name="changeEmailAction &gt; authentication failures &gt; should return error when session has no user id" time="0.00072355">
        </testcase>
        <testcase classname="src/lib/actions/change-email-action.spec.ts" name="changeEmailAction &gt; database errors &gt; should handle duplicate email errors" time="0.000348543">
        </testcase>
        <testcase classname="src/lib/actions/change-email-action.spec.ts" name="changeEmailAction &gt; database errors &gt; should handle timeout errors with ETIMEOUT in message" time="0.000394538">
        </testcase>
        <testcase classname="src/lib/actions/change-email-action.spec.ts" name="changeEmailAction &gt; database errors &gt; should handle timeout errors with &quot;timeout&quot; in message" time="0.000369889">
        </testcase>
        <testcase classname="src/lib/actions/change-email-action.spec.ts" name="changeEmailAction &gt; database errors &gt; should handle timeout errors with &quot;timed out&quot; in message" time="0.000283523">
        </testcase>
        <testcase classname="src/lib/actions/change-email-action.spec.ts" name="changeEmailAction &gt; database errors &gt; should handle timeout errors with ETIMEOUT error code" time="0.000484127">
        </testcase>
        <testcase classname="src/lib/actions/change-email-action.spec.ts" name="changeEmailAction &gt; database errors &gt; should handle unknown Prisma errors with P2002 but different target" time="0.000470124">
        </testcase>
        <testcase classname="src/lib/actions/change-email-action.spec.ts" name="changeEmailAction &gt; database errors &gt; should handle other Prisma errors" time="0.00065755">
        </testcase>
        <testcase classname="src/lib/actions/change-email-action.spec.ts" name="changeEmailAction &gt; database errors &gt; should handle general errors" time="0.000374315">
        </testcase>
        <testcase classname="src/lib/actions/change-email-action.spec.ts" name="changeEmailAction &gt; database errors &gt; should handle non-Error thrown values" time="0.001796956">
        </testcase>
        <testcase classname="src/lib/actions/change-email-action.spec.ts" name="changeEmailAction &gt; database errors &gt; should initialize formState.errors when undefined on duplicate email error" time="0.000435039">
        </testcase>
        <testcase classname="src/lib/actions/change-email-action.spec.ts" name="changeEmailAction &gt; signOut errors &gt; should handle signOut failures gracefully" time="0.0004547">
        </testcase>
        <testcase classname="src/lib/actions/change-email-action.spec.ts" name="changeEmailAction &gt; edge cases &gt; should preserve form state fields when returning errors" time="0.000511649">
        </testcase>
        <testcase classname="src/lib/actions/change-email-action.spec.ts" name="changeEmailAction &gt; edge cases &gt; should handle empty email strings" time="0.000574915">
        </testcase>
        <testcase classname="src/lib/actions/change-email-action.spec.ts" name="changeEmailAction &gt; edge cases &gt; should not redirect when email update fails" time="0.000639436">
        </testcase>
    </testsuite>
    <testsuite name="src/app/components/ui/chart.spec.tsx" timestamp="2026-02-07T23:19:30.763Z" hostname="runnervmwffz4" tests="30" failures="0" errors="0" skipped="0" time="0.147941069">
        <testcase classname="src/app/components/ui/chart.spec.tsx" name="ChartContainer &gt; renders with data-slot attribute" time="0.001521388">
        </testcase>
        <testcase classname="src/app/components/ui/chart.spec.tsx" name="ChartContainer &gt; renders with data-chart attribute containing unique id" time="0.001890955">
        </testcase>
        <testcase classname="src/app/components/ui/chart.spec.tsx" name="ChartContainer &gt; applies custom className" time="0.002726112">
        </testcase>
        <testcase classname="src/app/components/ui/chart.spec.tsx" name="ChartContainer &gt; uses custom id when provided" time="0.002801473">
        </testcase>
        <testcase classname="src/app/components/ui/chart.spec.tsx" name="ChartContainer &gt; renders children inside ResponsiveContainer" time="0.00195455">
        </testcase>
        <testcase classname="src/app/components/ui/chart.spec.tsx" name="ChartStyle &gt; renders style element with color config" time="0.001656679">
        </testcase>
        <testcase classname="src/app/components/ui/chart.spec.tsx" name="ChartStyle &gt; renders style element with theme config" time="0.004127519">
        </testcase>
        <testcase classname="src/app/components/ui/chart.spec.tsx" name="ChartStyle &gt; returns null for empty color config" time="0.000619465">
        </testcase>
        <testcase classname="src/app/components/ui/chart.spec.tsx" name="ChartTooltip &gt; exports ChartTooltip component" time="0.000230256">
        </testcase>
        <testcase classname="src/app/components/ui/chart.spec.tsx" name="ChartTooltipContent &gt; returns null when not active" time="0.002463011">
        </testcase>
        <testcase classname="src/app/components/ui/chart.spec.tsx" name="ChartTooltipContent &gt; returns null when payload is empty" time="0.005749254">
        </testcase>
        <testcase classname="src/app/components/ui/chart.spec.tsx" name="ChartTooltipContent &gt; renders tooltip content when active with payload" time="0.003694771">
        </testcase>
        <testcase classname="src/app/components/ui/chart.spec.tsx" name="ChartTooltipContent &gt; renders with dot indicator by default" time="0.048912454">
        </testcase>
        <testcase classname="src/app/components/ui/chart.spec.tsx" name="ChartTooltipContent &gt; renders with line indicator" time="0.004073585">
        </testcase>
        <testcase classname="src/app/components/ui/chart.spec.tsx" name="ChartTooltipContent &gt; renders with dashed indicator" time="0.005222506">
        </testcase>
        <testcase classname="src/app/components/ui/chart.spec.tsx" name="ChartTooltipContent &gt; hides label when hideLabel is true" time="0.003036687">
        </testcase>
        <testcase classname="src/app/components/ui/chart.spec.tsx" name="ChartTooltipContent &gt; hides indicator when hideIndicator is true" time="0.00512911">
        </testcase>
        <testcase classname="src/app/components/ui/chart.spec.tsx" name="ChartTooltipContent &gt; uses custom formatter when provided" time="0.00318709">
        </testcase>
        <testcase classname="src/app/components/ui/chart.spec.tsx" name="ChartTooltipContent &gt; uses custom labelFormatter when provided" time="0.006555574">
        </testcase>
        <testcase classname="src/app/components/ui/chart.spec.tsx" name="ChartTooltipContent &gt; filters out items with type &quot;none&quot;" time="0.002622212">
        </testcase>
        <testcase classname="src/app/components/ui/chart.spec.tsx" name="ChartLegend &gt; exports ChartLegend component" time="0.000161877">
        </testcase>
        <testcase classname="src/app/components/ui/chart.spec.tsx" name="ChartLegendContent &gt; returns null when payload is empty" time="0.00120283">
        </testcase>
        <testcase classname="src/app/components/ui/chart.spec.tsx" name="ChartLegendContent &gt; returns null when payload is undefined" time="0.001381187">
        </testcase>
        <testcase classname="src/app/components/ui/chart.spec.tsx" name="ChartLegendContent &gt; renders legend items with payload" time="0.005198472">
        </testcase>
        <testcase classname="src/app/components/ui/chart.spec.tsx" name="ChartLegendContent &gt; hides icon when hideIcon is true" time="0.0016847">
        </testcase>
        <testcase classname="src/app/components/ui/chart.spec.tsx" name="ChartLegendContent &gt; renders with custom icon when provided in config" time="0.002191348">
        </testcase>
        <testcase classname="src/app/components/ui/chart.spec.tsx" name="ChartLegendContent &gt; filters out items with type &quot;none&quot;" time="0.001497247">
        </testcase>
        <testcase classname="src/app/components/ui/chart.spec.tsx" name="ChartLegendContent &gt; renders with verticalAlign top" time="0.001975367">
        </testcase>
        <testcase classname="src/app/components/ui/chart.spec.tsx" name="ChartLegendContent &gt; renders with verticalAlign bottom" time="0.009135289">
        </testcase>
        <testcase classname="src/app/components/ui/chart.spec.tsx" name="useChart hook error &gt; throws error when used outside ChartContainer context" time="0.012319436">
        </testcase>
    </testsuite>
    <testsuite name="src/lib/validation/notification-banner-schema.spec.ts" timestamp="2026-02-07T23:19:30.768Z" hostname="runnervmwffz4" tests="66" failures="0" errors="0" skipped="0" time="0.025588713">
        <testcase classname="src/lib/validation/notification-banner-schema.spec.ts" name="notificationBannerSchema &gt; message field &gt; should accept valid message" time="0.000205944">
        </testcase>
        <testcase classname="src/lib/validation/notification-banner-schema.spec.ts" name="notificationBannerSchema &gt; message field &gt; should reject empty message" time="0.000357333">
        </testcase>
        <testcase classname="src/lib/validation/notification-banner-schema.spec.ts" name="notificationBannerSchema &gt; message field &gt; should reject message longer than 500 characters" time="0.000230154">
        </testcase>
        <testcase classname="src/lib/validation/notification-banner-schema.spec.ts" name="notificationBannerSchema &gt; secondaryMessage field &gt; should accept empty secondary message" time="0.00018375">
        </testcase>
        <testcase classname="src/lib/validation/notification-banner-schema.spec.ts" name="notificationBannerSchema &gt; secondaryMessage field &gt; should accept valid secondary message" time="0.00019729">
        </testcase>
        <testcase classname="src/lib/validation/notification-banner-schema.spec.ts" name="notificationBannerSchema &gt; secondaryMessage field &gt; should reject secondary message longer than 200 characters" time="0.000344124">
        </testcase>
        <testcase classname="src/lib/validation/notification-banner-schema.spec.ts" name="notificationBannerSchema &gt; imageUrl field &gt; should accept valid URL" time="0.000397555">
        </testcase>
        <testcase classname="src/lib/validation/notification-banner-schema.spec.ts" name="notificationBannerSchema &gt; imageUrl field &gt; should accept empty string" time="0.000266954">
        </testcase>
        <testcase classname="src/lib/validation/notification-banner-schema.spec.ts" name="notificationBannerSchema &gt; imageUrl field &gt; should reject invalid URL" time="0.000644793">
        </testcase>
        <testcase classname="src/lib/validation/notification-banner-schema.spec.ts" name="notificationBannerSchema &gt; backgroundColor field &gt; should accept valid hex color with 6 digits" time="0.000180218">
        </testcase>
        <testcase classname="src/lib/validation/notification-banner-schema.spec.ts" name="notificationBannerSchema &gt; backgroundColor field &gt; should accept valid hex color with 3 digits" time="0.000167481">
        </testcase>
        <testcase classname="src/lib/validation/notification-banner-schema.spec.ts" name="notificationBannerSchema &gt; backgroundColor field &gt; should accept empty string when imageUrl is provided" time="0.000178804">
        </testcase>
        <testcase classname="src/lib/validation/notification-banner-schema.spec.ts" name="notificationBannerSchema &gt; backgroundColor field &gt; should reject invalid hex color" time="0.000201659">
        </testcase>
        <testcase classname="src/lib/validation/notification-banner-schema.spec.ts" name="notificationBannerSchema &gt; backgroundColor field &gt; should reject hex color without hash" time="0.000279395">
        </testcase>
        <testcase classname="src/lib/validation/notification-banner-schema.spec.ts" name="notificationBannerSchema &gt; background requirement (imageUrl or backgroundColor) &gt; should pass when imageUrl is provided" time="0.000212562">
        </testcase>
        <testcase classname="src/lib/validation/notification-banner-schema.spec.ts" name="notificationBannerSchema &gt; background requirement (imageUrl or backgroundColor) &gt; should pass when backgroundColor is provided" time="0.000258731">
        </testcase>
        <testcase classname="src/lib/validation/notification-banner-schema.spec.ts" name="notificationBannerSchema &gt; background requirement (imageUrl or backgroundColor) &gt; should pass when originalImageUrl is provided" time="0.000191218">
        </testcase>
        <testcase classname="src/lib/validation/notification-banner-schema.spec.ts" name="notificationBannerSchema &gt; background requirement (imageUrl or backgroundColor) &gt; should pass when both are provided" time="0.000287453">
        </testcase>
        <testcase classname="src/lib/validation/notification-banner-schema.spec.ts" name="notificationBannerSchema &gt; background requirement (imageUrl or backgroundColor) &gt; should fail when neither is provided" time="0.000342969">
        </testcase>
        <testcase classname="src/lib/validation/notification-banner-schema.spec.ts" name="notificationBannerSchema &gt; linkUrl field &gt; should accept valid URL" time="0.000165517">
        </testcase>
        <testcase classname="src/lib/validation/notification-banner-schema.spec.ts" name="notificationBannerSchema &gt; linkUrl field &gt; should accept empty string" time="0.000223718">
        </testcase>
        <testcase classname="src/lib/validation/notification-banner-schema.spec.ts" name="notificationBannerSchema &gt; linkUrl field &gt; should reject invalid URL" time="0.000302925">
        </testcase>
        <testcase classname="src/lib/validation/notification-banner-schema.spec.ts" name="notificationBannerSchema &gt; boolean fields &gt; should accept isOverlayed as true" time="0.000159449">
        </testcase>
        <testcase classname="src/lib/validation/notification-banner-schema.spec.ts" name="notificationBannerSchema &gt; boolean fields &gt; should accept isOverlayed as false" time="0.000251262">
        </testcase>
        <testcase classname="src/lib/validation/notification-banner-schema.spec.ts" name="notificationBannerSchema &gt; boolean fields &gt; should accept isActive as true" time="0.00017787">
        </testcase>
        <testcase classname="src/lib/validation/notification-banner-schema.spec.ts" name="notificationBannerSchema &gt; boolean fields &gt; should accept isActive as false" time="0.000156689">
        </testcase>
        <testcase classname="src/lib/validation/notification-banner-schema.spec.ts" name="notificationBannerSchema &gt; date fields &gt; should accept valid displayFrom date string" time="0.000183885">
        </testcase>
        <testcase classname="src/lib/validation/notification-banner-schema.spec.ts" name="notificationBannerSchema &gt; date fields &gt; should accept valid displayUntil date string" time="0.000243381">
        </testcase>
        <testcase classname="src/lib/validation/notification-banner-schema.spec.ts" name="notificationBannerSchema &gt; date fields &gt; should accept empty date strings" time="0.000189817">
        </testcase>
        <testcase classname="src/lib/validation/notification-banner-schema.spec.ts" name="notificationBannerSchema &gt; notes field &gt; should accept valid notes" time="0.000171384">
        </testcase>
        <testcase classname="src/lib/validation/notification-banner-schema.spec.ts" name="notificationBannerSchema &gt; notes field &gt; should accept empty notes" time="0.000226953">
        </testcase>
        <testcase classname="src/lib/validation/notification-banner-schema.spec.ts" name="notificationBannerSchema &gt; notes field &gt; should reject notes longer than 1000 characters" time="0.000282408">
        </testcase>
        <testcase classname="src/lib/validation/notification-banner-schema.spec.ts" name="notificationBannerSchema &gt; messageRotation field &gt; should accept valid rotation value of 0" time="0.000387113">
        </testcase>
        <testcase classname="src/lib/validation/notification-banner-schema.spec.ts" name="notificationBannerSchema &gt; messageRotation field &gt; should accept positive rotation up to 360" time="0.000258886">
        </testcase>
        <testcase classname="src/lib/validation/notification-banner-schema.spec.ts" name="notificationBannerSchema &gt; messageRotation field &gt; should accept negative rotation down to -360" time="0.000482391">
        </testcase>
        <testcase classname="src/lib/validation/notification-banner-schema.spec.ts" name="notificationBannerSchema &gt; messageRotation field &gt; should accept intermediate rotation values" time="0.004214594">
        </testcase>
        <testcase classname="src/lib/validation/notification-banner-schema.spec.ts" name="notificationBannerSchema &gt; messageRotation field &gt; should reject rotation greater than 360" time="0.000691069">
        </testcase>
        <testcase classname="src/lib/validation/notification-banner-schema.spec.ts" name="notificationBannerSchema &gt; messageRotation field &gt; should reject rotation less than -360" time="0.000428564">
        </testcase>
        <testcase classname="src/lib/validation/notification-banner-schema.spec.ts" name="notificationBannerSchema &gt; messageRotation field &gt; should default to 0 when not provided" time="0.00060162">
        </testcase>
        <testcase classname="src/lib/validation/notification-banner-schema.spec.ts" name="notificationBannerSchema &gt; secondaryMessageRotation field &gt; should accept valid rotation value of 0" time="0.000196044">
        </testcase>
        <testcase classname="src/lib/validation/notification-banner-schema.spec.ts" name="notificationBannerSchema &gt; secondaryMessageRotation field &gt; should accept positive rotation up to 360" time="0.000235811">
        </testcase>
        <testcase classname="src/lib/validation/notification-banner-schema.spec.ts" name="notificationBannerSchema &gt; secondaryMessageRotation field &gt; should accept negative rotation down to -360" time="0.000195244">
        </testcase>
        <testcase classname="src/lib/validation/notification-banner-schema.spec.ts" name="notificationBannerSchema &gt; secondaryMessageRotation field &gt; should reject rotation greater than 360" time="0.000394379">
        </testcase>
        <testcase classname="src/lib/validation/notification-banner-schema.spec.ts" name="notificationBannerSchema &gt; secondaryMessageRotation field &gt; should reject rotation less than -360" time="0.000303746">
        </testcase>
        <testcase classname="src/lib/validation/notification-banner-schema.spec.ts" name="notificationBannerSchema &gt; secondaryMessageRotation field &gt; should default to 0 when not provided" time="0.000172767">
        </testcase>
        <testcase classname="src/lib/validation/notification-banner-schema.spec.ts" name="notificationBannerSchema &gt; imageOffsetX field &gt; should accept valid offset value of 0" time="0.000233209">
        </testcase>
        <testcase classname="src/lib/validation/notification-banner-schema.spec.ts" name="notificationBannerSchema &gt; imageOffsetX field &gt; should accept positive offset up to 100" time="0.000279207">
        </testcase>
        <testcase classname="src/lib/validation/notification-banner-schema.spec.ts" name="notificationBannerSchema &gt; imageOffsetX field &gt; should accept negative offset down to -100" time="0.000164558">
        </testcase>
        <testcase classname="src/lib/validation/notification-banner-schema.spec.ts" name="notificationBannerSchema &gt; imageOffsetX field &gt; should accept intermediate offset values" time="0.000226082">
        </testcase>
        <testcase classname="src/lib/validation/notification-banner-schema.spec.ts" name="notificationBannerSchema &gt; imageOffsetX field &gt; should reject offset greater than 100" time="0.000259832">
        </testcase>
        <testcase classname="src/lib/validation/notification-banner-schema.spec.ts" name="notificationBannerSchema &gt; imageOffsetX field &gt; should reject offset less than -100" time="0.00028401">
        </testcase>
        <testcase classname="src/lib/validation/notification-banner-schema.spec.ts" name="notificationBannerSchema &gt; imageOffsetX field &gt; should default to 0 when not provided" time="0.000192359">
        </testcase>
        <testcase classname="src/lib/validation/notification-banner-schema.spec.ts" name="notificationBannerSchema &gt; imageOffsetY field &gt; should accept valid offset value of 0" time="0.000317757">
        </testcase>
        <testcase classname="src/lib/validation/notification-banner-schema.spec.ts" name="notificationBannerSchema &gt; imageOffsetY field &gt; should accept positive offset up to 100" time="0.000294262">
        </testcase>
        <testcase classname="src/lib/validation/notification-banner-schema.spec.ts" name="notificationBannerSchema &gt; imageOffsetY field &gt; should accept negative offset down to -100" time="0.000226359">
        </testcase>
        <testcase classname="src/lib/validation/notification-banner-schema.spec.ts" name="notificationBannerSchema &gt; imageOffsetY field &gt; should reject offset greater than 100" time="0.000439871">
        </testcase>
        <testcase classname="src/lib/validation/notification-banner-schema.spec.ts" name="notificationBannerSchema &gt; imageOffsetY field &gt; should reject offset less than -100" time="0.000481104">
        </testcase>
        <testcase classname="src/lib/validation/notification-banner-schema.spec.ts" name="notificationBannerSchema &gt; imageOffsetY field &gt; should default to 0 when not provided" time="0.000184005">
        </testcase>
        <testcase classname="src/lib/validation/notification-banner-schema.spec.ts" name="notificationBannerSchema &gt; font size fields with updated limits &gt; should accept messageFontSize at minimum 0.5" time="0.000218162">
        </testcase>
        <testcase classname="src/lib/validation/notification-banner-schema.spec.ts" name="notificationBannerSchema &gt; font size fields with updated limits &gt; should accept messageFontSize at maximum 10" time="0.000296257">
        </testcase>
        <testcase classname="src/lib/validation/notification-banner-schema.spec.ts" name="notificationBannerSchema &gt; font size fields with updated limits &gt; should reject messageFontSize below 0.5" time="0.000340654">
        </testcase>
        <testcase classname="src/lib/validation/notification-banner-schema.spec.ts" name="notificationBannerSchema &gt; font size fields with updated limits &gt; should reject messageFontSize above 10" time="0.0003243">
        </testcase>
        <testcase classname="src/lib/validation/notification-banner-schema.spec.ts" name="notificationBannerSchema &gt; font size fields with updated limits &gt; should accept secondaryMessageFontSize at minimum 0.5" time="0.000229907">
        </testcase>
        <testcase classname="src/lib/validation/notification-banner-schema.spec.ts" name="notificationBannerSchema &gt; font size fields with updated limits &gt; should accept secondaryMessageFontSize at maximum 10" time="0.000204299">
        </testcase>
        <testcase classname="src/lib/validation/notification-banner-schema.spec.ts" name="notificationBannerSchema &gt; font size fields with updated limits &gt; should reject secondaryMessageFontSize below 0.5" time="0.000390218">
        </testcase>
        <testcase classname="src/lib/validation/notification-banner-schema.spec.ts" name="notificationBannerSchema &gt; font size fields with updated limits &gt; should reject secondaryMessageFontSize above 10" time="0.000475325">
        </testcase>
    </testsuite>
    <testsuite name="src/app/components/auth/auth-toolbar.spec.tsx" timestamp="2026-02-07T23:19:30.777Z" hostname="runnervmwffz4" tests="46" failures="0" errors="0" skipped="0" time="0.096110183">
        <testcase classname="src/app/components/auth/auth-toolbar.spec.tsx" name="AuthToolbar &gt; when user is unauthenticated &gt; renders sign in and sign up links" time="0.001819503">
        </testcase>
        <testcase classname="src/app/components/auth/auth-toolbar.spec.tsx" name="AuthToolbar &gt; when user is unauthenticated &gt; does not render signed in toolbar" time="0.001465168">
        </testcase>
        <testcase classname="src/app/components/auth/auth-toolbar.spec.tsx" name="AuthToolbar &gt; when user is unauthenticated &gt; applies custom className when provided" time="0.001574387">
        </testcase>
        <testcase classname="src/app/components/auth/auth-toolbar.spec.tsx" name="AuthToolbar &gt; when user is unauthenticated &gt; logs unauthenticated state message" time="0.001420316">
        </testcase>
        <testcase classname="src/app/components/auth/auth-toolbar.spec.tsx" name="AuthToolbar &gt; when user is unauthenticated &gt; applies correct CSS classes to container" time="0.001828112">
        </testcase>
        <testcase classname="src/app/components/auth/auth-toolbar.spec.tsx" name="AuthToolbar &gt; when user is authenticated &gt; renders signed in toolbar" time="0.000938375">
        </testcase>
        <testcase classname="src/app/components/auth/auth-toolbar.spec.tsx" name="AuthToolbar &gt; when user is authenticated &gt; does not render sign in and sign up links" time="0.001083062">
        </testcase>
        <testcase classname="src/app/components/auth/auth-toolbar.spec.tsx" name="AuthToolbar &gt; when user is authenticated &gt; passes className to signed in toolbar" time="0.00102526">
        </testcase>
        <testcase classname="src/app/components/auth/auth-toolbar.spec.tsx" name="AuthToolbar &gt; when user is authenticated &gt; logs authenticated state message" time="0.001090065">
        </testcase>
        <testcase classname="src/app/components/auth/auth-toolbar.spec.tsx" name="AuthToolbar &gt; when user is authenticated &gt; with admin user &gt; renders signed in toolbar for admin user" time="0.001169227">
        </testcase>
        <testcase classname="src/app/components/auth/auth-toolbar.spec.tsx" name="AuthToolbar &gt; when user is authenticated &gt; with admin user &gt; in development mode &gt; logs admin role in development mode" time="0.001178044">
        </testcase>
        <testcase classname="src/app/components/auth/auth-toolbar.spec.tsx" name="AuthToolbar &gt; when user is authenticated &gt; with admin user &gt; in development mode &gt; logs session status in development mode" time="0.001167247">
        </testcase>
        <testcase classname="src/app/components/auth/auth-toolbar.spec.tsx" name="AuthToolbar &gt; when user is authenticated &gt; with admin user &gt; in development mode &gt; logs session data in development mode" time="0.001203811">
        </testcase>
        <testcase classname="src/app/components/auth/auth-toolbar.spec.tsx" name="AuthToolbar &gt; when user is authenticated &gt; with admin user &gt; in development mode &gt; logs user data in development mode" time="0.001153379">
        </testcase>
        <testcase classname="src/app/components/auth/auth-toolbar.spec.tsx" name="AuthToolbar &gt; when user is authenticated &gt; with admin user &gt; in development mode &gt; logs admin role value in development mode" time="0.001203215">
        </testcase>
        <testcase classname="src/app/components/auth/auth-toolbar.spec.tsx" name="AuthToolbar &gt; when user is authenticated &gt; with admin user &gt; in development mode &gt; handles falsy role value with fallback to N/A" time="0.001328707">
        </testcase>
        <testcase classname="src/app/components/auth/auth-toolbar.spec.tsx" name="AuthToolbar &gt; when user is authenticated &gt; with admin user &gt; in development mode &gt; logs username in development mode" time="0.001244978">
        </testcase>
        <testcase classname="src/app/components/auth/auth-toolbar.spec.tsx" name="AuthToolbar &gt; when user is authenticated &gt; with admin user &gt; in production mode &gt; does not log admin role in production mode" time="0.000918066">
        </testcase>
        <testcase classname="src/app/components/auth/auth-toolbar.spec.tsx" name="AuthToolbar &gt; when user is authenticated &gt; with admin user &gt; in production mode &gt; does not log session status in production mode" time="0.00116134">
        </testcase>
        <testcase classname="src/app/components/auth/auth-toolbar.spec.tsx" name="AuthToolbar &gt; when user is authenticated &gt; with admin user &gt; in production mode &gt; still logs authenticated toolbar message" time="0.001103117">
        </testcase>
        <testcase classname="src/app/components/auth/auth-toolbar.spec.tsx" name="AuthToolbar &gt; when user is authenticated &gt; with non-admin user &gt; renders signed in toolbar for non-admin user" time="0.000982175">
        </testcase>
        <testcase classname="src/app/components/auth/auth-toolbar.spec.tsx" name="AuthToolbar &gt; when user is authenticated &gt; with non-admin user &gt; in development mode &gt; does not log user role for non-admin in development mode" time="0.001269494">
        </testcase>
        <testcase classname="src/app/components/auth/auth-toolbar.spec.tsx" name="AuthToolbar &gt; when user is authenticated &gt; with non-admin user &gt; in development mode &gt; logs session data in development mode" time="0.001076627">
        </testcase>
        <testcase classname="src/app/components/auth/auth-toolbar.spec.tsx" name="AuthToolbar &gt; when user is authenticated &gt; with user missing role &gt; renders signed in toolbar when role is undefined" time="0.001174092">
        </testcase>
        <testcase classname="src/app/components/auth/auth-toolbar.spec.tsx" name="AuthToolbar &gt; when user is authenticated &gt; with user missing role &gt; in development mode &gt; logs N/A for missing role in development mode when checking admin" time="0.001223283">
        </testcase>
        <testcase classname="src/app/components/auth/auth-toolbar.spec.tsx" name="AuthToolbar &gt; when session status is loading &gt; renders loading spinner with correct props" time="0.003207731">
        </testcase>
        <testcase classname="src/app/components/auth/auth-toolbar.spec.tsx" name="AuthToolbar &gt; when session status is loading &gt; displays loading text" time="0.022370956">
        </testcase>
        <testcase classname="src/app/components/auth/auth-toolbar.spec.tsx" name="AuthToolbar &gt; when session status is loading &gt; does not render sign in/up links while loading" time="0.003625756">
        </testcase>
        <testcase classname="src/app/components/auth/auth-toolbar.spec.tsx" name="AuthToolbar &gt; when session status is loading &gt; does not render signed in toolbar while loading" time="0.002774498">
        </testcase>
        <testcase classname="src/app/components/auth/auth-toolbar.spec.tsx" name="AuthToolbar &gt; edge cases and boundary conditions &gt; with null session but authenticated status &gt; renders unauthenticated links when session is null despite authenticated status" time="0.001992146">
        </testcase>
        <testcase classname="src/app/components/auth/auth-toolbar.spec.tsx" name="AuthToolbar &gt; edge cases and boundary conditions &gt; with undefined session data &gt; handles undefined session gracefully" time="0.001390809">
        </testcase>
        <testcase classname="src/app/components/auth/auth-toolbar.spec.tsx" name="AuthToolbar &gt; edge cases and boundary conditions &gt; with custom className variations &gt; handles empty string className" time="0.002481758">
        </testcase>
        <testcase classname="src/app/components/auth/auth-toolbar.spec.tsx" name="AuthToolbar &gt; edge cases and boundary conditions &gt; with custom className variations &gt; handles multiple className values" time="0.003535566">
        </testcase>
        <testcase classname="src/app/components/auth/auth-toolbar.spec.tsx" name="AuthToolbar &gt; edge cases and boundary conditions &gt; with custom className variations &gt; passes className to authenticated toolbar" time="0.00176219">
        </testcase>
        <testcase classname="src/app/components/auth/auth-toolbar.spec.tsx" name="AuthToolbar &gt; edge cases and boundary conditions &gt; development mode logging variations &gt; logs when user data is present" time="0.001162034">
        </testcase>
        <testcase classname="src/app/components/auth/auth-toolbar.spec.tsx" name="AuthToolbar &gt; edge cases and boundary conditions &gt; development mode logging variations &gt; logs username when present" time="0.001050899">
        </testcase>
        <testcase classname="src/app/components/auth/auth-toolbar.spec.tsx" name="AuthToolbar &gt; edge cases and boundary conditions &gt; development mode logging variations &gt; logs undefined username when not present" time="0.001027409">
        </testcase>
        <testcase classname="src/app/components/auth/auth-toolbar.spec.tsx" name="AuthToolbar &gt; edge cases and boundary conditions &gt; development mode logging variations &gt; handles session with null user" time="0.000850993">
        </testcase>
        <testcase classname="src/app/components/auth/auth-toolbar.spec.tsx" name="AuthToolbar &gt; edge cases and boundary conditions &gt; admin role edge cases &gt; handles admin role with empty string" time="0.001960469">
        </testcase>
        <testcase classname="src/app/components/auth/auth-toolbar.spec.tsx" name="AuthToolbar &gt; edge cases and boundary conditions &gt; admin role edge cases &gt; correctly identifies admin role case-sensitively" time="0.003041867">
        </testcase>
        <testcase classname="src/app/components/auth/auth-toolbar.spec.tsx" name="AuthToolbar &gt; component rendering and structure &gt; renders without crashing with minimal props" time="0.001203252">
        </testcase>
        <testcase classname="src/app/components/auth/auth-toolbar.spec.tsx" name="AuthToolbar &gt; component rendering and structure &gt; maintains proper DOM structure for unauthenticated state" time="0.001610188">
        </testcase>
        <testcase classname="src/app/components/auth/auth-toolbar.spec.tsx" name="AuthToolbar &gt; component rendering and structure &gt; renders exactly one root element for unauthenticated" time="0.001355384">
        </testcase>
        <testcase classname="src/app/components/auth/auth-toolbar.spec.tsx" name="AuthToolbar &gt; component rendering and structure &gt; renders exactly one root element for authenticated" time="0.001066594">
        </testcase>
        <testcase classname="src/app/components/auth/auth-toolbar.spec.tsx" name="AuthToolbar &gt; component rendering and structure &gt; renders exactly one root element for loading" time="0.001220457">
        </testcase>
        <testcase classname="src/app/components/auth/auth-toolbar.spec.tsx" name="AuthToolbar &gt; logging prefix consistency &gt; uses consistent logging prefix for all log calls" time="0.003229738">
        </testcase>
    </testsuite>
    <testsuite name="src/app/components/notification-banner.spec.tsx" timestamp="2026-02-07T23:19:30.784Z" hostname="runnervmwffz4" tests="56" failures="0" errors="0" skipped="0" time="0.368418256">
        <testcase classname="src/app/components/notification-banner.spec.tsx" name="NotificationBanner &gt; renders nothing when notifications array is empty" time="0.001007556">
        </testcase>
        <testcase classname="src/app/components/notification-banner.spec.tsx" name="NotificationBanner &gt; renders the banner with a single notification" time="0.00382023">
        </testcase>
        <testcase classname="src/app/components/notification-banner.spec.tsx" name="NotificationBanner &gt; renders secondary message when provided" time="0.003844939">
        </testcase>
        <testcase classname="src/app/components/notification-banner.spec.tsx" name="NotificationBanner &gt; renders navigation dots when multiple notifications exist" time="0.00755726">
        </testcase>
        <testcase classname="src/app/components/notification-banner.spec.tsx" name="NotificationBanner &gt; does not render navigation dots for single notification" time="0.006804305">
        </testcase>
        <testcase classname="src/app/components/notification-banner.spec.tsx" name="NotificationBanner &gt; allows navigation via dots" time="0.00825722">
        </testcase>
        <testcase classname="src/app/components/notification-banner.spec.tsx" name="NotificationBanner &gt; marks the active dot as selected" time="0.005167483">
        </testcase>
        <testcase classname="src/app/components/notification-banner.spec.tsx" name="NotificationBanner &gt; auto-cycles through notifications every 10 seconds" time="0.005240654">
        </testcase>
        <testcase classname="src/app/components/notification-banner.spec.tsx" name="NotificationBanner &gt; pauses auto-cycling on mouse enter" time="0.005479072">
        </testcase>
        <testcase classname="src/app/components/notification-banner.spec.tsx" name="NotificationBanner &gt; resumes auto-cycling on mouse leave" time="0.007571763">
        </testcase>
        <testcase classname="src/app/components/notification-banner.spec.tsx" name="NotificationBanner &gt; supports keyboard navigation with arrow keys" time="0.00910411">
            <system-err>
An update to NotificationBanner inside a test was not wrapped in act(...).

When testing, code that causes React state updates should be wrapped into act(...):

act(() =&gt; {
  /* fire events that update state */
});
/* assert on the output */

This ensures that you&apos;re testing the behavior the user would see in the browser. Learn more at https://react.dev/link/wrap-tests-with-act

            </system-err>
        </testcase>
        <testcase classname="src/app/components/notification-banner.spec.tsx" name="NotificationBanner &gt; wraps around when navigating past boundaries" time="0.009214859">
            <system-err>
An update to NotificationBanner inside a test was not wrapped in act(...).

When testing, code that causes React state updates should be wrapped into act(...):

act(() =&gt; {
  /* fire events that update state */
});
/* assert on the output */

This ensures that you&apos;re testing the behavior the user would see in the browser. Learn more at https://react.dev/link/wrap-tests-with-act

            </system-err>
        </testcase>
        <testcase classname="src/app/components/notification-banner.spec.tsx" name="NotificationBanner &gt; renders image when imageUrl is provided" time="0.002715958">
        </testcase>
        <testcase classname="src/app/components/notification-banner.spec.tsx" name="NotificationBanner &gt; renders link when linkUrl is provided" time="0.003927139">
        </testcase>
        <testcase classname="src/app/components/notification-banner.spec.tsx" name="NotificationBanner &gt; does not render link when linkUrl is not provided" time="0.00215826">
        </testcase>
        <testcase classname="src/app/components/notification-banner.spec.tsx" name="NotificationBanner &gt; applies custom className" time="0.002441713">
        </testcase>
        <testcase classname="src/app/components/notification-banner.spec.tsx" name="NotificationBanner &gt; applies golden ratio aspect ratio" time="0.003612967">
        </testcase>
        <testcase classname="src/app/components/notification-banner.spec.tsx" name="NotificationBanner &gt; renders with proper ARIA roles for accessibility" time="0.00571504">
        </testcase>
        <testcase classname="src/app/components/notification-banner.spec.tsx" name="NotificationBanner &gt; pauses on focus and resumes on blur" time="0.008523592">
        </testcase>
        <testcase classname="src/app/components/notification-banner.spec.tsx" name="NotificationBanner &gt; does not show text when isOverlayed is false" time="0.001972638">
        </testcase>
        <testcase classname="src/app/components/notification-banner.spec.tsx" name="NotificationBanner &gt; swipe navigation &gt; enables drag on x-axis when multiple notifications exist" time="0.005328846">
        </testcase>
        <testcase classname="src/app/components/notification-banner.spec.tsx" name="NotificationBanner &gt; swipe navigation &gt; disables drag when only one notification exists" time="0.004646668">
        </testcase>
        <testcase classname="src/app/components/notification-banner.spec.tsx" name="NotificationBanner &gt; swipe navigation &gt; navigates to next notification on swipe left (negative offset)" time="0.011212338">
        </testcase>
        <testcase classname="src/app/components/notification-banner.spec.tsx" name="NotificationBanner &gt; swipe navigation &gt; navigates to previous notification on swipe right (positive offset)" time="0.019679551">
        </testcase>
        <testcase classname="src/app/components/notification-banner.spec.tsx" name="NotificationBanner &gt; swipe navigation &gt; navigates to next notification on fast swipe left (high negative velocity)" time="0.004912162">
        </testcase>
        <testcase classname="src/app/components/notification-banner.spec.tsx" name="NotificationBanner &gt; swipe navigation &gt; navigates to previous notification on fast swipe right (high positive velocity)" time="0.013807675">
        </testcase>
        <testcase classname="src/app/components/notification-banner.spec.tsx" name="NotificationBanner &gt; swipe navigation &gt; does not navigate when swipe is below threshold" time="0.004070216">
        </testcase>
        <testcase classname="src/app/components/notification-banner.spec.tsx" name="NotificationBanner &gt; swipe navigation &gt; wraps to last notification when swiping right from first" time="0.005694666">
        </testcase>
        <testcase classname="src/app/components/notification-banner.spec.tsx" name="NotificationBanner &gt; swipe navigation &gt; wraps to first notification when swiping left from last" time="0.010698223">
        </testcase>
        <testcase classname="src/app/components/notification-banner.spec.tsx" name="NotificationBanner &gt; swipe navigation &gt; has proper touch-action style for vertical scrolling" time="0.005700712">
        </testcase>
        <testcase classname="src/app/components/notification-banner.spec.tsx" name="NotificationBanner &gt; swipe navigation &gt; has grab cursor classes for drag feedback" time="0.005286959">
        </testcase>
        <testcase classname="src/app/components/notification-banner.spec.tsx" name="NotificationBanner &gt; text rotation &gt; should render message with rotation transform when messageRotation is set" time="0.002616142">
        </testcase>
        <testcase classname="src/app/components/notification-banner.spec.tsx" name="NotificationBanner &gt; text rotation &gt; should render secondary message with rotation transform when secondaryMessageRotation is set" time="0.002846985">
        </testcase>
        <testcase classname="src/app/components/notification-banner.spec.tsx" name="NotificationBanner &gt; text rotation &gt; should apply zero rotation when messageRotation is 0" time="0.003289519">
        </testcase>
        <testcase classname="src/app/components/notification-banner.spec.tsx" name="NotificationBanner &gt; text rotation &gt; should handle null rotation values with default 0 rotation" time="0.002373977">
        </testcase>
        <testcase classname="src/app/components/notification-banner.spec.tsx" name="NotificationBanner &gt; text rotation &gt; should render with maximum positive rotation" time="0.002931328">
        </testcase>
        <testcase classname="src/app/components/notification-banner.spec.tsx" name="NotificationBanner &gt; text rotation &gt; should render with maximum negative rotation" time="0.002868078">
        </testcase>
        <testcase classname="src/app/components/notification-banner.spec.tsx" name="NotificationBanner &gt; image offset &gt; should render image with objectPosition when imageOffsetX and imageOffsetY are set" time="0.006043313">
        </testcase>
        <testcase classname="src/app/components/notification-banner.spec.tsx" name="NotificationBanner &gt; image offset &gt; should render image with zero offset values" time="0.005052079">
        </testcase>
        <testcase classname="src/app/components/notification-banner.spec.tsx" name="NotificationBanner &gt; image offset &gt; should handle null offset values with default 0" time="0.005502942">
        </testcase>
        <testcase classname="src/app/components/notification-banner.spec.tsx" name="NotificationBanner &gt; image offset &gt; should render image with positive offset values" time="0.003983436">
        </testcase>
        <testcase classname="src/app/components/notification-banner.spec.tsx" name="NotificationBanner &gt; image offset &gt; should render image with negative offset values" time="0.007824827">
        </testcase>
        <testcase classname="src/app/components/notification-banner.spec.tsx" name="NotificationBanner &gt; image URL fallback behavior &gt; uses originalImageUrl when isOverlayed is true and both URLs exist" time="0.005236007">
        </testcase>
        <testcase classname="src/app/components/notification-banner.spec.tsx" name="NotificationBanner &gt; image URL fallback behavior &gt; falls back to imageUrl when isOverlayed is true but originalImageUrl is null" time="0.004152143">
        </testcase>
        <testcase classname="src/app/components/notification-banner.spec.tsx" name="NotificationBanner &gt; image URL fallback behavior &gt; uses imageUrl when isOverlayed is false" time="0.007860542">
            <system-err>
Received `true` for a non-boolean attribute `fill`.

If you want to write it to the DOM, pass a string instead: fill=&quot;true&quot; or fill={value.toString()}.
Received `true` for a non-boolean attribute `priority`.

If you want to write it to the DOM, pass a string instead: priority=&quot;true&quot; or priority={value.toString()}.
Received `true` for a non-boolean attribute `unoptimized`.

If you want to write it to the DOM, pass a string instead: unoptimized=&quot;true&quot; or unoptimized={value.toString()}.

            </system-err>
        </testcase>
        <testcase classname="src/app/components/notification-banner.spec.tsx" name="NotificationBanner &gt; image URL fallback behavior &gt; falls back to originalImageUrl when isOverlayed is false but imageUrl is null" time="0.003654387">
        </testcase>
        <testcase classname="src/app/components/notification-banner.spec.tsx" name="NotificationBanner &gt; image URL fallback behavior &gt; renders no image when both imageUrl and originalImageUrl are null" time="0.047293228">
        </testcase>
        <testcase classname="src/app/components/notification-banner.spec.tsx" name="NotificationBanner &gt; hexToRgba color conversion &gt; renders with short hex color (#RGB format)" time="0.003303674">
        </testcase>
        <testcase classname="src/app/components/notification-banner.spec.tsx" name="NotificationBanner &gt; hexToRgba color conversion &gt; handles invalid hex color gracefully" time="0.003751007">
        </testcase>
        <testcase classname="src/app/components/notification-banner.spec.tsx" name="NotificationBanner &gt; hexToRgba color conversion &gt; renders secondary message with short hex color" time="0.003591414">
        </testcase>
        <testcase classname="src/app/components/notification-banner.spec.tsx" name="NotificationBanner &gt; text shadow rendering &gt; renders message with text shadow and image" time="0.002904158">
        </testcase>
        <testcase classname="src/app/components/notification-banner.spec.tsx" name="NotificationBanner &gt; text shadow rendering &gt; renders message with text shadow but no image" time="0.001939648">
        </testcase>
        <testcase classname="src/app/components/notification-banner.spec.tsx" name="NotificationBanner &gt; text shadow rendering &gt; renders secondary message with text shadow and image" time="0.002746079">
        </testcase>
        <testcase classname="src/app/components/notification-banner.spec.tsx" name="NotificationBanner &gt; text shadow rendering &gt; renders secondary message with text shadow but no image" time="0.002037549">
        </testcase>
        <testcase classname="src/app/components/notification-banner.spec.tsx" name="NotificationBanner &gt; text shadow rendering &gt; renders secondary message without text shadow" time="0.002697941">
        </testcase>
        <testcase classname="src/app/components/notification-banner.spec.tsx" name="NotificationBanner &gt; link with secondary message &gt; renders link with both primary and secondary messages" time="0.033418858">
        </testcase>
    </testsuite>
    <testsuite name="src/lib/validation/profile-schema.spec.ts" timestamp="2026-02-07T23:19:30.792Z" hostname="runnervmwffz4" tests="23" failures="0" errors="0" skipped="0" time="0.012233299">
        <testcase classname="src/lib/validation/profile-schema.spec.ts" name="profile-schema &gt; valid data &gt; should validate correct profile data" time="0.000143179">
        </testcase>
        <testcase classname="src/lib/validation/profile-schema.spec.ts" name="profile-schema &gt; valid data &gt; should validate data without phone number" time="0.000173555">
        </testcase>
        <testcase classname="src/lib/validation/profile-schema.spec.ts" name="profile-schema &gt; valid data &gt; should validate various phone number formats" time="0.000935921">
        </testcase>
        <testcase classname="src/lib/validation/profile-schema.spec.ts" name="profile-schema &gt; valid data &gt; should validate complete profile data with address" time="0.00037856">
        </testcase>
        <testcase classname="src/lib/validation/profile-schema.spec.ts" name="profile-schema &gt; valid data &gt; should validate various ZIP code formats" time="0.000962789">
        </testcase>
        <testcase classname="src/lib/validation/profile-schema.spec.ts" name="profile-schema &gt; valid data &gt; should validate partial address information" time="0.000281762">
        </testcase>
        <testcase classname="src/lib/validation/profile-schema.spec.ts" name="profile-schema &gt; valid data &gt; should validate data without firstName and lastName" time="0.00017274">
        </testcase>
        <testcase classname="src/lib/validation/profile-schema.spec.ts" name="profile-schema &gt; valid data &gt; should validate completely empty data" time="0.002265255">
        </testcase>
        <testcase classname="src/lib/validation/profile-schema.spec.ts" name="profile-schema &gt; invalid data &gt; should accept empty first name" time="0.000106061">
        </testcase>
        <testcase classname="src/lib/validation/profile-schema.spec.ts" name="profile-schema &gt; invalid data &gt; should accept empty last name" time="0.000096695">
        </testcase>
        <testcase classname="src/lib/validation/profile-schema.spec.ts" name="profile-schema &gt; invalid data &gt; should reject first name that is too long" time="0.000223343">
        </testcase>
        <testcase classname="src/lib/validation/profile-schema.spec.ts" name="profile-schema &gt; invalid data &gt; should reject last name that is too long" time="0.00018145">
        </testcase>
        <testcase classname="src/lib/validation/profile-schema.spec.ts" name="profile-schema &gt; invalid data &gt; should reject invalid phone number formats" time="0.000498729">
        </testcase>
        <testcase classname="src/lib/validation/profile-schema.spec.ts" name="profile-schema &gt; invalid data &gt; should reject address lines that are too long" time="0.000202586">
        </testcase>
        <testcase classname="src/lib/validation/profile-schema.spec.ts" name="profile-schema &gt; invalid data &gt; should reject cities that are too long" time="0.000178321">
        </testcase>
        <testcase classname="src/lib/validation/profile-schema.spec.ts" name="profile-schema &gt; invalid data &gt; should reject invalid ZIP code formats" time="0.000727723">
        </testcase>
        <testcase classname="src/lib/validation/profile-schema.spec.ts" name="profile-schema &gt; invalid data &gt; country validation &gt; should accept valid country codes" time="0.000294983">
        </testcase>
        <testcase classname="src/lib/validation/profile-schema.spec.ts" name="profile-schema &gt; invalid data &gt; country validation &gt; should reject invalid country codes" time="0.001494735">
        </testcase>
        <testcase classname="src/lib/validation/profile-schema.spec.ts" name="profile-schema &gt; invalid data &gt; country validation &gt; should allow empty country" time="0.000292297">
        </testcase>
        <testcase classname="src/lib/validation/profile-schema.spec.ts" name="profile-schema &gt; invalid data &gt; country validation &gt; should allow undefined country" time="0.000160902">
        </testcase>
        <testcase classname="src/lib/validation/profile-schema.spec.ts" name="profile-schema &gt; invalid data &gt; allowSmsNotifications validation &gt; should accept true value" time="0.000112198">
        </testcase>
        <testcase classname="src/lib/validation/profile-schema.spec.ts" name="profile-schema &gt; invalid data &gt; allowSmsNotifications validation &gt; should accept false value" time="0.000160791">
        </testcase>
        <testcase classname="src/lib/validation/profile-schema.spec.ts" name="profile-schema &gt; invalid data &gt; allowSmsNotifications validation &gt; should allow undefined allowSmsNotifications" time="0.000097242">
        </testcase>
    </testsuite>
    <testsuite name="src/app/components/ui/sidebar.spec.tsx" timestamp="2026-02-07T23:19:30.795Z" hostname="runnervmwffz4" tests="56" failures="0" errors="0" skipped="0" time="0.277707595">
        <testcase classname="src/app/components/ui/sidebar.spec.tsx" name="SidebarProvider &gt; renders with data-slot attribute" time="0.001173168">
        </testcase>
        <testcase classname="src/app/components/ui/sidebar.spec.tsx" name="SidebarProvider &gt; applies custom className" time="0.001398298">
        </testcase>
        <testcase classname="src/app/components/ui/sidebar.spec.tsx" name="SidebarProvider &gt; renders children" time="0.001362908">
        </testcase>
        <testcase classname="src/app/components/ui/sidebar.spec.tsx" name="SidebarProvider &gt; sets CSS variables for sidebar width" time="0.003326155">
        </testcase>
        <testcase classname="src/app/components/ui/sidebar.spec.tsx" name="Sidebar &gt; renders with data-slot attribute" time="0.001662346">
        </testcase>
        <testcase classname="src/app/components/ui/sidebar.spec.tsx" name="Sidebar &gt; renders with default side prop (left)" time="0.001943699">
        </testcase>
        <testcase classname="src/app/components/ui/sidebar.spec.tsx" name="Sidebar &gt; renders with right side prop" time="0.001820887">
        </testcase>
        <testcase classname="src/app/components/ui/sidebar.spec.tsx" name="Sidebar &gt; renders with data-state attribute" time="0.001744298">
        </testcase>
        <testcase classname="src/app/components/ui/sidebar.spec.tsx" name="Sidebar &gt; renders with collapsed state when defaultOpen is false" time="0.002119314">
        </testcase>
        <testcase classname="src/app/components/ui/sidebar.spec.tsx" name="Sidebar &gt; renders children" time="0.001988374">
        </testcase>
[...]
    </testsuite>
    <testsuite name="src/lib/actions/process-notification-image-action.spec.ts" timestamp="2026-02-07T23:19:30.930Z" hostname="runnervmwffz4" tests="0" failures="0" errors="0" skipped="0" time="0">
    </testsuite>
    <testsuite name="src/lib/utils/sanitization.spec.ts" timestamp="2026-02-07T23:19:30.930Z" hostname="runnervmwffz4" tests="0" failures="0" errors="0" skipped="0" time="0">
    </testsuite>
    <testsuite name="src/app/components/ui/table.spec.tsx" timestamp="2026-02-07T23:19:30.930Z" hostname="runnervmwffz4" tests="0" failures="0" errors="0" skipped="0" time="0">
    </testsuite>
    <testsuite name="src/app/components/ui/track-play-button.spec.tsx" timestamp="2026-02-07T23:19:30.930Z" hostname="runnervmwffz4" tests="0" failures="0" errors="0" skipped="0" time="0">
    </testsuite>
    <testsuite name="src/app/components/ui/aspect-ratio.spec.tsx" timestamp="2026-02-07T23:19:30.931Z" hostname="runnervmwffz4" tests="0" failures="0" errors="0" skipped="0" time="0">
    </testsuite>
    <testsuite name="src/app/components/ui/progress.spec.tsx" timestamp="2026-02-07T23:19:30.931Z" hostname="runnervmwffz4" tests="0" failures="0" errors="0" skipped="0" time="0">
    </testsuite>
    <testsuite name="src/app/components/ui/scroll-area.spec.tsx" timestamp="2026-02-07T23:19:30.931Z" hostname="runnervmwffz4" tests="0" failures="0" errors="0" skipped="0" time="0">
    </testsuite>
    <testsuite name="src/lib/utils/cover-art-upload.spec.ts" timestamp="2026-02-07T23:19:30.931Z" hostname="runnervmwffz4" tests="0" failures="0" errors="0" skipped="0" time="0">
    </testsuite>
    <testsuite name="src/app/components/forms/fields/state-field.spec.tsx" timestamp="2026-02-07T23:19:30.931Z" hostname="runnervmwffz4" tests="0" failures="0" errors="0" skipped="0" time="0">
    </testsuite>
    <testsuite name="src/app/components/footer/footer.spec.tsx" timestamp="2026-02-07T23:19:30.931Z" hostname="runnervmwffz4" tests="0" failures="0" errors="0" skipped="0" time="0">
    </testsuite>
    <testsuite name="src/app/components/ui/collapsible.spec.tsx" timestamp="2026-02-07T23:19:30.931Z" hostname="runnervmwffz4" tests="0" failures="0" errors="0" skipped="0" time="0">
    </testsuite>
    <testsuite name="src/lib/actions/create-artist-action.spec.ts" timestamp="2026-02-07T23:19:30.932Z" hostname="runnervmwffz4" tests="0" failures="0" errors="0" skipped="0" time="0">
    </testsuite>
    <testsuite name="src/lib/actions/signin-action.spec.ts" timestamp="2026-02-07T23:19:30.932Z" hostname="runnervmwffz4" tests="0" failures="0" errors="0" skipped="0" time="0">
    </testsuite>
    <testsuite name="src/app/components/ui/sonner.spec.tsx" timestamp="2026-02-07T23:19:30.932Z" hostname="runnervmwffz4" tests="0" failures="0" errors="0" skipped="0" time="0">
    </testsuite>
    <testsuite name="src/app/components/ui/separator.spec.tsx" timestamp="2026-02-07T23:19:30.932Z" hostname="runnervmwffz4" tests="0" failures="0" errors="0" skipped="0" time="0">
    </testsuite>
    <testsuite name="src/lib/utils/countries.spec.ts" timestamp="2026-02-07T23:19:30.932Z" hostname="runnervmwffz4" tests="0" failures="0" errors="0" skipped="0" time="0">
    </testsuite>
    <testsuite name="src/app/hooks/use-releases-query.spec.tsx" timestamp="2026-02-07T23:19:30.932Z" hostname="runnervmwffz4" tests="0" failures="0" errors="0" skipped="0" time="0">
    </testsuite>
    <testsuite name="src/app/components/ui/alert.spec.tsx" timestamp="2026-02-07T23:19:30.932Z" hostname="runnervmwffz4" tests="0" failures="0" errors="0" skipped="0" time="0">
    </testsuite>
    <testsuite name="src/app/hooks/use-tracks-query.spec.tsx" timestamp="2026-02-07T23:19:30.933Z" hostname="runnervmwffz4" tests="0" failures="0" errors="0" skipped="0" time="0">
    </testsuite>
    <testsuite name="src/app/components/data-store-health-status.spec.tsx" timestamp="2026-02-07T23:19:30.933Z" hostname="runnervmwffz4" tests="0" failures="0" errors="0" skipped="0" time="0">
    </testsuite>
    <testsuite name="src/app/hooks/use-mobile.spec.ts" timestamp="2026-02-07T23:19:30.933Z" hostname="runnervmwffz4" tests="0" failures="0" errors="0" skipped="0" time="0">
    </testsuite>
    <testsuite name="src/app/components/ui/avatar.spec.tsx" timestamp="2026-02-07T23:19:30.933Z" hostname="runnervmwffz4" tests="0" failures="0" errors="0" skipped="0" time="0">
    </testsuite>
    <testsuite name="src/lib/validation/create-release-schema.spec.ts" timestamp="2026-02-07T23:19:30.933Z" hostname="runnervmwffz4" tests="0" failures="0" errors="0" skipped="0" time="0">
    </testsuite>
    <testsuite name="src/app/page.spec.tsx" timestamp="2026-02-07T23:19:30.933Z" hostname="runnervmwffz4" tests="0" failures="0" errors="0" skipped="0" time="0">
    </testsuite>
    <testsuite name="src/lib/utils/logger.spec.ts" timestamp="2026-02-07T23:19:30.933Z" hostname="runnervmwffz4" tests="0" failures="0" errors="0" skipped="0" time="0">
    </testsuite>
    <testsuite name="src/lib/actions/track-image-actions.spec.ts" timestamp="2026-02-07T23:19:30.934Z" hostname="runnervmwffz4" tests="0" failures="0" errors="0" skipped="0" time="0">
    </testsuite>
    <testsuite name="src/app/components/auth/signup-link.spec.tsx" timestamp="2026-02-07T23:19:30.934Z" hostname="runnervmwffz4" tests="0" failures="0" errors="0" skipped="0" time="0">
    </testsuite>
    <testsuite name="src/app/components/providers.spec.tsx" timestamp="2026-02-07T23:19:30.934Z" hostname="runnervmwffz4" tests="0" failures="0" errors="0" skipped="0" time="0">
    </testsuite>
    <testsuite name="src/app/about/page.spec.tsx" timestamp="2026-02-07T23:19:30.934Z" hostname="runnervmwffz4" tests="0" failures="0" errors="0" skipped="0" time="0">
    </testsuite>
    <testsuite name="src/lib/validation/signin-schema.spec.ts" timestamp="2026-02-07T23:19:30.934Z" hostname="runnervmwffz4" tests="0" failures="0" errors="0" skipped="0" time="0">
    </testsuite>
    <testsuite name="src/lib/utils/image-text-overlay.spec.ts" timestamp="2026-02-07T23:19:30.934Z" hostname="runnervmwffz4" tests="0" failures="0" errors="0" skipped="0" time="0">
    </testsuite>
    <testsuite name="src/lib/types/health-status.spec.ts" timestamp="2026-02-07T23:19:30.934Z" hostname="runnervmwffz4" tests="0" failures="0" errors="0" skipped="0" time="0">
    </testsuite>
    <testsuite name="src/lib/config/env-validation.spec.ts" timestamp="2026-02-07T23:19:30.934Z" hostname="runnervmwffz4" tests="0" failures="0" errors="0" skipped="0" time="0">
    </testsuite>
    <testsuite name="src/app/components/header/header.spec.tsx" timestamp="2026-02-07T23:19:30.935Z" hostname="runnervmwffz4" tests="0" failures="0" errors="0" skipped="0" time="0">
    </testsuite>
    <testsuite name="src/lib/utils/profile-utils.spec.ts" timestamp="2026-02-07T23:19:30.935Z" hostname="runnervmwffz4" tests="0" failures="0" errors="0" skipped="0" time="0">
    </testsuite>
    <testsuite name="src/app/admin/data-views/track-data-view.spec.tsx" timestamp="2026-02-07T23:19:30.935Z" hostname="runnervmwffz4" tests="0" failures="0" errors="0" skipped="0" time="0">
    </testsuite>
    <testsuite name="src/app/components/ui/popover.spec.tsx" timestamp="2026-02-07T23:19:30.935Z" hostname="runnervmwffz4" tests="0" failures="0" errors="0" skipped="0" time="0">
    </testsuite>
    <testsuite name="src/app/components/ui/carousel.spec.tsx" timestamp="2026-02-07T23:19:30.935Z" hostname="runnervmwffz4" tests="0" failures="0" errors="0" skipped="0" time="0">
    </testsuite>
    <testsuite name="src/lib/actions/notification-banner-action.spec.ts" timestamp="2026-02-07T23:19:30.935Z" hostname="runnervmwffz4" tests="0" failures="0" errors="0" skipped="0" time="0">
    </testsuite>
    <testsuite name="src/lib/actions/group-member-actions.spec.ts" timestamp="2026-02-07T23:19:30.935Z" hostname="runnervmwffz4" tests="0" failures="0" errors="0" skipped="0" time="0">
    </testsuite>
    <testsuite name="src/app/components/forms/fields/country-field.spec.tsx" timestamp="2026-02-07T23:19:30.936Z" hostname="runnervmwffz4" tests="0" failures="0" errors="0" skipped="0" time="0">
    </testsuite>
    <testsuite name="src/lib/utils/auth/require-role.spec.ts" timestamp="2026-02-07T23:19:30.936Z" hostname="runnervmwffz4" tests="0" failures="0" errors="0" skipped="0" time="0">
    </testsuite>
    <testsuite name="src/app/components/ui/page-section.spec.tsx" timestamp="2026-02-07T23:19:30.936Z" hostname="runnervmwffz4" tests="0" failures="0" errors="0" skipped="0" time="0">
    </testsuite>
    <testsuite name="src/app/hooks/use-groups-query.spec.tsx" timestamp="2026-02-07T23:19:30.936Z" hostname="runnervmwffz4" tests="0" failures="0" errors="0" skipped="0" time="0">
    </testsuite>
    <testsuite name="src/app/components/ui/radio-group.spec.tsx" timestamp="2026-02-07T23:19:30.936Z" hostname="runnervmwffz4" tests="0" failures="0" errors="0" skipped="0" time="0">
    </testsuite>
    <testsuite name="src/app/api/featured-artists/route.spec.ts" timestamp="2026-02-07T23:19:30.936Z" hostname="runnervmwffz4" tests="0" failures="0" errors="0" skipped="0" time="0">
    </testsuite>
    <testsuite name="src/app/(auth)/success/change-username/container.spec.tsx" timestamp="2026-02-07T23:19:30.936Z" hostname="runnervmwffz4" tests="0" failures="0" errors="0" skipped="0" time="0">
    </testsuite>
    <testsuite name="src/app/components/ui/toggle-group.spec.tsx" timestamp="2026-02-07T23:19:30.937Z" hostname="runnervmwffz4" tests="0" failures="0" errors="0" skipped="0" time="0">
    </testsuite>
    <testsuite name="src/app/components/ui/turnstile-widget.spec.tsx" timestamp="2026-02-07T23:19:30.937Z" hostname="runnervmwffz4" tests="0" failures="0" errors="0" skipped="0" time="0">
    </testsuite>
    <testsuite name="src/app/components/ui/form-input.spec.tsx" timestamp="2026-02-07T23:19:30.937Z" hostname="runnervmwffz4" tests="0" failures="0" errors="0" skipped="0" time="0">
    </testsuite>
    <testsuite name="src/app/components/ui/page-section-paragraph.spec.tsx" timestamp="2026-02-07T23:19:30.937Z" hostname="runnervmwffz4" tests="0" failures="0" errors="0" skipped="0" time="0">
    </testsuite>
    <testsuite name="src/app/components/forms/bulk-track-uploader.spec.tsx" timestamp="2026-02-07T23:19:30.937Z" hostname="runnervmwffz4" tests="0" failures="0" errors="0" skipped="0" time="0">
    </testsuite>
    <testsuite name="src/app/components/ui/playlist-player.spec.tsx" timestamp="2026-02-07T23:19:30.937Z" hostname="runnervmwffz4" tests="0" failures="0" errors="0" skipped="0" time="0">
    </testsuite>
    <testsuite name="src/app/components/ui/content-container.spec.tsx" timestamp="2026-02-07T23:19:30.937Z" hostname="runnervmwffz4" tests="0" failures="0" errors="0" skipped="0" time="0">
    </testsuite>
    <testsuite name="src/lib/utils/account-lockout.spec.ts" timestamp="2026-02-07T23:19:30.937Z" hostname="runnervmwffz4" tests="0" failures="0" errors="0" skipped="0" time="0">
    </testsuite>
    <testsuite name="src/lib/actions/presigned-upload-actions.spec.ts" timestamp="2026-02-07T23:19:30.938Z" hostname="runnervmwffz4" tests="0" failures="0" errors="0" skipped="0" time="0">
    </testsuite>
    <testsuite name="src/app/components/ui/slider.spec.tsx" timestamp="2026-02-07T23:19:30.938Z" hostname="runnervmwffz4" tests="0" failures="0" errors="0" skipped="0" time="0">
    </testsuite>
    <testsuite name="src/app/components/auth/username-link.spec.tsx" timestamp="2026-02-07T23:19:30.938Z" hostname="runnervmwffz4" tests="0" failures="0" errors="0" skipped="0" time="0">
    </testsuite>
    <testsuite name="src/lib/actions/update-profile-action.spec.ts" timestamp="2026-02-07T23:19:30.938Z" hostname="runnervmwffz4" tests="0" failures="0" errors="0" skipped="0" time="0">
    </testsuite>
    <testsuite name="src/app/components/health-status-icon.spec.tsx" timestamp="2026-02-07T23:19:30.938Z" hostname="runnervmwffz4" tests="0" failures="0" errors="0" skipped="0" time="0">
    </testsuite>
    <testsuite name="src/app/components/featured-artists-player.spec.tsx" timestamp="2026-02-07T23:19:30.938Z" hostname="runnervmwffz4" tests="0" failures="0" errors="0" skipped="0" time="0">
    </testsuite>
    <testsuite name="src/app/components/ui/media-uploader.spec.tsx" timestamp="2026-02-07T23:19:30.938Z" hostname="runnervmwffz4" tests="0" failures="0" errors="0" skipped="0" time="0">
    </testsuite>
    <testsuite name="src/app/components/ui/dialog.spec.tsx" timestamp="2026-02-07T23:19:30.939Z" hostname="runnervmwffz4" tests="0" failures="0" errors="0" skipped="0" time="0">
    </testsuite>
    <testsuite name="src/lib/actions/find-or-create-group-action.spec.ts" timestamp="2026-02-07T23:19:30.939Z" hostname="runnervmwffz4" tests="0" failures="0" errors="0" skipped="0" time="0">
    </testsuite>
    <testsuite name="src/app/hooks/use-infinite-tracks-query.spec.ts" timestamp="2026-02-07T23:19:30.939Z" hostname="runnervmwffz4" tests="0" failures="0" errors="0" skipped="0" time="0">
    </testsuite>
    <testsuite name="src/lib/actions/create-release-action.spec.ts" timestamp="2026-02-07T23:19:30.939Z" hostname="runnervmwffz4" tests="0" failures="0" errors="0" skipped="0" time="0">
    </testsuite>
    <testsuite name="src/app/api/health/route.spec.ts" timestamp="2026-02-07T23:19:30.939Z" hostname="runnervmwffz4" tests="0" failures="0" errors="0" skipped="0" time="0">
    </testsuite>
    <testsuite name="src/app/components/forms/fields/checkbox-field.spec.tsx" timestamp="2026-02-07T23:19:30.939Z" hostname="runnervmwffz4" tests="0" failures="0" errors="0" skipped="0" time="0">
    </testsuite>
    <testsuite name="src/lib/actions/release-image-actions.spec.ts" timestamp="2026-02-07T23:19:30.939Z" hostname="runnervmwffz4" tests="0" failures="0" errors="0" skipped="0" time="0">
    </testsuite>
    <testsuite name="src/app/components/auth/admin-link.spec.tsx" timestamp="2026-02-07T23:19:30.940Z" hostname="runnervmwffz4" tests="0" failures="0" errors="0" skipped="0" time="0">
    </testsuite>
    <testsuite name="src/app/components/ui/resizable.spec.tsx" timestamp="2026-02-07T23:19:30.940Z" hostname="runnervmwffz4" tests="0" failures="0" errors="0" skipped="0" time="0">
    </testsuite>
    <testsuite name="src/lib/actions/bulk-create-tracks-action.spec.ts" timestamp="2026-02-07T23:19:30.940Z" hostname="runnervmwffz4" tests="0" failures="0" errors="0" skipped="0" time="0">
    </testsuite>
    <testsuite name="src/app/components/ui/command.spec.tsx" timestamp="2026-02-07T23:19:30.940Z" hostname="runnervmwffz4" tests="0" failures="0" errors="0" skipped="0" time="0">
    </testsuite>
    <testsuite name="src/app/components/ui/loading-spinner.spec.tsx" timestamp="2026-02-07T23:19:30.940Z" hostname="runnervmwffz4" tests="0" failures="0" errors="0" skipped="0" time="0">
    </testsuite>
    <testsuite name="src/app/admin/data-views/release-data-view.spec.tsx" timestamp="2026-02-07T23:19:30.940Z" hostname="runnervmwffz4" tests="0" failures="0" errors="0" skipped="0" time="0">
    </testsuite>
    <testsuite name="src/app/components/ui/spinners/spinner-ring-circle.spec.tsx" timestamp="2026-02-07T23:19:30.940Z" hostname="runnervmwffz4" tests="0" failures="0" errors="0" skipped="0" time="0">
    </testsuite>
    <testsuite name="src/lib/actions/update-release-action.spec.ts" timestamp="2026-02-07T23:19:30.940Z" hostname="runnervmwffz4" tests="0" failures="0" errors="0" skipped="0" time="0">
    </testsuite>
    <testsuite name="src/app/components/auth/signout-button.spec.tsx" timestamp="2026-02-07T23:19:30.941Z" hostname="runnervmwffz4" tests="0" failures="0" errors="0" skipped="0" time="0">
    </testsuite>
    <testsuite name="src/lib/actions/find-or-create-release-action.spec.ts" timestamp="2026-02-07T23:19:30.941Z" hostname="runnervmwffz4" tests="0" failures="0" errors="0" skipped="0" time="0">
    </testsuite>
    <testsuite name="src/app/components/ui/patreon-link.spec.tsx" timestamp="2026-02-07T23:19:30.941Z" hostname="runnervmwffz4" tests="0" failures="0" errors="0" skipped="0" time="0">
    </testsuite>
    <testsuite name="src/app/components/ui/social-media-icon-links.spec.tsx" timestamp="2026-02-07T23:19:30.941Z" hostname="runnervmwffz4" tests="0" failures="0" errors="0" skipped="0" time="0">
    </testsuite>
    <testsuite name="src/lib/utils/email-security.spec.ts" timestamp="2026-02-07T23:19:30.941Z" hostname="runnervmwffz4" tests="0" failures="0" errors="0" skipped="0" time="0">
    </testsuite>
    <testsuite name="src/app/components/ui/hamburger-menu.spec.tsx" timestamp="2026-02-07T23:19:30.941Z" hostname="runnervmwffz4" tests="0" failures="0" errors="0" skipped="0" time="0">
    </testsuite>
    <testsuite name="src/app/components/ui/card.spec.tsx" timestamp="2026-02-07T23:19:30.941Z" hostname="runnervmwffz4" tests="0" failures="0" errors="0" skipped="0" time="0">
    </testsuite>
    <testsuite name="src/app/api/releases/route.spec.ts" timestamp="2026-02-07T23:19:30.942Z" hostname="runnervmwffz4" tests="0" failures="0" errors="0" skipped="0" time="0">
    </testsuite>
    <testsuite name="src/lib/utils/verify-turnstile.spec.ts" timestamp="2026-02-07T23:19:30.942Z" hostname="runnervmwffz4" tests="0" failures="0" errors="0" skipped="0" time="0">
    </testsuite>
    <testsuite name="src/app/components/health-status-message.spec.tsx" timestamp="2026-02-07T23:19:30.942Z" hostname="runnervmwffz4" tests="0" failures="0" errors="0" skipped="0" time="0">
    </testsuite>
    <testsuite name="src/lib/actions/update-track-action.spec.ts" timestamp="2026-02-07T23:19:30.942Z" hostname="runnervmwffz4" tests="0" failures="0" errors="0" skipped="0" time="0">
    </testsuite>
    <testsuite name="src/lib/services/release-service.spec.ts" timestamp="2026-02-07T23:19:30.942Z" hostname="runnervmwffz4" tests="0" failures="0" errors="0" skipped="0" time="0">
    </testsuite>
    <testsuite name="src/lib/validation/change-email-schema.spec.ts" timestamp="2026-02-07T23:19:30.942Z" hostname="runnervmwffz4" tests="0" failures="0" errors="0" skipped="0" time="0">
    </testsuite>
    <testsuite name="src/lib/actions/update-track-audio-action.spec.ts" timestamp="2026-02-07T23:19:30.942Z" hostname="runnervmwffz4" tests="0" failures="0" errors="0" skipped="0" time="0">
    </testsuite>
    <testsuite name="src/app/api/tracks/route.spec.ts" timestamp="2026-02-07T23:19:30.943Z" hostname="runnervmwffz4" tests="0" failures="0" errors="0" skipped="0" time="0">
    </testsuite>
    <testsuite name="src/app/api/artists/route.spec.ts" timestamp="2026-02-07T23:19:30.943Z" hostname="runnervmwffz4" tests="0" failures="0" errors="0" skipped="0" time="0">
    </testsuite>
    <testsuite name="src/app/components/ui/navigation-menu.spec.tsx" timestamp="2026-02-07T23:19:30.943Z" hostname="runnervmwffz4" tests="0" failures="0" errors="0" skipped="0" time="0">
    </testsuite>
    <testsuite name="src/app/components/ui/tooltip.spec.tsx" timestamp="2026-02-07T23:19:30.943Z" hostname="runnervmwffz4" tests="0" failures="0" errors="0" skipped="0" time="0">
    </testsuite>
    <testsuite name="src/app/actions/get-featured-artists.spec.ts" timestamp="2026-02-07T23:19:30.943Z" hostname="runnervmwffz4" tests="0" failures="0" errors="0" skipped="0" time="0">
    </testsuite>
    <testsuite name="src/lib/prisma-adapter.spec.ts" timestamp="2026-02-07T23:19:30.943Z" hostname="runnervmwffz4" tests="0" failures="0" errors="0" skipped="0" time="0">
    </testsuite>
    <testsuite name="src/lib/services/audio-metadata-service.spec.ts" timestamp="2026-02-07T23:19:30.943Z" hostname="runnervmwffz4" tests="0" failures="0" errors="0" skipped="0" time="0">
    </testsuite>
    <testsuite name="src/app/components/ui/sheet.spec.tsx" timestamp="2026-02-07T23:19:30.943Z" hostname="runnervmwffz4" tests="0" failures="0" errors="0" skipped="0" time="0">
    </testsuite>
</testsuites>
