<?xml version="1.0" encoding="UTF-8" ?>
<testsuites name="vitest tests" tests="3443" failures="0" errors="0" time="27.551748755">
    <testsuite name="src/app/components/forms/fields/artist-multi-select.spec.tsx" timestamp="2026-02-06T06:08:05.755Z" hostname="runnervmkj6or" tests="23" failures="0" errors="0" skipped="0" time="0.78739939">
        <testcase classname="src/app/components/forms/fields/artist-multi-select.spec.tsx" name="ArtistMultiSelect &gt; rendering &gt; renders the component with label" time="0.003956573">
        </testcase>
        <testcase classname="src/app/components/forms/fields/artist-multi-select.spec.tsx" name="ArtistMultiSelect &gt; rendering &gt; renders with custom placeholder" time="0.003340692">
        </testcase>
        <testcase classname="src/app/components/forms/fields/artist-multi-select.spec.tsx" name="ArtistMultiSelect &gt; rendering &gt; renders disabled when disabled prop is true" time="0.00300479">
        </testcase>
        <testcase classname="src/app/components/forms/fields/artist-multi-select.spec.tsx" name="ArtistMultiSelect &gt; popover behavior &gt; opens popover when trigger is clicked" time="0.022564773">
        </testcase>
        <testcase classname="src/app/components/forms/fields/artist-multi-select.spec.tsx" name="ArtistMultiSelect &gt; popover behavior &gt; fetches artists when popover opens" time="0.024545635">
        </testcase>
        <testcase classname="src/app/components/forms/fields/artist-multi-select.spec.tsx" name="ArtistMultiSelect &gt; search functionality &gt; renders search input with placeholder" time="0.019374841">
        </testcase>
        <testcase classname="src/app/components/forms/fields/artist-multi-select.spec.tsx" name="ArtistMultiSelect &gt; artist display &gt; displays artist items when loaded" time="0.032331385">
        </testcase>
        <testcase classname="src/app/components/forms/fields/artist-multi-select.spec.tsx" name="ArtistMultiSelect &gt; artist display &gt; shows display name when available" time="0.121118268">
        </testcase>
        <testcase classname="src/app/components/forms/fields/artist-multi-select.spec.tsx" name="ArtistMultiSelect &gt; artist display &gt; shows firstName surname when displayName is empty" time="0.032227022">
        </testcase>
        <testcase classname="src/app/components/forms/fields/artist-multi-select.spec.tsx" name="ArtistMultiSelect &gt; selection behavior &gt; shows selected count when artists are selected" time="0.048182567">
        </testcase>
        <testcase classname="src/app/components/forms/fields/artist-multi-select.spec.tsx" name="ArtistMultiSelect &gt; selection behavior &gt; shows plural count for multiple selected artists" time="0.052928842">
        </testcase>
        <testcase classname="src/app/components/forms/fields/artist-multi-select.spec.tsx" name="ArtistMultiSelect &gt; create artist link &gt; includes returnTo parameter when releaseId is provided" time="0.018331657">
        </testcase>
        <testcase classname="src/app/components/forms/fields/artist-multi-select.spec.tsx" name="ArtistMultiSelect &gt; create artist link &gt; includes releaseId parameter when releaseId is provided" time="0.021502735">
        </testcase>
        <testcase classname="src/app/components/forms/fields/artist-multi-select.spec.tsx" name="ArtistMultiSelect &gt; create artist link &gt; has no query params when releaseId is not provided" time="0.018695331">
        </testcase>
        <testcase classname="src/app/components/forms/fields/artist-multi-select.spec.tsx" name="ArtistMultiSelect &gt; toggle selection &gt; deselects artist when clicking on already selected item" time="0.045228089">
        </testcase>
        <testcase classname="src/app/components/forms/fields/artist-multi-select.spec.tsx" name="ArtistMultiSelect &gt; badge removal &gt; removes artist when clicking badge remove button" time="0.064092924">
        </testcase>
        <testcase classname="src/app/components/forms/fields/artist-multi-select.spec.tsx" name="ArtistMultiSelect &gt; disabled state &gt; disables trigger button when disabled prop is true" time="0.005057013">
        </testcase>
        <testcase classname="src/app/components/forms/fields/artist-multi-select.spec.tsx" name="ArtistMultiSelect &gt; popover state management &gt; clears search value when popover closes" time="0.069636096">
        </testcase>
        <testcase classname="src/app/components/forms/fields/artist-multi-select.spec.tsx" name="ArtistMultiSelect &gt; fetch error handling &gt; handles non-ok response from fetch" time="0.01820463">
        </testcase>
        <testcase classname="src/app/components/forms/fields/artist-multi-select.spec.tsx" name="ArtistMultiSelect &gt; fetch error handling &gt; handles network error during fetch" time="0.027130986">
        </testcase>
        <testcase classname="src/app/components/forms/fields/artist-multi-select.spec.tsx" name="ArtistMultiSelect &gt; fetch error handling &gt; handles non-Error exception during fetch" time="0.016437286">
        </testcase>
        <testcase classname="src/app/components/forms/fields/artist-multi-select.spec.tsx" name="ArtistMultiSelect &gt; search with parameter &gt; fetches with search parameter when searching" time="0.096300272">
            <system-err>
An update to ArtistMultiSelect inside a test was not wrapped in act(...).

When testing, code that causes React state updates should be wrapped into act(...):

act(() =&gt; {
  /* fire events that update state */
});
/* assert on the output */

This ensures that you&apos;re testing the behavior the user would see in the browser. Learn more at https://react.dev/link/wrap-tests-with-act
An update to ArtistMultiSelect inside a test was not wrapped in act(...).

When testing, code that causes React state updates should be wrapped into act(...):

act(() =&gt; {
  /* fire events that update state */
});
/* assert on the output */

This ensures that you&apos;re testing the behavior the user would see in the browser. Learn more at https://react.dev/link/wrap-tests-with-act

An update to ArtistMultiSelect inside a test was not wrapped in act(...).

When testing, code that causes React state updates should be wrapped into act(...):

act(() =&gt; {
  /* fire events that update state */
});
/* assert on the output */

This ensures that you&apos;re testing the behavior the user would see in the browser. Learn more at https://react.dev/link/wrap-tests-with-act
An update to ArtistMultiSelect inside a test was not wrapped in act(...).

When testing, code that causes React state updates should be wrapped into act(...):

act(() =&gt; {
  /* fire events that update state */
});
/* assert on the output */

This ensures that you&apos;re testing the behavior the user would see in the browser. Learn more at https://react.dev/link/wrap-tests-with-act

            </system-err>
        </testcase>
        <testcase classname="src/app/components/forms/fields/artist-multi-select.spec.tsx" name="ArtistMultiSelect &gt; search with parameter &gt; does not skip initial fetch when artists are empty" time="0.01955251">
        </testcase>
    </testsuite>
    <testsuite name="src/lib/validation/create-track-schema.spec.ts" timestamp="2026-02-06T06:08:05.762Z" hostname="runnervmkj6or" tests="42" failures="0" errors="0" skipped="0" time="0.02253283">
        <testcase classname="src/lib/validation/create-track-schema.spec.ts" name="create-track-schema &gt; title validation &gt; should accept valid titles" time="0.000287002">
        </testcase>
        <testcase classname="src/lib/validation/create-track-schema.spec.ts" name="create-track-schema &gt; title validation &gt; should reject empty title" time="0.000332556">
        </testcase>
        <testcase classname="src/lib/validation/create-track-schema.spec.ts" name="create-track-schema &gt; title validation &gt; should reject title exceeding 200 characters" time="0.000319623">
        </testcase>
        <testcase classname="src/lib/validation/create-track-schema.spec.ts" name="create-track-schema &gt; title validation &gt; should accept title at max length (200 characters)" time="0.000143646">
        </testcase>
        <testcase classname="src/lib/validation/create-track-schema.spec.ts" name="create-track-schema &gt; duration validation &gt; should accept valid durations" time="0.000348266">
        </testcase>
        <testcase classname="src/lib/validation/create-track-schema.spec.ts" name="create-track-schema &gt; duration validation &gt; should reject duration less than 1 second" time="0.000322348">
        </testcase>
        <testcase classname="src/lib/validation/create-track-schema.spec.ts" name="create-track-schema &gt; duration validation &gt; should reject negative duration" time="0.000279518">
        </testcase>
        <testcase classname="src/lib/validation/create-track-schema.spec.ts" name="create-track-schema &gt; duration validation &gt; should reject duration exceeding 24 hours (86400 seconds)" time="0.000313321">
        </testcase>
        <testcase classname="src/lib/validation/create-track-schema.spec.ts" name="create-track-schema &gt; duration validation &gt; should accept duration at max (86400 seconds = 24 hours)" time="0.000149116">
        </testcase>
        <testcase classname="src/lib/validation/create-track-schema.spec.ts" name="create-track-schema &gt; duration validation &gt; should reject non-integer duration" time="0.000436088">
        </testcase>
        <testcase classname="src/lib/validation/create-track-schema.spec.ts" name="create-track-schema &gt; audioUrl validation &gt; should accept valid URLs" time="0.000342354">
        </testcase>
        <testcase classname="src/lib/validation/create-track-schema.spec.ts" name="create-track-schema &gt; audioUrl validation &gt; should reject empty audioUrl" time="0.000413045">
        </testcase>
        <testcase classname="src/lib/validation/create-track-schema.spec.ts" name="create-track-schema &gt; audioUrl validation &gt; should reject invalid URLs" time="0.000711448">
        </testcase>
        <testcase classname="src/lib/validation/create-track-schema.spec.ts" name="create-track-schema &gt; coverArt validation &gt; should accept valid URLs" time="0.000764988">
        </testcase>
        <testcase classname="src/lib/validation/create-track-schema.spec.ts" name="create-track-schema &gt; coverArt validation &gt; should accept empty coverArt (optional field)" time="0.003607387">
        </testcase>
        <testcase classname="src/lib/validation/create-track-schema.spec.ts" name="create-track-schema &gt; coverArt validation &gt; should accept undefined coverArt" time="0.00048029">
        </testcase>
        <testcase classname="src/lib/validation/create-track-schema.spec.ts" name="create-track-schema &gt; coverArt validation &gt; should reject invalid URLs" time="0.001376401">
        </testcase>
        <testcase classname="src/lib/validation/create-track-schema.spec.ts" name="create-track-schema &gt; position validation &gt; should accept valid positions" time="0.000527939">
        </testcase>
        <testcase classname="src/lib/validation/create-track-schema.spec.ts" name="create-track-schema &gt; position validation &gt; should reject negative positions" time="0.000441749">
        </testcase>
        <testcase classname="src/lib/validation/create-track-schema.spec.ts" name="create-track-schema &gt; position validation &gt; should reject non-integer positions" time="0.000315895">
        </testcase>
        <testcase classname="src/lib/validation/create-track-schema.spec.ts" name="create-track-schema &gt; artistIds validation &gt; should accept valid MongoDB ObjectIds" time="0.000211171">
        </testcase>
        <testcase classname="src/lib/validation/create-track-schema.spec.ts" name="create-track-schema &gt; artistIds validation &gt; should accept empty artistIds array" time="0.000332496">
        </testcase>
        <testcase classname="src/lib/validation/create-track-schema.spec.ts" name="create-track-schema &gt; artistIds validation &gt; should accept undefined artistIds" time="0.000338287">
        </testcase>
        <testcase classname="src/lib/validation/create-track-schema.spec.ts" name="create-track-schema &gt; artistIds validation &gt; should reject invalid MongoDB ObjectIds" time="0.000841771">
        </testcase>
        <testcase classname="src/lib/validation/create-track-schema.spec.ts" name="create-track-schema &gt; releaseIds validation &gt; should accept valid MongoDB ObjectIds" time="0.000173742">
        </testcase>
        <testcase classname="src/lib/validation/create-track-schema.spec.ts" name="create-track-schema &gt; releaseIds validation &gt; should accept empty releaseIds array" time="0.000219678">
        </testcase>
        <testcase classname="src/lib/validation/create-track-schema.spec.ts" name="create-track-schema &gt; releaseIds validation &gt; should accept undefined releaseIds" time="0.000164715">
        </testcase>
        <testcase classname="src/lib/validation/create-track-schema.spec.ts" name="create-track-schema &gt; releaseIds validation &gt; should reject invalid MongoDB ObjectIds" time="0.000716438">
        </testcase>
        <testcase classname="src/lib/validation/create-track-schema.spec.ts" name="create-track-schema &gt; publishedOn validation &gt; should accept valid date strings" time="0.000520134">
        </testcase>
        <testcase classname="src/lib/validation/create-track-schema.spec.ts" name="create-track-schema &gt; publishedOn validation &gt; should accept empty publishedOn" time="0.000381337">
        </testcase>
        <testcase classname="src/lib/validation/create-track-schema.spec.ts" name="create-track-schema &gt; publishedOn validation &gt; should accept undefined publishedOn" time="0.000224446">
        </testcase>
        <testcase classname="src/lib/validation/create-track-schema.spec.ts" name="create-track-schema &gt; createdBy validation &gt; should accept valid MongoDB ObjectId" time="0.000234965">
        </testcase>
        <testcase classname="src/lib/validation/create-track-schema.spec.ts" name="create-track-schema &gt; createdBy validation &gt; should accept undefined createdBy" time="0.000260393">
        </testcase>
        <testcase classname="src/lib/validation/create-track-schema.spec.ts" name="create-track-schema &gt; createdBy validation &gt; should reject invalid MongoDB ObjectId format" time="0.000682655">
        </testcase>
        <testcase classname="src/lib/validation/create-track-schema.spec.ts" name="create-track-schema &gt; full form validation &gt; should accept complete valid data" time="0.000219697">
        </testcase>
        <testcase classname="src/lib/validation/create-track-schema.spec.ts" name="create-track-schema &gt; full form validation &gt; should accept minimal required data" time="0.000249292">
        </testcase>
        <testcase classname="src/lib/validation/create-track-schema.spec.ts" name="create-track-schema &gt; full form validation &gt; should reject data missing required fields" time="0.00024246">
        </testcase>
        <testcase classname="src/lib/validation/create-track-schema.spec.ts" name="create-track-schema &gt; full form validation &gt; should reject data with missing title" time="0.000424317">
        </testcase>
        <testcase classname="src/lib/validation/create-track-schema.spec.ts" name="create-track-schema &gt; full form validation &gt; should reject data with missing duration" time="0.000205721">
        </testcase>
        <testcase classname="src/lib/validation/create-track-schema.spec.ts" name="create-track-schema &gt; full form validation &gt; should reject data with missing audioUrl" time="0.000298473">
        </testcase>
        <testcase classname="src/lib/validation/create-track-schema.spec.ts" name="create-track-schema &gt; full form validation &gt; should reject data with missing position" time="0.00028574">
        </testcase>
        <testcase classname="src/lib/validation/create-track-schema.spec.ts" name="create-track-schema &gt; type inference &gt; should correctly infer TrackFormData type" time="0.000216952">
        </testcase>
    </testsuite>
    <testsuite name="src/app/components/ui/breadcrumb-menu.spec.tsx" timestamp="2026-02-06T06:08:05.771Z" hostname="runnervmkj6or" tests="18" failures="0" errors="0" skipped="0" time="0.206512806">
        <testcase classname="src/app/components/ui/breadcrumb-menu.spec.tsx" name="BreadcrumbMenu &gt; renders the home icon" time="0.003343087">
        </testcase>
        <testcase classname="src/app/components/ui/breadcrumb-menu.spec.tsx" name="BreadcrumbMenu &gt; renders home link with correct href" time="0.008490008">
        </testcase>
        <testcase classname="src/app/components/ui/breadcrumb-menu.spec.tsx" name="BreadcrumbMenu &gt; renders screen reader text for home icon" time="0.003145902">
        </testcase>
        <testcase classname="src/app/components/ui/breadcrumb-menu.spec.tsx" name="BreadcrumbMenu &gt; renders all breadcrumb items" time="0.008182819">
        </testcase>
        <testcase classname="src/app/components/ui/breadcrumb-menu.spec.tsx" name="BreadcrumbMenu &gt; renders inactive items as links" time="0.012731589">
        </testcase>
        <testcase classname="src/app/components/ui/breadcrumb-menu.spec.tsx" name="BreadcrumbMenu &gt; renders active items as plain text (not links)" time="0.004404394">
        </testcase>
        <testcase classname="src/app/components/ui/breadcrumb-menu.spec.tsx" name="BreadcrumbMenu &gt; renders separators between items" time="0.005687132">
        </testcase>
        <testcase classname="src/app/components/ui/breadcrumb-menu.spec.tsx" name="BreadcrumbMenu &gt; renders empty list when no items provided" time="0.005452337">
        </testcase>
        <testcase classname="src/app/components/ui/breadcrumb-menu.spec.tsx" name="BreadcrumbMenu &gt; renders single item correctly" time="0.005222031">
        </testcase>
        <testcase classname="src/app/components/ui/breadcrumb-menu.spec.tsx" name="BreadcrumbMenu &gt; generates unique keys for items using url and anchorText" time="0.004982105">
        </testcase>
        <testcase classname="src/app/components/ui/breadcrumb-menu.spec.tsx" name="BreadcrumbMenu &gt; handles items with same anchorText but different urls" time="0.09900129">
        </testcase>
        <testcase classname="src/app/components/ui/breadcrumb-menu.spec.tsx" name="BreadcrumbMenu &gt; applies correct classes to wrapper" time="0.004034749">
        </testcase>
        <testcase classname="src/app/components/ui/breadcrumb-menu.spec.tsx" name="BreadcrumbMenu &gt; applies hover styles to home icon link" time="0.002845114">
        </testcase>
        <testcase classname="src/app/components/ui/breadcrumb-menu.spec.tsx" name="BreadcrumbMenu &gt; renders multiple active items if provided" time="0.007633852">
        </testcase>
        <testcase classname="src/app/components/ui/breadcrumb-menu.spec.tsx" name="BreadcrumbMenu &gt; handles special characters in anchorText" time="0.00624171">
        </testcase>
        <testcase classname="src/app/components/ui/breadcrumb-menu.spec.tsx" name="BreadcrumbMenu &gt; handles long breadcrumb chains" time="0.010739078">
        </testcase>
        <testcase classname="src/app/components/ui/breadcrumb-menu.spec.tsx" name="BreadcrumbMenu &gt; renders with aria attributes for accessibility" time="0.007373949">
        </testcase>
        <testcase classname="src/app/components/ui/breadcrumb-menu.spec.tsx" name="BreadcrumbMenu &gt; home icon has correct structure" time="0.004024991">
        </testcase>
    </testsuite>
    <testsuite name="src/lib/actions/update-artist-action.spec.ts" timestamp="2026-02-06T06:08:05.774Z" hostname="runnervmkj6or" tests="22" failures="0" errors="0" skipped="0" time="0.018520983">
        <testcase classname="src/lib/actions/update-artist-action.spec.ts" name="updateArtistAction &gt; Authorization &gt; should require admin role" time="0.001615565">
        </testcase>
        <testcase classname="src/lib/actions/update-artist-action.spec.ts" name="updateArtistAction &gt; Authorization &gt; should return error when user is not logged in" time="0.000389422">
        </testcase>
        <testcase classname="src/lib/actions/update-artist-action.spec.ts" name="updateArtistAction &gt; Authorization &gt; should return error when user is not admin" time="0.000358966">
        </testcase>
        <testcase classname="src/lib/actions/update-artist-action.spec.ts" name="updateArtistAction &gt; Authorization &gt; should return error when session user is missing id" time="0.000275991">
        </testcase>
        <testcase classname="src/lib/actions/update-artist-action.spec.ts" name="updateArtistAction &gt; Validation &gt; should validate form data with all permitted fields" time="0.002052945">
        </testcase>
        <testcase classname="src/lib/actions/update-artist-action.spec.ts" name="updateArtistAction &gt; Validation &gt; should return validation errors when schema validation fails" time="0.000455524">
        </testcase>
        <testcase classname="src/lib/actions/update-artist-action.spec.ts" name="updateArtistAction &gt; Validation &gt; should handle validation errors with empty path" time="0.000224947">
        </testcase>
        <testcase classname="src/lib/actions/update-artist-action.spec.ts" name="updateArtistAction &gt; Validation &gt; should accumulate multiple errors for the same field" time="0.000252729">
        </testcase>
        <testcase classname="src/lib/actions/update-artist-action.spec.ts" name="updateArtistAction &gt; Artist Update &gt; should update artist successfully with all fields" time="0.001216215">
        </testcase>
        <testcase classname="src/lib/actions/update-artist-action.spec.ts" name="updateArtistAction &gt; Artist Update &gt; should update artist with minimal required fields" time="0.00051226">
        </testcase>
        <testcase classname="src/lib/actions/update-artist-action.spec.ts" name="updateArtistAction &gt; Artist Update &gt; should handle artist update failure from service" time="0.000446648">
        </testcase>
        <testcase classname="src/lib/actions/update-artist-action.spec.ts" name="updateArtistAction &gt; Artist Update &gt; should handle slug unique constraint error" time="0.002679797">
        </testcase>
        <testcase classname="src/lib/actions/update-artist-action.spec.ts" name="updateArtistAction &gt; Artist Update &gt; should handle service returning generic error" time="0.0004258">
        </testcase>
        <testcase classname="src/lib/actions/update-artist-action.spec.ts" name="updateArtistAction &gt; Artist Update &gt; should handle service returning error without message" time="0.000411383">
        </testcase>
        <testcase classname="src/lib/actions/update-artist-action.spec.ts" name="updateArtistAction &gt; Artist Update &gt; should handle exception during update" time="0.00168857">
        </testcase>
        <testcase classname="src/lib/actions/update-artist-action.spec.ts" name="updateArtistAction &gt; Security Logging &gt; should log successful artist update" time="0.000348656">
        </testcase>
        <testcase classname="src/lib/actions/update-artist-action.spec.ts" name="updateArtistAction &gt; Security Logging &gt; should log failed artist update attempt" time="0.000501109">
        </testcase>
        <testcase classname="src/lib/actions/update-artist-action.spec.ts" name="updateArtistAction &gt; Security Logging &gt; should filter out undefined fields in security log" time="0.000384212">
        </testcase>
        <testcase classname="src/lib/actions/update-artist-action.spec.ts" name="updateArtistAction &gt; Cache Revalidation &gt; should revalidate artists page and individual artist page on success" time="0.00043719">
        </testcase>
        <testcase classname="src/lib/actions/update-artist-action.spec.ts" name="updateArtistAction &gt; Cache Revalidation &gt; should revalidate paths even on failure" time="0.000305166">
        </testcase>
        <testcase classname="src/lib/actions/update-artist-action.spec.ts" name="updateArtistAction &gt; FormState handling &gt; should preserve existing errors object structure" time="0.000318621">
        </testcase>
        <testcase classname="src/lib/actions/update-artist-action.spec.ts" name="updateArtistAction &gt; FormState handling &gt; should initialize errors object when not present in formState" time="0.000418285">
        </testcase>
    </testsuite>
    <testsuite name="src/app/components/forms/fields/combobox-field.spec.tsx" timestamp="2026-02-06T06:08:05.779Z" hostname="runnervmkj6or" tests="32" failures="0" errors="0" skipped="0" time="0.382791186">
        <testcase classname="src/app/components/forms/fields/combobox-field.spec.tsx" name="ComboboxField &gt; renders with correct label and placeholder" time="0.004588305">
        </testcase>
        <testcase classname="src/app/components/forms/fields/combobox-field.spec.tsx" name="ComboboxField &gt; renders with correct combobox attributes" time="0.004364701">
        </testcase>
        <testcase classname="src/app/components/forms/fields/combobox-field.spec.tsx" name="ComboboxField &gt; renders command input with correct placeholder" time="0.005797698">
        </testcase>
        <testcase classname="src/app/components/forms/fields/combobox-field.spec.tsx" name="ComboboxField &gt; renders all command structure components" time="0.004430713">
        </testcase>
        <testcase classname="src/app/components/forms/fields/combobox-field.spec.tsx" name="ComboboxField &gt; renders all options as command items" time="0.005458248">
        </testcase>
        <testcase classname="src/app/components/forms/fields/combobox-field.spec.tsx" name="ComboboxField &gt; shows empty message" time="0.004112934">
        </testcase>
        <testcase classname="src/app/components/forms/fields/combobox-field.spec.tsx" name="ComboboxField &gt; calls onUserInteraction when option is selected" time="0.004332652">
        </testcase>
        <testcase classname="src/app/components/forms/fields/combobox-field.spec.tsx" name="ComboboxField &gt; does not call onUserInteraction when not provided" time="0.004240721">
        </testcase>
        <testcase classname="src/app/components/forms/fields/combobox-field.spec.tsx" name="ComboboxField &gt; uses default popover width" time="0.005029454">
        </testcase>
        <testcase classname="src/app/components/forms/fields/combobox-field.spec.tsx" name="ComboboxField &gt; uses custom popover width when provided" time="0.004290964">
        </testcase>
        <testcase classname="src/app/components/forms/fields/combobox-field.spec.tsx" name="ComboboxField &gt; renders form message component" time="0.003547876">
        </testcase>
        <testcase classname="src/app/components/forms/fields/combobox-field.spec.tsx" name="ComboboxField &gt; renders check and chevron icons" time="0.006508064">
        </testcase>
        <testcase classname="src/app/components/forms/fields/combobox-field.spec.tsx" name="ComboboxField &gt; handles options with custom search values" time="0.004333774">
        </testcase>
        <testcase classname="src/app/components/forms/fields/combobox-field.spec.tsx" name="ComboboxField &gt; handles options without custom search values" time="0.004673734">
        </testcase>
        <testcase classname="src/app/components/forms/fields/combobox-field.spec.tsx" name="ComboboxField &gt; renders all form structure components" time="0.004695715">
        </testcase>
        <testcase classname="src/app/components/forms/fields/combobox-field.spec.tsx" name="ComboboxField &gt; passes setValue prop when provided" time="0.003489789">
        </testcase>
        <testcase classname="src/app/components/forms/fields/combobox-field.spec.tsx" name="ComboboxField &gt; displays placeholder when field has no value" time="0.004018359">
        </testcase>
        <testcase classname="src/app/components/forms/fields/combobox-field.spec.tsx" name="ComboboxField &gt; calls setValue with correct parameters when option is selected" time="0.082895853">
        </testcase>
        <testcase classname="src/app/components/forms/fields/combobox-field.spec.tsx" name="ComboboxField &gt; calls both setValue and field.onChange when option selected" time="0.029701178">
        </testcase>
        <testcase classname="src/app/components/forms/fields/combobox-field.spec.tsx" name="ComboboxField &gt; Focus and Keyboard Behavior &gt; opens popover when user types an alphanumeric key" time="0.010611741">
        </testcase>
        <testcase classname="src/app/components/forms/fields/combobox-field.spec.tsx" name="ComboboxField &gt; Focus and Keyboard Behavior &gt; opens popover when user types a number" time="0.013666814">
        </testcase>
        <testcase classname="src/app/components/forms/fields/combobox-field.spec.tsx" name="ComboboxField &gt; Focus and Keyboard Behavior &gt; does not open popover for non-alphanumeric keys" time="0.008827534">
        </testcase>
        <testcase classname="src/app/components/forms/fields/combobox-field.spec.tsx" name="ComboboxField &gt; Focus and Keyboard Behavior &gt; populates search input when typing on closed popover" time="0.015386794">
        </testcase>
        <testcase classname="src/app/components/forms/fields/combobox-field.spec.tsx" name="ComboboxField &gt; Focus and Keyboard Behavior &gt; renders search input as controlled with value prop" time="0.006893609">
        </testcase>
        <testcase classname="src/app/components/forms/fields/combobox-field.spec.tsx" name="ComboboxField &gt; Focus and Keyboard Behavior &gt; clears search input after selecting an option" time="0.012190538">
        </testcase>
        <testcase classname="src/app/components/forms/fields/combobox-field.spec.tsx" name="ComboboxField &gt; Focus and Keyboard Behavior &gt; handles uppercase letters correctly" time="0.056249841">
        </testcase>
        <testcase classname="src/app/components/forms/fields/combobox-field.spec.tsx" name="ComboboxField &gt; Focus and Keyboard Behavior &gt; handles numbers correctly" time="0.011082303">
        </testcase>
        <testcase classname="src/app/components/forms/fields/combobox-field.spec.tsx" name="ComboboxField &gt; Focus and Keyboard Behavior &gt; populates search input when typing letter on closed popover and opens popover" time="0.011979387">
        </testcase>
        <testcase classname="src/app/components/forms/fields/combobox-field.spec.tsx" name="ComboboxField &gt; Focus and Keyboard Behavior &gt; uses controlled search input with value prop" time="0.006382662">
        </testcase>
        <testcase classname="src/app/components/forms/fields/combobox-field.spec.tsx" name="ComboboxField &gt; Focus and Keyboard Behavior &gt; passes shouldFilter prop to Command component" time="0.005158603">
        </testcase>
        <testcase classname="src/app/components/forms/fields/combobox-field.spec.tsx" name="ComboboxField &gt; Focus and Keyboard Behavior &gt; clears search value when popover closes" time="0.016017793">
        </testcase>
        <testcase classname="src/app/components/forms/fields/combobox-field.spec.tsx" name="ComboboxField &gt; Focus and Keyboard Behavior &gt; closes popover when search input is cleared while open" time="0.014718633">
        </testcase>
    </testsuite>
    <testsuite name="src/app/components/auth/signed-in-as.spec.tsx" timestamp="2026-02-06T06:08:05.785Z" hostname="runnervmkj6or" tests="8" failures="0" errors="0" skipped="0" time="0.115521584">
        <testcase classname="src/app/components/auth/signed-in-as.spec.tsx" name="SignedInAs &gt; when user has username &gt; renders the signed in text" time="0.005360827">
        </testcase>
        <testcase classname="src/app/components/auth/signed-in-as.spec.tsx" name="SignedInAs &gt; when user has username &gt; renders the key icon with correct size" time="0.004502296">
        </testcase>
        <testcase classname="src/app/components/auth/signed-in-as.spec.tsx" name="SignedInAs &gt; when user has username &gt; renders the username link" time="0.059140149">
        </testcase>
        <testcase classname="src/app/components/auth/signed-in-as.spec.tsx" name="SignedInAs &gt; when user has username &gt; applies consistent flex layout" time="0.00359248">
        </testcase>
        <testcase classname="src/app/components/auth/signed-in-as.spec.tsx" name="SignedInAs &gt; when user has username &gt; shows appropriate content based on screen size" time="0.032754117">
        </testcase>
        <testcase classname="src/app/components/auth/signed-in-as.spec.tsx" name="SignedInAs &gt; when user has no username &gt; displays email when username is undefined but email is available" time="0.00247588">
        </testcase>
        <testcase classname="src/app/components/auth/signed-in-as.spec.tsx" name="SignedInAs &gt; when user has no username &gt; displays email when username is null but email is available" time="0.003503435">
        </testcase>
        <testcase classname="src/app/components/auth/signed-in-as.spec.tsx" name="SignedInAs &gt; when user has no username &gt; returns null when user session is null" time="0.001971495">
            <system-err>
[SignedInAs] No display name found, returning null

            </system-err>
        </testcase>
    </testsuite>
    <testsuite name="src/app/components/ui/navigation-menu.spec.tsx" timestamp="2026-02-06T06:08:05.787Z" hostname="runnervmkj6or" tests="14" failures="0" errors="0" skipped="0" time="0.140329771">
        <testcase classname="src/app/components/ui/navigation-menu.spec.tsx" name="NavigationMenu &gt; renders" time="0.009599324">
        </testcase>
        <testcase classname="src/app/components/ui/navigation-menu.spec.tsx" name="NavigationMenu &gt; applies custom className" time="0.009582073">
        </testcase>
        <testcase classname="src/app/components/ui/navigation-menu.spec.tsx" name="NavigationMenu &gt; renders without viewport when viewport=false" time="0.006843987">
        </testcase>
        <testcase classname="src/app/components/ui/navigation-menu.spec.tsx" name="NavigationMenuList &gt; renders" time="0.010565045">
        </testcase>
        <testcase classname="src/app/components/ui/navigation-menu.spec.tsx" name="NavigationMenuItem &gt; renders" time="0.008444934">
        </testcase>
        <testcase classname="src/app/components/ui/navigation-menu.spec.tsx" name="NavigationMenuTrigger &gt; renders" time="0.061279735">
        </testcase>
        <testcase classname="src/app/components/ui/navigation-menu.spec.tsx" name="NavigationMenuTrigger &gt; has data-slot attribute" time="0.011336234">
        </testcase>
        <testcase classname="src/app/components/ui/navigation-menu.spec.tsx" name="NavigationMenuContent &gt; can be imported" time="0.000244994">
        </testcase>
        <testcase classname="src/app/components/ui/navigation-menu.spec.tsx" name="NavigationMenuLink &gt; can be imported" time="0.000630097">
        </testcase>
        <testcase classname="src/app/components/ui/navigation-menu.spec.tsx" name="NavigationMenuLink &gt; renders with data-slot attribute" time="0.00868532">
        </testcase>
        <testcase classname="src/app/components/ui/navigation-menu.spec.tsx" name="NavigationMenuLink &gt; applies custom className" time="0.008623646">
        </testcase>
        <testcase classname="src/app/components/ui/navigation-menu.spec.tsx" name="NavigationMenuIndicator &gt; can be imported" time="0.000328228">
        </testcase>
        <testcase classname="src/app/components/ui/navigation-menu.spec.tsx" name="NavigationMenuViewport &gt; can be imported" time="0.000233863">
        </testcase>
        <testcase classname="src/app/components/ui/navigation-menu.spec.tsx" name="navigationMenuTriggerStyle &gt; returns a string" time="0.000228563">
        </testcase>
    </testsuite>
    <testsuite name="src/app/api/featured-artists/route.spec.ts" timestamp="2026-02-06T06:08:05.790Z" hostname="runnervmkj6or" tests="11" failures="0" errors="0" skipped="0" time="0.023509309">
        <testcase classname="src/app/api/featured-artists/route.spec.ts" name="Featured Artists API Routes &gt; GET /api/featured-artists &gt; should return all featured artists with default parameters" time="0.000633134">
        </testcase>
        <testcase classname="src/app/api/featured-artists/route.spec.ts" name="Featured Artists API Routes &gt; GET /api/featured-artists &gt; should handle pagination parameters" time="0.0009496">
        </testcase>
        <testcase classname="src/app/api/featured-artists/route.spec.ts" name="Featured Artists API Routes &gt; GET /api/featured-artists &gt; should handle search parameter" time="0.005527797">
        </testcase>
        <testcase classname="src/app/api/featured-artists/route.spec.ts" name="Featured Artists API Routes &gt; GET /api/featured-artists &gt; should return empty array when no featured artists found" time="0.000700739">
        </testcase>
        <testcase classname="src/app/api/featured-artists/route.spec.ts" name="Featured Artists API Routes &gt; GET /api/featured-artists &gt; should return 503 when database is unavailable" time="0.000379443">
        </testcase>
        <testcase classname="src/app/api/featured-artists/route.spec.ts" name="Featured Artists API Routes &gt; GET /api/featured-artists &gt; should return 500 for other errors" time="0.00109528">
        </testcase>
        <testcase classname="src/app/api/featured-artists/route.spec.ts" name="Featured Artists API Routes &gt; POST /api/featured-artists &gt; should create a new featured artist" time="0.000933931">
        </testcase>
        <testcase classname="src/app/api/featured-artists/route.spec.ts" name="Featured Artists API Routes &gt; POST /api/featured-artists &gt; should return 503 when database is unavailable on create" time="0.000788852">
        </testcase>
        <testcase classname="src/app/api/featured-artists/route.spec.ts" name="Featured Artists API Routes &gt; POST /api/featured-artists &gt; should return 500 for create errors" time="0.001420884">
        </testcase>
        <testcase classname="src/app/api/featured-artists/route.spec.ts" name="Featured Artists API Routes &gt; POST /api/featured-artists &gt; should handle unexpected errors in GET and return 500" time="0.001278119">
            <system-err>
FeaturedArtist GET error: Error: Unexpected error
    at [90m/home/runner/work/boudreaux/boudreaux/[39msrc/app/api/featured-artists/route.spec.ts:215:9
    at [90mfile:///home/runner/work/boudreaux/boudreaux/[39mnode_modules/[4m@vitest/runner[24m/dist/index.js:145:11
    at [90mfile:///home/runner/work/boudreaux/boudreaux/[39mnode_modules/[4m@vitest/runner[24m/dist/index.js:915:26
    at [90mfile:///home/runner/work/boudreaux/boudreaux/[39mnode_modules/[4m@vitest/runner[24m/dist/index.js:1243:20
    at new Promise (&lt;anonymous&gt;)
    at runWithTimeout [90m(file:///home/runner/work/boudreaux/boudreaux/[39mnode_modules/[4m@vitest/runner[24m/dist/index.js:1209:10[90m)[39m
    at [90mfile:///home/runner/work/boudreaux/boudreaux/[39mnode_modules/[4m@vitest/runner[24m/dist/index.js:1653:37
    at Traces.$ [90m(file:///home/runner/work/boudreaux/boudreaux/[39mnode_modules/[4mvitest[24m/dist/chunks/traces.CCmnQaNT.js:142:27[90m)[39m
    at trace [90m(file:///home/runner/work/boudreaux/boudreaux/[39mnode_modules/[4mvitest[24m/dist/chunks/test.B8ej_ZHS.js:239:21[90m)[39m
    at runTest [90m(file:///home/runner/work/boudreaux/boudreaux/[39mnode_modules/[4m@vitest/runner[24m/dist/index.js:1653:12[90m)[39m

            </system-err>
        </testcase>
        <testcase classname="src/app/api/featured-artists/route.spec.ts" name="Featured Artists API Routes &gt; POST /api/featured-artists &gt; should handle unexpected errors in POST and return 500" time="0.007409114">
            <system-err>
FeaturedArtist POST error: Error: Unexpected error
    at [90m/home/runner/work/boudreaux/boudreaux/[39msrc/app/api/featured-artists/route.spec.ts:228:9
    at [90mfile:///home/runner/work/boudreaux/boudreaux/[39mnode_modules/[4m@vitest/runner[24m/dist/index.js:145:11
    at [90mfile:///home/runner/work/boudreaux/boudreaux/[39mnode_modules/[4m@vitest/runner[24m/dist/index.js:915:26
    at [90mfile:///home/runner/work/boudreaux/boudreaux/[39mnode_modules/[4m@vitest/runner[24m/dist/index.js:1243:20
    at new Promise (&lt;anonymous&gt;)
    at runWithTimeout [90m(file:///home/runner/work/boudreaux/boudreaux/[39mnode_modules/[4m@vitest/runner[24m/dist/index.js:1209:10[90m)[39m
    at [90mfile:///home/runner/work/boudreaux/boudreaux/[39mnode_modules/[4m@vitest/runner[24m/dist/index.js:1653:37
    at Traces.$ [90m(file:///home/runner/work/boudreaux/boudreaux/[39mnode_modules/[4mvitest[24m/dist/chunks/traces.CCmnQaNT.js:142:27[90m)[39m
    at trace [90m(file:///home/runner/work/boudreaux/boudreaux/[39mnode_modules/[4mvitest[24m/dist/chunks/test.B8ej_ZHS.js:239:21[90m)[39m
    at runTest [90m(file:///home/runner/work/boudreaux/boudreaux/[39mnode_modules/[4m@vitest/runner[24m/dist/index.js:1653:12[90m)[39m

            </system-err>
        </testcase>
    </testsuite>
    <testsuite name="src/app/components/ui/input-otp.spec.tsx" timestamp="2026-02-06T06:08:05.793Z" hostname="runnervmkj6or" tests="16" failures="0" errors="0" skipped="0" time="0.199614829">
        <testcase classname="src/app/components/ui/input-otp.spec.tsx" name="InputOTP &gt; renders" time="0.005280729">
        </testcase>
        <testcase classname="src/app/components/ui/input-otp.spec.tsx" name="InputOTP &gt; applies custom className" time="0.004867132">
        </testcase>
        <testcase classname="src/app/components/ui/input-otp.spec.tsx" name="InputOTP &gt; applies custom containerClassName" time="0.004630183">
        </testcase>
        <testcase classname="src/app/components/ui/input-otp.spec.tsx" name="InputOTPGroup &gt; renders" time="0.003782722">
        </testcase>
        <testcase classname="src/app/components/ui/input-otp.spec.tsx" name="InputOTPGroup &gt; applies custom className" time="0.00381383">
        </testcase>
        <testcase classname="src/app/components/ui/input-otp.spec.tsx" name="InputOTPGroup &gt; has flex layout" time="0.004589829">
        </testcase>
        <testcase classname="src/app/components/ui/input-otp.spec.tsx" name="InputOTPSlot &gt; renders" time="0.008364896">
        </testcase>
        <testcase classname="src/app/components/ui/input-otp.spec.tsx" name="InputOTPSlot &gt; applies custom className" time="0.054454423">
        </testcase>
        <testcase classname="src/app/components/ui/input-otp.spec.tsx" name="InputOTPSlot &gt; renders multiple slots" time="0.008496571">
        </testcase>
        <testcase classname="src/app/components/ui/input-otp.spec.tsx" name="InputOTPSeparator &gt; renders" time="0.006841222">
        </testcase>
        <testcase classname="src/app/components/ui/input-otp.spec.tsx" name="InputOTPSeparator &gt; has separator role" time="0.047484713">
        </testcase>
        <testcase classname="src/app/components/ui/input-otp.spec.tsx" name="InputOTPSeparator &gt; contains minus icon" time="0.006515498">
        </testcase>
        <testcase classname="src/app/components/ui/input-otp.spec.tsx" name="Full InputOTP Integration &gt; renders a complete OTP input with separator" time="0.010415397">
        </testcase>
        <testcase classname="src/app/components/ui/input-otp.spec.tsx" name="InputOTPSlot with fake caret &gt; renders fake caret when slot has focus" time="0.013360417">
        </testcase>
        <testcase classname="src/app/components/ui/input-otp.spec.tsx" name="InputOTPSlot with fake caret &gt; displays character in slot when provided" time="0.008238752">
            <system-err>
Input contains an input of type undefined with both value and defaultValue props. Input elements must be either controlled or uncontrolled (specify either the value prop, or the defaultValue prop, but not both). Decide between using a controlled or uncontrolled input element and remove one of these props. More info: https://react.dev/link/controlled-components

            </system-err>
        </testcase>
        <testcase classname="src/app/components/ui/input-otp.spec.tsx" name="InputOTPSlot with fake caret &gt; handles slot without context gracefully" time="0.005526094">
        </testcase>
    </testsuite>
    <testsuite name="src/lib/utils/split-full-name.spec.ts" timestamp="2026-02-06T06:08:05.796Z" hostname="runnervmkj6or" tests="15" failures="0" errors="0" skipped="0" time="0.007393565">
        <testcase classname="src/lib/utils/split-full-name.spec.ts" name="splitFullName &gt; basic splitting &gt; should split a simple first and last name" time="0.000282994">
        </testcase>
        <testcase classname="src/lib/utils/split-full-name.spec.ts" name="splitFullName &gt; basic splitting &gt; should handle three-part names" time="0.000298934">
        </testcase>
        <testcase classname="src/lib/utils/split-full-name.spec.ts" name="splitFullName &gt; basic splitting &gt; should handle four-part names" time="0.000186476">
        </testcase>
        <testcase classname="src/lib/utils/split-full-name.spec.ts" name="splitFullName &gt; single name &gt; should handle a single name (first name only)" time="0.00015119">
        </testcase>
        <testcase classname="src/lib/utils/split-full-name.spec.ts" name="splitFullName &gt; single name &gt; should handle a single name with spaces before/after" time="0.000119782">
        </testcase>
        <testcase classname="src/lib/utils/split-full-name.spec.ts" name="splitFullName &gt; edge cases &gt; should return empty strings for empty input" time="0.000176277">
        </testcase>
        <testcase classname="src/lib/utils/split-full-name.spec.ts" name="splitFullName &gt; edge cases &gt; should return empty strings for whitespace-only input" time="0.000135651">
        </testcase>
        <testcase classname="src/lib/utils/split-full-name.spec.ts" name="splitFullName &gt; edge cases &gt; should handle multiple spaces between names" time="0.000347625">
        </testcase>
        <testcase classname="src/lib/utils/split-full-name.spec.ts" name="splitFullName &gt; edge cases &gt; should trim leading and trailing whitespace" time="0.000327417">
        </testcase>
        <testcase classname="src/lib/utils/split-full-name.spec.ts" name="splitFullName &gt; edge cases &gt; should handle tabs as whitespace" time="0.000191295">
        </testcase>
        <testcase classname="src/lib/utils/split-full-name.spec.ts" name="splitFullName &gt; edge cases &gt; should handle newlines as whitespace" time="0.000338888">
        </testcase>
        <testcase classname="src/lib/utils/split-full-name.spec.ts" name="splitFullName &gt; hyphenated names &gt; should keep hyphenated last names together" time="0.000120072">
        </testcase>
        <testcase classname="src/lib/utils/split-full-name.spec.ts" name="splitFullName &gt; hyphenated names &gt; should keep hyphenated first names together" time="0.000112028">
        </testcase>
        <testcase classname="src/lib/utils/split-full-name.spec.ts" name="splitFullName &gt; names with special characters &gt; should handle names with apostrophes" time="0.001815846">
        </testcase>
        <testcase classname="src/lib/utils/split-full-name.spec.ts" name="splitFullName &gt; names with special characters &gt; should handle names with accented characters" time="0.00031833">
        </testcase>
    </testsuite>
    <testsuite name="src/app/components/ui/spinners/message-spinner.spec.tsx" timestamp="2026-02-06T06:08:05.799Z" hostname="runnervmkj6or" tests="31" failures="0" errors="0" skipped="0" time="0.095872863">
        <testcase classname="src/app/components/ui/spinners/message-spinner.spec.tsx" name="MessageSpinner &gt; rendering &gt; should render the title" time="0.001521761">
        </testcase>
        <testcase classname="src/app/components/ui/spinners/message-spinner.spec.tsx" name="MessageSpinner &gt; rendering &gt; should render the SpinnerRingCircle component" time="0.001881667">
        </testcase>
        <testcase classname="src/app/components/ui/spinners/message-spinner.spec.tsx" name="MessageSpinner &gt; rendering &gt; should pass size prop to SpinnerRingCircle" time="0.001449427">
        </testcase>
        <testcase classname="src/app/components/ui/spinners/message-spinner.spec.tsx" name="MessageSpinner &gt; rendering &gt; should pass variant prop to SpinnerRingCircle" time="0.001237925">
        </testcase>
        <testcase classname="src/app/components/ui/spinners/message-spinner.spec.tsx" name="MessageSpinner &gt; size variants &gt; small size &gt; should apply small gap spacing" time="0.001920209">
        </testcase>
        <testcase classname="src/app/components/ui/spinners/message-spinner.spec.tsx" name="MessageSpinner &gt; size variants &gt; small size &gt; should apply small text size to title" time="0.002264958">
        </testcase>
        <testcase classname="src/app/components/ui/spinners/message-spinner.spec.tsx" name="MessageSpinner &gt; size variants &gt; small size &gt; should apply small container dimensions" time="0.001719307">
        </testcase>
        <testcase classname="src/app/components/ui/spinners/message-spinner.spec.tsx" name="MessageSpinner &gt; size variants &gt; medium size &gt; should apply medium gap spacing" time="0.002081729">
        </testcase>
        <testcase classname="src/app/components/ui/spinners/message-spinner.spec.tsx" name="MessageSpinner &gt; size variants &gt; medium size &gt; should apply medium text size to title" time="0.003370979">
        </testcase>
        <testcase classname="src/app/components/ui/spinners/message-spinner.spec.tsx" name="MessageSpinner &gt; size variants &gt; medium size &gt; should apply medium container dimensions" time="0.002760457">
        </testcase>
        <testcase classname="src/app/components/ui/spinners/message-spinner.spec.tsx" name="MessageSpinner &gt; size variants &gt; large size &gt; should apply large gap spacing" time="0.001091694">
        </testcase>
        <testcase classname="src/app/components/ui/spinners/message-spinner.spec.tsx" name="MessageSpinner &gt; size variants &gt; large size &gt; should apply large text size to title" time="0.001607499">
        </testcase>
        <testcase classname="src/app/components/ui/spinners/message-spinner.spec.tsx" name="MessageSpinner &gt; size variants &gt; large size &gt; should apply large container dimensions" time="0.001325306">
        </testcase>
        <testcase classname="src/app/components/ui/spinners/message-spinner.spec.tsx" name="MessageSpinner &gt; spinner variants &gt; should render with default variant" time="0.001298628">
        </testcase>
        <testcase classname="src/app/components/ui/spinners/message-spinner.spec.tsx" name="MessageSpinner &gt; spinner variants &gt; should render with primary variant" time="0.001600937">
        </testcase>
        <testcase classname="src/app/components/ui/spinners/message-spinner.spec.tsx" name="MessageSpinner &gt; spinner variants &gt; should render with accent variant" time="0.001369078">
        </testcase>
        <testcase classname="src/app/components/ui/spinners/message-spinner.spec.tsx" name="MessageSpinner &gt; className prop &gt; should apply custom className to wrapper" time="0.026782505">
        </testcase>
        <testcase classname="src/app/components/ui/spinners/message-spinner.spec.tsx" name="MessageSpinner &gt; className prop &gt; should merge custom className with variant classes" time="0.003969428">
        </testcase>
        <testcase classname="src/app/components/ui/spinners/message-spinner.spec.tsx" name="MessageSpinner &gt; layout structure &gt; should have flex column layout" time="0.001514527">
        </testcase>
        <testcase classname="src/app/components/ui/spinners/message-spinner.spec.tsx" name="MessageSpinner &gt; layout structure &gt; should have centered spinner container" time="0.001087095">
        </testcase>
        <testcase classname="src/app/components/ui/spinners/message-spinner.spec.tsx" name="MessageSpinner &gt; layout structure &gt; should have proper layout structure with inner container" time="0.002255601">
        </testcase>
        <testcase classname="src/app/components/ui/spinners/message-spinner.spec.tsx" name="MessageSpinner &gt; accessibility &gt; should render title text element" time="0.010710032">
        </testcase>
        <testcase classname="src/app/components/ui/spinners/message-spinner.spec.tsx" name="MessageSpinner &gt; accessibility &gt; should display the provided title text" time="0.003627043">
        </testcase>
        <testcase classname="src/app/components/ui/spinners/message-spinner.spec.tsx" name="MessageSpinner &gt; size and variant combinations &gt; should render all elements with correct defaults for small size" time="0.001883421">
        </testcase>
        <testcase classname="src/app/components/ui/spinners/message-spinner.spec.tsx" name="MessageSpinner &gt; size and variant combinations &gt; should render all elements with correct defaults for medium size and primary variant" time="0.002647848">
        </testcase>
        <testcase classname="src/app/components/ui/spinners/message-spinner.spec.tsx" name="MessageSpinner &gt; size and variant combinations &gt; should render all elements with correct defaults for large size and accent variant" time="0.002038419">
        </testcase>
        <testcase classname="src/app/components/ui/spinners/message-spinner.spec.tsx" name="MessageSpinner &gt; Accessibility &gt; should use default variant when not provided" time="0.001644819">
        </testcase>
        <testcase classname="src/app/components/ui/spinners/message-spinner.spec.tsx" name="MessageSpinner &gt; Accessibility &gt; should use default message when not provided" time="0.001520108">
        </testcase>
        <testcase classname="src/app/components/ui/spinners/message-spinner.spec.tsx" name="MessageSpinner &gt; Accessibility &gt; should use medium size by default for heading when not provided" time="0.001527822">
        </testcase>
        <testcase classname="src/app/components/ui/spinners/message-spinner.spec.tsx" name="MessageSpinner &gt; MessageHeading2 component &gt; should render with provided message" time="0.001420944">
        </testcase>
        <testcase classname="src/app/components/ui/spinners/message-spinner.spec.tsx" name="MessageSpinner &gt; MessageHeading2 component &gt; should apply correct size classes" time="0.001551326">
        </testcase>
    </testsuite>
    <testsuite name="src/lib/utils/image-text-overlay.spec.ts" timestamp="2026-02-06T06:08:05.805Z" hostname="runnervmkj6or" tests="21" failures="0" errors="0" skipped="0" time="0.041926176">
        <testcase classname="src/lib/utils/image-text-overlay.spec.ts" name="addTextOverlayToImage &gt; successful overlay creation &gt; should add text overlay to image and return blob" time="0.001613049">
        </testcase>
        <testcase classname="src/lib/utils/image-text-overlay.spec.ts" name="addTextOverlayToImage &gt; successful overlay creation &gt; should set canvas dimensions to provided width and height" time="0.001516371">
        </testcase>
        <testcase classname="src/lib/utils/image-text-overlay.spec.ts" name="addTextOverlayToImage &gt; successful overlay creation &gt; should draw the image onto the canvas" time="0.001637545">
        </testcase>
        <testcase classname="src/lib/utils/image-text-overlay.spec.ts" name="addTextOverlayToImage &gt; successful overlay creation &gt; should create gradient overlay for text contrast" time="0.001399614">
        </testcase>
        <testcase classname="src/lib/utils/image-text-overlay.spec.ts" name="addTextOverlayToImage &gt; successful overlay creation &gt; should draw the main message text" time="0.001438807">
        </testcase>
        <testcase classname="src/lib/utils/image-text-overlay.spec.ts" name="addTextOverlayToImage &gt; secondary message handling &gt; should draw secondary message when provided" time="0.001540906">
        </testcase>
        <testcase classname="src/lib/utils/image-text-overlay.spec.ts" name="addTextOverlayToImage &gt; secondary message handling &gt; should not draw secondary message when not provided" time="0.001518204">
        </testcase>
        <testcase classname="src/lib/utils/image-text-overlay.spec.ts" name="addTextOverlayToImage &gt; text styling &gt; should apply text shadow settings" time="0.001371191">
        </testcase>
        <testcase classname="src/lib/utils/image-text-overlay.spec.ts" name="addTextOverlayToImage &gt; text styling &gt; should center text horizontally" time="0.001557567">
        </testcase>
        <testcase classname="src/lib/utils/image-text-overlay.spec.ts" name="addTextOverlayToImage &gt; word wrapping &gt; should wrap long messages across multiple lines" time="0.00374427">
        </testcase>
        <testcase classname="src/lib/utils/image-text-overlay.spec.ts" name="addTextOverlayToImage &gt; word wrapping &gt; should handle single word messages" time="0.00184465">
        </testcase>
        <testcase classname="src/lib/utils/image-text-overlay.spec.ts" name="addTextOverlayToImage &gt; error handling &gt; should reject when canvas context cannot be obtained" time="0.000508974">
        </testcase>
        <testcase classname="src/lib/utils/image-text-overlay.spec.ts" name="addTextOverlayToImage &gt; error handling &gt; should reject when image fails to load" time="0.002927456">
        </testcase>
        <testcase classname="src/lib/utils/image-text-overlay.spec.ts" name="addTextOverlayToImage &gt; error handling &gt; should reject when toBlob fails to create blob" time="0.00167741">
        </testcase>
        <testcase classname="src/lib/utils/image-text-overlay.spec.ts" name="addTextOverlayToImage &gt; output format &gt; should output JPEG format" time="0.001791811">
        </testcase>
        <testcase classname="src/lib/utils/image-text-overlay.spec.ts" name="addTextOverlayToImage &gt; output format &gt; should use 92% quality for JPEG" time="0.00333919">
        </testcase>
        <testcase classname="src/lib/utils/image-text-overlay.spec.ts" name="addTextOverlayToImage &gt; output format &gt; should return both blob and dataUrl" time="0.001841734">
        </testcase>
        <testcase classname="src/lib/utils/image-text-overlay.spec.ts" name="addTextOverlayToImage &gt; varied secondary message placement &gt; should apply consistent offset based on message content" time="0.00281587">
        </testcase>
        <testcase classname="src/lib/utils/image-text-overlay.spec.ts" name="addTextOverlayToImage &gt; font size calculation &gt; should scale font size based on image width" time="0.00143018">
        </testcase>
        <testcase classname="src/lib/utils/image-text-overlay.spec.ts" name="addTextOverlayToImage &gt; font size calculation &gt; should use minimum font size for very small images" time="0.001390858">
        </testcase>
        <testcase classname="src/lib/utils/image-text-overlay.spec.ts" name="addTextOverlayToImage &gt; URL cleanup &gt; should create and revoke object URL for blob" time="0.001522012">
        </testcase>
    </testsuite>
    <testsuite name="src/app/api/tracks/metadata/route.spec.ts" timestamp="2026-02-06T06:08:05.809Z" hostname="runnervmkj6or" tests="8" failures="0" errors="0" skipped="0" time="0.03152087">
        <testcase classname="src/app/api/tracks/metadata/route.spec.ts" name="POST /api/tracks/metadata &gt; should return 400 if content type header is missing" time="0.00026994">
        </testcase>
        <testcase classname="src/app/api/tracks/metadata/route.spec.ts" name="POST /api/tracks/metadata &gt; should return 400 if content type is not multipart/form-data" time="0.000230518">
        </testcase>
        <testcase classname="src/app/api/tracks/metadata/route.spec.ts" name="POST /api/tracks/metadata &gt; should return 400 if no file is provided" time="0.000483616">
        </testcase>
        <testcase classname="src/app/api/tracks/metadata/route.spec.ts" name="POST /api/tracks/metadata &gt; should return 400 for unsupported file types" time="0.000745342">
        </testcase>
        <testcase classname="src/app/api/tracks/metadata/route.spec.ts" name="POST /api/tracks/metadata &gt; should extract metadata from valid audio file" time="0.003402798">
        </testcase>
        <testcase classname="src/app/api/tracks/metadata/route.spec.ts" name="POST /api/tracks/metadata &gt; should accept various audio formats" time="0.0038839">
        </testcase>
        <testcase classname="src/app/api/tracks/metadata/route.spec.ts" name="POST /api/tracks/metadata &gt; should return 400 when metadata extraction fails" time="0.000631219">
        </testcase>
        <testcase classname="src/app/api/tracks/metadata/route.spec.ts" name="POST /api/tracks/metadata &gt; should return 500 for unexpected errors" time="0.00943518">
            <system-err>
Track metadata extraction error: Error: Unexpected error
    at [90m/home/runner/work/boudreaux/boudreaux/[39msrc/app/api/tracks/metadata/route.spec.ts:200:43
    at [90mfile:///home/runner/work/boudreaux/boudreaux/[39mnode_modules/[4m@vitest/runner[24m/dist/index.js:145:11
    at [90mfile:///home/runner/work/boudreaux/boudreaux/[39mnode_modules/[4m@vitest/runner[24m/dist/index.js:915:26
    at [90mfile:///home/runner/work/boudreaux/boudreaux/[39mnode_modules/[4m@vitest/runner[24m/dist/index.js:1243:20
    at new Promise (&lt;anonymous&gt;)
    at runWithTimeout [90m(file:///home/runner/work/boudreaux/boudreaux/[39mnode_modules/[4m@vitest/runner[24m/dist/index.js:1209:10[90m)[39m
    at [90mfile:///home/runner/work/boudreaux/boudreaux/[39mnode_modules/[4m@vitest/runner[24m/dist/index.js:1653:37
    at Traces.$ [90m(file:///home/runner/work/boudreaux/boudreaux/[39mnode_modules/[4mvitest[24m/dist/chunks/traces.CCmnQaNT.js:142:27[90m)[39m
    at trace [90m(file:///home/runner/work/boudreaux/boudreaux/[39mnode_modules/[4mvitest[24m/dist/chunks/test.B8ej_ZHS.js:239:21[90m)[39m
    at runTest [90m(file:///home/runner/work/boudreaux/boudreaux/[39mnode_modules/[4m@vitest/runner[24m/dist/index.js:1653:12[90m)[39m

            </system-err>
        </testcase>
    </testsuite>
    <testsuite name="src/lib/services/track-service.spec.ts" timestamp="2026-02-06T06:08:05.811Z" hostname="runnervmkj6or" tests="31" failures="0" errors="0" skipped="0" time="0.029210395">
        <testcase classname="src/lib/services/track-service.spec.ts" name="TrackService &gt; createTrack &gt; should create a track successfully" time="0.000430077">
        </testcase>
        <testcase classname="src/lib/services/track-service.spec.ts" name="TrackService &gt; createTrack &gt; should return error for unique constraint violation" time="0.000370317">
        </testcase>
        <testcase classname="src/lib/services/track-service.spec.ts" name="TrackService &gt; createTrack &gt; should return error for database initialization failure" time="0.000827354">
            <system-err>
Database connection failed: PrismaClientInitializationError: Database connection failed
    at [90m/home/runner/work/boudreaux/boudreaux/[39msrc/lib/services/track-service.spec.ts:122:27
    at [90mfile:///home/runner/work/boudreaux/boudreaux/[39mnode_modules/[4m@vitest/runner[24m/dist/index.js:145:11
    at [90mfile:///home/runner/work/boudreaux/boudreaux/[39mnode_modules/[4m@vitest/runner[24m/dist/index.js:915:26
    at [90mfile:///home/runner/work/boudreaux/boudreaux/[39mnode_modules/[4m@vitest/runner[24m/dist/index.js:1243:20
    at new Promise (&lt;anonymous&gt;)
    at runWithTimeout [90m(file:///home/runner/work/boudreaux/boudreaux/[39mnode_modules/[4m@vitest/runner[24m/dist/index.js:1209:10[90m)[39m
    at [90mfile:///home/runner/work/boudreaux/boudreaux/[39mnode_modules/[4m@vitest/runner[24m/dist/index.js:1653:37
    at Traces.$ [90m(file:///home/runner/work/boudreaux/boudreaux/[39mnode_modules/[4mvitest[24m/dist/chunks/traces.CCmnQaNT.js:142:27[90m)[39m
    at trace [90m(file:///home/runner/work/boudreaux/boudreaux/[39mnode_modules/[4mvitest[24m/dist/chunks/test.B8ej_ZHS.js:239:21[90m)[39m
    at runTest [90m(file:///home/runner/work/boudreaux/boudreaux/[39mnode_modules/[4m@vitest/runner[24m/dist/index.js:1653:12[90m)[39m

            </system-err>
        </testcase>
        <testcase classname="src/lib/services/track-service.spec.ts" name="TrackService &gt; createTrack &gt; should return generic error for unknown failures" time="0.000604671">
            <system-err>
Unexpected error: Error: Unknown error
    at [90m/home/runner/work/boudreaux/boudreaux/[39msrc/lib/services/track-service.spec.ts:138:56
    at [90mfile:///home/runner/work/boudreaux/boudreaux/[39mnode_modules/[4m@vitest/runner[24m/dist/index.js:145:11
    at [90mfile:///home/runner/work/boudreaux/boudreaux/[39mnode_modules/[4m@vitest/runner[24m/dist/index.js:915:26
    at [90mfile:///home/runner/work/boudreaux/boudreaux/[39mnode_modules/[4m@vitest/runner[24m/dist/index.js:1243:20
    at new Promise (&lt;anonymous&gt;)
    at runWithTimeout [90m(file:///home/runner/work/boudreaux/boudreaux/[39mnode_modules/[4m@vitest/runner[24m/dist/index.js:1209:10[90m)[39m
    at [90mfile:///home/runner/work/boudreaux/boudreaux/[39mnode_modules/[4m@vitest/runner[24m/dist/index.js:1653:37
    at Traces.$ [90m(file:///home/runner/work/boudreaux/boudreaux/[39mnode_modules/[4mvitest[24m/dist/chunks/traces.CCmnQaNT.js:142:27[90m)[39m
    at trace [90m(file:///home/runner/work/boudreaux/boudreaux/[39mnode_modules/[4mvitest[24m/dist/chunks/test.B8ej_ZHS.js:239:21[90m)[39m
    at runTest [90m(file:///home/runner/work/boudreaux/boudreaux/[39mnode_modules/[4m@vitest/runner[24m/dist/index.js:1653:12[90m)[39m

            </system-err>
        </testcase>
        <testcase classname="src/lib/services/track-service.spec.ts" name="TrackService &gt; getTrackById &gt; should retrieve a track by ID successfully" time="0.000403087">
        </testcase>
        <testcase classname="src/lib/services/track-service.spec.ts" name="TrackService &gt; getTrackById &gt; should return error when track is not found" time="0.000338227">
        </testcase>
        <testcase classname="src/lib/services/track-service.spec.ts" name="TrackService &gt; getTrackById &gt; should return error for database initialization failure" time="0.000503073">
            <system-err>
Database connection failed: PrismaClientInitializationError: Database connection failed
    at [90m/home/runner/work/boudreaux/boudreaux/[39msrc/lib/services/track-service.spec.ts:203:27
    at [90mfile:///home/runner/work/boudreaux/boudreaux/[39mnode_modules/[4m@vitest/runner[24m/dist/index.js:145:11
    at [90mfile:///home/runner/work/boudreaux/boudreaux/[39mnode_modules/[4m@vitest/runner[24m/dist/index.js:915:26
    at [90mfile:///home/runner/work/boudreaux/boudreaux/[39mnode_modules/[4m@vitest/runner[24m/dist/index.js:1243:20
    at new Promise (&lt;anonymous&gt;)
    at runWithTimeout [90m(file:///home/runner/work/boudreaux/boudreaux/[39mnode_modules/[4m@vitest/runner[24m/dist/index.js:1209:10[90m)[39m
    at [90mfile:///home/runner/work/boudreaux/boudreaux/[39mnode_modules/[4m@vitest/runner[24m/dist/index.js:1653:37
    at Traces.$ [90m(file:///home/runner/work/boudreaux/boudreaux/[39mnode_modules/[4mvitest[24m/dist/chunks/traces.CCmnQaNT.js:142:27[90m)[39m
    at trace [90m(file:///home/runner/work/boudreaux/boudreaux/[39mnode_modules/[4mvitest[24m/dist/chunks/test.B8ej_ZHS.js:239:21[90m)[39m
    at runTest [90m(file:///home/runner/work/boudreaux/boudreaux/[39mnode_modules/[4m@vitest/runner[24m/dist/index.js:1653:12[90m)[39m

            </system-err>
        </testcase>
        <testcase classname="src/lib/services/track-service.spec.ts" name="TrackService &gt; getTrackById &gt; should return generic error for unknown failures" time="0.000506348">
            <system-err>
Unexpected error: Error: Unknown error
    at [90m/home/runner/work/boudreaux/boudreaux/[39msrc/lib/services/track-service.spec.ts:219:60
    at [90mfile:///home/runner/work/boudreaux/boudreaux/[39mnode_modules/[4m@vitest/runner[24m/dist/index.js:145:11
    at [90mfile:///home/runner/work/boudreaux/boudreaux/[39mnode_modules/[4m@vitest/runner[24m/dist/index.js:915:26
    at [90mfile:///home/runner/work/boudreaux/boudreaux/[39mnode_modules/[4m@vitest/runner[24m/dist/index.js:1243:20
    at new Promise (&lt;anonymous&gt;)
    at runWithTimeout [90m(file:///home/runner/work/boudreaux/boudreaux/[39mnode_modules/[4m@vitest/runner[24m/dist/index.js:1209:10[90m)[39m
    at [90mfile:///home/runner/work/boudreaux/boudreaux/[39mnode_modules/[4m@vitest/runner[24m/dist/index.js:1653:37
    at Traces.$ [90m(file:///home/runner/work/boudreaux/boudreaux/[39mnode_modules/[4mvitest[24m/dist/chunks/traces.CCmnQaNT.js:142:27[90m)[39m
    at trace [90m(file:///home/runner/work/boudreaux/boudreaux/[39mnode_modules/[4mvitest[24m/dist/chunks/test.B8ej_ZHS.js:239:21[90m)[39m
    at runTest [90m(file:///home/runner/work/boudreaux/boudreaux/[39mnode_modules/[4m@vitest/runner[24m/dist/index.js:1653:12[90m)[39m

            </system-err>
        </testcase>
        <testcase classname="src/lib/services/track-service.spec.ts" name="TrackService &gt; getTracks &gt; should retrieve all tracks with default params" time="0.000508573">
        </testcase>
        <testcase classname="src/lib/services/track-service.spec.ts" name="TrackService &gt; getTracks &gt; should apply skip and take params" time="0.000425309">
        </testcase>
        <testcase classname="src/lib/services/track-service.spec.ts" name="TrackService &gt; getTracks &gt; should apply search filter" time="0.001786501">
        </testcase>
        <testcase classname="src/lib/services/track-service.spec.ts" name="TrackService &gt; getTracks &gt; should return empty array when no tracks exist" time="0.000338198">
        </testcase>
        <testcase classname="src/lib/services/track-service.spec.ts" name="TrackService &gt; getTracks &gt; should return error for database initialization failure" time="0.00059886">
            <system-err>
Database connection failed: PrismaClientInitializationError: Database connection failed
    at [90m/home/runner/work/boudreaux/boudreaux/[39msrc/lib/services/track-service.spec.ts:293:27
    at [90mfile:///home/runner/work/boudreaux/boudreaux/[39mnode_modules/[4m@vitest/runner[24m/dist/index.js:145:11
    at [90mfile:///home/runner/work/boudreaux/boudreaux/[39mnode_modules/[4m@vitest/runner[24m/dist/index.js:915:26
    at [90mfile:///home/runner/work/boudreaux/boudreaux/[39mnode_modules/[4m@vitest/runner[24m/dist/index.js:1243:20
    at new Promise (&lt;anonymous&gt;)
    at runWithTimeout [90m(file:///home/runner/work/boudreaux/boudreaux/[39mnode_modules/[4m@vitest/runner[24m/dist/index.js:1209:10[90m)[39m
    at [90mfile:///home/runner/work/boudreaux/boudreaux/[39mnode_modules/[4m@vitest/runner[24m/dist/index.js:1653:37
    at Traces.$ [90m(file:///home/runner/work/boudreaux/boudreaux/[39mnode_modules/[4mvitest[24m/dist/chunks/traces.CCmnQaNT.js:142:27[90m)[39m
    at trace [90m(file:///home/runner/work/boudreaux/boudreaux/[39mnode_modules/[4mvitest[24m/dist/chunks/test.B8ej_ZHS.js:239:21[90m)[39m
    at runTest [90m(file:///home/runner/work/boudreaux/boudreaux/[39mnode_modules/[4m@vitest/runner[24m/dist/index.js:1653:12[90m)[39m

            </system-err>
        </testcase>
        <testcase classname="src/lib/services/track-service.spec.ts" name="TrackService &gt; getTracks &gt; should return generic error for unknown failures" time="0.000637723">
            <system-err>
Unexpected error: Error: Unknown error
    at [90m/home/runner/work/boudreaux/boudreaux/[39msrc/lib/services/track-service.spec.ts:309:58
    at [90mfile:///home/runner/work/boudreaux/boudreaux/[39mnode_modules/[4m@vitest/runner[24m/dist/index.js:145:11
    at [90mfile:///home/runner/work/boudreaux/boudreaux/[39mnode_modules/[4m@vitest/runner[24m/dist/index.js:915:26
    at [90mfile:///home/runner/work/boudreaux/boudreaux/[39mnode_modules/[4m@vitest/runner[24m/dist/index.js:1243:20
    at new Promise (&lt;anonymous&gt;)
    at runWithTimeout [90m(file:///home/runner/work/boudreaux/boudreaux/[39mnode_modules/[4m@vitest/runner[24m/dist/index.js:1209:10[90m)[39m
    at [90mfile:///home/runner/work/boudreaux/boudreaux/[39mnode_modules/[4m@vitest/runner[24m/dist/index.js:1653:37
    at Traces.$ [90m(file:///home/runner/work/boudreaux/boudreaux/[39mnode_modules/[4mvitest[24m/dist/chunks/traces.CCmnQaNT.js:142:27[90m)[39m
    at trace [90m(file:///home/runner/work/boudreaux/boudreaux/[39mnode_modules/[4mvitest[24m/dist/chunks/test.B8ej_ZHS.js:239:21[90m)[39m
    at runTest [90m(file:///home/runner/work/boudreaux/boudreaux/[39mnode_modules/[4m@vitest/runner[24m/dist/index.js:1653:12[90m)[39m

            </system-err>
        </testcase>
        <testcase classname="src/lib/services/track-service.spec.ts" name="TrackService &gt; updateTrack &gt; should update a track successfully" time="0.002287309">
        </testcase>
        <testcase classname="src/lib/services/track-service.spec.ts" name="TrackService &gt; updateTrack &gt; should return error when track is not found" time="0.000295408">
        </testcase>
        <testcase classname="src/lib/services/track-service.spec.ts" name="TrackService &gt; updateTrack &gt; should return error for unique constraint violation" time="0.000541674">
        </testcase>
        <testcase classname="src/lib/services/track-service.spec.ts" name="TrackService &gt; updateTrack &gt; should return error for database initialization failure" time="0.001000385">
            <system-err>
Database connection failed: PrismaClientInitializationError: Database connection failed
    at [90m/home/runner/work/boudreaux/boudreaux/[39msrc/lib/services/track-service.spec.ts:387:27
    at [90mfile:///home/runner/work/boudreaux/boudreaux/[39mnode_modules/[4m@vitest/runner[24m/dist/index.js:145:11
    at [90mfile:///home/runner/work/boudreaux/boudreaux/[39mnode_modules/[4m@vitest/runner[24m/dist/index.js:915:26
    at [90mfile:///home/runner/work/boudreaux/boudreaux/[39mnode_modules/[4m@vitest/runner[24m/dist/index.js:1243:20
    at new Promise (&lt;anonymous&gt;)
    at runWithTimeout [90m(file:///home/runner/work/boudreaux/boudreaux/[39mnode_modules/[4m@vitest/runner[24m/dist/index.js:1209:10[90m)[39m
    at [90mfile:///home/runner/work/boudreaux/boudreaux/[39mnode_modules/[4m@vitest/runner[24m/dist/index.js:1653:37
    at Traces.$ [90m(file:///home/runner/work/boudreaux/boudreaux/[39mnode_modules/[4mvitest[24m/dist/chunks/traces.CCmnQaNT.js:142:27[90m)[39m
    at trace [90m(file:///home/runner/work/boudreaux/boudreaux/[39mnode_modules/[4mvitest[24m/dist/chunks/test.B8ej_ZHS.js:239:21[90m)[39m
    at runTest [90m(file:///home/runner/work/boudreaux/boudreaux/[39mnode_modules/[4m@vitest/runner[24m/dist/index.js:1653:12[90m)[39m

            </system-err>
        </testcase>
        <testcase classname="src/lib/services/track-service.spec.ts" name="TrackService &gt; updateTrack &gt; should return generic error for unknown failures" time="0.00691623">
            <system-err>
Unexpected error: Error: Unknown error
    at [90m/home/runner/work/boudreaux/boudreaux/[39msrc/lib/services/track-service.spec.ts:403:56
    at [90mfile:///home/runner/work/boudreaux/boudreaux/[39mnode_modules/[4m@vitest/runner[24m/dist/index.js:145:11
    at [90mfile:///home/runner/work/boudreaux/boudreaux/[39mnode_modules/[4m@vitest/runner[24m/dist/index.js:915:26
    at [90mfile:///home/runner/work/boudreaux/boudreaux/[39mnode_modules/[4m@vitest/runner[24m/dist/index.js:1243:20
    at new Promise (&lt;anonymous&gt;)
    at runWithTimeout [90m(file:///home/runner/work/boudreaux/boudreaux/[39mnode_modules/[4m@vitest/runner[24m/dist/index.js:1209:10[90m)[39m
    at [90mfile:///home/runner/work/boudreaux/boudreaux/[39mnode_modules/[4m@vitest/runner[24m/dist/index.js:1653:37
    at Traces.$ [90m(file:///home/runner/work/boudreaux/boudreaux/[39mnode_modules/[4mvitest[24m/dist/chunks/traces.CCmnQaNT.js:142:27[90m)[39m
    at trace [90m(file:///home/runner/work/boudreaux/boudreaux/[39mnode_modules/[4mvitest[24m/dist/chunks/test.B8ej_ZHS.js:239:21[90m)[39m
    at runTest [90m(file:///home/runner/work/boudreaux/boudreaux/[39mnode_modules/[4m@vitest/runner[24m/dist/index.js:1653:12[90m)[39m

            </system-err>
        </testcase>
        <testcase classname="src/lib/services/track-service.spec.ts" name="TrackService &gt; deleteTrack &gt; should delete a track successfully" time="0.0004373">
        </testcase>
        <testcase classname="src/lib/services/track-service.spec.ts" name="TrackService &gt; deleteTrack &gt; should return error when track is not found" time="0.000303011">
        </testcase>
        <testcase classname="src/lib/services/track-service.spec.ts" name="TrackService &gt; deleteTrack &gt; should return error for database initialization failure" time="0.00062562">
            <system-err>
Database connection failed: PrismaClientInitializationError: Database connection failed
    at [90m/home/runner/work/boudreaux/boudreaux/[39msrc/lib/services/track-service.spec.ts:452:27
    at [90mfile:///home/runner/work/boudreaux/boudreaux/[39mnode_modules/[4m@vitest/runner[24m/dist/index.js:145:11
    at [90mfile:///home/runner/work/boudreaux/boudreaux/[39mnode_modules/[4m@vitest/runner[24m/dist/index.js:915:26
    at [90mfile:///home/runner/work/boudreaux/boudreaux/[39mnode_modules/[4m@vitest/runner[24m/dist/index.js:1243:20
    at new Promise (&lt;anonymous&gt;)
    at runWithTimeout [90m(file:///home/runner/work/boudreaux/boudreaux/[39mnode_modules/[4m@vitest/runner[24m/dist/index.js:1209:10[90m)[39m
    at [90mfile:///home/runner/work/boudreaux/boudreaux/[39mnode_modules/[4m@vitest/runner[24m/dist/index.js:1653:37
    at Traces.$ [90m(file:///home/runner/work/boudreaux/boudreaux/[39mnode_modules/[4mvitest[24m/dist/chunks/traces.CCmnQaNT.js:142:27[90m)[39m
    at trace [90m(file:///home/runner/work/boudreaux/boudreaux/[39mnode_modules/[4mvitest[24m/dist/chunks/test.B8ej_ZHS.js:239:21[90m)[39m
    at runTest [90m(file:///home/runner/work/boudreaux/boudreaux/[39mnode_modules/[4m@vitest/runner[24m/dist/index.js:1653:12[90m)[39m

            </system-err>
        </testcase>
        <testcase classname="src/lib/services/track-service.spec.ts" name="TrackService &gt; deleteTrack &gt; should return generic error for unknown failures" time="0.000591917">
            <system-err>
Unexpected error: Error: Unknown error
    at [90m/home/runner/work/boudreaux/boudreaux/[39msrc/lib/services/track-service.spec.ts:468:56
    at [90mfile:///home/runner/work/boudreaux/boudreaux/[39mnode_modules/[4m@vitest/runner[24m/dist/index.js:145:11
    at [90mfile:///home/runner/work/boudreaux/boudreaux/[39mnode_modules/[4m@vitest/runner[24m/dist/index.js:915:26
    at [90mfile:///home/runner/work/boudreaux/boudreaux/[39mnode_modules/[4m@vitest/runner[24m/dist/index.js:1243:20
    at new Promise (&lt;anonymous&gt;)
    at runWithTimeout [90m(file:///home/runner/work/boudreaux/boudreaux/[39mnode_modules/[4m@vitest/runner[24m/dist/index.js:1209:10[90m)[39m
    at [90mfile:///home/runner/work/boudreaux/boudreaux/[39mnode_modules/[4m@vitest/runner[24m/dist/index.js:1653:37
    at Traces.$ [90m(file:///home/runner/work/boudreaux/boudreaux/[39mnode_modules/[4mvitest[24m/dist/chunks/traces.CCmnQaNT.js:142:27[90m)[39m
    at trace [90m(file:///home/runner/work/boudreaux/boudreaux/[39mnode_modules/[4mvitest[24m/dist/chunks/test.B8ej_ZHS.js:239:21[90m)[39m
[...]
    at [90mfile:///home/runner/work/boudreaux/boudreaux/[39mnode_modules/[4m@vitest/runner[24m/dist/index.js:1243:20
    at new Promise (&lt;anonymous&gt;)
    at runWithTimeout [90m(file:///home/runner/work/boudreaux/boudreaux/[39mnode_modules/[4m@vitest/runner[24m/dist/index.js:1209:10[90m)[39m
    at [90mfile:///home/runner/work/boudreaux/boudreaux/[39mnode_modules/[4m@vitest/runner[24m/dist/index.js:1653:37
    at Traces.$ [90m(file:///home/runner/work/boudreaux/boudreaux/[39mnode_modules/[4mvitest[24m/dist/chunks/traces.CCmnQaNT.js:142:27[90m)[39m
    at trace [90m(file:///home/runner/work/boudreaux/boudreaux/[39mnode_modules/[4mvitest[24m/dist/chunks/test.B8ej_ZHS.js:239:21[90m)[39m
    at runTest [90m(file:///home/runner/work/boudreaux/boudreaux/[39mnode_modules/[4m@vitest/runner[24m/dist/index.js:1653:12[90m)[39m {
  clientVersion: [32m&apos;5.0.0&apos;[39m,
  errorCode: [90mundefined[39m,
  retryable: [90mundefined[39m
}

            </system-err>
        </testcase>
        <testcase classname="src/lib/services/release-service.spec.ts" name="ReleaseService &gt; updateRelease &gt; should handle unknown errors" time="0.00763319">
            <system-err>
Unexpected error: Error: Unknown error
    at [90m/home/runner/work/boudreaux/boudreaux/[39msrc/lib/services/release-service.spec.ts:492:58
    at [90mfile:///home/runner/work/boudreaux/boudreaux/[39mnode_modules/[4m@vitest/runner[24m/dist/index.js:145:11
    at [90mfile:///home/runner/work/boudreaux/boudreaux/[39mnode_modules/[4m@vitest/runner[24m/dist/index.js:915:26
    at [90mfile:///home/runner/work/boudreaux/boudreaux/[39mnode_modules/[4m@vitest/runner[24m/dist/index.js:1243:20
    at new Promise (&lt;anonymous&gt;)
    at runWithTimeout [90m(file:///home/runner/work/boudreaux/boudreaux/[39mnode_modules/[4m@vitest/runner[24m/dist/index.js:1209:10[90m)[39m
    at [90mfile:///home/runner/work/boudreaux/boudreaux/[39mnode_modules/[4m@vitest/runner[24m/dist/index.js:1653:37
    at Traces.$ [90m(file:///home/runner/work/boudreaux/boudreaux/[39mnode_modules/[4mvitest[24m/dist/chunks/traces.CCmnQaNT.js:142:27[90m)[39m
    at trace [90m(file:///home/runner/work/boudreaux/boudreaux/[39mnode_modules/[4mvitest[24m/dist/chunks/test.B8ej_ZHS.js:239:21[90m)[39m
    at runTest [90m(file:///home/runner/work/boudreaux/boudreaux/[39mnode_modules/[4m@vitest/runner[24m/dist/index.js:1653:12[90m)[39m

            </system-err>
        </testcase>
        <testcase classname="src/lib/services/release-service.spec.ts" name="ReleaseService &gt; deleteRelease &gt; should delete a release successfully" time="0.000406133">
        </testcase>
        <testcase classname="src/lib/services/release-service.spec.ts" name="ReleaseService &gt; deleteRelease &gt; should return error when release not found" time="0.000343607">
        </testcase>
        <testcase classname="src/lib/services/release-service.spec.ts" name="ReleaseService &gt; deleteRelease &gt; should return error when database is unavailable" time="0.000615421">
            <system-err>
Database connection failed: PrismaClientInitializationError: Connection failed
    at [90m/home/runner/work/boudreaux/boudreaux/[39msrc/lib/services/release-service.spec.ts:540:25
    at [90mfile:///home/runner/work/boudreaux/boudreaux/[39mnode_modules/[4m@vitest/runner[24m/dist/index.js:145:11
    at [90mfile:///home/runner/work/boudreaux/boudreaux/[39mnode_modules/[4m@vitest/runner[24m/dist/index.js:915:26
    at [90mfile:///home/runner/work/boudreaux/boudreaux/[39mnode_modules/[4m@vitest/runner[24m/dist/index.js:1243:20
    at new Promise (&lt;anonymous&gt;)
    at runWithTimeout [90m(file:///home/runner/work/boudreaux/boudreaux/[39mnode_modules/[4m@vitest/runner[24m/dist/index.js:1209:10[90m)[39m
    at [90mfile:///home/runner/work/boudreaux/boudreaux/[39mnode_modules/[4m@vitest/runner[24m/dist/index.js:1653:37
    at Traces.$ [90m(file:///home/runner/work/boudreaux/boudreaux/[39mnode_modules/[4mvitest[24m/dist/chunks/traces.CCmnQaNT.js:142:27[90m)[39m
    at trace [90m(file:///home/runner/work/boudreaux/boudreaux/[39mnode_modules/[4mvitest[24m/dist/chunks/test.B8ej_ZHS.js:239:21[90m)[39m
    at runTest [90m(file:///home/runner/work/boudreaux/boudreaux/[39mnode_modules/[4m@vitest/runner[24m/dist/index.js:1653:12[90m)[39m {
  clientVersion: [32m&apos;5.0.0&apos;[39m,
  errorCode: [90mundefined[39m,
  retryable: [90mundefined[39m
}

            </system-err>
        </testcase>
        <testcase classname="src/lib/services/release-service.spec.ts" name="ReleaseService &gt; deleteRelease &gt; should handle unknown errors" time="0.000666695">
            <system-err>
Unexpected error: Error: Unknown error
    at [90m/home/runner/work/boudreaux/boudreaux/[39msrc/lib/services/release-service.spec.ts:552:58
    at [90mfile:///home/runner/work/boudreaux/boudreaux/[39mnode_modules/[4m@vitest/runner[24m/dist/index.js:145:11
    at [90mfile:///home/runner/work/boudreaux/boudreaux/[39mnode_modules/[4m@vitest/runner[24m/dist/index.js:915:26
    at [90mfile:///home/runner/work/boudreaux/boudreaux/[39mnode_modules/[4m@vitest/runner[24m/dist/index.js:1243:20
    at new Promise (&lt;anonymous&gt;)
    at runWithTimeout [90m(file:///home/runner/work/boudreaux/boudreaux/[39mnode_modules/[4m@vitest/runner[24m/dist/index.js:1209:10[90m)[39m
    at [90mfile:///home/runner/work/boudreaux/boudreaux/[39mnode_modules/[4m@vitest/runner[24m/dist/index.js:1653:37
    at Traces.$ [90m(file:///home/runner/work/boudreaux/boudreaux/[39mnode_modules/[4mvitest[24m/dist/chunks/traces.CCmnQaNT.js:142:27[90m)[39m
    at trace [90m(file:///home/runner/work/boudreaux/boudreaux/[39mnode_modules/[4mvitest[24m/dist/chunks/test.B8ej_ZHS.js:239:21[90m)[39m
    at runTest [90m(file:///home/runner/work/boudreaux/boudreaux/[39mnode_modules/[4m@vitest/runner[24m/dist/index.js:1653:12[90m)[39m

            </system-err>
        </testcase>
        <testcase classname="src/lib/services/release-service.spec.ts" name="ReleaseService &gt; softDeleteRelease &gt; should soft delete a release successfully" time="0.000862609">
        </testcase>
        <testcase classname="src/lib/services/release-service.spec.ts" name="ReleaseService &gt; softDeleteRelease &gt; should return error when release not found" time="0.000505797">
        </testcase>
        <testcase classname="src/lib/services/release-service.spec.ts" name="ReleaseService &gt; softDeleteRelease &gt; should return error when database is unavailable" time="0.00063115">
            <system-err>
Database connection failed: PrismaClientInitializationError: Connection failed
    at [90m/home/runner/work/boudreaux/boudreaux/[39msrc/lib/services/release-service.spec.ts:614:25
    at [90mfile:///home/runner/work/boudreaux/boudreaux/[39mnode_modules/[4m@vitest/runner[24m/dist/index.js:145:11
    at [90mfile:///home/runner/work/boudreaux/boudreaux/[39mnode_modules/[4m@vitest/runner[24m/dist/index.js:915:26
    at [90mfile:///home/runner/work/boudreaux/boudreaux/[39mnode_modules/[4m@vitest/runner[24m/dist/index.js:1243:20
    at new Promise (&lt;anonymous&gt;)
    at runWithTimeout [90m(file:///home/runner/work/boudreaux/boudreaux/[39mnode_modules/[4m@vitest/runner[24m/dist/index.js:1209:10[90m)[39m
    at [90mfile:///home/runner/work/boudreaux/boudreaux/[39mnode_modules/[4m@vitest/runner[24m/dist/index.js:1653:37
    at Traces.$ [90m(file:///home/runner/work/boudreaux/boudreaux/[39mnode_modules/[4mvitest[24m/dist/chunks/traces.CCmnQaNT.js:142:27[90m)[39m
    at trace [90m(file:///home/runner/work/boudreaux/boudreaux/[39mnode_modules/[4mvitest[24m/dist/chunks/test.B8ej_ZHS.js:239:21[90m)[39m
    at runTest [90m(file:///home/runner/work/boudreaux/boudreaux/[39mnode_modules/[4m@vitest/runner[24m/dist/index.js:1653:12[90m)[39m {
  clientVersion: [32m&apos;5.0.0&apos;[39m,
  errorCode: [90mundefined[39m,
  retryable: [90mundefined[39m
}

            </system-err>
        </testcase>
        <testcase classname="src/lib/services/release-service.spec.ts" name="ReleaseService &gt; softDeleteRelease &gt; should handle unknown errors" time="0.000653652">
            <system-err>
Unexpected error: Error: Unknown error
    at [90m/home/runner/work/boudreaux/boudreaux/[39msrc/lib/services/release-service.spec.ts:626:58
    at [90mfile:///home/runner/work/boudreaux/boudreaux/[39mnode_modules/[4m@vitest/runner[24m/dist/index.js:145:11
    at [90mfile:///home/runner/work/boudreaux/boudreaux/[39mnode_modules/[4m@vitest/runner[24m/dist/index.js:915:26
    at [90mfile:///home/runner/work/boudreaux/boudreaux/[39mnode_modules/[4m@vitest/runner[24m/dist/index.js:1243:20
    at new Promise (&lt;anonymous&gt;)
    at runWithTimeout [90m(file:///home/runner/work/boudreaux/boudreaux/[39mnode_modules/[4m@vitest/runner[24m/dist/index.js:1209:10[90m)[39m
    at [90mfile:///home/runner/work/boudreaux/boudreaux/[39mnode_modules/[4m@vitest/runner[24m/dist/index.js:1653:37
    at Traces.$ [90m(file:///home/runner/work/boudreaux/boudreaux/[39mnode_modules/[4mvitest[24m/dist/chunks/traces.CCmnQaNT.js:142:27[90m)[39m
    at trace [90m(file:///home/runner/work/boudreaux/boudreaux/[39mnode_modules/[4mvitest[24m/dist/chunks/test.B8ej_ZHS.js:239:21[90m)[39m
    at runTest [90m(file:///home/runner/work/boudreaux/boudreaux/[39mnode_modules/[4m@vitest/runner[24m/dist/index.js:1653:12[90m)[39m

            </system-err>
        </testcase>
        <testcase classname="src/lib/services/release-service.spec.ts" name="ReleaseService &gt; restoreRelease &gt; should restore a soft-deleted release successfully" time="0.000734661">
        </testcase>
        <testcase classname="src/lib/services/release-service.spec.ts" name="ReleaseService &gt; restoreRelease &gt; should return error when release not found" time="0.000364336">
        </testcase>
        <testcase classname="src/lib/services/release-service.spec.ts" name="ReleaseService &gt; restoreRelease &gt; should return error when database is unavailable" time="0.000993612">
            <system-err>
Database connection failed: PrismaClientInitializationError: Connection failed
    at [90m/home/runner/work/boudreaux/boudreaux/[39msrc/lib/services/release-service.spec.ts:688:25
    at [90mfile:///home/runner/work/boudreaux/boudreaux/[39mnode_modules/[4m@vitest/runner[24m/dist/index.js:145:11
    at [90mfile:///home/runner/work/boudreaux/boudreaux/[39mnode_modules/[4m@vitest/runner[24m/dist/index.js:915:26
    at [90mfile:///home/runner/work/boudreaux/boudreaux/[39mnode_modules/[4m@vitest/runner[24m/dist/index.js:1243:20
    at new Promise (&lt;anonymous&gt;)
    at runWithTimeout [90m(file:///home/runner/work/boudreaux/boudreaux/[39mnode_modules/[4m@vitest/runner[24m/dist/index.js:1209:10[90m)[39m
    at [90mfile:///home/runner/work/boudreaux/boudreaux/[39mnode_modules/[4m@vitest/runner[24m/dist/index.js:1653:37
    at Traces.$ [90m(file:///home/runner/work/boudreaux/boudreaux/[39mnode_modules/[4mvitest[24m/dist/chunks/traces.CCmnQaNT.js:142:27[90m)[39m
    at trace [90m(file:///home/runner/work/boudreaux/boudreaux/[39mnode_modules/[4mvitest[24m/dist/chunks/test.B8ej_ZHS.js:239:21[90m)[39m
    at runTest [90m(file:///home/runner/work/boudreaux/boudreaux/[39mnode_modules/[4m@vitest/runner[24m/dist/index.js:1653:12[90m)[39m {
  clientVersion: [32m&apos;5.0.0&apos;[39m,
  errorCode: [90mundefined[39m,
  retryable: [90mundefined[39m
}

            </system-err>
        </testcase>
        <testcase classname="src/lib/services/release-service.spec.ts" name="ReleaseService &gt; restoreRelease &gt; should handle unknown errors" time="0.000909947">
            <system-err>
Unexpected error: Error: Unknown error
    at [90m/home/runner/work/boudreaux/boudreaux/[39msrc/lib/services/release-service.spec.ts:700:58
    at [90mfile:///home/runner/work/boudreaux/boudreaux/[39mnode_modules/[4m@vitest/runner[24m/dist/index.js:145:11
    at [90mfile:///home/runner/work/boudreaux/boudreaux/[39mnode_modules/[4m@vitest/runner[24m/dist/index.js:915:26
    at [90mfile:///home/runner/work/boudreaux/boudreaux/[39mnode_modules/[4m@vitest/runner[24m/dist/index.js:1243:20
    at new Promise (&lt;anonymous&gt;)
    at runWithTimeout [90m(file:///home/runner/work/boudreaux/boudreaux/[39mnode_modules/[4m@vitest/runner[24m/dist/index.js:1209:10[90m)[39m
    at [90mfile:///home/runner/work/boudreaux/boudreaux/[39mnode_modules/[4m@vitest/runner[24m/dist/index.js:1653:37
    at Traces.$ [90m(file:///home/runner/work/boudreaux/boudreaux/[39mnode_modules/[4mvitest[24m/dist/chunks/traces.CCmnQaNT.js:142:27[90m)[39m
    at trace [90m(file:///home/runner/work/boudreaux/boudreaux/[39mnode_modules/[4mvitest[24m/dist/chunks/test.B8ej_ZHS.js:239:21[90m)[39m
    at runTest [90m(file:///home/runner/work/boudreaux/boudreaux/[39mnode_modules/[4m@vitest/runner[24m/dist/index.js:1653:12[90m)[39m

            </system-err>
        </testcase>
    </testsuite>
    <testsuite name="src/app/components/ui/sheet.spec.tsx" timestamp="2026-02-06T06:08:06.442Z" hostname="runnervmkj6or" tests="20" failures="0" errors="0" skipped="0" time="0.560525266">
        <testcase classname="src/app/components/ui/sheet.spec.tsx" name="Sheet Components &gt; Sheet &gt; renders children" time="0.001594877">
        </testcase>
        <testcase classname="src/app/components/ui/sheet.spec.tsx" name="Sheet Components &gt; SheetTrigger &gt; renders with data-slot attribute" time="0.002586975">
        </testcase>
        <testcase classname="src/app/components/ui/sheet.spec.tsx" name="Sheet Components &gt; SheetTrigger &gt; renders children" time="0.002561819">
        </testcase>
        <testcase classname="src/app/components/ui/sheet.spec.tsx" name="Sheet Components &gt; SheetClose &gt; renders with data-slot attribute" time="0.025228316">
            <system-err>
`DialogContent` requires a `DialogTitle` for the component to be accessible for screen reader users.

If you want to hide the `DialogTitle`, you can wrap it with our VisuallyHidden component.

For more information, see https://radix-ui.com/primitives/docs/components/dialog
Warning: Missing `Description` or `aria-describedby={undefined}` for {DialogContent}.

            </system-err>
        </testcase>
        <testcase classname="src/app/components/ui/sheet.spec.tsx" name="Sheet Components &gt; SheetClose &gt; closes sheet when clicked" time="0.035378696">
            <system-err>
Warning: Missing `Description` or `aria-describedby={undefined}` for {DialogContent}.

            </system-err>
        </testcase>
        <testcase classname="src/app/components/ui/sheet.spec.tsx" name="Sheet Components &gt; SheetContent &gt; renders with data-slot attribute" time="0.025834571">
            <system-err>
Warning: Missing `Description` or `aria-describedby={undefined}` for {DialogContent}.

            </system-err>
        </testcase>
        <testcase classname="src/app/components/ui/sheet.spec.tsx" name="Sheet Components &gt; SheetContent &gt; applies custom className" time="0.029137965">
            <system-err>
Warning: Missing `Description` or `aria-describedby={undefined}` for {DialogContent}.

            </system-err>
        </testcase>
        <testcase classname="src/app/components/ui/sheet.spec.tsx" name="Sheet Components &gt; SheetContent &gt; defaults to right side" time="0.139188144">
            <system-err>
Warning: Missing `Description` or `aria-describedby={undefined}` for {DialogContent}.

            </system-err>
        </testcase>
        <testcase classname="src/app/components/ui/sheet.spec.tsx" name="Sheet Components &gt; SheetContent &gt; renders on left side" time="0.028450331">
            <system-err>
Warning: Missing `Description` or `aria-describedby={undefined}` for {DialogContent}.

            </system-err>
        </testcase>
        <testcase classname="src/app/components/ui/sheet.spec.tsx" name="Sheet Components &gt; SheetContent &gt; renders on top" time="0.025013668">
            <system-err>
Warning: Missing `Description` or `aria-describedby={undefined}` for {DialogContent}.

            </system-err>
        </testcase>
        <testcase classname="src/app/components/ui/sheet.spec.tsx" name="Sheet Components &gt; SheetContent &gt; renders on bottom" time="0.03526807">
            <system-err>
Warning: Missing `Description` or `aria-describedby={undefined}` for {DialogContent}.

            </system-err>
        </testcase>
        <testcase classname="src/app/components/ui/sheet.spec.tsx" name="Sheet Components &gt; SheetHeader &gt; renders with data-slot attribute" time="0.021408327">
            <system-err>
`DialogContent` requires a `DialogTitle` for the component to be accessible for screen reader users.

If you want to hide the `DialogTitle`, you can wrap it with our VisuallyHidden component.

For more information, see https://radix-ui.com/primitives/docs/components/dialog
Warning: Missing `Description` or `aria-describedby={undefined}` for {DialogContent}.

            </system-err>
        </testcase>
        <testcase classname="src/app/components/ui/sheet.spec.tsx" name="Sheet Components &gt; SheetHeader &gt; applies custom className" time="0.029263439">
            <system-err>
`DialogContent` requires a `DialogTitle` for the component to be accessible for screen reader users.

If you want to hide the `DialogTitle`, you can wrap it with our VisuallyHidden component.

For more information, see https://radix-ui.com/primitives/docs/components/dialog
Warning: Missing `Description` or `aria-describedby={undefined}` for {DialogContent}.

            </system-err>
        </testcase>
        <testcase classname="src/app/components/ui/sheet.spec.tsx" name="Sheet Components &gt; SheetFooter &gt; renders with data-slot attribute" time="0.02443113">
            <system-err>
`DialogContent` requires a `DialogTitle` for the component to be accessible for screen reader users.

If you want to hide the `DialogTitle`, you can wrap it with our VisuallyHidden component.

For more information, see https://radix-ui.com/primitives/docs/components/dialog
Warning: Missing `Description` or `aria-describedby={undefined}` for {DialogContent}.

            </system-err>
        </testcase>
        <testcase classname="src/app/components/ui/sheet.spec.tsx" name="Sheet Components &gt; SheetFooter &gt; applies custom className" time="0.024698996">
            <system-err>
`DialogContent` requires a `DialogTitle` for the component to be accessible for screen reader users.

If you want to hide the `DialogTitle`, you can wrap it with our VisuallyHidden component.

For more information, see https://radix-ui.com/primitives/docs/components/dialog
Warning: Missing `Description` or `aria-describedby={undefined}` for {DialogContent}.

            </system-err>
        </testcase>
        <testcase classname="src/app/components/ui/sheet.spec.tsx" name="Sheet Components &gt; SheetTitle &gt; renders with data-slot attribute" time="0.01985112">
            <system-err>
Warning: Missing `Description` or `aria-describedby={undefined}` for {DialogContent}.

            </system-err>
        </testcase>
        <testcase classname="src/app/components/ui/sheet.spec.tsx" name="Sheet Components &gt; SheetTitle &gt; applies custom className" time="0.022129664">
            <system-err>
Warning: Missing `Description` or `aria-describedby={undefined}` for {DialogContent}.

            </system-err>
        </testcase>
        <testcase classname="src/app/components/ui/sheet.spec.tsx" name="Sheet Components &gt; SheetDescription &gt; renders with data-slot attribute" time="0.019976131">
        </testcase>
        <testcase classname="src/app/components/ui/sheet.spec.tsx" name="Sheet Components &gt; SheetDescription &gt; applies custom className" time="0.019962024">
        </testcase>
        <testcase classname="src/app/components/ui/sheet.spec.tsx" name="Sheet Components &gt; integration &gt; renders a complete sheet" time="0.024970459">
        </testcase>
    </testsuite>
</testsuites>
