<?xml version="1.0" encoding="UTF-8" ?>
<testsuites name="vitest tests" tests="9" failures="0" errors="0" time="0.04111111">
    <testsuite name="src/app/hooks/use-mobile.spec.ts" timestamp="2026-02-02T08:02:53.764Z" hostname="runnervmkj6or" tests="9" failures="0" errors="0" skipped="0" time="0.04111111">
        <testcase classname="src/app/hooks/use-mobile.spec.ts" name="useIsMobile &gt; should return false initially when window width is &gt;= 768px" time="0.001941756">
        </testcase>
        <testcase classname="src/app/hooks/use-mobile.spec.ts" name="useIsMobile &gt; should return true initially when window width is &lt; 768px" time="0.002277933">
        </testcase>
        <testcase classname="src/app/hooks/use-mobile.spec.ts" name="useIsMobile &gt; should call matchMedia with correct query" time="0.002257425">
        </testcase>
        <testcase classname="src/app/hooks/use-mobile.spec.ts" name="useIsMobile &gt; should register event listener for matchMedia changes" time="0.004407621">
        </testcase>
        <testcase classname="src/app/hooks/use-mobile.spec.ts" name="useIsMobile &gt; should update when matchMedia change event fires" time="0.002769782">
        </testcase>
        <testcase classname="src/app/hooks/use-mobile.spec.ts" name="useIsMobile &gt; should update when resizing from mobile to desktop" time="0.003162686">
        </testcase>
        <testcase classname="src/app/hooks/use-mobile.spec.ts" name="useIsMobile &gt; should cleanup event listener on unmount" time="0.002731732">
        </testcase>
        <testcase classname="src/app/hooks/use-mobile.spec.ts" name="useIsMobile &gt; should handle boundary case at exactly 768px as desktop" time="0.01605997">
        </testcase>
        <testcase classname="src/app/hooks/use-mobile.spec.ts" name="useIsMobile &gt; should handle boundary case at 767px as mobile" time="0.002448372">
        </testcase>
    </testsuite>
</testsuites>
