<?xml version="1.0" encoding="UTF-8" ?>
<testsuites name="vitest tests" tests="3271" failures="0" errors="0" time="16.577783543">
    <testsuite name="src/app/components/auth/edit-profile-button.spec.tsx" timestamp="2026-02-02T08:51:02.339Z" hostname="Mac-5426.lan" tests="6" failures="0" errors="0" skipped="0" time="0.053543333">
        <testcase classname="src/app/components/auth/edit-profile-button.spec.tsx" name="EditProfileButton &gt; renders the edit profile link" time="0.030028292">
        </testcase>
        <testcase classname="src/app/components/auth/edit-profile-button.spec.tsx" name="EditProfileButton &gt; displays the correct text" time="0.001284958">
        </testcase>
        <testcase classname="src/app/components/auth/edit-profile-button.spec.tsx" name="EditProfileButton &gt; renders the user icon" time="0.015613">
        </testcase>
        <testcase classname="src/app/components/auth/edit-profile-button.spec.tsx" name="EditProfileButton &gt; applies the correct CSS classes" time="0.002326959">
        </testcase>
        <testcase classname="src/app/components/auth/edit-profile-button.spec.tsx" name="EditProfileButton &gt; renders null on mobile devices" time="0.000971459">
        </testcase>
        <testcase classname="src/app/components/auth/edit-profile-button.spec.tsx" name="EditProfileButton &gt; renders link on desktop devices" time="0.001917875">
        </testcase>
    </testsuite>
    <testsuite name="src/lib/utils/rate-limit.spec.ts" timestamp="2026-02-02T08:51:02.339Z" hostname="Mac-5426.lan" tests="16" failures="0" errors="0" skipped="0" time="0.00760975">
        <testcase classname="src/lib/utils/rate-limit.spec.ts" name="rateLimit &gt; should allow requests within limit" time="0.000333125">
        </testcase>
        <testcase classname="src/lib/utils/rate-limit.spec.ts" name="rateLimit &gt; should reject requests exceeding limit" time="0.000111958">
        </testcase>
        <testcase classname="src/lib/utils/rate-limit.spec.ts" name="rateLimit &gt; should track different tokens independently" time="0.000230333">
        </testcase>
        <testcase classname="src/lib/utils/rate-limit.spec.ts" name="rateLimit &gt; should handle zero limit" time="0.001646708">
        </testcase>
        <testcase classname="src/lib/utils/rate-limit.spec.ts" name="rateLimit &gt; should handle high limit" time="0.001731458">
        </testcase>
        <testcase classname="src/lib/utils/rate-limit.spec.ts" name="rateLimit &gt; should handle concurrent requests from same token" time="0.000203">
        </testcase>
        <testcase classname="src/lib/utils/rate-limit.spec.ts" name="rateLimit &gt; should use configured interval and token limit" time="0.000213666">
        </testcase>
        <testcase classname="src/lib/utils/rate-limit.spec.ts" name="rateLimit &gt; real-world scenarios &gt; should handle API rate limiting scenario" time="0.000319166">
        </testcase>
        <testcase classname="src/lib/utils/rate-limit.spec.ts" name="rateLimit &gt; real-world scenarios &gt; should handle login attempt rate limiting" time="0.000187375">
        </testcase>
        <testcase classname="src/lib/utils/rate-limit.spec.ts" name="rateLimit &gt; real-world scenarios &gt; should handle multiple users accessing API" time="0.000592167">
        </testcase>
        <testcase classname="src/lib/utils/rate-limit.spec.ts" name="rateLimit &gt; real-world scenarios &gt; should handle burst traffic" time="0.000147292">
        </testcase>
        <testcase classname="src/lib/utils/rate-limit.spec.ts" name="rateLimit &gt; edge cases &gt; should handle empty token string" time="0.000129667">
        </testcase>
        <testcase classname="src/lib/utils/rate-limit.spec.ts" name="rateLimit &gt; edge cases &gt; should handle very long token strings" time="0.000129542">
        </testcase>
        <testcase classname="src/lib/utils/rate-limit.spec.ts" name="rateLimit &gt; edge cases &gt; should handle special characters in tokens" time="0.000145833">
        </testcase>
        <testcase classname="src/lib/utils/rate-limit.spec.ts" name="rateLimit &gt; edge cases &gt; should handle limit of 1" time="0.000180959">
        </testcase>
        <testcase classname="src/lib/utils/rate-limit.spec.ts" name="rateLimit &gt; edge cases &gt; should maintain separate counters for different limiters" time="0.000207417">
        </testcase>
    </testsuite>
    <testsuite name="src/app/components/ui/vertical-separator.spec.tsx" timestamp="2026-02-02T08:51:02.340Z" hostname="Mac-5426.lan" tests="5" failures="0" errors="0" skipped="0" time="0.029630375">
        <testcase classname="src/app/components/ui/vertical-separator.spec.tsx" name="VerticalSeparator &gt; renders" time="0.019521084">
        </testcase>
        <testcase classname="src/app/components/ui/vertical-separator.spec.tsx" name="VerticalSeparator &gt; has vertical orientation" time="0.00229425">
        </testcase>
        <testcase classname="src/app/components/ui/vertical-separator.spec.tsx" name="VerticalSeparator &gt; has default height class" time="0.001919333">
        </testcase>
        <testcase classname="src/app/components/ui/vertical-separator.spec.tsx" name="VerticalSeparator &gt; applies custom className" time="0.002925208">
        </testcase>
        <testcase classname="src/app/components/ui/vertical-separator.spec.tsx" name="VerticalSeparator &gt; has margin class" time="0.001972541">
        </testcase>
    </testsuite>
    <testsuite name="src/app/components/ui/turnstile-widget.spec.tsx" timestamp="2026-02-02T08:51:02.341Z" hostname="Mac-5426.lan" tests="21" failures="0" errors="0" skipped="0" time="0.132610083">
        <testcase classname="src/app/components/ui/turnstile-widget.spec.tsx" name="TurnstileWidget &gt; site key selection &gt; should use production site key in production environment" time="0.00303175">
        </testcase>
        <testcase classname="src/app/components/ui/turnstile-widget.spec.tsx" name="TurnstileWidget &gt; site key selection &gt; should use test site key in non-production environment" time="0.000964625">
        </testcase>
        <testcase classname="src/app/components/ui/turnstile-widget.spec.tsx" name="TurnstileWidget &gt; site key selection &gt; should use test site key when NODE_ENV is test" time="0.001119791">
        </testcase>
        <testcase classname="src/app/components/ui/turnstile-widget.spec.tsx" name="TurnstileWidget &gt; verification handling &gt; should call setIsVerified with true when verification succeeds" time="0.009296542">
        </testcase>
        <testcase classname="src/app/components/ui/turnstile-widget.spec.tsx" name="TurnstileWidget &gt; verification handling &gt; should provide onVerify callback to Turnstile component" time="0.000965458">
        </testcase>
        <testcase classname="src/app/components/ui/turnstile-widget.spec.tsx" name="TurnstileWidget &gt; error handling &gt; should reset turnstile and set verified to false on error" time="0.001673875">
        </testcase>
        <testcase classname="src/app/components/ui/turnstile-widget.spec.tsx" name="TurnstileWidget &gt; error handling &gt; should handle expire events" time="0.001472875">
        </testcase>
        <testcase classname="src/app/components/ui/turnstile-widget.spec.tsx" name="TurnstileWidget &gt; error handling &gt; should handle timeout events" time="0.001740041">
        </testcase>
        <testcase classname="src/app/components/ui/turnstile-widget.spec.tsx" name="TurnstileWidget &gt; turnstile integration &gt; should use turnstile hook for reset functionality" time="0.001151042">
        </testcase>
        <testcase classname="src/app/components/ui/turnstile-widget.spec.tsx" name="TurnstileWidget &gt; turnstile integration &gt; should pass correct props to Turnstile component" time="0.018334458">
        </testcase>
        <testcase classname="src/app/components/ui/turnstile-widget.spec.tsx" name="TurnstileWidget &gt; callback integration &gt; should accept and use setIsVerified callback properly" time="0.004244709">
        </testcase>
        <testcase classname="src/app/components/ui/turnstile-widget.spec.tsx" name="TurnstileWidget &gt; callback integration &gt; should handle multiple verification events" time="0.029061">
        </testcase>
        <testcase classname="src/app/components/ui/turnstile-widget.spec.tsx" name="TurnstileWidget &gt; callback integration &gt; should call onToken callback with token when verification succeeds" time="0.043816709">
        </testcase>
        <testcase classname="src/app/components/ui/turnstile-widget.spec.tsx" name="TurnstileWidget &gt; callback integration &gt; should call onToken with empty string when verification is reset on error" time="0.003335125">
        </testcase>
        <testcase classname="src/app/components/ui/turnstile-widget.spec.tsx" name="TurnstileWidget &gt; callback integration &gt; should call onToken with empty string when verification expires" time="0.001062041">
        </testcase>
        <testcase classname="src/app/components/ui/turnstile-widget.spec.tsx" name="TurnstileWidget &gt; callback integration &gt; should call onToken with empty string when verification times out" time="0.001600625">
        </testcase>
        <testcase classname="src/app/components/ui/turnstile-widget.spec.tsx" name="TurnstileWidget &gt; callback integration &gt; should not throw when onToken is not provided and reset occurs" time="0.001855125">
        </testcase>
        <testcase classname="src/app/components/ui/turnstile-widget.spec.tsx" name="TurnstileWidget &gt; environment variable handling &gt; should handle missing environment variables gracefully" time="0.002696792">
        </testcase>
        <testcase classname="src/app/components/ui/turnstile-widget.spec.tsx" name="TurnstileWidget &gt; environment variable handling &gt; should prefer production key when NODE_ENV is production" time="0.000957375">
        </testcase>
        <testcase classname="src/app/components/ui/turnstile-widget.spec.tsx" name="TurnstileWidget &gt; component lifecycle &gt; should render without crashing" time="0.000860541">
        </testcase>
        <testcase classname="src/app/components/ui/turnstile-widget.spec.tsx" name="TurnstileWidget &gt; component lifecycle &gt; should be unmountable without errors" time="0.000972875">
        </testcase>
    </testsuite>
    <testsuite name="src/app/components/ui/tooltip.spec.tsx" timestamp="2026-02-02T08:51:02.342Z" hostname="Mac-5426.lan" tests="16" failures="0" errors="0" skipped="0" time="0.318568">
        <testcase classname="src/app/components/ui/tooltip.spec.tsx" name="Tooltip Components &gt; TooltipProvider &gt; renders children" time="0.001396375">
        </testcase>
        <testcase classname="src/app/components/ui/tooltip.spec.tsx" name="Tooltip Components &gt; TooltipProvider &gt; uses default delayDuration of 0" time="0.024575833">
        </testcase>
        <testcase classname="src/app/components/ui/tooltip.spec.tsx" name="Tooltip Components &gt; TooltipProvider &gt; accepts custom delayDuration" time="0.002849834">
        </testcase>
        <testcase classname="src/app/components/ui/tooltip.spec.tsx" name="Tooltip Components &gt; Tooltip &gt; renders trigger" time="0.006048208">
        </testcase>
        <testcase classname="src/app/components/ui/tooltip.spec.tsx" name="Tooltip Components &gt; Tooltip &gt; shows tooltip on hover" time="0.020414459">
        </testcase>
        <testcase classname="src/app/components/ui/tooltip.spec.tsx" name="Tooltip Components &gt; Tooltip &gt; tooltip can be shown and verified" time="0.022342375">
        </testcase>
        <testcase classname="src/app/components/ui/tooltip.spec.tsx" name="Tooltip Components &gt; TooltipTrigger &gt; renders with data-slot attribute" time="0.001591084">
        </testcase>
        <testcase classname="src/app/components/ui/tooltip.spec.tsx" name="Tooltip Components &gt; TooltipTrigger &gt; renders children" time="0.002137542">
        </testcase>
        <testcase classname="src/app/components/ui/tooltip.spec.tsx" name="Tooltip Components &gt; TooltipTrigger &gt; forwards asChild prop" time="0.001675292">
        </testcase>
        <testcase classname="src/app/components/ui/tooltip.spec.tsx" name="Tooltip Components &gt; TooltipContent &gt; renders with data-slot attribute" time="0.068694875">
        </testcase>
        <testcase classname="src/app/components/ui/tooltip.spec.tsx" name="Tooltip Components &gt; TooltipContent &gt; applies custom className" time="0.026158208">
        </testcase>
        <testcase classname="src/app/components/ui/tooltip.spec.tsx" name="Tooltip Components &gt; TooltipContent &gt; renders children" time="0.023335083">
        </testcase>
        <testcase classname="src/app/components/ui/tooltip.spec.tsx" name="Tooltip Components &gt; TooltipContent &gt; uses default sideOffset of 0" time="0.022175375">
        </testcase>
        <testcase classname="src/app/components/ui/tooltip.spec.tsx" name="Tooltip Components &gt; TooltipContent &gt; accepts custom sideOffset" time="0.018298458">
        </testcase>
        <testcase classname="src/app/components/ui/tooltip.spec.tsx" name="Tooltip Components &gt; integration &gt; renders complete tooltip structure with pointer interaction" time="0.019621542">
        </testcase>
        <testcase classname="src/app/components/ui/tooltip.spec.tsx" name="Tooltip Components &gt; integration &gt; multiple tooltips can coexist" time="0.054298708">
        </testcase>
    </testsuite>
    <testsuite name="src/app/components/auth/admin-link.spec.tsx" timestamp="2026-02-02T08:51:02.343Z" hostname="Mac-5426.lan" tests="17" failures="0" errors="0" skipped="0" time="0.104788792">
        <testcase classname="src/app/components/auth/admin-link.spec.tsx" name="AdminLink &gt; rendering &gt; should render admin link with correct text" time="0.006535833">
        </testcase>
        <testcase classname="src/app/components/auth/admin-link.spec.tsx" name="AdminLink &gt; rendering &gt; should render with shield icon" time="0.001080625">
        </testcase>
        <testcase classname="src/app/components/auth/admin-link.spec.tsx" name="AdminLink &gt; rendering &gt; should have correct href attribute" time="0.004235667">
        </testcase>
        <testcase classname="src/app/components/auth/admin-link.spec.tsx" name="AdminLink &gt; styling &gt; should have flex layout with items-center" time="0.003275083">
        </testcase>
        <testcase classname="src/app/components/auth/admin-link.spec.tsx" name="AdminLink &gt; styling &gt; should have gap-2 between icon and text" time="0.004142541">
        </testcase>
        <testcase classname="src/app/components/auth/admin-link.spec.tsx" name="AdminLink &gt; styling &gt; should have text-sm class" time="0.00399075">
        </testcase>
        <testcase classname="src/app/components/auth/admin-link.spec.tsx" name="AdminLink &gt; styling &gt; should have underline-offset-4 class" time="0.006541709">
        </testcase>
        <testcase classname="src/app/components/auth/admin-link.spec.tsx" name="AdminLink &gt; accessibility &gt; should be keyboard accessible" time="0.025996">
        </testcase>
        <testcase classname="src/app/components/auth/admin-link.spec.tsx" name="AdminLink &gt; accessibility &gt; should have accessible link text" time="0.02038">
        </testcase>
        <testcase classname="src/app/components/auth/admin-link.spec.tsx" name="AdminLink &gt; accessibility &gt; should render icon with correct dimensions" time="0.002269417">
        </testcase>
        <testcase classname="src/app/components/auth/admin-link.spec.tsx" name="AdminLink &gt; Next.js Link integration &gt; should use Next.js Link component for client-side navigation" time="0.001101625">
        </testcase>
        <testcase classname="src/app/components/auth/admin-link.spec.tsx" name="AdminLink &gt; Next.js Link integration &gt; should not have target=&quot;_blank&quot; (internal navigation)" time="0.0046235">
        </testcase>
        <testcase classname="src/app/components/auth/admin-link.spec.tsx" name="AdminLink &gt; icon rendering &gt; should render ShieldUser icon from lucide-react" time="0.002787875">
        </testcase>
        <testcase classname="src/app/components/auth/admin-link.spec.tsx" name="AdminLink &gt; icon rendering &gt; should have icon as first child" time="0.001263541">
        </testcase>
        <testcase classname="src/app/components/auth/admin-link.spec.tsx" name="AdminLink &gt; icon rendering &gt; should have text as second child" time="0.004428875">
        </testcase>
        <testcase classname="src/app/components/auth/admin-link.spec.tsx" name="AdminLink &gt; edge cases &gt; should render consistently across multiple instances" time="0.00809575">
        </testcase>
        <testcase classname="src/app/components/auth/admin-link.spec.tsx" name="AdminLink &gt; edge cases &gt; should not break when rendered in different contexts" time="0.002762333">
        </testcase>
    </testsuite>
    <testsuite name="src/lib/validation/signup-schema.spec.ts" timestamp="2026-02-02T08:51:02.343Z" hostname="Mac-5426.lan" tests="15" failures="0" errors="0" skipped="0" time="0.005186334">
        <testcase classname="src/lib/validation/signup-schema.spec.ts" name="signup-schema &gt; email validation &gt; should accept valid email addresses" time="0.000126375">
        </testcase>
        <testcase classname="src/lib/validation/signup-schema.spec.ts" name="signup-schema &gt; email validation &gt; should reject invalid email addresses" time="0.001617458">
        </testcase>
        <testcase classname="src/lib/validation/signup-schema.spec.ts" name="signup-schema &gt; email validation &gt; should require email field" time="0.000209417">
        </testcase>
        <testcase classname="src/lib/validation/signup-schema.spec.ts" name="signup-schema &gt; termsAndConditions validation &gt; should accept true value" time="0.00006375">
        </testcase>
        <testcase classname="src/lib/validation/signup-schema.spec.ts" name="signup-schema &gt; termsAndConditions validation &gt; should reject false value" time="0.000107041">
        </testcase>
        <testcase classname="src/lib/validation/signup-schema.spec.ts" name="signup-schema &gt; termsAndConditions validation &gt; should require termsAndConditions field" time="0.000143708">
        </testcase>
        <testcase classname="src/lib/validation/signup-schema.spec.ts" name="signup-schema &gt; termsAndConditions validation &gt; should reject non-boolean values" time="0.000248416">
        </testcase>
        <testcase classname="src/lib/validation/signup-schema.spec.ts" name="signup-schema &gt; general field validation &gt; should accept optional general field" time="0.000063208">
        </testcase>
        <testcase classname="src/lib/validation/signup-schema.spec.ts" name="signup-schema &gt; general field validation &gt; should accept missing general field" time="0.000122375">
        </testcase>
        <testcase classname="src/lib/validation/signup-schema.spec.ts" name="signup-schema &gt; general field validation &gt; should accept empty string for general field" time="0.000065333">
        </testcase>
        <testcase classname="src/lib/validation/signup-schema.spec.ts" name="signup-schema &gt; general field validation &gt; should reject non-string values for general field" time="0.000184666">
        </testcase>
        <testcase classname="src/lib/validation/signup-schema.spec.ts" name="signup-schema &gt; complete form validation &gt; should validate complete valid form" time="0.000106833">
        </testcase>
        <testcase classname="src/lib/validation/signup-schema.spec.ts" name="signup-schema &gt; complete form validation &gt; should reject form with multiple invalid fields" time="0.000802209">
        </testcase>
        <testcase classname="src/lib/validation/signup-schema.spec.ts" name="signup-schema &gt; complete form validation &gt; should reject completely empty form" time="0.000150167">
        </testcase>
        <testcase classname="src/lib/validation/signup-schema.spec.ts" name="signup-schema &gt; type inference &gt; should infer correct TypeScript types" time="0.00016175">
        </testcase>
    </testsuite>
    <testsuite name="src/app/components/ui/popover.spec.tsx" timestamp="2026-02-02T08:51:02.344Z" hostname="Mac-5426.lan" tests="11" failures="0" errors="0" skipped="0" time="0.278285417">
        <testcase classname="src/app/components/ui/popover.spec.tsx" name="Popover Components &gt; Popover &gt; should render a popover with trigger and content" time="0.083229375">
        </testcase>
        <testcase classname="src/app/components/ui/popover.spec.tsx" name="Popover Components &gt; PopoverTrigger &gt; should render the trigger button" time="0.001296875">
        </testcase>
        <testcase classname="src/app/components/ui/popover.spec.tsx" name="Popover Components &gt; PopoverTrigger &gt; should have data-slot attribute" time="0.001476458">
        </testcase>
        <testcase classname="src/app/components/ui/popover.spec.tsx" name="Popover Components &gt; PopoverContent &gt; should render content when popover is open" time="0.026055542">
        </testcase>
        <testcase classname="src/app/components/ui/popover.spec.tsx" name="Popover Components &gt; PopoverContent &gt; should have data-slot attribute on content" time="0.024221208">
        </testcase>
        <testcase classname="src/app/components/ui/popover.spec.tsx" name="Popover Components &gt; PopoverContent &gt; should apply custom className" time="0.032755958">
        </testcase>
        <testcase classname="src/app/components/ui/popover.spec.tsx" name="Popover Components &gt; PopoverContent &gt; should merge custom className with default classes" time="0.0285865">
        </testcase>
        <testcase classname="src/app/components/ui/popover.spec.tsx" name="Popover Components &gt; PopoverAnchor &gt; should render the anchor element" time="0.001783167">
        </testcase>
        <testcase classname="src/app/components/ui/popover.spec.tsx" name="Popover Components &gt; PopoverAnchor &gt; should have data-slot attribute" time="0.002441292">
        </testcase>
        <testcase classname="src/app/components/ui/popover.spec.tsx" name="Popover Components &gt; Popover open/close behavior &gt; should close when clicking outside" time="0.038693583">
        </testcase>
        <testcase classname="src/app/components/ui/popover.spec.tsx" name="Popover Components &gt; Popover open/close behavior &gt; should close when trigger is clicked again" time="0.035963792">
        </testcase>
    </testsuite>
    <testsuite name="src/lib/validation/signin-schema.spec.ts" timestamp="2026-02-02T08:51:02.345Z" hostname="Mac-5426.lan" tests="10" failures="0" errors="0" skipped="0" time="0.005106875">
        <testcase classname="src/lib/validation/signin-schema.spec.ts" name="signin-schema &gt; email validation &gt; should accept valid email addresses" time="0.000301625">
        </testcase>
        <testcase classname="src/lib/validation/signin-schema.spec.ts" name="signin-schema &gt; email validation &gt; should reject invalid email addresses" time="0.001133084">
        </testcase>
        <testcase classname="src/lib/validation/signin-schema.spec.ts" name="signin-schema &gt; email validation &gt; should require email field" time="0.000327334">
        </testcase>
        <testcase classname="src/lib/validation/signin-schema.spec.ts" name="signin-schema &gt; email validation &gt; should reject non-string email values" time="0.000240292">
        </testcase>
        <testcase classname="src/lib/validation/signin-schema.spec.ts" name="signin-schema &gt; complete form validation &gt; should validate complete valid form" time="0.000078542">
        </testcase>
        <testcase classname="src/lib/validation/signin-schema.spec.ts" name="signin-schema &gt; complete form validation &gt; should reject form with invalid email" time="0.000165834">
        </testcase>
        <testcase classname="src/lib/validation/signin-schema.spec.ts" name="signin-schema &gt; complete form validation &gt; should reject completely empty form" time="0.000141875">
        </testcase>
        <testcase classname="src/lib/validation/signin-schema.spec.ts" name="signin-schema &gt; type inference &gt; should infer correct TypeScript types" time="0.001447625">
        </testcase>
        <testcase classname="src/lib/validation/signin-schema.spec.ts" name="signin-schema &gt; schema structure &gt; should only require email field" time="0.00007">
        </testcase>
        <testcase classname="src/lib/validation/signin-schema.spec.ts" name="signin-schema &gt; schema structure &gt; should have simpler structure than signup schema" time="0.000135667">
        </testcase>
    </testsuite>
    <testsuite name="src/lib/utils/account-lockout.spec.ts" timestamp="2026-02-02T08:51:02.345Z" hostname="Mac-5426.lan" tests="24" failures="0" errors="0" skipped="0" time="0.007507542">
        <testcase classname="src/lib/utils/account-lockout.spec.ts" name="account-lockout &gt; checkAccountLockout &gt; should return not locked when user does not exist" time="0.001608417">
        </testcase>
        <testcase classname="src/lib/utils/account-lockout.spec.ts" name="account-lockout &gt; checkAccountLockout &gt; should return not locked when user has no lockout" time="0.0000845">
        </testcase>
        <testcase classname="src/lib/utils/account-lockout.spec.ts" name="account-lockout &gt; checkAccountLockout &gt; should return locked with remaining time when account is locked" time="0.000218958">
        </testcase>
        <testcase classname="src/lib/utils/account-lockout.spec.ts" name="account-lockout &gt; checkAccountLockout &gt; should reset lockout when lockout period has expired" time="0.000570625">
        </testcase>
        <testcase classname="src/lib/utils/account-lockout.spec.ts" name="account-lockout &gt; checkAccountLockout &gt; should not reset if lockout is expired but attempts is already 0" time="0.000174958">
        </testcase>
        <testcase classname="src/lib/utils/account-lockout.spec.ts" name="account-lockout &gt; recordFailedLogin &gt; should return not locked when user does not exist" time="0.000102125">
        </testcase>
        <testcase classname="src/lib/utils/account-lockout.spec.ts" name="account-lockout &gt; recordFailedLogin &gt; should increment failed attempts without locking (first attempt)" time="0.000141167">
        </testcase>
        <testcase classname="src/lib/utils/account-lockout.spec.ts" name="account-lockout &gt; recordFailedLogin &gt; should increment failed attempts without locking (second attempt)" time="0.000130583">
        </testcase>
        <testcase classname="src/lib/utils/account-lockout.spec.ts" name="account-lockout &gt; recordFailedLogin &gt; should increment failed attempts without locking (fourth attempt)" time="0.000177042">
        </testcase>
        <testcase classname="src/lib/utils/account-lockout.spec.ts" name="account-lockout &gt; recordFailedLogin &gt; should lock account on 5th failed attempt" time="0.000183">
        </testcase>
        <testcase classname="src/lib/utils/account-lockout.spec.ts" name="account-lockout &gt; recordFailedLogin &gt; should handle undefined failedLoginAttempts as 0" time="0.0001345">
        </testcase>
        <testcase classname="src/lib/utils/account-lockout.spec.ts" name="account-lockout &gt; recordFailedLogin &gt; should continue incrementing after threshold (6th attempt)" time="0.000774125">
        </testcase>
        <testcase classname="src/lib/utils/account-lockout.spec.ts" name="account-lockout &gt; resetFailedLogins &gt; should reset failed login attempts and lockout" time="0.000124917">
        </testcase>
        <testcase classname="src/lib/utils/account-lockout.spec.ts" name="account-lockout &gt; resetFailedLogins &gt; should handle multiple resets" time="0.000281833">
        </testcase>
        <testcase classname="src/lib/utils/account-lockout.spec.ts" name="account-lockout &gt; formatLockoutTime &gt; should format 1 minute correctly (singular)" time="0.000365583">
        </testcase>
        <testcase classname="src/lib/utils/account-lockout.spec.ts" name="account-lockout &gt; formatLockoutTime &gt; should format multiple minutes correctly (plural)" time="0.000057125">
        </testcase>
        <testcase classname="src/lib/utils/account-lockout.spec.ts" name="account-lockout &gt; formatLockoutTime &gt; should format 15 minutes correctly" time="0.000084292">
        </testcase>
        <testcase classname="src/lib/utils/account-lockout.spec.ts" name="account-lockout &gt; formatLockoutTime &gt; should round up partial minutes" time="0.000115375">
        </testcase>
        <testcase classname="src/lib/utils/account-lockout.spec.ts" name="account-lockout &gt; formatLockoutTime &gt; should handle very small values" time="0.000081875">
        </testcase>
        <testcase classname="src/lib/utils/account-lockout.spec.ts" name="account-lockout &gt; formatLockoutTime &gt; should handle large values" time="0.00020375">
        </testcase>
        <testcase classname="src/lib/utils/account-lockout.spec.ts" name="account-lockout &gt; formatLockoutTime &gt; should handle zero" time="0.000059875">
        </testcase>
        <testcase classname="src/lib/utils/account-lockout.spec.ts" name="account-lockout &gt; integration scenarios &gt; should handle complete lockout flow" time="0.000389666">
        </testcase>
        <testcase classname="src/lib/utils/account-lockout.spec.ts" name="account-lockout &gt; integration scenarios &gt; should handle check after lockout" time="0.000100375">
        </testcase>
        <testcase classname="src/lib/utils/account-lockout.spec.ts" name="account-lockout &gt; integration scenarios &gt; should handle successful login after failed attempts" time="0.000143">
        </testcase>
    </testsuite>
    <testsuite name="src/app/components/ui/input-otp.spec.tsx" timestamp="2026-02-02T08:51:02.346Z" hostname="Mac-5426.lan" tests="16" failures="0" errors="0" skipped="0" time="0.119818083">
        <testcase classname="src/app/components/ui/input-otp.spec.tsx" name="InputOTP &gt; renders" time="0.004752041">
        </testcase>
        <testcase classname="src/app/components/ui/input-otp.spec.tsx" name="InputOTP &gt; applies custom className" time="0.002525833">
        </testcase>
        <testcase classname="src/app/components/ui/input-otp.spec.tsx" name="InputOTP &gt; applies custom containerClassName" time="0.003620958">
        </testcase>
        <testcase classname="src/app/components/ui/input-otp.spec.tsx" name="InputOTPGroup &gt; renders" time="0.001686458">
        </testcase>
        <testcase classname="src/app/components/ui/input-otp.spec.tsx" name="InputOTPGroup &gt; applies custom className" time="0.002101166">
        </testcase>
        <testcase classname="src/app/components/ui/input-otp.spec.tsx" name="InputOTPGroup &gt; has flex layout" time="0.001761166">
        </testcase>
        <testcase classname="src/app/components/ui/input-otp.spec.tsx" name="InputOTPSlot &gt; renders" time="0.002346">
        </testcase>
        <testcase classname="src/app/components/ui/input-otp.spec.tsx" name="InputOTPSlot &gt; applies custom className" time="0.03588725">
        </testcase>
        <testcase classname="src/app/components/ui/input-otp.spec.tsx" name="InputOTPSlot &gt; renders multiple slots" time="0.004704708">
        </testcase>
        <testcase classname="src/app/components/ui/input-otp.spec.tsx" name="InputOTPSeparator &gt; renders" time="0.002378958">
        </testcase>
        <testcase classname="src/app/components/ui/input-otp.spec.tsx" name="InputOTPSeparator &gt; has separator role" time="0.003963125">
        </testcase>
        <testcase classname="src/app/components/ui/input-otp.spec.tsx" name="InputOTPSeparator &gt; contains minus icon" time="0.002349834">
        </testcase>
        <testcase classname="src/app/components/ui/input-otp.spec.tsx" name="Full InputOTP Integration &gt; renders a complete OTP input with separator" time="0.038975375">
        </testcase>
        <testcase classname="src/app/components/ui/input-otp.spec.tsx" name="InputOTPSlot with fake caret &gt; renders fake caret when slot has focus" time="0.00608075">
        </testcase>
        <testcase classname="src/app/components/ui/input-otp.spec.tsx" name="InputOTPSlot with fake caret &gt; displays character in slot when provided" time="0.003140917">
            <system-err>
Input contains an input of type undefined with both value and defaultValue props. Input elements must be either controlled or uncontrolled (specify either the value prop, or the defaultValue prop, but not both). Decide between using a controlled or uncontrolled input element and remove one of these props. More info: https://react.dev/link/controlled-components

            </system-err>
        </testcase>
        <testcase classname="src/app/components/ui/input-otp.spec.tsx" name="InputOTPSlot with fake caret &gt; handles slot without context gracefully" time="0.001857083">
        </testcase>
    </testsuite>
    <testsuite name="src/app/components/forms/fields/checkbox-field.spec.tsx" timestamp="2026-02-02T08:51:02.347Z" hostname="Mac-5426.lan" tests="12" failures="0" errors="0" skipped="0" time="0.046085083">
        <testcase classname="src/app/components/forms/fields/checkbox-field.spec.tsx" name="CheckboxField &gt; renders with correct label and id" time="0.001609917">
        </testcase>
        <testcase classname="src/app/components/forms/fields/checkbox-field.spec.tsx" name="CheckboxField &gt; renders with string label" time="0.0018435">
        </testcase>
        <testcase classname="src/app/components/forms/fields/checkbox-field.spec.tsx" name="CheckboxField &gt; calls onUserInteraction when checkbox changes" time="0.004417458">
        </testcase>
        <testcase classname="src/app/components/forms/fields/checkbox-field.spec.tsx" name="CheckboxField &gt; does not call onUserInteraction when not provided" time="0.001323833">
        </testcase>
        <testcase classname="src/app/components/forms/fields/checkbox-field.spec.tsx" name="CheckboxField &gt; applies correct CSS classes for layout" time="0.002451125">
        </testcase>
        <testcase classname="src/app/components/forms/fields/checkbox-field.spec.tsx" name="CheckboxField &gt; renders complex label content" time="0.0035675">
        </testcase>
        <testcase classname="src/app/components/forms/fields/checkbox-field.spec.tsx" name="CheckboxField &gt; applies correct label styles" time="0.020281166">
        </testcase>
        <testcase classname="src/app/components/forms/fields/checkbox-field.spec.tsx" name="CheckboxField &gt; renders all form structure components" time="0.001862042">
        </testcase>
        <testcase classname="src/app/components/forms/fields/checkbox-field.spec.tsx" name="CheckboxField &gt; passes setValue prop when provided" time="0.0014415">
        </testcase>
        <testcase classname="src/app/components/forms/fields/checkbox-field.spec.tsx" name="CheckboxField &gt; calls setValue with correct parameters when checkbox is changed" time="0.002340792">
        </testcase>
        <testcase classname="src/app/components/forms/fields/checkbox-field.spec.tsx" name="CheckboxField &gt; calls both setValue and onUserInteraction when both provided" time="0.001918958">
        </testcase>
        <testcase classname="src/app/components/forms/fields/checkbox-field.spec.tsx" name="CheckboxField &gt; handles checkbox state changes" time="0.001475">
        </testcase>
    </testsuite>
    <testsuite name="src/lib/actions/update-track-action.spec.ts" timestamp="2026-02-02T08:51:02.348Z" hostname="Mac-5426.lan" tests="22" failures="0" errors="0" skipped="0" time="0.013812625">
        <testcase classname="src/lib/actions/update-track-action.spec.ts" name="updateTrackAction &gt; Authorization &gt; should require admin role" time="0.000767958">
        </testcase>
        <testcase classname="src/lib/actions/update-track-action.spec.ts" name="updateTrackAction &gt; Authorization &gt; should return error when user is not logged in" time="0.000121125">
        </testcase>
        <testcase classname="src/lib/actions/update-track-action.spec.ts" name="updateTrackAction &gt; Authorization &gt; should return error when user is not admin" time="0.000138083">
        </testcase>
        <testcase classname="src/lib/actions/update-track-action.spec.ts" name="updateTrackAction &gt; Authorization &gt; should allow admin users to update tracks" time="0.000100167">
        </testcase>
        <testcase classname="src/lib/actions/update-track-action.spec.ts" name="updateTrackAction &gt; Validation &gt; should validate form data with permitted fields only" time="0.001942541">
        </testcase>
        <testcase classname="src/lib/actions/update-track-action.spec.ts" name="updateTrackAction &gt; Validation &gt; should return validation errors when schema validation fails" time="0.000567042">
        </testcase>
        <testcase classname="src/lib/actions/update-track-action.spec.ts" name="updateTrackAction &gt; Validation &gt; should handle errors without path as general errors" time="0.00061525">
        </testcase>
        <testcase classname="src/lib/actions/update-track-action.spec.ts" name="updateTrackAction &gt; Track Update &gt; should update track successfully with all fields" time="0.001854791">
        </testcase>
        <testcase classname="src/lib/actions/update-track-action.spec.ts" name="updateTrackAction &gt; Track Update &gt; should update track with publishedOn date" time="0.001134417">
        </testcase>
        <testcase classname="src/lib/actions/update-track-action.spec.ts" name="updateTrackAction &gt; Track Update &gt; should handle empty coverArt as undefined" time="0.000174709">
        </testcase>
        <testcase classname="src/lib/actions/update-track-action.spec.ts" name="updateTrackAction &gt; Track Update &gt; should handle track update failure from service with title uniqueness error" time="0.00013175">
        </testcase>
        <testcase classname="src/lib/actions/update-track-action.spec.ts" name="updateTrackAction &gt; Track Update &gt; should handle track not found error" time="0.000456792">
        </testcase>
        <testcase classname="src/lib/actions/update-track-action.spec.ts" name="updateTrackAction &gt; Track Update &gt; should handle service returning generic error" time="0.000263">
        </testcase>
        <testcase classname="src/lib/actions/update-track-action.spec.ts" name="updateTrackAction &gt; Track Update &gt; should handle service returning error without message" time="0.000364709">
        </testcase>
        <testcase classname="src/lib/actions/update-track-action.spec.ts" name="updateTrackAction &gt; Track Update &gt; should use default position when position is undefined" time="0.001275125">
        </testcase>
        <testcase classname="src/lib/actions/update-track-action.spec.ts" name="updateTrackAction &gt; Security Logging &gt; should log successful track update" time="0.000129208">
        </testcase>
        <testcase classname="src/lib/actions/update-track-action.spec.ts" name="updateTrackAction &gt; Security Logging &gt; should log failed track update attempt" time="0.000144667">
        </testcase>
        <testcase classname="src/lib/actions/update-track-action.spec.ts" name="updateTrackAction &gt; Security Logging &gt; should filter out undefined fields in security log" time="0.000137667">
        </testcase>
        <testcase classname="src/lib/actions/update-track-action.spec.ts" name="updateTrackAction &gt; Cache Revalidation &gt; should revalidate track page on success" time="0.000104708">
        </testcase>
        <testcase classname="src/lib/actions/update-track-action.spec.ts" name="updateTrackAction &gt; Cache Revalidation &gt; should revalidate track page on failure" time="0.000113459">
        </testcase>
        <testcase classname="src/lib/actions/update-track-action.spec.ts" name="updateTrackAction &gt; Error Handling &gt; should handle unexpected errors gracefully" time="0.000157375">
        </testcase>
        <testcase classname="src/lib/actions/update-track-action.spec.ts" name="updateTrackAction &gt; Error Handling &gt; should detect title uniqueness error with various message formats" time="0.000618708">
        </testcase>
    </testsuite>
    <testsuite name="src/app/components/ui/switch.spec.tsx" timestamp="2026-02-02T08:51:02.349Z" hostname="Mac-5426.lan" tests="10" failures="0" errors="0" skipped="0" time="0.120795125">
        <testcase classname="src/app/components/ui/switch.spec.tsx" name="Switch &gt; renders" time="0.022404666">
        </testcase>
        <testcase classname="src/app/components/ui/switch.spec.tsx" name="Switch &gt; has data-slot attribute" time="0.029144209">
        </testcase>
        <testcase classname="src/app/components/ui/switch.spec.tsx" name="Switch &gt; applies custom className" time="0.003029792">
        </testcase>
        <testcase classname="src/app/components/ui/switch.spec.tsx" name="Switch &gt; can be toggled on" time="0.011617458">
        </testcase>
        <testcase classname="src/app/components/ui/switch.spec.tsx" name="Switch &gt; can be toggled off" time="0.018080584">
        </testcase>
        <testcase classname="src/app/components/ui/switch.spec.tsx" name="Switch &gt; supports controlled state" time="0.011446875">
        </testcase>
        <testcase classname="src/app/components/ui/switch.spec.tsx" name="Switch &gt; can be disabled" time="0.006244416">
        </testcase>
        <testcase classname="src/app/components/ui/switch.spec.tsx" name="Switch &gt; renders thumb element" time="0.0024945">
        </testcase>
        <testcase classname="src/app/components/ui/switch.spec.tsx" name="Switch &gt; passes additional props" time="0.003303459">
        </testcase>
        <testcase classname="src/app/components/ui/switch.spec.tsx" name="Switch &gt; toggles via keyboard" time="0.011712416">
        </testcase>
    </testsuite>
    <testsuite name="src/app/components/forms/fields/combobox-field.spec.tsx" timestamp="2026-02-02T08:51:02.349Z" hostname="Mac-5426.lan" tests="32" failures="0" errors="0" skipped="0" time="0.256565541">
        <testcase classname="src/app/components/forms/fields/combobox-field.spec.tsx" name="ComboboxField &gt; renders with correct label and placeholder" time="0.002526125">
        </testcase>
        <testcase classname="src/app/components/forms/fields/combobox-field.spec.tsx" name="ComboboxField &gt; renders with correct combobox attributes" time="0.008436458">
        </testcase>
        <testcase classname="src/app/components/forms/fields/combobox-field.spec.tsx" name="ComboboxField &gt; renders command input with correct placeholder" time="0.004170667">
        </testcase>
        <testcase classname="src/app/components/forms/fields/combobox-field.spec.tsx" name="ComboboxField &gt; renders all command structure components" time="0.00341575">
        </testcase>
        <testcase classname="src/app/components/forms/fields/combobox-field.spec.tsx" name="ComboboxField &gt; renders all options as command items" time="0.006224125">
        </testcase>
        <testcase classname="src/app/components/forms/fields/combobox-field.spec.tsx" name="ComboboxField &gt; shows empty message" time="0.002892958">
        </testcase>
        <testcase classname="src/app/components/forms/fields/combobox-field.spec.tsx" name="ComboboxField &gt; calls onUserInteraction when option is selected" time="0.006694458">
        </testcase>
        <testcase classname="src/app/components/forms/fields/combobox-field.spec.tsx" name="ComboboxField &gt; does not call onUserInteraction when not provided" time="0.027752833">
        </testcase>
        <testcase classname="src/app/components/forms/fields/combobox-field.spec.tsx" name="ComboboxField &gt; uses default popover width" time="0.002514208">
        </testcase>
        <testcase classname="src/app/components/forms/fields/combobox-field.spec.tsx" name="ComboboxField &gt; uses custom popover width when provided" time="0.00338">
        </testcase>
        <testcase classname="src/app/components/forms/fields/combobox-field.spec.tsx" name="ComboboxField &gt; renders form message component" time="0.002625166">
        </testcase>
        <testcase classname="src/app/components/forms/fields/combobox-field.spec.tsx" name="ComboboxField &gt; renders check and chevron icons" time="0.004249708">
        </testcase>
        <testcase classname="src/app/components/forms/fields/combobox-field.spec.tsx" name="ComboboxField &gt; handles options with custom search values" time="0.002629333">
        </testcase>
        <testcase classname="src/app/components/forms/fields/combobox-field.spec.tsx" name="ComboboxField &gt; handles options without custom search values" time="0.003063125">
        </testcase>
        <testcase classname="src/app/components/forms/fields/combobox-field.spec.tsx" name="ComboboxField &gt; renders all form structure components" time="0.002756917">
        </testcase>
        <testcase classname="src/app/components/forms/fields/combobox-field.spec.tsx" name="ComboboxField &gt; passes setValue prop when provided" time="0.002672208">
        </testcase>
        <testcase classname="src/app/components/forms/fields/combobox-field.spec.tsx" name="ComboboxField &gt; displays placeholder when field has no value" time="0.006336042">
        </testcase>
        <testcase classname="src/app/components/forms/fields/combobox-field.spec.tsx" name="ComboboxField &gt; calls setValue with correct parameters when option is selected" time="0.055927959">
        </testcase>
        <testcase classname="src/app/components/forms/fields/combobox-field.spec.tsx" name="ComboboxField &gt; calls both setValue and field.onChange when option selected" time="0.026377833">
        </testcase>
        <testcase classname="src/app/components/forms/fields/combobox-field.spec.tsx" name="ComboboxField &gt; Focus and Keyboard Behavior &gt; opens popover when user types an alphanumeric key" time="0.004812166">
        </testcase>
        <testcase classname="src/app/components/forms/fields/combobox-field.spec.tsx" name="ComboboxField &gt; Focus and Keyboard Behavior &gt; opens popover when user types a number" time="0.00851825">
        </testcase>
        <testcase classname="src/app/components/forms/fields/combobox-field.spec.tsx" name="ComboboxField &gt; Focus and Keyboard Behavior &gt; does not open popover for non-alphanumeric keys" time="0.003252167">
        </testcase>
        <testcase classname="src/app/components/forms/fields/combobox-field.spec.tsx" name="ComboboxField &gt; Focus and Keyboard Behavior &gt; populates search input when typing on closed popover" time="0.006277583">
        </testcase>
        <testcase classname="src/app/components/forms/fields/combobox-field.spec.tsx" name="ComboboxField &gt; Focus and Keyboard Behavior &gt; renders search input as controlled with value prop" time="0.002739833">
        </testcase>
        <testcase classname="src/app/components/forms/fields/combobox-field.spec.tsx" name="ComboboxField &gt; Focus and Keyboard Behavior &gt; clears search input after selecting an option" time="0.0068415">
        </testcase>
        <testcase classname="src/app/components/forms/fields/combobox-field.spec.tsx" name="ComboboxField &gt; Focus and Keyboard Behavior &gt; handles uppercase letters correctly" time="0.011399917">
        </testcase>
        <testcase classname="src/app/components/forms/fields/combobox-field.spec.tsx" name="ComboboxField &gt; Focus and Keyboard Behavior &gt; handles numbers correctly" time="0.006207042">
        </testcase>
        <testcase classname="src/app/components/forms/fields/combobox-field.spec.tsx" name="ComboboxField &gt; Focus and Keyboard Behavior &gt; populates search input when typing on closed popover" time="0.007424458">
        </testcase>
        <testcase classname="src/app/components/forms/fields/combobox-field.spec.tsx" name="ComboboxField &gt; Focus and Keyboard Behavior &gt; uses controlled search input with value prop" time="0.002486916">
        </testcase>
        <testcase classname="src/app/components/forms/fields/combobox-field.spec.tsx" name="ComboboxField &gt; Focus and Keyboard Behavior &gt; passes shouldFilter prop to Command component" time="0.003273625">
        </testcase>
        <testcase classname="src/app/components/forms/fields/combobox-field.spec.tsx" name="ComboboxField &gt; Focus and Keyboard Behavior &gt; clears search value when popover closes" time="0.008528375">
        </testcase>
        <testcase classname="src/app/components/forms/fields/combobox-field.spec.tsx" name="ComboboxField &gt; Focus and Keyboard Behavior &gt; closes popover when search input is cleared while open" time="0.008818916">
        </testcase>
    </testsuite>
    <testsuite name="src/app/components/ui/audio/carousel-number-up.spec.tsx" timestamp="2026-02-02T08:51:02.350Z" hostname="Mac-5426.lan" tests="14" failures="0" errors="0" skipped="0" time="0.075854125">
        <testcase classname="src/app/components/ui/audio/carousel-number-up.spec.tsx" name="CarouselNumberUp &gt; renders carousel with aria-label" time="0.001553292">
        </testcase>
        <testcase classname="src/app/components/ui/audio/carousel-number-up.spec.tsx" name="CarouselNumberUp &gt; renders carousel content" time="0.017656291">
        </testcase>
        <testcase classname="src/app/components/ui/audio/carousel-number-up.spec.tsx" name="CarouselNumberUp &gt; renders navigation buttons" time="0.001874041">
        </testcase>
        <testcase classname="src/app/components/ui/audio/carousel-number-up.spec.tsx" name="CarouselNumberUp &gt; limits displayed artists to numberUp value" time="0.001259875">
        </testcase>
        <testcase classname="src/app/components/ui/audio/carousel-number-up.spec.tsx" name="CarouselNumberUp &gt; renders all artists when numberUp is greater than array length" time="0.001610333">
        </testcase>
        <testcase classname="src/app/components/ui/audio/carousel-number-up.spec.tsx" name="CarouselNumberUp &gt; renders images with correct cover art" time="0.005946416">
        </testcase>
        <testcase classname="src/app/components/ui/audio/carousel-number-up.spec.tsx" name="CarouselNumberUp &gt; uses displayName when available for alt text" time="0.00109575">
        </testcase>
        <testcase classname="src/app/components/ui/audio/carousel-number-up.spec.tsx" name="CarouselNumberUp &gt; uses firstName and surname when displayName is null" time="0.001406584">
        </testcase>
        <testcase classname="src/app/components/ui/audio/carousel-number-up.spec.tsx" name="CarouselNumberUp &gt; renders with default numberUp when not specified" time="0.004090917">
        </testcase>
        <testcase classname="src/app/components/ui/audio/carousel-number-up.spec.tsx" name="CarouselNumberUp &gt; renders with horizontal orientation" time="0.00803675">
        </testcase>
        <testcase classname="src/app/components/ui/audio/carousel-number-up.spec.tsx" name="CarouselNumberUp &gt; handles empty artists array" time="0.000952209">
        </testcase>
        <testcase classname="src/app/components/ui/audio/carousel-number-up.spec.tsx" name="CarouselNumberUp &gt; sorts releases by date and uses most recent cover art" time="0.023778875">
        </testcase>
        <testcase classname="src/app/components/ui/audio/carousel-number-up.spec.tsx" name="CarouselNumberUp &gt; uses displayName when available" time="0.00304475">
        </testcase>
        <testcase classname="src/app/components/ui/audio/carousel-number-up.spec.tsx" name="CarouselNumberUp &gt; uses firstName and surname fallback when displayName is null" time="0.002567958">
        </testcase>
    </testsuite>
    <testsuite name="src/lib/validation/change-email-schema.spec.ts" timestamp="2026-02-02T08:51:02.351Z" hostname="Mac-5426.lan" tests="9" failures="0" errors="0" skipped="0" time="0.003642417">
        <testcase classname="src/lib/validation/change-email-schema.spec.ts" name="changeEmailSchema &gt; valid data &gt; should accept valid email data without previousEmail" time="0.000281791">
        </testcase>
        <testcase classname="src/lib/validation/change-email-schema.spec.ts" name="changeEmailSchema &gt; valid data &gt; should accept valid email data with previousEmail" time="0.000118625">
        </testcase>
        <testcase classname="src/lib/validation/change-email-schema.spec.ts" name="changeEmailSchema &gt; valid data &gt; should accept previousEmail as undefined" time="0.000068208">
        </testcase>
        <testcase classname="src/lib/validation/change-email-schema.spec.ts" name="changeEmailSchema &gt; invalid data &gt; should reject invalid email format" time="0.00016425">
        </testcase>
        <testcase classname="src/lib/validation/change-email-schema.spec.ts" name="changeEmailSchema &gt; invalid data &gt; should reject mismatched emails" time="0.000403917">
        </testcase>
        <testcase classname="src/lib/validation/change-email-schema.spec.ts" name="changeEmailSchema &gt; invalid data &gt; should require email field" time="0.001318833">
        </testcase>
        <testcase classname="src/lib/validation/change-email-schema.spec.ts" name="changeEmailSchema &gt; invalid data &gt; should require confirmEmail field" time="0.000123125">
        </testcase>
        <testcase classname="src/lib/validation/change-email-schema.spec.ts" name="changeEmailSchema &gt; edge cases &gt; should handle empty strings in email fields" time="0.000080375">
        </testcase>
        <testcase classname="src/lib/validation/change-email-schema.spec.ts" name="changeEmailSchema &gt; edge cases &gt; should handle whitespace-only emails" time="0.000094083">
        </testcase>
    </testsuite>
    <testsuite name="src/app/components/ui/heading.spec.tsx" timestamp="2026-02-02T08:51:02.352Z" hostname="Mac-5426.lan" tests="13" failures="0" errors="0" skipped="0" time="0.062069625">
        <testcase classname="src/app/components/ui/heading.spec.tsx" name="Heading &gt; renders" time="0.002323291">
        </testcase>
        <testcase classname="src/app/components/ui/heading.spec.tsx" name="Heading &gt; defaults to h1" time="0.002199583">
        </testcase>
        <testcase classname="src/app/components/ui/heading.spec.tsx" name="Heading &gt; applies custom className" time="0.034031958">
        </testcase>
        <testcase classname="src/app/components/ui/heading.spec.tsx" name="Heading &gt; renders children" time="0.001244666">
        </testcase>
        <testcase classname="src/app/components/ui/heading.spec.tsx" name="Heading &gt; levels &gt; renders level 1" time="0.001764209">
        </testcase>
        <testcase classname="src/app/components/ui/heading.spec.tsx" name="Heading &gt; levels &gt; renders level 2" time="0.001462167">
        </testcase>
        <testcase classname="src/app/components/ui/heading.spec.tsx" name="Heading &gt; levels &gt; renders level 3" time="0.001556375">
        </testcase>
        <testcase classname="src/app/components/ui/heading.spec.tsx" name="Heading &gt; levels &gt; renders level 4" time="0.002102375">
        </testcase>
        <testcase classname="src/app/components/ui/heading.spec.tsx" name="Heading &gt; levels &gt; renders level 5" time="0.007332833">
        </testcase>
        <testcase classname="src/app/components/ui/heading.spec.tsx" name="Heading &gt; levels &gt; renders level 6" time="0.001793333">
        </testcase>
        <testcase classname="src/app/components/ui/heading.spec.tsx" name="Heading &gt; levels &gt; falls back to h1 for invalid level" time="0.001721458">
        </testcase>
        <testcase classname="src/app/components/ui/heading.spec.tsx" name="Heading &gt; passes additional props" time="0.002370167">
        </testcase>
        <testcase classname="src/app/components/ui/heading.spec.tsx" name="Heading &gt; supports ref forwarding" time="0.001162458">
        </testcase>
    </testsuite>
    <testsuite name="src/app/components/ui/badge.spec.tsx" timestamp="2026-02-02T08:51:02.352Z" hostname="Mac-5426.lan" tests="15" failures="0" errors="0" skipped="0" time="0.035813041">
        <testcase classname="src/app/components/ui/badge.spec.tsx" name="Badge &gt; renders" time="0.017608666">
        </testcase>
        <testcase classname="src/app/components/ui/badge.spec.tsx" name="Badge &gt; has data-slot attribute" time="0.000900792">
        </testcase>
        <testcase classname="src/app/components/ui/badge.spec.tsx" name="Badge &gt; applies custom className" time="0.001652958">
        </testcase>
        <testcase classname="src/app/components/ui/badge.spec.tsx" name="Badge &gt; renders children" time="0.001929666">
        </testcase>
        <testcase classname="src/app/components/ui/badge.spec.tsx" name="Badge &gt; variants &gt; renders default variant" time="0.00074275">
        </testcase>
        <testcase classname="src/app/components/ui/badge.spec.tsx" name="Badge &gt; variants &gt; renders secondary variant" time="0.001269167">
        </testcase>
        <testcase classname="src/app/components/ui/badge.spec.tsx" name="Badge &gt; variants &gt; renders destructive variant" time="0.003205791">
        </testcase>
        <testcase classname="src/app/components/ui/badge.spec.tsx" name="Badge &gt; variants &gt; renders outline variant" time="0.000949458">
        </testcase>
        <testcase classname="src/app/components/ui/badge.spec.tsx" name="Badge &gt; asChild &gt; renders as span by default" time="0.000696875">
        </testcase>
        <testcase classname="src/app/components/ui/badge.spec.tsx" name="Badge &gt; asChild &gt; renders child element when asChild is true" time="0.001565833">
        </testcase>
        <testcase classname="src/app/components/ui/badge.spec.tsx" name="Badge &gt; passes additional props" time="0.001091542">
        </testcase>
        <testcase classname="src/app/components/ui/badge.spec.tsx" name="Badge &gt; badgeVariants &gt; returns default variant classes" time="0.00033275">
        </testcase>
        <testcase classname="src/app/components/ui/badge.spec.tsx" name="Badge &gt; badgeVariants &gt; returns secondary variant classes" time="0.000168334">
        </testcase>
        <testcase classname="src/app/components/ui/badge.spec.tsx" name="Badge &gt; badgeVariants &gt; returns destructive variant classes" time="0.001267667">
        </testcase>
        <testcase classname="src/app/components/ui/badge.spec.tsx" name="Badge &gt; badgeVariants &gt; returns outline variant classes" time="0.000182">
        </testcase>
    </testsuite>
    <testsuite name="src/app/components/ui/skeleton.spec.tsx" timestamp="2026-02-02T08:51:02.353Z" hostname="Mac-5426.lan" tests="10" failures="0" errors="0" skipped="0" time="0.029231083">
        <testcase classname="src/app/components/ui/skeleton.spec.tsx" name="Skeleton &gt; rendering &gt; should render the skeleton div" time="0.00111875">
        </testcase>
        <testcase classname="src/app/components/ui/skeleton.spec.tsx" name="Skeleton &gt; rendering &gt; should have data-slot attribute" time="0.000849875">
        </testcase>
        <testcase classname="src/app/components/ui/skeleton.spec.tsx" name="Skeleton &gt; rendering &gt; should have default styling classes" time="0.00213525">
        </testcase>
        <testcase classname="src/app/components/ui/skeleton.spec.tsx" name="Skeleton &gt; className prop &gt; should apply custom className" time="0.000744167">
        </testcase>
        <testcase classname="src/app/components/ui/skeleton.spec.tsx" name="Skeleton &gt; className prop &gt; should merge custom className with default classes" time="0.000721917">
        </testcase>
        <testcase classname="src/app/components/ui/skeleton.spec.tsx" name="Skeleton &gt; className prop &gt; should allow overriding width" time="0.01267575">
        </testcase>
        <testcase classname="src/app/components/ui/skeleton.spec.tsx" name="Skeleton &gt; className prop &gt; should allow overriding height" time="0.000850875">
        </testcase>
        <testcase classname="src/app/components/ui/skeleton.spec.tsx" name="Skeleton &gt; additional props &gt; should pass through style prop" time="0.007163417">
        </testcase>
        <testcase classname="src/app/components/ui/skeleton.spec.tsx" name="Skeleton &gt; additional props &gt; should pass through aria attributes" time="0.000947709">
        </testcase>
        <testcase classname="src/app/components/ui/skeleton.spec.tsx" name="Skeleton &gt; additional props &gt; should pass through role attribute" time="0.000682791">
        </testcase>
    </testsuite>
    <testsuite name="src/lib/validation/notification-banner-schema.spec.ts" timestamp="2026-02-02T08:51:02.353Z" hostname="Mac-5426.lan" tests="65" failures="0" errors="0" skipped="0" time="0.01492925">
        <testcase classname="src/lib/validation/notification-banner-schema.spec.ts" name="notificationBannerSchema &gt; message field &gt; should accept valid message" time="0.000092917">
        </testcase>
        <testcase classname="src/lib/validation/notification-banner-schema.spec.ts" name="notificationBannerSchema &gt; message field &gt; should reject empty message" time="0.000152125">
        </testcase>
        <testcase classname="src/lib/validation/notification-banner-schema.spec.ts" name="notificationBannerSchema &gt; message field &gt; should reject message longer than 500 characters" time="0.000125042">
        </testcase>
        <testcase classname="src/lib/validation/notification-banner-schema.spec.ts" name="notificationBannerSchema &gt; secondaryMessage field &gt; should accept empty secondary message" time="0.000142042">
        </testcase>
        <testcase classname="src/lib/validation/notification-banner-schema.spec.ts" name="notificationBannerSchema &gt; secondaryMessage field &gt; should accept valid secondary message" time="0.004418334">
        </testcase>
        <testcase classname="src/lib/validation/notification-banner-schema.spec.ts" name="notificationBannerSchema &gt; secondaryMessage field &gt; should reject secondary message longer than 200 characters" time="0.00089075">
        </testcase>
        <testcase classname="src/lib/validation/notification-banner-schema.spec.ts" name="notificationBannerSchema &gt; imageUrl field &gt; should accept valid URL" time="0.000091375">
        </testcase>
        <testcase classname="src/lib/validation/notification-banner-schema.spec.ts" name="notificationBannerSchema &gt; imageUrl field &gt; should accept empty string" time="0.0001015">
        </testcase>
        <testcase classname="src/lib/validation/notification-banner-schema.spec.ts" name="notificationBannerSchema &gt; imageUrl field &gt; should reject invalid URL" time="0.000124541">
        </testcase>
        <testcase classname="src/lib/validation/notification-banner-schema.spec.ts" name="notificationBannerSchema &gt; backgroundColor field &gt; should accept valid hex color with 6 digits" time="0.00009375">
        </testcase>
        <testcase classname="src/lib/validation/notification-banner-schema.spec.ts" name="notificationBannerSchema &gt; backgroundColor field &gt; should accept valid hex color with 3 digits" time="0.00009575">
        </testcase>
        <testcase classname="src/lib/validation/notification-banner-schema.spec.ts" name="notificationBannerSchema &gt; backgroundColor field &gt; should accept empty string when imageUrl is provided" time="0.000088958">
        </testcase>
        <testcase classname="src/lib/validation/notification-banner-schema.spec.ts" name="notificationBannerSchema &gt; backgroundColor field &gt; should reject invalid hex color" time="0.000115042">
        </testcase>
        <testcase classname="src/lib/validation/notification-banner-schema.spec.ts" name="notificationBannerSchema &gt; backgroundColor field &gt; should reject hex color without hash" time="0.000155333">
        </testcase>
        <testcase classname="src/lib/validation/notification-banner-schema.spec.ts" name="notificationBannerSchema &gt; background requirement (imageUrl or backgroundColor) &gt; should pass when imageUrl is provided" time="0.000088958">
        </testcase>
        <testcase classname="src/lib/validation/notification-banner-schema.spec.ts" name="notificationBannerSchema &gt; background requirement (imageUrl or backgroundColor) &gt; should pass when backgroundColor is provided" time="0.000087875">
        </testcase>
        <testcase classname="src/lib/validation/notification-banner-schema.spec.ts" name="notificationBannerSchema &gt; background requirement (imageUrl or backgroundColor) &gt; should pass when both are provided" time="0.000094625">
        </testcase>
        <testcase classname="src/lib/validation/notification-banner-schema.spec.ts" name="notificationBannerSchema &gt; background requirement (imageUrl or backgroundColor) &gt; should fail when neither is provided" time="0.000150625">
        </testcase>
        <testcase classname="src/lib/validation/notification-banner-schema.spec.ts" name="notificationBannerSchema &gt; linkUrl field &gt; should accept valid URL" time="0.0000845">
        </testcase>
        <testcase classname="src/lib/validation/notification-banner-schema.spec.ts" name="notificationBannerSchema &gt; linkUrl field &gt; should accept empty string" time="0.000091208">
        </testcase>
        <testcase classname="src/lib/validation/notification-banner-schema.spec.ts" name="notificationBannerSchema &gt; linkUrl field &gt; should reject invalid URL" time="0.000109916">
        </testcase>
        <testcase classname="src/lib/validation/notification-banner-schema.spec.ts" name="notificationBannerSchema &gt; boolean fields &gt; should accept isOverlayed as true" time="0.000095292">
        </testcase>
        <testcase classname="src/lib/validation/notification-banner-schema.spec.ts" name="notificationBannerSchema &gt; boolean fields &gt; should accept isOverlayed as false" time="0.000093166">
        </testcase>
        <testcase classname="src/lib/validation/notification-banner-schema.spec.ts" name="notificationBannerSchema &gt; boolean fields &gt; should accept isActive as true" time="0.000096417">
        </testcase>
        <testcase classname="src/lib/validation/notification-banner-schema.spec.ts" name="notificationBannerSchema &gt; boolean fields &gt; should accept isActive as false" time="0.000092917">
        </testcase>
        <testcase classname="src/lib/validation/notification-banner-schema.spec.ts" name="notificationBannerSchema &gt; date fields &gt; should accept valid displayFrom date string" time="0.000094667">
        </testcase>
        <testcase classname="src/lib/validation/notification-banner-schema.spec.ts" name="notificationBannerSchema &gt; date fields &gt; should accept valid displayUntil date string" time="0.000102542">
        </testcase>
        <testcase classname="src/lib/validation/notification-banner-schema.spec.ts" name="notificationBannerSchema &gt; date fields &gt; should accept empty date strings" time="0.000100541">
        </testcase>
        <testcase classname="src/lib/validation/notification-banner-schema.spec.ts" name="notificationBannerSchema &gt; notes field &gt; should accept valid notes" time="0.000095333">
        </testcase>
        <testcase classname="src/lib/validation/notification-banner-schema.spec.ts" name="notificationBannerSchema &gt; notes field &gt; should accept empty notes" time="0.000097042">
        </testcase>
        <testcase classname="src/lib/validation/notification-banner-schema.spec.ts" name="notificationBannerSchema &gt; notes field &gt; should reject notes longer than 1000 characters" time="0.00021775">
        </testcase>
        <testcase classname="src/lib/validation/notification-banner-schema.spec.ts" name="notificationBannerSchema &gt; messageRotation field &gt; should accept valid rotation value of 0" time="0.00009375">
        </testcase>
        <testcase classname="src/lib/validation/notification-banner-schema.spec.ts" name="notificationBannerSchema &gt; messageRotation field &gt; should accept positive rotation up to 360" time="0.000088416">
        </testcase>
        <testcase classname="src/lib/validation/notification-banner-schema.spec.ts" name="notificationBannerSchema &gt; messageRotation field &gt; should accept negative rotation down to -360" time="0.000087916">
        </testcase>
        <testcase classname="src/lib/validation/notification-banner-schema.spec.ts" name="notificationBannerSchema &gt; messageRotation field &gt; should accept intermediate rotation values" time="0.000101083">
        </testcase>
        <testcase classname="src/lib/validation/notification-banner-schema.spec.ts" name="notificationBannerSchema &gt; messageRotation field &gt; should reject rotation greater than 360" time="0.000117333">
        </testcase>
        <testcase classname="src/lib/validation/notification-banner-schema.spec.ts" name="notificationBannerSchema &gt; messageRotation field &gt; should reject rotation less than -360" time="0.000125833">
        </testcase>
        <testcase classname="src/lib/validation/notification-banner-schema.spec.ts" name="notificationBannerSchema &gt; messageRotation field &gt; should default to 0 when not provided" time="0.000102333">
        </testcase>
        <testcase classname="src/lib/validation/notification-banner-schema.spec.ts" name="notificationBannerSchema &gt; secondaryMessageRotation field &gt; should accept valid rotation value of 0" time="0.000187708">
        </testcase>
        <testcase classname="src/lib/validation/notification-banner-schema.spec.ts" name="notificationBannerSchema &gt; secondaryMessageRotation field &gt; should accept positive rotation up to 360" time="0.000090375">
        </testcase>
        <testcase classname="src/lib/validation/notification-banner-schema.spec.ts" name="notificationBannerSchema &gt; secondaryMessageRotation field &gt; should accept negative rotation down to -360" time="0.000115167">
        </testcase>
        <testcase classname="src/lib/validation/notification-banner-schema.spec.ts" name="notificationBannerSchema &gt; secondaryMessageRotation field &gt; should reject rotation greater than 360" time="0.000124042">
        </testcase>
        <testcase classname="src/lib/validation/notification-banner-schema.spec.ts" name="notificationBannerSchema &gt; secondaryMessageRotation field &gt; should reject rotation less than -360" time="0.000136625">
        </testcase>
        <testcase classname="src/lib/validation/notification-banner-schema.spec.ts" name="notificationBannerSchema &gt; secondaryMessageRotation field &gt; should default to 0 when not provided" time="0.000107459">
        </testcase>
        <testcase classname="src/lib/validation/notification-banner-schema.spec.ts" name="notificationBannerSchema &gt; imageOffsetX field &gt; should accept valid offset value of 0" time="0.000719417">
        </testcase>
        <testcase classname="src/lib/validation/notification-banner-schema.spec.ts" name="notificationBannerSchema &gt; imageOffsetX field &gt; should accept positive offset up to 100" time="0.00010525">
        </testcase>
        <testcase classname="src/lib/validation/notification-banner-schema.spec.ts" name="notificationBannerSchema &gt; imageOffsetX field &gt; should accept negative offset down to -100" time="0.000109875">
        </testcase>
        <testcase classname="src/lib/validation/notification-banner-schema.spec.ts" name="notificationBannerSchema &gt; imageOffsetX field &gt; should accept intermediate offset values" time="0.000250916">
        </testcase>
        <testcase classname="src/lib/validation/notification-banner-schema.spec.ts" name="notificationBannerSchema &gt; imageOffsetX field &gt; should reject offset greater than 100" time="0.000145625">
        </testcase>
        <testcase classname="src/lib/validation/notification-banner-schema.spec.ts" name="notificationBannerSchema &gt; imageOffsetX field &gt; should reject offset less than -100" time="0.000199083">
        </testcase>
        <testcase classname="src/lib/validation/notification-banner-schema.spec.ts" name="notificationBannerSchema &gt; imageOffsetX field &gt; should default to 0 when not provided" time="0.000116042">
        </testcase>
        <testcase classname="src/lib/validation/notification-banner-schema.spec.ts" name="notificationBannerSchema &gt; imageOffsetY field &gt; should accept valid offset value of 0" time="0.000144875">
        </testcase>
        <testcase classname="src/lib/validation/notification-banner-schema.spec.ts" name="notificationBannerSchema &gt; imageOffsetY field &gt; should accept positive offset up to 100" time="0.000090416">
        </testcase>
        <testcase classname="src/lib/validation/notification-banner-schema.spec.ts" name="notificationBannerSchema &gt; imageOffsetY field &gt; should accept negative offset down to -100" time="0.000127291">
        </testcase>
        <testcase classname="src/lib/validation/notification-banner-schema.spec.ts" name="notificationBannerSchema &gt; imageOffsetY field &gt; should reject offset greater than 100" time="0.000121416">
        </testcase>
        <testcase classname="src/lib/validation/notification-banner-schema.spec.ts" name="notificationBannerSchema &gt; imageOffsetY field &gt; should reject offset less than -100" time="0.000144375">
        </testcase>
        <testcase classname="src/lib/validation/notification-banner-schema.spec.ts" name="notificationBannerSchema &gt; imageOffsetY field &gt; should default to 0 when not provided" time="0.000113458">
        </testcase>
        <testcase classname="src/lib/validation/notification-banner-schema.spec.ts" name="notificationBannerSchema &gt; font size fields with updated limits &gt; should accept messageFontSize at minimum 0.5" time="0.000104292">
        </testcase>
        <testcase classname="src/lib/validation/notification-banner-schema.spec.ts" name="notificationBannerSchema &gt; font size fields with updated limits &gt; should accept messageFontSize at maximum 10" time="0.00009075">
        </testcase>
        <testcase classname="src/lib/validation/notification-banner-schema.spec.ts" name="notificationBannerSchema &gt; font size fields with updated limits &gt; should reject messageFontSize below 0.5" time="0.000120083">
        </testcase>
        <testcase classname="src/lib/validation/notification-banner-schema.spec.ts" name="notificationBannerSchema &gt; font size fields with updated limits &gt; should reject messageFontSize above 10" time="0.000134625">
        </testcase>
        <testcase classname="src/lib/validation/notification-banner-schema.spec.ts" name="notificationBannerSchema &gt; font size fields with updated limits &gt; should accept secondaryMessageFontSize at minimum 0.5" time="0.000092167">
        </testcase>
        <testcase classname="src/lib/validation/notification-banner-schema.spec.ts" name="notificationBannerSchema &gt; font size fields with updated limits &gt; should accept secondaryMessageFontSize at maximum 10" time="0.000101042">
        </testcase>
        <testcase classname="src/lib/validation/notification-banner-schema.spec.ts" name="notificationBannerSchema &gt; font size fields with updated limits &gt; should reject secondaryMessageFontSize below 0.5" time="0.000156458">
        </testcase>
        <testcase classname="src/lib/validation/notification-banner-schema.spec.ts" name="notificationBannerSchema &gt; font size fields with updated limits &gt; should reject secondaryMessageFontSize above 10" time="0.000124">
        </testcase>
    </testsuite>
    <testsuite name="src/app/(auth)/success/change-email/container.spec.tsx" timestamp="2026-02-02T08:51:02.356Z" hostname="Mac-5426.lan" tests="5" failures="0" errors="0" skipped="0" time="0.03139">
        <testcase classname="src/app/(auth)/success/change-email/container.spec.tsx" name="ChangeEmailSuccessContainer &gt; renders success heading" time="0.020978042">
        </testcase>
        <testcase classname="src/app/(auth)/success/change-email/container.spec.tsx" name="ChangeEmailSuccessContainer &gt; renders email change success message" time="0.001661209">
        </testcase>
        <testcase classname="src/app/(auth)/success/change-email/container.spec.tsx" name="ChangeEmailSuccessContainer &gt; indicates user was signed out" time="0.00119325">
        </testcase>
        <testcase classname="src/app/(auth)/success/change-email/container.spec.tsx" name="ChangeEmailSuccessContainer &gt; displays the new email address" time="0.004118417">
        </testcase>
        <testcase classname="src/app/(auth)/success/change-email/container.spec.tsx" name="ChangeEmailSuccessContainer &gt; renders link to signin page" time="0.001550917">
        </testcase>
    </testsuite>
    <testsuite name="src/lib/validation/create-track-schema.spec.ts" timestamp="2026-02-02T08:51:02.356Z" hostname="Mac-5426.lan" tests="42" failures="0" errors="0" skipped="0" time="0.009168083">
        <testcase classname="src/lib/validation/create-track-schema.spec.ts" name="create-track-schema &gt; title validation &gt; should accept valid titles" time="0.000167417">
        </testcase>
        <testcase classname="src/lib/validation/create-track-schema.spec.ts" name="create-track-schema &gt; title validation &gt; should reject empty title" time="0.00013225">
        </testcase>
        <testcase classname="src/lib/validation/create-track-schema.spec.ts" name="create-track-schema &gt; title validation &gt; should reject title exceeding 200 characters" time="0.00016425">
        </testcase>
        <testcase classname="src/lib/validation/create-track-schema.spec.ts" name="create-track-schema &gt; title validation &gt; should accept title at max length (200 characters)" time="0.000074584">
        </testcase>
        <testcase classname="src/lib/validation/create-track-schema.spec.ts" name="create-track-schema &gt; duration validation &gt; should accept valid durations" time="0.000195292">
        </testcase>
        <testcase classname="src/lib/validation/create-track-schema.spec.ts" name="create-track-schema &gt; duration validation &gt; should reject duration less than 1 second" time="0.000123834">
        </testcase>
        <testcase classname="src/lib/validation/create-track-schema.spec.ts" name="create-track-schema &gt; duration validation &gt; should reject negative duration" time="0.000108791">
        </testcase>
        <testcase classname="src/lib/validation/create-track-schema.spec.ts" name="create-track-schema &gt; duration validation &gt; should reject duration exceeding 24 hours (86400 seconds)" time="0.000138541">
        </testcase>
        <testcase classname="src/lib/validation/create-track-schema.spec.ts" name="create-track-schema &gt; duration validation &gt; should accept duration at max (86400 seconds = 24 hours)" time="0.000134042">
        </testcase>
        <testcase classname="src/lib/validation/create-track-schema.spec.ts" name="create-track-schema &gt; duration validation &gt; should reject non-integer duration" time="0.0001425">
        </testcase>
        <testcase classname="src/lib/validation/create-track-schema.spec.ts" name="create-track-schema &gt; audioUrl validation &gt; should accept valid URLs" time="0.000138958">
        </testcase>
[...]
        </testcase>
        <testcase classname="src/app/hooks/use-artists-query.spec.tsx" name="useArtistsQuery &gt; returns empty array when no artists exist" time="0.05404975">
        </testcase>
    </testsuite>
    <testsuite name="src/app/components/header/header.spec.tsx" timestamp="2026-02-02T08:51:02.485Z" hostname="Mac-5426.lan" tests="16" failures="0" errors="0" skipped="0" time="0.232695792">
        <testcase classname="src/app/components/header/header.spec.tsx" name="Header &gt; renders without crashing" time="0.004128958">
        </testcase>
        <testcase classname="src/app/components/header/header.spec.tsx" name="Header &gt; renders with sticky positioning" time="0.006118458">
        </testcase>
        <testcase classname="src/app/components/header/header.spec.tsx" name="Header &gt; renders Logo component with isMobile=false by default" time="0.036226708">
        </testcase>
        <testcase classname="src/app/components/header/header.spec.tsx" name="Header &gt; renders Logo component with isMobile=true when passed" time="0.01190475">
        </testcase>
        <testcase classname="src/app/components/header/header.spec.tsx" name="Header &gt; mobile mode &gt; renders hamburger menu in mobile mode" time="0.006322291">
        </testcase>
        <testcase classname="src/app/components/header/header.spec.tsx" name="Header &gt; mobile mode &gt; renders Fake Four Inc words image in mobile mode" time="0.010450875">
        </testcase>
        <testcase classname="src/app/components/header/header.spec.tsx" name="Header &gt; mobile mode &gt; renders image with correct dimensions" time="0.005281625">
        </testcase>
        <testcase classname="src/app/components/header/header.spec.tsx" name="Header &gt; mobile mode &gt; image has priority flag set" time="0.032021708">
        </testcase>
        <testcase classname="src/app/components/header/header.spec.tsx" name="Header &gt; desktop mode &gt; does not render hamburger menu in desktop mode" time="0.003913584">
        </testcase>
        <testcase classname="src/app/components/header/header.spec.tsx" name="Header &gt; desktop mode &gt; does not render Fake Four Inc words image in desktop mode" time="0.005421333">
        </testcase>
        <testcase classname="src/app/components/header/header.spec.tsx" name="Header &gt; animated background &gt; renders motion div for animated background" time="0.00659325">
        </testcase>
        <testcase classname="src/app/components/header/header.spec.tsx" name="Header &gt; sparkle effects &gt; renders sparkle container with suppressHydrationWarning" time="0.007418958">
        </testcase>
        <testcase classname="src/app/components/header/header.spec.tsx" name="Header &gt; sparkle effects &gt; generates sparkles on initial render" time="0.003722792">
        </testcase>
        <testcase classname="src/app/components/header/header.spec.tsx" name="Header &gt; header content &gt; renders header element with flex layout" time="0.071824625">
        </testcase>
        <testcase classname="src/app/components/header/header.spec.tsx" name="Header &gt; header content &gt; applies desktop height styles" time="0.007906125">
        </testcase>
        <testcase classname="src/app/components/header/header.spec.tsx" name="Header &gt; header content &gt; applies mobile height styles" time="0.011449625">
        </testcase>
    </testsuite>
    <testsuite name="src/app/components/ui/social-media-icon-links.spec.tsx" timestamp="2026-02-02T08:51:02.485Z" hostname="Mac-5426.lan" tests="13" failures="0" errors="0" skipped="0" time="0.198038459">
        <testcase classname="src/app/components/ui/social-media-icon-links.spec.tsx" name="SocialMediaIconLinks &gt; renders" time="0.020080708">
        </testcase>
        <testcase classname="src/app/components/ui/social-media-icon-links.spec.tsx" name="SocialMediaIconLinks &gt; renders all social media links" time="0.011531417">
        </testcase>
        <testcase classname="src/app/components/ui/social-media-icon-links.spec.tsx" name="SocialMediaIconLinks &gt; has correct number of links" time="0.009551625">
        </testcase>
        <testcase classname="src/app/components/ui/social-media-icon-links.spec.tsx" name="SocialMediaIconLinks &gt; links have aria-label" time="0.006264542">
        </testcase>
        <testcase classname="src/app/components/ui/social-media-icon-links.spec.tsx" name="SocialMediaIconLinks &gt; links open in new tab" time="0.044165041">
        </testcase>
        <testcase classname="src/app/components/ui/social-media-icon-links.spec.tsx" name="SocialMediaIconLinks &gt; links have noopener for security" time="0.010567">
        </testcase>
        <testcase classname="src/app/components/ui/social-media-icon-links.spec.tsx" name="SocialMediaIconLinks &gt; Facebook link has correct href" time="0.008299833">
        </testcase>
        <testcase classname="src/app/components/ui/social-media-icon-links.spec.tsx" name="SocialMediaIconLinks &gt; Instagram link has correct href" time="0.016336375">
        </testcase>
        <testcase classname="src/app/components/ui/social-media-icon-links.spec.tsx" name="SocialMediaIconLinks &gt; renders icons as images" time="0.012735334">
        </testcase>
        <testcase classname="src/app/components/ui/social-media-icon-links.spec.tsx" name="SocialMediaIconLinks &gt; images have alt text" time="0.0044915">
        </testcase>
        <testcase classname="src/app/components/ui/social-media-icon-links.spec.tsx" name="SocialMediaIconLinks &gt; has screen reader text for each link" time="0.010679625">
        </testcase>
        <testcase classname="src/app/components/ui/social-media-icon-links.spec.tsx" name="SocialMediaIconLinks &gt; applies custom className" time="0.017150583">
        </testcase>
        <testcase classname="src/app/components/ui/social-media-icon-links.spec.tsx" name="SocialMediaIconLinks &gt; has flex layout classes" time="0.024983125">
        </testcase>
    </testsuite>
    <testsuite name="src/app/components/cdn-status-banner.spec.tsx" timestamp="2026-02-02T08:51:02.486Z" hostname="Mac-5426.lan" tests="8" failures="0" errors="0" skipped="0" time="0.11585975">
        <testcase classname="src/app/components/cdn-status-banner.spec.tsx" name="CDNStatusBanner &gt; returns null when loading" time="0.010222334">
        </testcase>
        <testcase classname="src/app/components/cdn-status-banner.spec.tsx" name="CDNStatusBanner &gt; returns null when status is &quot;ready&quot;" time="0.0020745">
        </testcase>
        <testcase classname="src/app/components/cdn-status-banner.spec.tsx" name="CDNStatusBanner &gt; shows banner when status is &quot;invalidating&quot;" time="0.004610417">
        </testcase>
        <testcase classname="src/app/components/cdn-status-banner.spec.tsx" name="CDNStatusBanner &gt; shows error banner when status is &quot;error&quot;" time="0.004046">
        </testcase>
        <testcase classname="src/app/components/cdn-status-banner.spec.tsx" name="CDNStatusBanner &gt; shows default banner for unknown status" time="0.045465167">
        </testcase>
        <testcase classname="src/app/components/cdn-status-banner.spec.tsx" name="CDNStatusBanner &gt; displays estimated time remaining when available" time="0.027430458">
        </testcase>
        <testcase classname="src/app/components/cdn-status-banner.spec.tsx" name="CDNStatusBanner &gt; handles fetch error gracefully" time="0.01673925">
        </testcase>
        <testcase classname="src/app/components/cdn-status-banner.spec.tsx" name="CDNStatusBanner &gt; displays the status message" time="0.003958541">
        </testcase>
    </testsuite>
    <testsuite name="src/lib/validation/create-release-schema.spec.ts" timestamp="2026-02-02T08:51:02.486Z" hostname="Mac-5426.lan" tests="54" failures="0" errors="0" skipped="0" time="0.01861">
        <testcase classname="src/lib/validation/create-release-schema.spec.ts" name="create-release-schema &gt; title validation &gt; should accept valid titles" time="0.000643042">
        </testcase>
        <testcase classname="src/lib/validation/create-release-schema.spec.ts" name="create-release-schema &gt; title validation &gt; should reject empty title" time="0.000653666">
        </testcase>
        <testcase classname="src/lib/validation/create-release-schema.spec.ts" name="create-release-schema &gt; title validation &gt; should reject title exceeding 200 characters" time="0.000153583">
        </testcase>
        <testcase classname="src/lib/validation/create-release-schema.spec.ts" name="create-release-schema &gt; title validation &gt; should accept title at max length" time="0.000433458">
        </testcase>
        <testcase classname="src/lib/validation/create-release-schema.spec.ts" name="create-release-schema &gt; releasedOn validation &gt; should accept valid date strings" time="0.000183291">
        </testcase>
        <testcase classname="src/lib/validation/create-release-schema.spec.ts" name="create-release-schema &gt; releasedOn validation &gt; should reject empty date" time="0.000241791">
        </testcase>
        <testcase classname="src/lib/validation/create-release-schema.spec.ts" name="create-release-schema &gt; coverArt validation &gt; should accept valid URLs" time="0.000184291">
        </testcase>
        <testcase classname="src/lib/validation/create-release-schema.spec.ts" name="create-release-schema &gt; coverArt validation &gt; should reject empty coverArt" time="0.000183084">
        </testcase>
        <testcase classname="src/lib/validation/create-release-schema.spec.ts" name="create-release-schema &gt; coverArt validation &gt; should reject invalid URLs" time="0.000301417">
        </testcase>
        <testcase classname="src/lib/validation/create-release-schema.spec.ts" name="create-release-schema &gt; formats validation &gt; should accept valid format arrays" time="0.000250541">
        </testcase>
        <testcase classname="src/lib/validation/create-release-schema.spec.ts" name="create-release-schema &gt; formats validation &gt; should reject empty formats array" time="0.00016925">
        </testcase>
        <testcase classname="src/lib/validation/create-release-schema.spec.ts" name="create-release-schema &gt; formats validation &gt; should reject invalid format values" time="0.000196417">
        </testcase>
        <testcase classname="src/lib/validation/create-release-schema.spec.ts" name="create-release-schema &gt; formats validation &gt; should accept all valid format types" time="0.000709833">
        </testcase>
        <testcase classname="src/lib/validation/create-release-schema.spec.ts" name="create-release-schema &gt; optional fields validation &gt; should accept empty optional fields" time="0.000153084">
        </testcase>
        <testcase classname="src/lib/validation/create-release-schema.spec.ts" name="create-release-schema &gt; optional fields validation &gt; should accept labels as empty string" time="0.000106083">
        </testcase>
        <testcase classname="src/lib/validation/create-release-schema.spec.ts" name="create-release-schema &gt; optional fields validation &gt; should reject labels exceeding 500 characters" time="0.000160916">
        </testcase>
        <testcase classname="src/lib/validation/create-release-schema.spec.ts" name="create-release-schema &gt; optional fields validation &gt; should reject catalogNumber exceeding 100 characters" time="0.000240875">
        </testcase>
        <testcase classname="src/lib/validation/create-release-schema.spec.ts" name="create-release-schema &gt; optional fields validation &gt; should reject description exceeding 5000 characters" time="0.001051291">
        </testcase>
        <testcase classname="src/lib/validation/create-release-schema.spec.ts" name="create-release-schema &gt; optional fields validation &gt; should reject notes exceeding 2000 characters" time="0.000214667">
        </testcase>
        <testcase classname="src/lib/validation/create-release-schema.spec.ts" name="create-release-schema &gt; credits fields validation &gt; should accept empty executiveProducedBy" time="0.000190042">
        </testcase>
        <testcase classname="src/lib/validation/create-release-schema.spec.ts" name="create-release-schema &gt; credits fields validation &gt; should reject executiveProducedBy exceeding 500 characters" time="0.000206167">
        </testcase>
        <testcase classname="src/lib/validation/create-release-schema.spec.ts" name="create-release-schema &gt; credits fields validation &gt; should accept empty coProducedBy" time="0.000162917">
        </testcase>
        <testcase classname="src/lib/validation/create-release-schema.spec.ts" name="create-release-schema &gt; credits fields validation &gt; should reject coProducedBy exceeding 500 characters" time="0.00081475">
        </testcase>
        <testcase classname="src/lib/validation/create-release-schema.spec.ts" name="create-release-schema &gt; credits fields validation &gt; should accept empty masteredBy" time="0.000080375">
        </testcase>
        <testcase classname="src/lib/validation/create-release-schema.spec.ts" name="create-release-schema &gt; credits fields validation &gt; should reject masteredBy exceeding 500 characters" time="0.000338042">
        </testcase>
        <testcase classname="src/lib/validation/create-release-schema.spec.ts" name="create-release-schema &gt; credits fields validation &gt; should accept empty mixedBy" time="0.00012125">
        </testcase>
        <testcase classname="src/lib/validation/create-release-schema.spec.ts" name="create-release-schema &gt; credits fields validation &gt; should reject mixedBy exceeding 500 characters" time="0.000168375">
        </testcase>
        <testcase classname="src/lib/validation/create-release-schema.spec.ts" name="create-release-schema &gt; credits fields validation &gt; should accept empty recordedBy" time="0.000153083">
        </testcase>
        <testcase classname="src/lib/validation/create-release-schema.spec.ts" name="create-release-schema &gt; credits fields validation &gt; should reject recordedBy exceeding 500 characters" time="0.000794833">
        </testcase>
        <testcase classname="src/lib/validation/create-release-schema.spec.ts" name="create-release-schema &gt; credits fields validation &gt; should accept empty artBy" time="0.000084584">
        </testcase>
        <testcase classname="src/lib/validation/create-release-schema.spec.ts" name="create-release-schema &gt; credits fields validation &gt; should reject artBy exceeding 500 characters" time="0.000159959">
        </testcase>
        <testcase classname="src/lib/validation/create-release-schema.spec.ts" name="create-release-schema &gt; credits fields validation &gt; should accept empty designBy" time="0.000199291">
        </testcase>
        <testcase classname="src/lib/validation/create-release-schema.spec.ts" name="create-release-schema &gt; credits fields validation &gt; should reject designBy exceeding 500 characters" time="0.000177625">
        </testcase>
        <testcase classname="src/lib/validation/create-release-schema.spec.ts" name="create-release-schema &gt; credits fields validation &gt; should accept empty photographyBy" time="0.000092">
        </testcase>
        <testcase classname="src/lib/validation/create-release-schema.spec.ts" name="create-release-schema &gt; credits fields validation &gt; should reject photographyBy exceeding 500 characters" time="0.000195125">
        </testcase>
        <testcase classname="src/lib/validation/create-release-schema.spec.ts" name="create-release-schema &gt; credits fields validation &gt; should accept empty linerNotesBy" time="0.000080167">
        </testcase>
        <testcase classname="src/lib/validation/create-release-schema.spec.ts" name="create-release-schema &gt; credits fields validation &gt; should reject linerNotesBy exceeding 500 characters" time="0.000139375">
        </testcase>
        <testcase classname="src/lib/validation/create-release-schema.spec.ts" name="create-release-schema &gt; featured fields validation &gt; should accept empty featured fields" time="0.000106042">
        </testcase>
        <testcase classname="src/lib/validation/create-release-schema.spec.ts" name="create-release-schema &gt; featured fields validation &gt; should accept valid featured dates" time="0.000304834">
        </testcase>
        <testcase classname="src/lib/validation/create-release-schema.spec.ts" name="create-release-schema &gt; featured fields validation &gt; should reject featuredDescription exceeding 500 characters" time="0.000526333">
        </testcase>
        <testcase classname="src/lib/validation/create-release-schema.spec.ts" name="create-release-schema &gt; createdBy validation &gt; should accept valid MongoDB ObjectId" time="0.000124083">
        </testcase>
        <testcase classname="src/lib/validation/create-release-schema.spec.ts" name="create-release-schema &gt; createdBy validation &gt; should accept undefined createdBy" time="0.000111917">
        </testcase>
        <testcase classname="src/lib/validation/create-release-schema.spec.ts" name="create-release-schema &gt; createdBy validation &gt; should reject invalid MongoDB ObjectId format" time="0.000727042">
        </testcase>
        <testcase classname="src/lib/validation/create-release-schema.spec.ts" name="create-release-schema &gt; publishedAt validation &gt; should accept valid ISO date string" time="0.000250791">
        </testcase>
        <testcase classname="src/lib/validation/create-release-schema.spec.ts" name="create-release-schema &gt; publishedAt validation &gt; should accept empty publishedAt" time="0.002356041">
        </testcase>
        <testcase classname="src/lib/validation/create-release-schema.spec.ts" name="create-release-schema &gt; publishedAt validation &gt; should accept undefined publishedAt" time="0.000164625">
        </testcase>
        <testcase classname="src/lib/validation/create-release-schema.spec.ts" name="create-release-schema &gt; full form validation &gt; should accept complete valid data" time="0.000472167">
        </testcase>
        <testcase classname="src/lib/validation/create-release-schema.spec.ts" name="create-release-schema &gt; full form validation &gt; should accept minimal required data" time="0.000246334">
        </testcase>
        <testcase classname="src/lib/validation/create-release-schema.spec.ts" name="create-release-schema &gt; full form validation &gt; should reject data missing required fields" time="0.000424833">
        </testcase>
        <testcase classname="src/lib/validation/create-release-schema.spec.ts" name="create-release-schema &gt; artist and group validation &gt; should accept data with at least one artist" time="0.000118209">
        </testcase>
        <testcase classname="src/lib/validation/create-release-schema.spec.ts" name="create-release-schema &gt; artist and group validation &gt; should accept data with at least one group" time="0.000091791">
        </testcase>
        <testcase classname="src/lib/validation/create-release-schema.spec.ts" name="create-release-schema &gt; artist and group validation &gt; should accept data with both artists and groups" time="0.000102958">
        </testcase>
        <testcase classname="src/lib/validation/create-release-schema.spec.ts" name="create-release-schema &gt; artist and group validation &gt; should reject data with no artists and no groups" time="0.000213209">
        </testcase>
        <testcase classname="src/lib/validation/create-release-schema.spec.ts" name="create-release-schema &gt; artist and group validation &gt; should reject data with undefined artists and groups" time="0.000120667">
        </testcase>
    </testsuite>
</testsuites>
