<?xml version="1.0" encoding="UTF-8" ?>
<testsuites name="vitest tests" tests="1135" failures="1" errors="0" time="8.509027535">
    <testsuite name="src/app/components/ui/vertical-separator.spec.tsx" timestamp="2026-02-07T23:26:40.114Z" hostname="runnervmwffz4" tests="5" failures="0" errors="0" skipped="0" time="0.042367019">
        <testcase classname="src/app/components/ui/vertical-separator.spec.tsx" name="VerticalSeparator &gt; renders" time="0.003047593">
        </testcase>
        <testcase classname="src/app/components/ui/vertical-separator.spec.tsx" name="VerticalSeparator &gt; has vertical orientation" time="0.002996196">
        </testcase>
        <testcase classname="src/app/components/ui/vertical-separator.spec.tsx" name="VerticalSeparator &gt; has default height class" time="0.00308909">
        </testcase>
        <testcase classname="src/app/components/ui/vertical-separator.spec.tsx" name="VerticalSeparator &gt; applies custom className" time="0.002914234">
        </testcase>
        <testcase classname="src/app/components/ui/vertical-separator.spec.tsx" name="VerticalSeparator &gt; has margin class" time="0.028228778">
        </testcase>
    </testsuite>
    <testsuite name="src/app/components/ui/input.spec.tsx" timestamp="2026-02-07T23:26:40.117Z" hostname="runnervmwffz4" tests="40" failures="0" errors="0" skipped="0" time="0.387010743">
        <testcase classname="src/app/components/ui/input.spec.tsx" name="Input &gt; rendering &gt; should render an input element" time="0.002433466">
        </testcase>
        <testcase classname="src/app/components/ui/input.spec.tsx" name="Input &gt; rendering &gt; should render with default type text" time="0.002707708">
        </testcase>
        <testcase classname="src/app/components/ui/input.spec.tsx" name="Input &gt; rendering &gt; should render with specified type" time="0.002492326">
        </testcase>
        <testcase classname="src/app/components/ui/input.spec.tsx" name="Input &gt; rendering &gt; should render password input correctly" time="0.001058437">
        </testcase>
        <testcase classname="src/app/components/ui/input.spec.tsx" name="Input &gt; rendering &gt; should render number input correctly" time="0.006014064">
        </testcase>
        <testcase classname="src/app/components/ui/input.spec.tsx" name="Input &gt; styling &gt; should apply default CSS classes" time="0.002702067">
        </testcase>
        <testcase classname="src/app/components/ui/input.spec.tsx" name="Input &gt; styling &gt; should apply custom className along with default classes" time="0.002694825">
        </testcase>
        <testcase classname="src/app/components/ui/input.spec.tsx" name="Input &gt; styling &gt; should have focus styles in classes" time="0.001929074">
        </testcase>
        <testcase classname="src/app/components/ui/input.spec.tsx" name="Input &gt; styling &gt; should have disabled styles in classes" time="0.002873738">
        </testcase>
        <testcase classname="src/app/components/ui/input.spec.tsx" name="Input &gt; styling &gt; should have invalid styles in classes" time="0.002388421">
        </testcase>
        <testcase classname="src/app/components/ui/input.spec.tsx" name="Input &gt; states &gt; should be enabled by default" time="0.003871812">
        </testcase>
        <testcase classname="src/app/components/ui/input.spec.tsx" name="Input &gt; states &gt; should be disabled when disabled prop is true" time="0.003833542">
        </testcase>
        <testcase classname="src/app/components/ui/input.spec.tsx" name="Input &gt; states &gt; should show as required when required prop is true" time="0.003798385">
        </testcase>
        <testcase classname="src/app/components/ui/input.spec.tsx" name="Input &gt; states &gt; should show as invalid when aria-invalid is true" time="0.003906367">
        </testcase>
        <testcase classname="src/app/components/ui/input.spec.tsx" name="Input &gt; interactions &gt; should handle text input" time="0.043999495">
        </testcase>
        <testcase classname="src/app/components/ui/input.spec.tsx" name="Input &gt; interactions &gt; should call onChange handler" time="0.020380582">
        </testcase>
        <testcase classname="src/app/components/ui/input.spec.tsx" name="Input &gt; interactions &gt; should call onFocus handler" time="0.016625367">
        </testcase>
        <testcase classname="src/app/components/ui/input.spec.tsx" name="Input &gt; interactions &gt; should call onBlur handler" time="0.016713992">
        </testcase>
        <testcase classname="src/app/components/ui/input.spec.tsx" name="Input &gt; interactions &gt; should not call handlers when disabled" time="0.02274593">
        </testcase>
        <testcase classname="src/app/components/ui/input.spec.tsx" name="Input &gt; attributes &gt; should support placeholder" time="0.002172809">
        </testcase>
        <testcase classname="src/app/components/ui/input.spec.tsx" name="Input &gt; attributes &gt; should support defaultValue" time="0.002139366">
        </testcase>
        <testcase classname="src/app/components/ui/input.spec.tsx" name="Input &gt; attributes &gt; should support value (controlled)" time="0.003931174">
        </testcase>
        <testcase classname="src/app/components/ui/input.spec.tsx" name="Input &gt; attributes &gt; should support name attribute" time="0.005314037">
        </testcase>
        <testcase classname="src/app/components/ui/input.spec.tsx" name="Input &gt; attributes &gt; should support id attribute" time="0.006726866">
        </testcase>
        <testcase classname="src/app/components/ui/input.spec.tsx" name="Input &gt; attributes &gt; should support maxLength" time="0.004844199">
        </testcase>
        <testcase classname="src/app/components/ui/input.spec.tsx" name="Input &gt; attributes &gt; should support minLength" time="0.004524832">
        </testcase>
        <testcase classname="src/app/components/ui/input.spec.tsx" name="Input &gt; attributes &gt; should support pattern" time="0.048146519">
        </testcase>
        <testcase classname="src/app/components/ui/input.spec.tsx" name="Input &gt; accessibility &gt; should be focusable" time="0.002316607">
        </testcase>
        <testcase classname="src/app/components/ui/input.spec.tsx" name="Input &gt; accessibility &gt; should not be focusable when disabled" time="0.002925435">
        </testcase>
        <testcase classname="src/app/components/ui/input.spec.tsx" name="Input &gt; accessibility &gt; should support aria-label" time="0.003168369">
        </testcase>
        <testcase classname="src/app/components/ui/input.spec.tsx" name="Input &gt; accessibility &gt; should support aria-describedby" time="0.004511667">
        </testcase>
        <testcase classname="src/app/components/ui/input.spec.tsx" name="Input &gt; accessibility &gt; should support aria-invalid" time="0.002596881">
        </testcase>
        <testcase classname="src/app/components/ui/input.spec.tsx" name="Input &gt; input types &gt; should handle email type with validation" time="0.040413659">
        </testcase>
        <testcase classname="src/app/components/ui/input.spec.tsx" name="Input &gt; input types &gt; should handle password type" time="0.026507687">
        </testcase>
        <testcase classname="src/app/components/ui/input.spec.tsx" name="Input &gt; input types &gt; should handle number type" time="0.017327178">
        </testcase>
        <testcase classname="src/app/components/ui/input.spec.tsx" name="Input &gt; input types &gt; should handle search type" time="0.003385994">
        </testcase>
        <testcase classname="src/app/components/ui/input.spec.tsx" name="Input &gt; input types &gt; should handle tel type" time="0.002876463">
        </testcase>
        <testcase classname="src/app/components/ui/input.spec.tsx" name="Input &gt; input types &gt; should handle url type" time="0.00340493">
        </testcase>
        <testcase classname="src/app/components/ui/input.spec.tsx" name="Input &gt; file input &gt; should handle file input type" time="0.03026728">
        </testcase>
        <testcase classname="src/app/components/ui/input.spec.tsx" name="Input &gt; file input &gt; should apply file-specific styles" time="0.002953887">
        </testcase>
    </testsuite>
    <testsuite name="src/app/components/ui/spinner/spinner.spec.tsx" timestamp="2026-02-07T23:26:40.125Z" hostname="runnervmwffz4" tests="24" failures="0" errors="0" skipped="0" time="0.111439551">
        <testcase classname="src/app/components/ui/spinner/spinner.spec.tsx" name="Spinner &gt; rendering &gt; should render the spinner" time="0.001260374">
        </testcase>
        <testcase classname="src/app/components/ui/spinner/spinner.spec.tsx" name="Spinner &gt; rendering &gt; should have proper aria-label for accessibility" time="0.012006328">
        </testcase>
        <testcase classname="src/app/components/ui/spinner/spinner.spec.tsx" name="Spinner &gt; size variants &gt; should render with default sm size" time="0.001399194">
        </testcase>
        <testcase classname="src/app/components/ui/spinner/spinner.spec.tsx" name="Spinner &gt; size variants &gt; should render with sm size" time="0.001206514">
        </testcase>
        <testcase classname="src/app/components/ui/spinner/spinner.spec.tsx" name="Spinner &gt; size variants &gt; should render with md size" time="0.001132315">
        </testcase>
        <testcase classname="src/app/components/ui/spinner/spinner.spec.tsx" name="Spinner &gt; size variants &gt; should render with lg size" time="0.001558982">
        </testcase>
        <testcase classname="src/app/components/ui/spinner/spinner.spec.tsx" name="Spinner &gt; variant styles &gt; should render with default variant" time="0.001825149">
        </testcase>
        <testcase classname="src/app/components/ui/spinner/spinner.spec.tsx" name="Spinner &gt; variant styles &gt; should render with primary variant" time="0.002667543">
        </testcase>
        <testcase classname="src/app/components/ui/spinner/spinner.spec.tsx" name="Spinner &gt; variant styles &gt; should render with secondary variant" time="0.003138563">
        </testcase>
        <testcase classname="src/app/components/ui/spinner/spinner.spec.tsx" name="Spinner &gt; variant styles &gt; should render with accent variant" time="0.001752343">
        </testcase>
        <testcase classname="src/app/components/ui/spinner/spinner.spec.tsx" name="Spinner &gt; className prop &gt; should apply custom className" time="0.02988719">
        </testcase>
        <testcase classname="src/app/components/ui/spinner/spinner.spec.tsx" name="Spinner &gt; className prop &gt; should merge custom className with variant classes" time="0.002633008">
        </testcase>
        <testcase classname="src/app/components/ui/spinner/spinner.spec.tsx" name="Spinner &gt; additional props &gt; should pass through data-testid" time="0.002268958">
        </testcase>
        <testcase classname="src/app/components/ui/spinner/spinner.spec.tsx" name="Spinner &gt; additional props &gt; should pass through style prop" time="0.039672689">
        </testcase>
        <testcase classname="src/app/components/ui/spinner/spinner.spec.tsx" name="Spinner &gt; additional props &gt; should pass through id prop" time="0.002066791">
        </testcase>
        <testcase classname="src/app/components/ui/spinner/spinner.spec.tsx" name="Spinner &gt; spinnerVariants &gt; should export spinnerVariants function" time="0.000235209">
        </testcase>
        <testcase classname="src/app/components/ui/spinner/spinner.spec.tsx" name="Spinner &gt; spinnerVariants &gt; should generate correct classes for sm size" time="0.000130103">
        </testcase>
        <testcase classname="src/app/components/ui/spinner/spinner.spec.tsx" name="Spinner &gt; spinnerVariants &gt; should generate correct classes for md size" time="0.000137657">
        </testcase>
        <testcase classname="src/app/components/ui/spinner/spinner.spec.tsx" name="Spinner &gt; spinnerVariants &gt; should generate correct classes for lg size" time="0.000129391">
        </testcase>
        <testcase classname="src/app/components/ui/spinner/spinner.spec.tsx" name="Spinner &gt; spinnerVariants &gt; should generate correct classes for primary variant" time="0.000174106">
        </testcase>
        <testcase classname="src/app/components/ui/spinner/spinner.spec.tsx" name="Spinner &gt; spinnerVariants &gt; should generate correct classes for secondary variant" time="0.000126075">
        </testcase>
        <testcase classname="src/app/components/ui/spinner/spinner.spec.tsx" name="Spinner &gt; spinnerVariants &gt; should generate correct classes for accent variant" time="0.000122859">
        </testcase>
        <testcase classname="src/app/components/ui/spinner/spinner.spec.tsx" name="Spinner &gt; spinnerVariants &gt; should generate correct default classes" time="0.000355233">
        </testcase>
        <testcase classname="src/app/components/ui/spinner/spinner.spec.tsx" name="Spinner &gt; animation &gt; should have animate-spin class" time="0.002754045">
        </testcase>
    </testsuite>
    <testsuite name="src/lib/decorators/with-auth.spec.ts" timestamp="2026-02-07T23:26:40.130Z" hostname="runnervmwffz4" tests="25" failures="0" errors="0" skipped="0" time="0.016902944">
        <testcase classname="src/lib/decorators/with-auth.spec.ts" name="withAuth decorator &gt; authentication &gt; should call the handler when user is authenticated" time="0.000622132">
        </testcase>
        <testcase classname="src/lib/decorators/with-auth.spec.ts" name="withAuth decorator &gt; authentication &gt; should return 401 when user is not authenticated" time="0.000787742">
        </testcase>
        <testcase classname="src/lib/decorators/with-auth.spec.ts" name="withAuth decorator &gt; authentication &gt; should return 401 when auth throws an error" time="0.001701699">
        </testcase>
        <testcase classname="src/lib/decorators/with-auth.spec.ts" name="withAuth decorator &gt; authentication &gt; should pass through the original handler response" time="0.000239788">
        </testcase>
        <testcase classname="src/lib/decorators/with-auth.spec.ts" name="withAuth decorator &gt; authentication &gt; should handle synchronous handler responses" time="0.00052949">
        </testcase>
        <testcase classname="src/lib/decorators/with-auth.spec.ts" name="withAuth decorator &gt; context and parameters &gt; should pass request context with parameters correctly" time="0.003497553">
        </testcase>
        <testcase classname="src/lib/decorators/with-auth.spec.ts" name="withAuth decorator &gt; context and parameters &gt; should handle empty context parameters" time="0.000613837">
        </testcase>
        <testcase classname="src/lib/decorators/with-auth.spec.ts" name="withAuth decorator &gt; session data handling &gt; should handle session with complete user data" time="0.000360784">
        </testcase>
        <testcase classname="src/lib/decorators/with-auth.spec.ts" name="withAuth decorator &gt; session data handling &gt; should handle session with minimal user data" time="0.000458366">
        </testcase>
        <testcase classname="src/lib/decorators/with-auth.spec.ts" name="withAdmin decorator &gt; admin authorization &gt; should call the handler when user has admin role" time="0.000313766">
        </testcase>
        <testcase classname="src/lib/decorators/with-auth.spec.ts" name="withAdmin decorator &gt; admin authorization &gt; should return 403 when user does not have admin role" time="0.000331159">
        </testcase>
        <testcase classname="src/lib/decorators/with-auth.spec.ts" name="withAdmin decorator &gt; admin authorization &gt; should return 403 when user has no role" time="0.000318886">
        </testcase>
        <testcase classname="src/lib/decorators/with-auth.spec.ts" name="withAdmin decorator &gt; admin authorization &gt; should return 403 when user has null role" time="0.000429131">
        </testcase>
        <testcase classname="src/lib/decorators/with-auth.spec.ts" name="withAdmin decorator &gt; admin authorization &gt; should return 401 when session is null" time="0.00035321">
        </testcase>
        <testcase classname="src/lib/decorators/with-auth.spec.ts" name="withAdmin decorator &gt; admin authorization &gt; should return 403 when session user is undefined" time="0.000411218">
        </testcase>
        <testcase classname="src/lib/decorators/with-auth.spec.ts" name="withAdmin decorator &gt; auth error handling &gt; should return 403 when auth throws an error" time="0.000514371">
        </testcase>
        <testcase classname="src/lib/decorators/with-auth.spec.ts" name="withAdmin decorator &gt; response handling &gt; should pass through the original handler response" time="0.000282819">
        </testcase>
        <testcase classname="src/lib/decorators/with-auth.spec.ts" name="withAdmin decorator &gt; response handling &gt; should handle synchronous handler responses" time="0.000210404">
        </testcase>
        <testcase classname="src/lib/decorators/with-auth.spec.ts" name="withAdmin decorator &gt; role validation edge cases &gt; should accept exact &quot;admin&quot; role" time="0.000388957">
        </testcase>
        <testcase classname="src/lib/decorators/with-auth.spec.ts" name="withAdmin decorator &gt; role validation edge cases &gt; should reject case variation &quot;ADMIN&quot;" time="0.00019265">
        </testcase>
        <testcase classname="src/lib/decorators/with-auth.spec.ts" name="withAdmin decorator &gt; role validation edge cases &gt; should reject case variation &quot;Admin&quot;" time="0.000297145">
        </testcase>
        <testcase classname="src/lib/decorators/with-auth.spec.ts" name="withAdmin decorator &gt; role validation edge cases &gt; should reject role &quot;user&quot;" time="0.00028377">
        </testcase>
        <testcase classname="src/lib/decorators/with-auth.spec.ts" name="withAdmin decorator &gt; role validation edge cases &gt; should reject role &quot;moderator&quot;" time="0.000223979">
        </testcase>
        <testcase classname="src/lib/decorators/with-auth.spec.ts" name="withAdmin decorator &gt; role validation edge cases &gt; should reject role &quot;superuser&quot;" time="0.000145221">
        </testcase>
        <testcase classname="src/lib/decorators/with-auth.spec.ts" name="withAdmin decorator &gt; role validation edge cases &gt; should reject role &quot;administrator&quot;" time="0.000179876">
        </testcase>
    </testsuite>
    <testsuite name="src/app/components/ui/audio-player.spec.tsx" timestamp="2026-02-07T23:26:40.135Z" hostname="runnervmwffz4" tests="11" failures="0" errors="0" skipped="0" time="0.058181113">
        <testcase classname="src/app/components/ui/audio-player.spec.tsx" name="AudioPlayer &gt; renders the player container" time="0.001926679">
        </testcase>
        <testcase classname="src/app/components/ui/audio-player.spec.tsx" name="AudioPlayer &gt; renders with default audio type" time="0.002450087">
        </testcase>
        <testcase classname="src/app/components/ui/audio-player.spec.tsx" name="AudioPlayer &gt; renders with custom audio type" time="0.0016539">
        </testcase>
        <testcase classname="src/app/components/ui/audio-player.spec.tsx" name="AudioPlayer &gt; renders poster image when provided" time="0.027798799">
            <system-err>
Received `true` for a non-boolean attribute `priority`.

If you want to write it to the DOM, pass a string instead: priority=&quot;true&quot; or priority={value.toString()}.

            </system-err>
        </testcase>
        <testcase classname="src/app/components/ui/audio-player.spec.tsx" name="AudioPlayer &gt; does not render poster image when not provided" time="0.001864172">
        </testcase>
        <testcase classname="src/app/components/ui/audio-player.spec.tsx" name="AudioPlayer &gt; calls onReady callback when player is ready" time="0.004410159">
        </testcase>
        <testcase classname="src/app/components/ui/audio-player.spec.tsx" name="AudioPlayer &gt; does not call onReady when not provided" time="0.001680269">
        </testcase>
        <testcase classname="src/app/components/ui/audio-player.spec.tsx" name="AudioPlayer &gt; has responsive player container classes" time="0.003786734">
        </testcase>
        <testcase classname="src/app/components/ui/audio-player.spec.tsx" name="AudioPlayer &gt; renders poster container with correct classes" time="0.002138485">
        </testcase>
        <testcase classname="src/app/components/ui/audio-player.spec.tsx" name="AudioPlayer &gt; disposes player on unmount" time="0.005686873">
        </testcase>
        <testcase classname="src/app/components/ui/audio-player.spec.tsx" name="AudioPlayer &gt; does not dispose already disposed player" time="0.002835637">
        </testcase>
    </testsuite>
    <testsuite name="src/lib/actions/change-email-action.spec.ts" timestamp="2026-02-07T23:26:40.137Z" hostname="runnervmwffz4" tests="28" failures="0" errors="0" skipped="0" time="0.024080633">
        <testcase classname="src/lib/actions/change-email-action.spec.ts" name="changeEmailAction &gt; successful email change flow &gt; should update email and sign out when data is valid" time="0.000852192">
        </testcase>
        <testcase classname="src/lib/actions/change-email-action.spec.ts" name="changeEmailAction &gt; successful email change flow &gt; should use session email as previousEmail when not provided" time="0.002019713">
        </testcase>
        <testcase classname="src/lib/actions/change-email-action.spec.ts" name="changeEmailAction &gt; successful email change flow &gt; should use empty string for previousEmail when session has no email" time="0.000573632">
        </testcase>
        <testcase classname="src/lib/actions/change-email-action.spec.ts" name="changeEmailAction &gt; successful email change flow &gt; should set hasTimeout to false on successful update" time="0.000488643">
        </testcase>
        <testcase classname="src/lib/actions/change-email-action.spec.ts" name="changeEmailAction &gt; security audit logging &gt; should log security event when email is successfully changed" time="0.00059972">
        </testcase>
        <testcase classname="src/lib/actions/change-email-action.spec.ts" name="changeEmailAction &gt; security audit logging &gt; should log security event with session email when previousEmail not provided" time="0.000757695">
        </testcase>
        <testcase classname="src/lib/actions/change-email-action.spec.ts" name="changeEmailAction &gt; security audit logging &gt; should log security event with empty string when no email in session" time="0.000675893">
        </testcase>
        <testcase classname="src/lib/actions/change-email-action.spec.ts" name="changeEmailAction &gt; security audit logging &gt; should handle logSecurityEvent failures gracefully" time="0.000497039">
        </testcase>
        <testcase classname="src/lib/actions/change-email-action.spec.ts" name="changeEmailAction &gt; security audit logging &gt; should not log security event when email update fails" time="0.000343843">
        </testcase>
        <testcase classname="src/lib/actions/change-email-action.spec.ts" name="changeEmailAction &gt; security audit logging &gt; should not log security event when user is not authenticated" time="0.000397823">
        </testcase>
        <testcase classname="src/lib/actions/change-email-action.spec.ts" name="changeEmailAction &gt; validation failures &gt; should return form state with errors when validation fails" time="0.000518369">
        </testcase>
        <testcase classname="src/lib/actions/change-email-action.spec.ts" name="changeEmailAction &gt; validation failures &gt; should return error when emails do not match" time="0.000642932">
        </testcase>
        <testcase classname="src/lib/actions/change-email-action.spec.ts" name="changeEmailAction &gt; authentication failures &gt; should return error when user is not authenticated" time="0.003284967">
        </testcase>
        <testcase classname="src/lib/actions/change-email-action.spec.ts" name="changeEmailAction &gt; authentication failures &gt; should return error when session has no user id" time="0.000751644">
        </testcase>
        <testcase classname="src/lib/actions/change-email-action.spec.ts" name="changeEmailAction &gt; database errors &gt; should handle duplicate email errors" time="0.00041276">
        </testcase>
        <testcase classname="src/lib/actions/change-email-action.spec.ts" name="changeEmailAction &gt; database errors &gt; should handle timeout errors with ETIMEOUT in message" time="0.000490236">
        </testcase>
        <testcase classname="src/lib/actions/change-email-action.spec.ts" name="changeEmailAction &gt; database errors &gt; should handle timeout errors with &quot;timeout&quot; in message" time="0.000404486">
        </testcase>
        <testcase classname="src/lib/actions/change-email-action.spec.ts" name="changeEmailAction &gt; database errors &gt; should handle timeout errors with &quot;timed out&quot; in message" time="0.000366144">
        </testcase>
        <testcase classname="src/lib/actions/change-email-action.spec.ts" name="changeEmailAction &gt; database errors &gt; should handle timeout errors with ETIMEOUT error code" time="0.000558904">
        </testcase>
        <testcase classname="src/lib/actions/change-email-action.spec.ts" name="changeEmailAction &gt; database errors &gt; should handle unknown Prisma errors with P2002 but different target" time="0.000585072">
        </testcase>
        <testcase classname="src/lib/actions/change-email-action.spec.ts" name="changeEmailAction &gt; database errors &gt; should handle other Prisma errors" time="0.000714194">
        </testcase>
        <testcase classname="src/lib/actions/change-email-action.spec.ts" name="changeEmailAction &gt; database errors &gt; should handle general errors" time="0.000415857">
        </testcase>
        <testcase classname="src/lib/actions/change-email-action.spec.ts" name="changeEmailAction &gt; database errors &gt; should handle non-Error thrown values" time="0.001951626">
        </testcase>
        <testcase classname="src/lib/actions/change-email-action.spec.ts" name="changeEmailAction &gt; database errors &gt; should initialize formState.errors when undefined on duplicate email error" time="0.000490135">
        </testcase>
        <testcase classname="src/lib/actions/change-email-action.spec.ts" name="changeEmailAction &gt; signOut errors &gt; should handle signOut failures gracefully" time="0.000521174">
        </testcase>
        <testcase classname="src/lib/actions/change-email-action.spec.ts" name="changeEmailAction &gt; edge cases &gt; should preserve form state fields when returning errors" time="0.000589742">
        </testcase>
        <testcase classname="src/lib/actions/change-email-action.spec.ts" name="changeEmailAction &gt; edge cases &gt; should handle empty email strings" time="0.000576307">
        </testcase>
        <testcase classname="src/lib/actions/change-email-action.spec.ts" name="changeEmailAction &gt; edge cases &gt; should not redirect when email update fails" time="0.000746966">
        </testcase>
    </testsuite>
    <testsuite name="src/app/components/ui/chart.spec.tsx" timestamp="2026-02-07T23:26:40.143Z" hostname="runnervmwffz4" tests="30" failures="0" errors="0" skipped="0" time="0.155227381">
        <testcase classname="src/app/components/ui/chart.spec.tsx" name="ChartContainer &gt; renders with data-slot attribute" time="0.001555606">
        </testcase>
        <testcase classname="src/app/components/ui/chart.spec.tsx" name="ChartContainer &gt; renders with data-chart attribute containing unique id" time="0.001878749">
        </testcase>
        <testcase classname="src/app/components/ui/chart.spec.tsx" name="ChartContainer &gt; applies custom className" time="0.002789491">
        </testcase>
        <testcase classname="src/app/components/ui/chart.spec.tsx" name="ChartContainer &gt; uses custom id when provided" time="0.002145748">
        </testcase>
        <testcase classname="src/app/components/ui/chart.spec.tsx" name="ChartContainer &gt; renders children inside ResponsiveContainer" time="0.001865325">
        </testcase>
        <testcase classname="src/app/components/ui/chart.spec.tsx" name="ChartStyle &gt; renders style element with color config" time="0.001612482">
        </testcase>
        <testcase classname="src/app/components/ui/chart.spec.tsx" name="ChartStyle &gt; renders style element with theme config" time="0.002543381">
        </testcase>
        <testcase classname="src/app/components/ui/chart.spec.tsx" name="ChartStyle &gt; returns null for empty color config" time="0.000809723">
        </testcase>
        <testcase classname="src/app/components/ui/chart.spec.tsx" name="ChartTooltip &gt; exports ChartTooltip component" time="0.000178344">
        </testcase>
        <testcase classname="src/app/components/ui/chart.spec.tsx" name="ChartTooltipContent &gt; returns null when not active" time="0.002626186">
        </testcase>
        <testcase classname="src/app/components/ui/chart.spec.tsx" name="ChartTooltipContent &gt; returns null when payload is empty" time="0.006308865">
        </testcase>
        <testcase classname="src/app/components/ui/chart.spec.tsx" name="ChartTooltipContent &gt; renders tooltip content when active with payload" time="0.00411689">
        </testcase>
        <testcase classname="src/app/components/ui/chart.spec.tsx" name="ChartTooltipContent &gt; renders with dot indicator by default" time="0.052928412">
        </testcase>
        <testcase classname="src/app/components/ui/chart.spec.tsx" name="ChartTooltipContent &gt; renders with line indicator" time="0.0041704">
        </testcase>
        <testcase classname="src/app/components/ui/chart.spec.tsx" name="ChartTooltipContent &gt; renders with dashed indicator" time="0.0056583">
        </testcase>
        <testcase classname="src/app/components/ui/chart.spec.tsx" name="ChartTooltipContent &gt; hides label when hideLabel is true" time="0.003321217">
        </testcase>
        <testcase classname="src/app/components/ui/chart.spec.tsx" name="ChartTooltipContent &gt; hides indicator when hideIndicator is true" time="0.005533427">
        </testcase>
        <testcase classname="src/app/components/ui/chart.spec.tsx" name="ChartTooltipContent &gt; uses custom formatter when provided" time="0.010305831">
        </testcase>
        <testcase classname="src/app/components/ui/chart.spec.tsx" name="ChartTooltipContent &gt; uses custom labelFormatter when provided" time="0.007153994">
        </testcase>
        <testcase classname="src/app/components/ui/chart.spec.tsx" name="ChartTooltipContent &gt; filters out items with type &quot;none&quot;" time="0.002810019">
        </testcase>
        <testcase classname="src/app/components/ui/chart.spec.tsx" name="ChartLegend &gt; exports ChartLegend component" time="0.000169747">
        </testcase>
        <testcase classname="src/app/components/ui/chart.spec.tsx" name="ChartLegendContent &gt; returns null when payload is empty" time="0.00121545">
        </testcase>
        <testcase classname="src/app/components/ui/chart.spec.tsx" name="ChartLegendContent &gt; returns null when payload is undefined" time="0.001548823">
        </testcase>
        <testcase classname="src/app/components/ui/chart.spec.tsx" name="ChartLegendContent &gt; renders legend items with payload" time="0.005354041">
        </testcase>
        <testcase classname="src/app/components/ui/chart.spec.tsx" name="ChartLegendContent &gt; hides icon when hideIcon is true" time="0.001704363">
        </testcase>
        <testcase classname="src/app/components/ui/chart.spec.tsx" name="ChartLegendContent &gt; renders with custom icon when provided in config" time="0.002231619">
        </testcase>
        <testcase classname="src/app/components/ui/chart.spec.tsx" name="ChartLegendContent &gt; filters out items with type &quot;none&quot;" time="0.001638711">
        </testcase>
        <testcase classname="src/app/components/ui/chart.spec.tsx" name="ChartLegendContent &gt; renders with verticalAlign top" time="0.002030082">
        </testcase>
        <testcase classname="src/app/components/ui/chart.spec.tsx" name="ChartLegendContent &gt; renders with verticalAlign bottom" time="0.010654894">
        </testcase>
        <testcase classname="src/app/components/ui/chart.spec.tsx" name="useChart hook error &gt; throws error when used outside ChartContainer context" time="0.005401551">
        </testcase>
    </testsuite>
    <testsuite name="src/lib/utils/cover-art-upload.spec.ts" timestamp="2026-02-07T23:26:40.149Z" hostname="runnervmwffz4" tests="15" failures="0" errors="0" skipped="0" time="0.028234171">
        <testcase classname="src/lib/utils/cover-art-upload.spec.ts" name="cover-art-upload &gt; uploadCoverArtToS3 &gt; should upload base64 cover art to S3 and return CDN URL" time="0.001729651">
            <system-out>
[Cover Art Upload] Converting base64 to file: {
  fileName: [32m&apos;test-album-cover.jpg&apos;[39m,
  mimeType: [32m&apos;image/jpeg&apos;[39m,
  fileSize: [33m20[39m
}

[Cover Art Upload] Successfully uploaded cover art: {
  cdnUrl: [32m&apos;https://cdn.example.com/media/releases/coverart/test-cover.jpg&apos;[39m
}

            </system-out>
        </testcase>
        <testcase classname="src/lib/utils/cover-art-upload.spec.ts" name="cover-art-upload &gt; uploadCoverArtToS3 &gt; should handle PNG images correctly" time="0.001563367">
            <system-out>
[Cover Art Upload] Converting base64 to file: {
  fileName: [32m&apos;test-album-cover.png&apos;[39m,
  mimeType: [32m&apos;image/png&apos;[39m,
  fileSize: [33m24[39m
}

[Cover Art Upload] Successfully uploaded cover art: {
  cdnUrl: [32m&apos;https://cdn.example.com/media/releases/coverart/test-cover.png&apos;[39m
}

            </system-out>
        </testcase>
        <testcase classname="src/lib/utils/cover-art-upload.spec.ts" name="cover-art-upload &gt; uploadCoverArtToS3 &gt; should return error when presigned URL fetch fails" time="0.00092926">
            <system-out>
[Cover Art Upload] Converting base64 to file: {
  fileName: [32m&apos;test-album-cover.jpg&apos;[39m,
  mimeType: [32m&apos;image/jpeg&apos;[39m,
  fileSize: [33m20[39m
}

            </system-out>
            <system-err>
[Cover Art Upload] Failed to get presigned URL: Failed to get presigned URL

            </system-err>
        </testcase>
        <testcase classname="src/lib/utils/cover-art-upload.spec.ts" name="cover-art-upload &gt; uploadCoverArtToS3 &gt; should return error when S3 upload fails" time="0.001038911">
            <system-out>
[Cover Art Upload] Converting base64 to file: {
  fileName: [32m&apos;test-album-cover.jpg&apos;[39m,
  mimeType: [32m&apos;image/jpeg&apos;[39m,
  fileSize: [33m20[39m
}

            </system-out>
            <system-err>
[Cover Art Upload] S3 upload failed: Network error

            </system-err>
        </testcase>
        <testcase classname="src/lib/utils/cover-art-upload.spec.ts" name="cover-art-upload &gt; uploadCoverArtToS3 &gt; should handle missing album name gracefully" time="0.001468043">
            <system-out>
[Cover Art Upload] Converting base64 to file: { fileName: [32m&apos;cover-cover.jpg&apos;[39m, mimeType: [32m&apos;image/jpeg&apos;[39m, fileSize: [33m20[39m }

[Cover Art Upload] Successfully uploaded cover art: { cdnUrl: [32m&apos;https://cdn.example.com/test.jpg&apos;[39m }

            </system-out>
        </testcase>
        <testcase classname="src/lib/utils/cover-art-upload.spec.ts" name="cover-art-upload &gt; uploadCoverArtToS3 &gt; should sanitize special characters in album name" time="0.001062284">
            <system-out>
[Cover Art Upload] Converting base64 to file: {
  fileName: [32m&apos;test-album-------cover.jpg&apos;[39m,
  mimeType: [32m&apos;image/jpeg&apos;[39m,
  fileSize: [33m20[39m
}

[Cover Art Upload] Successfully uploaded cover art: { cdnUrl: [32m&apos;https://cdn.example.com/test.jpg&apos;[39m }

            </system-out>
        </testcase>
        <testcase classname="src/lib/utils/cover-art-upload.spec.ts" name="cover-art-upload &gt; uploadCoverArtToS3 &gt; should handle exceptions gracefully" time="0.005766863">
            <system-out>
[Cover Art Upload] Converting base64 to file: {
  fileName: [32m&apos;test-album-cover.jpg&apos;[39m,
  mimeType: [32m&apos;image/jpeg&apos;[39m,
  fileSize: [33m20[39m
}

            </system-out>
            <system-err>
[Cover Art Upload] Error: Error: Network failure
    at [90m/home/runner/work/boudreaux/boudreaux/[39msrc/lib/utils/cover-art-upload.spec.ts:215:58
    at [90mfile:///home/runner/work/boudreaux/boudreaux/[39mnode_modules/[4m@vitest/runner[24m/dist/index.js:145:11
    at [90mfile:///home/runner/work/boudreaux/boudreaux/[39mnode_modules/[4m@vitest/runner[24m/dist/index.js:915:26
    at [90mfile:///home/runner/work/boudreaux/boudreaux/[39mnode_modules/[4m@vitest/runner[24m/dist/index.js:1243:20
    at new Promise (&lt;anonymous&gt;)
    at runWithTimeout [90m(file:///home/runner/work/boudreaux/boudreaux/[39mnode_modules/[4m@vitest/runner[24m/dist/index.js:1209:10[90m)[39m
    at [90mfile:///home/runner/work/boudreaux/boudreaux/[39mnode_modules/[4m@vitest/runner[24m/dist/index.js:1653:37
    at Traces.$ [90m(file:///home/runner/work/boudreaux/boudreaux/[39mnode_modules/[4mvitest[24m/dist/chunks/traces.CCmnQaNT.js:142:27[90m)[39m
    at trace [90m(file:///home/runner/work/boudreaux/boudreaux/[39mnode_modules/[4mvitest[24m/dist/chunks/test.B8ej_ZHS.js:239:21[90m)[39m
    at runTest [90m(file:///home/runner/work/boudreaux/boudreaux/[39mnode_modules/[4m@vitest/runner[24m/dist/index.js:1653:12[90m)[39m

            </system-err>
        </testcase>
        <testcase classname="src/lib/utils/cover-art-upload.spec.ts" name="cover-art-upload &gt; uploadCoverArtToS3 &gt; should handle webp image format" time="0.000962634">
            <system-out>
[Cover Art Upload] Converting base64 to file: { fileName: [32m&apos;test-cover.webp&apos;[39m, mimeType: [32m&apos;image/webp&apos;[39m, fileSize: [33m44[39m }

[Cover Art Upload] Successfully uploaded cover art: { cdnUrl: [32m&apos;https://cdn.example.com/test.webp&apos;[39m }

            </system-out>
        </testcase>
        <testcase classname="src/lib/utils/cover-art-upload.spec.ts" name="cover-art-upload &gt; uploadCoverArtToS3 &gt; should handle unknown image format with default extension" time="0.005800105">
            <system-out>
[Cover Art Upload] Converting base64 to file: { fileName: [32m&apos;test-cover.jpg&apos;[39m, mimeType: [32m&apos;image/xyz&apos;[39m, fileSize: [33m4[39m }

[Cover Art Upload] Successfully uploaded cover art: { cdnUrl: [32m&apos;https://cdn.example.com/test.jpg&apos;[39m }

            </system-out>
        </testcase>
        <testcase classname="src/lib/utils/cover-art-upload.spec.ts" name="cover-art-upload &gt; uploadCoverArtToS3 &gt; should return error when presigned data is empty" time="0.000908187">
            <system-out>
[Cover Art Upload] Converting base64 to file: {
  fileName: [32m&apos;test-album-cover.jpg&apos;[39m,
  mimeType: [32m&apos;image/jpeg&apos;[39m,
  fileSize: [33m20[39m
}

            </system-out>
            <system-err>
[Cover Art Upload] Failed to get presigned URL: [90mundefined[39m

            </system-err>
        </testcase>
        <testcase classname="src/lib/utils/cover-art-upload.spec.ts" name="cover-art-upload &gt; uploadCoverArtsToS3 &gt; should deduplicate cover arts by album name" time="0.000710287">
            <system-out>
[Cover Art Upload] Uploading unique cover arts: { total: [33m3[39m, unique: [33m1[39m }
[Cover Art Upload] Converting base64 to file: { fileName: [32m&apos;album-a-cover.jpg&apos;[39m, mimeType: [32m&apos;image/jpeg&apos;[39m, fileSize: [33m20[39m }

[Cover Art Upload] Successfully uploaded cover art: { cdnUrl: [32m&apos;https://cdn.example.com/test.jpg&apos;[39m }

            </system-out>
        </testcase>
        <testcase classname="src/lib/utils/cover-art-upload.spec.ts" name="cover-art-upload &gt; uploadCoverArtsToS3 &gt; should handle tracks without album names" time="0.001010227">
            <system-out>
[Cover Art Upload] Uploading unique cover arts: { total: [33m2[39m, unique: [33m2[39m }
[Cover Art Upload] Converting base64 to file: {
  fileName: [32m&apos;unknown-0-cover.jpg&apos;[39m,
  mimeType: [32m&apos;image/jpeg&apos;[39m,
  fileSize: [33m20[39m
}

[Cover Art Upload] Successfully uploaded cover art: { cdnUrl: [32m&apos;https://cdn.example.com/test1.jpg&apos;[39m }

[Cover Art Upload] Converting base64 to file: {
  fileName: [32m&apos;unknown-1-cover.jpg&apos;[39m,
  mimeType: [32m&apos;image/jpeg&apos;[39m,
  fileSize: [33m20[39m
}

[Cover Art Upload] Successfully uploaded cover art: { cdnUrl: [32m&apos;https://cdn.example.com/test2.jpg&apos;[39m }

            </system-out>
        </testcase>
        <testcase classname="src/lib/utils/cover-art-upload.spec.ts" name="cover-art-upload &gt; uploadCoverArtsToS3 &gt; should handle album names with only whitespace" time="0.001452453">
            <system-out>
[Cover Art Upload] Uploading unique cover arts: { total: [33m2[39m, unique: [33m2[39m }
[Cover Art Upload] Converting base64 to file: {
  fileName: [32m&apos;unknown-0-cover.jpg&apos;[39m,
  mimeType: [32m&apos;image/jpeg&apos;[39m,
  fileSize: [33m20[39m
}

[Cover Art Upload] Successfully uploaded cover art: { cdnUrl: [32m&apos;https://cdn.example.com/test1.jpg&apos;[39m }

[Cover Art Upload] Converting base64 to file: {
  fileName: [32m&apos;unknown-1-cover.jpg&apos;[39m,
  mimeType: [32m&apos;image/jpeg&apos;[39m,
  fileSize: [33m20[39m
}

[Cover Art Upload] Successfully uploaded cover art: { cdnUrl: [32m&apos;https://cdn.example.com/test2.jpg&apos;[39m }

            </system-out>
        </testcase>
        <testcase classname="src/lib/utils/cover-art-upload.spec.ts" name="cover-art-upload &gt; uploadCoverArtsToS3 &gt; should return partial results when some uploads fail" time="0.000944925">
            <system-out>
[Cover Art Upload] Uploading unique cover arts: { total: [33m2[39m, unique: [33m2[39m }
[Cover Art Upload] Converting base64 to file: { fileName: [32m&apos;album-a-cover.jpg&apos;[39m, mimeType: [32m&apos;image/jpeg&apos;[39m, fileSize: [33m20[39m }

[Cover Art Upload] Successfully uploaded cover art: { cdnUrl: [32m&apos;https://cdn.example.com/test.jpg&apos;[39m }

[Cover Art Upload] Converting base64 to file: { fileName: [32m&apos;album-b-cover.jpg&apos;[39m, mimeType: [32m&apos;image/jpeg&apos;[39m, fileSize: [33m20[39m }

            </system-out>
            <system-err>
[Cover Art Upload] Failed to get presigned URL: Upload failed

            </system-err>
        </testcase>
        <testcase classname="src/lib/utils/cover-art-upload.spec.ts" name="cover-art-upload &gt; uploadCoverArtsToS3 &gt; should return empty map for empty input" time="0.000517677">
            <system-out>
[Cover Art Upload] Uploading unique cover arts: { total: [33m0[39m, unique: [33m0[39m }

            </system-out>
        </testcase>
    </testsuite>
    <testsuite name="src/app/components/auth/auth-toolbar.spec.tsx" timestamp="2026-02-07T23:26:40.156Z" hostname="runnervmwffz4" tests="46" failures="0" errors="0" skipped="0" time="0.103538382">
        <testcase classname="src/app/components/auth/auth-toolbar.spec.tsx" name="AuthToolbar &gt; when user is unauthenticated &gt; renders sign in and sign up links" time="0.002105403">
        </testcase>
        <testcase classname="src/app/components/auth/auth-toolbar.spec.tsx" name="AuthToolbar &gt; when user is unauthenticated &gt; does not render signed in toolbar" time="0.001668046">
        </testcase>
        <testcase classname="src/app/components/auth/auth-toolbar.spec.tsx" name="AuthToolbar &gt; when user is unauthenticated &gt; applies custom className when provided" time="0.00171812">
        </testcase>
        <testcase classname="src/app/components/auth/auth-toolbar.spec.tsx" name="AuthToolbar &gt; when user is unauthenticated &gt; logs unauthenticated state message" time="0.001635846">
        </testcase>
        <testcase classname="src/app/components/auth/auth-toolbar.spec.tsx" name="AuthToolbar &gt; when user is unauthenticated &gt; applies correct CSS classes to container" time="0.002004174">
        </testcase>
        <testcase classname="src/app/components/auth/auth-toolbar.spec.tsx" name="AuthToolbar &gt; when user is authenticated &gt; renders signed in toolbar" time="0.001013543">
        </testcase>
        <testcase classname="src/app/components/auth/auth-toolbar.spec.tsx" name="AuthToolbar &gt; when user is authenticated &gt; does not render sign in and sign up links" time="0.001121635">
        </testcase>
        <testcase classname="src/app/components/auth/auth-toolbar.spec.tsx" name="AuthToolbar &gt; when user is authenticated &gt; passes className to signed in toolbar" time="0.001107489">
        </testcase>
        <testcase classname="src/app/components/auth/auth-toolbar.spec.tsx" name="AuthToolbar &gt; when user is authenticated &gt; logs authenticated state message" time="0.001191325">
        </testcase>
        <testcase classname="src/app/components/auth/auth-toolbar.spec.tsx" name="AuthToolbar &gt; when user is authenticated &gt; with admin user &gt; renders signed in toolbar for admin user" time="0.001179814">
        </testcase>
        <testcase classname="src/app/components/auth/auth-toolbar.spec.tsx" name="AuthToolbar &gt; when user is authenticated &gt; with admin user &gt; in development mode &gt; logs admin role in development mode" time="0.001292304">
        </testcase>
        <testcase classname="src/app/components/auth/auth-toolbar.spec.tsx" name="AuthToolbar &gt; when user is authenticated &gt; with admin user &gt; in development mode &gt; logs session status in development mode" time="0.00120461">
        </testcase>
        <testcase classname="src/app/components/auth/auth-toolbar.spec.tsx" name="AuthToolbar &gt; when user is authenticated &gt; with admin user &gt; in development mode &gt; logs session data in development mode" time="0.001280061">
        </testcase>
        <testcase classname="src/app/components/auth/auth-toolbar.spec.tsx" name="AuthToolbar &gt; when user is authenticated &gt; with admin user &gt; in development mode &gt; logs user data in development mode" time="0.00123122">
        </testcase>
        <testcase classname="src/app/components/auth/auth-toolbar.spec.tsx" name="AuthToolbar &gt; when user is authenticated &gt; with admin user &gt; in development mode &gt; logs admin role value in development mode" time="0.001345463">
        </testcase>
        <testcase classname="src/app/components/auth/auth-toolbar.spec.tsx" name="AuthToolbar &gt; when user is authenticated &gt; with admin user &gt; in development mode &gt; handles falsy role value with fallback to N/A" time="0.00139178">
        </testcase>
        <testcase classname="src/app/components/auth/auth-toolbar.spec.tsx" name="AuthToolbar &gt; when user is authenticated &gt; with admin user &gt; in development mode &gt; logs username in development mode" time="0.001326618">
        </testcase>
        <testcase classname="src/app/components/auth/auth-toolbar.spec.tsx" name="AuthToolbar &gt; when user is authenticated &gt; with admin user &gt; in production mode &gt; does not log admin role in production mode" time="0.000987635">
        </testcase>
        <testcase classname="src/app/components/auth/auth-toolbar.spec.tsx" name="AuthToolbar &gt; when user is authenticated &gt; with admin user &gt; in production mode &gt; does not log session status in production mode" time="0.001261366">
        </testcase>
        <testcase classname="src/app/components/auth/auth-toolbar.spec.tsx" name="AuthToolbar &gt; when user is authenticated &gt; with admin user &gt; in production mode &gt; still logs authenticated toolbar message" time="0.00123147">
        </testcase>
        <testcase classname="src/app/components/auth/auth-toolbar.spec.tsx" name="AuthToolbar &gt; when user is authenticated &gt; with non-admin user &gt; renders signed in toolbar for non-admin user" time="0.001082582">
        </testcase>
        <testcase classname="src/app/components/auth/auth-toolbar.spec.tsx" name="AuthToolbar &gt; when user is authenticated &gt; with non-admin user &gt; in development mode &gt; does not log user role for non-admin in development mode" time="0.001342207">
        </testcase>
        <testcase classname="src/app/components/auth/auth-toolbar.spec.tsx" name="AuthToolbar &gt; when user is authenticated &gt; with non-admin user &gt; in development mode &gt; logs session data in development mode" time="0.001160047">
        </testcase>
        <testcase classname="src/app/components/auth/auth-toolbar.spec.tsx" name="AuthToolbar &gt; when user is authenticated &gt; with user missing role &gt; renders signed in toolbar when role is undefined" time="0.001235658">
        </testcase>
        <testcase classname="src/app/components/auth/auth-toolbar.spec.tsx" name="AuthToolbar &gt; when user is authenticated &gt; with user missing role &gt; in development mode &gt; logs N/A for missing role in development mode when checking admin" time="0.001306301">
        </testcase>
        <testcase classname="src/app/components/auth/auth-toolbar.spec.tsx" name="AuthToolbar &gt; when session status is loading &gt; renders loading spinner with correct props" time="0.003207311">
        </testcase>
        <testcase classname="src/app/components/auth/auth-toolbar.spec.tsx" name="AuthToolbar &gt; when session status is loading &gt; displays loading text" time="0.024469159">
        </testcase>
        <testcase classname="src/app/components/auth/auth-toolbar.spec.tsx" name="AuthToolbar &gt; when session status is loading &gt; does not render sign in/up links while loading" time="0.003636743">
        </testcase>
        <testcase classname="src/app/components/auth/auth-toolbar.spec.tsx" name="AuthToolbar &gt; when session status is loading &gt; does not render signed in toolbar while loading" time="0.002539234">
        </testcase>
        <testcase classname="src/app/components/auth/auth-toolbar.spec.tsx" name="AuthToolbar &gt; edge cases and boundary conditions &gt; with null session but authenticated status &gt; renders unauthenticated links when session is null despite authenticated status" time="0.002204358">
        </testcase>
        <testcase classname="src/app/components/auth/auth-toolbar.spec.tsx" name="AuthToolbar &gt; edge cases and boundary conditions &gt; with undefined session data &gt; handles undefined session gracefully" time="0.001500433">
        </testcase>
        <testcase classname="src/app/components/auth/auth-toolbar.spec.tsx" name="AuthToolbar &gt; edge cases and boundary conditions &gt; with custom className variations &gt; handles empty string className" time="0.002676159">
        </testcase>
        <testcase classname="src/app/components/auth/auth-toolbar.spec.tsx" name="AuthToolbar &gt; edge cases and boundary conditions &gt; with custom className variations &gt; handles multiple className values" time="0.003778188">
        </testcase>
        <testcase classname="src/app/components/auth/auth-toolbar.spec.tsx" name="AuthToolbar &gt; edge cases and boundary conditions &gt; with custom className variations &gt; passes className to authenticated toolbar" time="0.00185763">
        </testcase>
        <testcase classname="src/app/components/auth/auth-toolbar.spec.tsx" name="AuthToolbar &gt; edge cases and boundary conditions &gt; development mode logging variations &gt; logs when user data is present" time="0.00121509">
        </testcase>
        <testcase classname="src/app/components/auth/auth-toolbar.spec.tsx" name="AuthToolbar &gt; edge cases and boundary conditions &gt; development mode logging variations &gt; logs username when present" time="0.001062705">
        </testcase>
        <testcase classname="src/app/components/auth/auth-toolbar.spec.tsx" name="AuthToolbar &gt; edge cases and boundary conditions &gt; development mode logging variations &gt; logs undefined username when not present" time="0.001048519">
        </testcase>
        <testcase classname="src/app/components/auth/auth-toolbar.spec.tsx" name="AuthToolbar &gt; edge cases and boundary conditions &gt; development mode logging variations &gt; handles session with null user" time="0.000898789">
        </testcase>
        <testcase classname="src/app/components/auth/auth-toolbar.spec.tsx" name="AuthToolbar &gt; edge cases and boundary conditions &gt; admin role edge cases &gt; handles admin role with empty string" time="0.001754898">
        </testcase>
        <testcase classname="src/app/components/auth/auth-toolbar.spec.tsx" name="AuthToolbar &gt; edge cases and boundary conditions &gt; admin role edge cases &gt; correctly identifies admin role case-sensitively" time="0.003319942">
        </testcase>
        <testcase classname="src/app/components/auth/auth-toolbar.spec.tsx" name="AuthToolbar &gt; component rendering and structure &gt; renders without crashing with minimal props" time="0.001356784">
        </testcase>
        <testcase classname="src/app/components/auth/auth-toolbar.spec.tsx" name="AuthToolbar &gt; component rendering and structure &gt; maintains proper DOM structure for unauthenticated state" time="0.002141971">
        </testcase>
        <testcase classname="src/app/components/auth/auth-toolbar.spec.tsx" name="AuthToolbar &gt; component rendering and structure &gt; renders exactly one root element for unauthenticated" time="0.00147769">
        </testcase>
        <testcase classname="src/app/components/auth/auth-toolbar.spec.tsx" name="AuthToolbar &gt; component rendering and structure &gt; renders exactly one root element for authenticated" time="0.001303044">
        </testcase>
        <testcase classname="src/app/components/auth/auth-toolbar.spec.tsx" name="AuthToolbar &gt; component rendering and structure &gt; renders exactly one root element for loading" time="0.001290971">
        </testcase>
        <testcase classname="src/app/components/auth/auth-toolbar.spec.tsx" name="AuthToolbar &gt; logging prefix consistency &gt; uses consistent logging prefix for all log calls" time="0.003883795">
        </testcase>
    </testsuite>
    <testsuite name="src/app/hooks/use-releases-query.spec.tsx" timestamp="2026-02-07T23:26:40.166Z" hostname="runnervmwffz4" tests="6" failures="0" errors="0" skipped="0" time="0.342977104">
        <testcase classname="src/app/hooks/use-releases-query.spec.tsx" name="useReleasesQuery &gt; should fetch releases successfully" time="0.054712272">
        </testcase>
        <testcase classname="src/app/hooks/use-releases-query.spec.tsx" name="useReleasesQuery &gt; should return error when fetch fails" time="0.054075223">
        </testcase>
        <testcase classname="src/app/hooks/use-releases-query.spec.tsx" name="useReleasesQuery &gt; should return error when network request fails" time="0.070204346">
        </testcase>
        <testcase classname="src/app/hooks/use-releases-query.spec.tsx" name="useReleasesQuery &gt; should provide refetch function" time="0.054345908">
        </testcase>
        <testcase classname="src/app/hooks/use-releases-query.spec.tsx" name="useReleasesQuery &gt; should have correct query key" time="0.053701846">
        </testcase>
        <testcase classname="src/app/hooks/use-releases-query.spec.tsx" name="useReleasesQuery &gt; should return empty releases array when API returns empty" time="0.054016811">
        </testcase>
    </testsuite>
    <testsuite name="src/lib/utils/email-security.spec.ts" timestamp="2026-02-07T23:26:40.167Z" hostname="runnervmwffz4" tests="15" failures="0" errors="0" skipped="0" time="0.007501202">
        <testcase classname="src/lib/utils/email-security.spec.ts" name="Email Security &gt; isDisposableEmail &gt; should identify common disposable email domains" time="0.000474066">
        </testcase>
        <testcase classname="src/lib/utils/email-security.spec.ts" name="Email Security &gt; isDisposableEmail &gt; should handle subdomain disposable emails" time="0.000260927">
        </testcase>
        <testcase classname="src/lib/utils/email-security.spec.ts" name="Email Security &gt; isDisposableEmail &gt; should return false for legitimate email domains" time="0.00138623">
        </testcase>
        <testcase classname="src/lib/utils/email-security.spec.ts" name="Email Security &gt; isDisposableEmail &gt; should handle case insensitivity" time="0.000351808">
        </testcase>
        <testcase classname="src/lib/utils/email-security.spec.ts" name="Email Security &gt; isDisposableEmail &gt; should handle emails without @ symbol" time="0.000204042">
        </testcase>
        <testcase classname="src/lib/utils/email-security.spec.ts" name="Email Security &gt; isDisposableEmail &gt; should handle emails with multiple @ symbols" time="0.000242723">
        </testcase>
        <testcase classname="src/lib/utils/email-security.spec.ts" name="Email Security &gt; validateEmailSecurity &gt; should validate correct email format" time="0.000120295">
        </testcase>
        <testcase classname="src/lib/utils/email-security.spec.ts" name="Email Security &gt; validateEmailSecurity &gt; should reject invalid email formats" time="0.000435333">
        </testcase>
        <testcase classname="src/lib/utils/email-security.spec.ts" name="Email Security &gt; validateEmailSecurity &gt; should reject disposable email addresses" time="0.000112109">
        </testcase>
        <testcase classname="src/lib/utils/email-security.spec.ts" name="Email Security &gt; validateEmailSecurity &gt; should reject emails with local part longer than 64 characters" time="0.000329726">
        </testcase>
        <testcase classname="src/lib/utils/email-security.spec.ts" name="Email Security &gt; validateEmailSecurity &gt; should accept emails with local part exactly 64 characters" time="0.000149659">
        </testcase>
        <testcase classname="src/lib/utils/email-security.spec.ts" name="Email Security &gt; validateEmailSecurity &gt; should validate common email formats" time="0.000479606">
        </testcase>
        <testcase classname="src/lib/utils/email-security.spec.ts" name="Email Security &gt; validateEmailSecurity &gt; should handle edge cases gracefully" time="0.00016587">
        </testcase>
        <testcase classname="src/lib/utils/email-security.spec.ts" name="Email Security &gt; validateEmailSecurity &gt; should reject emails with only @ symbol" time="0.000102311">
        </testcase>
        <testcase classname="src/lib/utils/email-security.spec.ts" name="Email Security &gt; validateEmailSecurity &gt; should handle unicode characters in email" time="0.000349603">
        </testcase>
    </testsuite>
    <testsuite name="src/app/components/ui/sidebar.spec.tsx" timestamp="2026-02-07T23:26:40.170Z" hostname="runnervmwffz4" tests="56" failures="0" errors="0" skipped="0" time="0.295346426">
        <testcase classname="src/app/components/ui/sidebar.spec.tsx" name="SidebarProvider &gt; renders with data-slot attribute" time="0.001312572">
        </testcase>
        <testcase classname="src/app/components/ui/sidebar.spec.tsx" name="SidebarProvider &gt; applies custom className" time="0.001490985">
        </testcase>
        <testcase classname="src/app/components/ui/sidebar.spec.tsx" name="SidebarProvider &gt; renders children" time="0.001461761">
        </testcase>
        <testcase classname="src/app/components/ui/sidebar.spec.tsx" name="SidebarProvider &gt; sets CSS variables for sidebar width" time="0.012480053">
        </testcase>
        <testcase classname="src/app/components/ui/sidebar.spec.tsx" name="Sidebar &gt; renders with data-slot attribute" time="0.002254802">
        </testcase>
        <testcase classname="src/app/components/ui/sidebar.spec.tsx" name="Sidebar &gt; renders with default side prop (left)" time="0.002279808">
        </testcase>
        <testcase classname="src/app/components/ui/sidebar.spec.tsx" name="Sidebar &gt; renders with right side prop" time="0.002329602">
        </testcase>
        <testcase classname="src/app/components/ui/sidebar.spec.tsx" name="Sidebar &gt; renders with data-state attribute" time="0.002203436">
        </testcase>
        <testcase classname="src/app/components/ui/sidebar.spec.tsx" name="Sidebar &gt; renders with collapsed state when defaultOpen is false" time="0.002568167">
        </testcase>
        <testcase classname="src/app/components/ui/sidebar.spec.tsx" name="Sidebar &gt; renders children" time="0.001926008">
        </testcase>
        <testcase classname="src/app/components/ui/sidebar.spec.tsx" name="Sidebar &gt; renders with collapsible=&quot;none&quot; variant" time="0.002273147">
        </testcase>
        <testcase classname="src/app/components/ui/sidebar.spec.tsx" name="SidebarTrigger &gt; renders with data-slot attribute" time="0.003462648">
        </testcase>
        <testcase classname="src/app/components/ui/sidebar.spec.tsx" name="SidebarTrigger &gt; has sr-only text for accessibility" time="0.010161913">
        </testcase>
        <testcase classname="src/app/components/ui/sidebar.spec.tsx" name="SidebarTrigger &gt; applies custom className" time="0.003151678">
        </testcase>
        <testcase classname="src/app/components/ui/sidebar.spec.tsx" name="SidebarRail &gt; renders with data-slot attribute" time="0.001936046">
        </testcase>
        <testcase classname="src/app/components/ui/sidebar.spec.tsx" name="SidebarRail &gt; has aria-label for accessibility" time="0.00238763">
        </testcase>
        <testcase classname="src/app/components/ui/sidebar.spec.tsx" name="SidebarInset &gt; renders with data-slot attribute" time="0.001770897">
        </testcase>
        <testcase classname="src/app/components/ui/sidebar.spec.tsx" name="SidebarInset &gt; renders as main element" time="0.002264961">
        </testcase>
        <testcase classname="src/app/components/ui/sidebar.spec.tsx" name="SidebarInset &gt; applies custom className" time="0.001803298">
        </testcase>
        <testcase classname="src/app/components/ui/sidebar.spec.tsx" name="SidebarInput &gt; renders with data-slot attribute" time="0.003119206">
        </testcase>
        <testcase classname="src/app/components/ui/sidebar.spec.tsx" name="SidebarInput &gt; accepts input" time="0.086652431">
        </testcase>
        <testcase classname="src/app/components/ui/sidebar.spec.tsx" name="SidebarHeader &gt; renders with data-slot attribute" time="0.001928302">
        </testcase>
        <testcase classname="src/app/components/ui/sidebar.spec.tsx" name="SidebarHeader &gt; renders children" time="0.001309917">
        </testcase>
        <testcase classname="src/app/components/ui/sidebar.spec.tsx" name="SidebarFooter &gt; renders with data-slot attribute" time="0.004424194">
        </testcase>
        <testcase classname="src/app/components/ui/sidebar.spec.tsx" name="SidebarFooter &gt; renders children" time="0.004211087">
        </testcase>
        <testcase classname="src/app/components/ui/sidebar.spec.tsx" name="SidebarSeparator &gt; renders with data-slot attribute" time="0.002100865">
        </testcase>
        <testcase classname="src/app/components/ui/sidebar.spec.tsx" name="SidebarContent &gt; renders with data-slot attribute" time="0.001889971">
        </testcase>
        <testcase classname="src/app/components/ui/sidebar.spec.tsx" name="SidebarContent &gt; renders children" time="0.002037295">
        </testcase>
        <testcase classname="src/app/components/ui/sidebar.spec.tsx" name="SidebarGroup &gt; renders with data-slot attribute" time="0.003199477">
        </testcase>
        <testcase classname="src/app/components/ui/sidebar.spec.tsx" name="SidebarGroupLabel &gt; renders with data-slot attribute" time="0.002101295">
        </testcase>
        <testcase classname="src/app/components/ui/sidebar.spec.tsx" name="SidebarGroupLabel &gt; renders text content" time="0.00196498">
        </testcase>
        <testcase classname="src/app/components/ui/sidebar.spec.tsx" name="SidebarGroupAction &gt; renders with data-slot attribute" time="0.032100293">
        </testcase>
        <testcase classname="src/app/components/ui/sidebar.spec.tsx" name="SidebarGroupContent &gt; renders with data-slot attribute" time="0.002027013">
        </testcase>
        <testcase classname="src/app/components/ui/sidebar.spec.tsx" name="SidebarMenu &gt; renders with data-slot attribute" time="0.001699184">
        </testcase>
        <testcase classname="src/app/components/ui/sidebar.spec.tsx" name="SidebarMenu &gt; renders as ul element" time="0.00162709">
        </testcase>
        <testcase classname="src/app/components/ui/sidebar.spec.tsx" name="SidebarMenuItem &gt; renders with data-slot attribute" time="0.002041594">
        </testcase>
        <testcase classname="src/app/components/ui/sidebar.spec.tsx" name="SidebarMenuItem &gt; renders as li element" time="0.002371109">
        </testcase>
        <testcase classname="src/app/components/ui/sidebar.spec.tsx" name="SidebarMenuButton &gt; renders with data-slot attribute" time="0.001764406">
        </testcase>
        <testcase classname="src/app/components/ui/sidebar.spec.tsx" name="SidebarMenuButton &gt; handles click events" time="0.01544989">
        </testcase>
        <testcase classname="src/app/components/ui/sidebar.spec.tsx" name="SidebarMenuButton &gt; renders with active state" time="0.001807807">
        </testcase>
        <testcase classname="src/app/components/ui/sidebar.spec.tsx" name="SidebarMenuButton &gt; renders with tooltip when provided as string" time="0.008492785">
        </testcase>
        <testcase classname="src/app/components/ui/sidebar.spec.tsx" name="SidebarMenuAction &gt; renders with data-slot attribute" time="0.001857079">
        </testcase>
        <testcase classname="src/app/components/ui/sidebar.spec.tsx" name="SidebarMenuBadge &gt; renders with data-slot attribute" time="0.002408238">
        </testcase>
        <testcase classname="src/app/components/ui/sidebar.spec.tsx" name="SidebarMenuBadge &gt; renders badge content" time="0.001782139">
        </testcase>
        <testcase classname="src/app/components/ui/sidebar.spec.tsx" name="SidebarMenuSkeleton &gt; renders with data-slot attribute" time="0.001792829">
        </testcase>
        <testcase classname="src/app/components/ui/sidebar.spec.tsx" name="SidebarMenuSkeleton &gt; renders with icon skeleton when showIcon is true" time="0.002084314">
        </testcase>
        <testcase classname="src/app/components/ui/sidebar.spec.tsx" name="SidebarMenuSkeleton &gt; always renders text skeleton" time="0.001403371">
        </testcase>
        <testcase classname="src/app/components/ui/sidebar.spec.tsx" name="SidebarMenuSub &gt; renders with data-slot attribute" time="0.001604297">
        </testcase>
        <testcase classname="src/app/components/ui/sidebar.spec.tsx" name="SidebarMenuSub &gt; renders as ul element" time="0.001843735">
        </testcase>
        <testcase classname="src/app/components/ui/sidebar.spec.tsx" name="SidebarMenuSubItem &gt; renders with data-slot attribute" time="0.002656202">
        </testcase>
        <testcase classname="src/app/components/ui/sidebar.spec.tsx" name="SidebarMenuSubButton &gt; renders with data-slot attribute" time="0.001816534">
        </testcase>
        <testcase classname="src/app/components/ui/sidebar.spec.tsx" name="SidebarMenuSubButton &gt; renders with active state" time="0.002078002">
        </testcase>
        <testcase classname="src/app/components/ui/sidebar.spec.tsx" name="SidebarMenuSubButton &gt; renders with sm size" time="0.001773953">
        </testcase>
        <testcase classname="src/app/components/ui/sidebar.spec.tsx" name="useSidebar hook &gt; throws error when used outside SidebarProvider" time="0.005255528">
        </testcase>
        <testcase classname="src/app/components/ui/sidebar.spec.tsx" name="Keyboard shortcut &gt; toggles sidebar on Ctrl+B" time="0.013504617">
        </testcase>
        <testcase classname="src/app/components/ui/sidebar.spec.tsx" name="Keyboard shortcut &gt; toggles sidebar on Cmd+B (Mac)" time="0.00571727">
        </testcase>
    </testsuite>
    <testsuite name="src/app/components/ui/label.spec.tsx" timestamp="2026-02-07T23:26:40.180Z" hostname="runnervmwffz4" tests="23" failures="0" errors="0" skipped="0" time="0.236833591">
        <testcase classname="src/app/components/ui/label.spec.tsx" name="Label &gt; rendering &gt; should render a label element" time="0.001633652">
        </testcase>
        <testcase classname="src/app/components/ui/label.spec.tsx" name="Label &gt; rendering &gt; should render children correctly" time="0.001591032">
        </testcase>
        <testcase classname="src/app/components/ui/label.spec.tsx" name="Label &gt; rendering &gt; should render complex children" time="0.001679688">
        </testcase>
        <testcase classname="src/app/components/ui/label.spec.tsx" name="Label &gt; styling &gt; should apply default CSS classes" time="0.001159746">
        </testcase>
        <testcase classname="src/app/components/ui/label.spec.tsx" name="Label &gt; styling &gt; should apply custom className along with default classes" time="0.001301632">
        </testcase>
        <testcase classname="src/app/components/ui/label.spec.tsx" name="Label &gt; styling &gt; should have disabled state styles in classes" time="0.001431434">
        </testcase>
        <testcase classname="src/app/components/ui/label.spec.tsx" name="Label &gt; interactions &gt; should call onClick handler when clicked" time="0.013603268">
        </testcase>
        <testcase classname="src/app/components/ui/label.spec.tsx" name="Label &gt; interactions &gt; should focus associated input when clicked" time="0.075457515">
        </testcase>
        <testcase classname="src/app/components/ui/label.spec.tsx" name="Label &gt; interactions &gt; should work with nested inputs" time="0.015759273">
        </testcase>
        <testcase classname="src/app/components/ui/label.spec.tsx" name="Label &gt; accessibility &gt; should associate with input using htmlFor" time="0.005816886">
        </testcase>
        <testcase classname="src/app/components/ui/label.spec.tsx" name="Label &gt; accessibility &gt; should work with implicit association (nested input)" time="0.007134889">
        </testcase>
        <testcase classname="src/app/components/ui/label.spec.tsx" name="Label &gt; accessibility &gt; should support aria-label" time="0.002719019">
        </testcase>
        <testcase classname="src/app/components/ui/label.spec.tsx" name="Label &gt; accessibility &gt; should support aria-describedby" time="0.001749658">
        </testcase>
        <testcase classname="src/app/components/ui/label.spec.tsx" name="Label &gt; HTML attributes &gt; should pass through HTML attributes" time="0.003988441">
        </testcase>
        <testcase classname="src/app/components/ui/label.spec.tsx" name="Label &gt; HTML attributes &gt; should support custom data attributes" time="0.002883055">
        </testcase>
        <testcase classname="src/app/components/ui/label.spec.tsx" name="Label &gt; form integration &gt; should work with checkbox inputs" time="0.01094727">
        </testcase>
        <testcase classname="src/app/components/ui/label.spec.tsx" name="Label &gt; form integration &gt; should work with radio inputs" time="0.028912418">
        </testcase>
        <testcase classname="src/app/components/ui/label.spec.tsx" name="Label &gt; form integration &gt; should work with select elements" time="0.006921339">
        </testcase>
        <testcase classname="src/app/components/ui/label.spec.tsx" name="Label &gt; form integration &gt; should work with textarea elements" time="0.007369295">
        </testcase>
        <testcase classname="src/app/components/ui/label.spec.tsx" name="Label &gt; required field indicators &gt; should render required indicator" time="0.0013011">
        </testcase>
        <testcase classname="src/app/components/ui/label.spec.tsx" name="Label &gt; required field indicators &gt; should handle complex required indicators" time="0.001808077">
        </testcase>
        <testcase classname="src/app/components/ui/label.spec.tsx" name="Label &gt; disabled states &gt; should handle disabled state through group context" time="0.032542543">
        </testcase>
        <testcase classname="src/app/components/ui/label.spec.tsx" name="Label &gt; disabled states &gt; should handle peer disabled states" time="0.006164836">
        </testcase>
    </testsuite>
    <testsuite name="src/app/components/ui/form.spec.tsx" timestamp="2026-02-07T23:26:40.184Z" hostname="runnervmwffz4" tests="25" failures="0" errors="0" skipped="0" time="0.165532216">
        <testcase classname="src/app/components/ui/form.spec.tsx" name="Form Components &gt; Form (FormProvider) &gt; provides form context to children" time="0.003337975">
        </testcase>
        <testcase classname="src/app/components/ui/form.spec.tsx" name="Form Components &gt; FormField &gt; renders Controller with field context" time="0.004364083">
        </testcase>
        <testcase classname="src/app/components/ui/form.spec.tsx" name="Form Components &gt; useFormField &gt; returns field information when used correctly" time="0.003350048">
        </testcase>
        <testcase classname="src/app/components/ui/form.spec.tsx" name="Form Components &gt; useFormField &gt; throws error when used outside FormProvider" time="0.001835859">
        </testcase>
        <testcase classname="src/app/components/ui/form.spec.tsx" name="Form Components &gt; useFormField &gt; throws error when field context is empty" time="0.00101187">
        </testcase>
        <testcase classname="src/app/components/ui/form.spec.tsx" name="Form Components &gt; FormItem &gt; renders with data-slot attribute" time="0.005729312">
        </testcase>
        <testcase classname="src/app/components/ui/form.spec.tsx" name="Form Components &gt; FormItem &gt; applies custom className" time="0.042399693">
        </testcase>
        <testcase classname="src/app/components/ui/form.spec.tsx" name="Form Components &gt; FormItem &gt; provides id context to children" time="0.008455916">
        </testcase>
        <testcase classname="src/app/components/ui/form.spec.tsx" name="Form Components &gt; FormLabel &gt; renders with data-slot attribute" time="0.004079761">
        </testcase>
        <testcase classname="src/app/components/ui/form.spec.tsx" name="Form Components &gt; FormLabel &gt; has htmlFor pointing to form item id" time="0.006036096">
        </testcase>
        <testcase classname="src/app/components/ui/form.spec.tsx" name="Form Components &gt; FormLabel &gt; shows error state when field has error" time="0.005819029">
        </testcase>
        <testcase classname="src/app/components/ui/form.spec.tsx" name="Form Components &gt; FormLabel &gt; applies custom className" time="0.003427303">
        </testcase>
        <testcase classname="src/app/components/ui/form.spec.tsx" name="Form Components &gt; FormControl &gt; renders with data-slot attribute" time="0.005498861">
        </testcase>
        <testcase classname="src/app/components/ui/form.spec.tsx" name="Form Components &gt; FormControl &gt; sets aria-describedby to description id when no error" time="0.007299575">
        </testcase>
        <testcase classname="src/app/components/ui/form.spec.tsx" name="Form Components &gt; FormControl &gt; sets aria-describedby to both description and message when error" time="0.009042431">
            <system-err>
Cannot update a component (`FormLabel`) while rendering a different component (`CompleteFormField`). To locate the bad setState() call inside `CompleteFormField`, follow the stack trace as described in https://react.dev/link/setstate-in-render

            </system-err>
        </testcase>
        <testcase classname="src/app/components/ui/form.spec.tsx" name="Form Components &gt; FormControl &gt; sets aria-invalid when there is an error" time="0.00537468">
        </testcase>
        <testcase classname="src/app/components/ui/form.spec.tsx" name="Form Components &gt; FormDescription &gt; renders with data-slot attribute" time="0.00404747">
        </testcase>
        <testcase classname="src/app/components/ui/form.spec.tsx" name="Form Components &gt; FormDescription &gt; renders description text" time="0.003319871">
        </testcase>
        <testcase classname="src/app/components/ui/form.spec.tsx" name="Form Components &gt; FormDescription &gt; applies custom className" time="0.003558278">
        </testcase>
        <testcase classname="src/app/components/ui/form.spec.tsx" name="Form Components &gt; FormMessage &gt; renders error message when field has error" time="0.003797964">
        </testcase>
        <testcase classname="src/app/components/ui/form.spec.tsx" name="Form Components &gt; FormMessage &gt; renders with data-slot attribute" time="0.005563663">
        </testcase>
        <testcase classname="src/app/components/ui/form.spec.tsx" name="Form Components &gt; FormMessage &gt; renders nothing when no error and no children" time="0.00341001">
        </testcase>
        <testcase classname="src/app/components/ui/form.spec.tsx" name="Form Components &gt; FormMessage &gt; renders children as fallback when no error" time="0.00400426">
        </testcase>
        <testcase classname="src/app/components/ui/form.spec.tsx" name="Form Components &gt; FormMessage &gt; applies custom className" time="0.00489878">
        </testcase>
        <testcase classname="src/app/components/ui/form.spec.tsx" name="Form Components &gt; integration &gt; renders a complete form with all components" time="0.012557878">
        </testcase>
    </testsuite>
    <testsuite name="src/app/components/cdn-status-banner.spec.tsx" timestamp="2026-02-07T23:26:40.189Z" hostname="runnervmwffz4" tests="12" failures="0" errors="0" skipped="0" time="0.119391985">
        <testcase classname="src/app/components/cdn-status-banner.spec.tsx" name="CDNStatusBanner &gt; returns null when loading" time="0.001108571">
        </testcase>
        <testcase classname="src/app/components/cdn-status-banner.spec.tsx" name="CDNStatusBanner &gt; returns null when status is &quot;ready&quot;" time="0.003141759">
            <system-err>
Failed to check CDN status: TypeError: Cannot read properties of undefined (reading &apos;json&apos;)
    at checkStatus [90m(/home/runner/work/boudreaux/boudreaux/[39msrc/app/components/cdn-status-banner.tsx:29:37[90m)[39m

            </system-err>
        </testcase>
        <testcase classname="src/app/components/cdn-status-banner.spec.tsx" name="CDNStatusBanner &gt; shows banner when status is &quot;invalidating&quot;" time="0.006776458">
        </testcase>
        <testcase classname="src/app/components/cdn-status-banner.spec.tsx" name="CDNStatusBanner &gt; shows error banner when status is &quot;error&quot;" time="0.049776212">
            <system-err>
Failed to check CDN status: TypeError: Cannot read properties of undefined (reading &apos;json&apos;)
    at checkStatus [90m(/home/runner/work/boudreaux/boudreaux/[39msrc/app/components/cdn-status-banner.tsx:29:37[90m)[39m

            </system-err>
        </testcase>
[...]
    </testsuite>
    <testsuite name="src/lib/actions/process-notification-image-action.spec.ts" timestamp="2026-02-07T23:26:40.349Z" hostname="runnervmwffz4" tests="0" failures="0" errors="0" skipped="0" time="0">
    </testsuite>
    <testsuite name="src/lib/validation/create-release-schema.spec.ts" timestamp="2026-02-07T23:26:40.349Z" hostname="runnervmwffz4" tests="0" failures="0" errors="0" skipped="0" time="0">
    </testsuite>
    <testsuite name="src/app/components/ui/table.spec.tsx" timestamp="2026-02-07T23:26:40.349Z" hostname="runnervmwffz4" tests="0" failures="0" errors="0" skipped="0" time="0">
    </testsuite>
    <testsuite name="src/app/components/ui/track-play-button.spec.tsx" timestamp="2026-02-07T23:26:40.350Z" hostname="runnervmwffz4" tests="0" failures="0" errors="0" skipped="0" time="0">
    </testsuite>
    <testsuite name="src/app/components/ui/aspect-ratio.spec.tsx" timestamp="2026-02-07T23:26:40.350Z" hostname="runnervmwffz4" tests="0" failures="0" errors="0" skipped="0" time="0">
    </testsuite>
    <testsuite name="src/app/components/ui/progress.spec.tsx" timestamp="2026-02-07T23:26:40.350Z" hostname="runnervmwffz4" tests="0" failures="0" errors="0" skipped="0" time="0">
    </testsuite>
    <testsuite name="src/app/components/ui/scroll-area.spec.tsx" timestamp="2026-02-07T23:26:40.350Z" hostname="runnervmwffz4" tests="0" failures="0" errors="0" skipped="0" time="0">
    </testsuite>
    <testsuite name="src/lib/utils/rate-limit.spec.ts" timestamp="2026-02-07T23:26:40.350Z" hostname="runnervmwffz4" tests="0" failures="0" errors="0" skipped="0" time="0">
    </testsuite>
    <testsuite name="src/app/components/forms/fields/state-field.spec.tsx" timestamp="2026-02-07T23:26:40.351Z" hostname="runnervmwffz4" tests="0" failures="0" errors="0" skipped="0" time="0">
    </testsuite>
    <testsuite name="src/app/components/footer/footer.spec.tsx" timestamp="2026-02-07T23:26:40.351Z" hostname="runnervmwffz4" tests="0" failures="0" errors="0" skipped="0" time="0">
    </testsuite>
    <testsuite name="src/app/components/ui/collapsible.spec.tsx" timestamp="2026-02-07T23:26:40.351Z" hostname="runnervmwffz4" tests="0" failures="0" errors="0" skipped="0" time="0">
    </testsuite>
    <testsuite name="src/lib/actions/create-artist-action.spec.ts" timestamp="2026-02-07T23:26:40.351Z" hostname="runnervmwffz4" tests="0" failures="0" errors="0" skipped="0" time="0">
    </testsuite>
    <testsuite name="src/lib/actions/signin-action.spec.ts" timestamp="2026-02-07T23:26:40.351Z" hostname="runnervmwffz4" tests="0" failures="0" errors="0" skipped="0" time="0">
    </testsuite>
    <testsuite name="src/app/components/ui/sonner.spec.tsx" timestamp="2026-02-07T23:26:40.351Z" hostname="runnervmwffz4" tests="0" failures="0" errors="0" skipped="0" time="0">
    </testsuite>
    <testsuite name="src/app/components/ui/separator.spec.tsx" timestamp="2026-02-07T23:26:40.352Z" hostname="runnervmwffz4" tests="0" failures="0" errors="0" skipped="0" time="0">
    </testsuite>
    <testsuite name="src/lib/utils/profile-utils.spec.ts" timestamp="2026-02-07T23:26:40.352Z" hostname="runnervmwffz4" tests="0" failures="0" errors="0" skipped="0" time="0">
    </testsuite>
    <testsuite name="src/app/components/notification-banner.spec.tsx" timestamp="2026-02-07T23:26:40.352Z" hostname="runnervmwffz4" tests="0" failures="0" errors="0" skipped="0" time="0">
    </testsuite>
    <testsuite name="src/app/components/ui/alert.spec.tsx" timestamp="2026-02-07T23:26:40.352Z" hostname="runnervmwffz4" tests="0" failures="0" errors="0" skipped="0" time="0">
    </testsuite>
    <testsuite name="src/app/components/providers.spec.tsx" timestamp="2026-02-07T23:26:40.352Z" hostname="runnervmwffz4" tests="0" failures="0" errors="0" skipped="0" time="0">
    </testsuite>
    <testsuite name="src/app/hooks/use-featured-artists-query.spec.tsx" timestamp="2026-02-07T23:26:40.353Z" hostname="runnervmwffz4" tests="0" failures="0" errors="0" skipped="0" time="0">
    </testsuite>
    <testsuite name="src/app/components/health-status-message.spec.tsx" timestamp="2026-02-07T23:26:40.353Z" hostname="runnervmwffz4" tests="0" failures="0" errors="0" skipped="0" time="0">
    </testsuite>
    <testsuite name="src/app/components/ui/avatar.spec.tsx" timestamp="2026-02-07T23:26:40.353Z" hostname="runnervmwffz4" tests="0" failures="0" errors="0" skipped="0" time="0">
    </testsuite>
    <testsuite name="src/lib/utils/console-logger.spec.ts" timestamp="2026-02-07T23:26:40.353Z" hostname="runnervmwffz4" tests="0" failures="0" errors="0" skipped="0" time="0">
    </testsuite>
    <testsuite name="src/app/page.spec.tsx" timestamp="2026-02-07T23:26:40.353Z" hostname="runnervmwffz4" tests="0" failures="0" errors="0" skipped="0" time="0">
    </testsuite>
    <testsuite name="src/lib/utils/verify-turnstile.spec.ts" timestamp="2026-02-07T23:26:40.354Z" hostname="runnervmwffz4" tests="0" failures="0" errors="0" skipped="0" time="0">
    </testsuite>
    <testsuite name="src/lib/actions/track-image-actions.spec.ts" timestamp="2026-02-07T23:26:40.354Z" hostname="runnervmwffz4" tests="0" failures="0" errors="0" skipped="0" time="0">
    </testsuite>
    <testsuite name="src/app/components/auth/signup-link.spec.tsx" timestamp="2026-02-07T23:26:40.354Z" hostname="runnervmwffz4" tests="0" failures="0" errors="0" skipped="0" time="0">
    </testsuite>
    <testsuite name="src/app/hooks/use-tracks-query.spec.tsx" timestamp="2026-02-07T23:26:40.354Z" hostname="runnervmwffz4" tests="0" failures="0" errors="0" skipped="0" time="0">
    </testsuite>
    <testsuite name="src/app/about/page.spec.tsx" timestamp="2026-02-07T23:26:40.354Z" hostname="runnervmwffz4" tests="0" failures="0" errors="0" skipped="0" time="0">
    </testsuite>
    <testsuite name="src/lib/utils/get-artist-display-name.spec.ts" timestamp="2026-02-07T23:26:40.355Z" hostname="runnervmwffz4" tests="0" failures="0" errors="0" skipped="0" time="0">
    </testsuite>
    <testsuite name="src/lib/utils/tailwind-utils.spec.ts" timestamp="2026-02-07T23:26:40.355Z" hostname="runnervmwffz4" tests="0" failures="0" errors="0" skipped="0" time="0">
    </testsuite>
    <testsuite name="src/lib/services/track-service.spec.ts" timestamp="2026-02-07T23:26:40.355Z" hostname="runnervmwffz4" tests="0" failures="0" errors="0" skipped="0" time="0">
    </testsuite>
    <testsuite name="src/lib/config/env-validation.spec.ts" timestamp="2026-02-07T23:26:40.355Z" hostname="runnervmwffz4" tests="0" failures="0" errors="0" skipped="0" time="0">
    </testsuite>
    <testsuite name="src/app/components/header/header.spec.tsx" timestamp="2026-02-07T23:26:40.355Z" hostname="runnervmwffz4" tests="0" failures="0" errors="0" skipped="0" time="0">
    </testsuite>
    <testsuite name="src/lib/validation/change-email-schema.spec.ts" timestamp="2026-02-07T23:26:40.355Z" hostname="runnervmwffz4" tests="0" failures="0" errors="0" skipped="0" time="0">
    </testsuite>
    <testsuite name="src/app/admin/data-views/track-data-view.spec.tsx" timestamp="2026-02-07T23:26:40.356Z" hostname="runnervmwffz4" tests="0" failures="0" errors="0" skipped="0" time="0">
    </testsuite>
    <testsuite name="src/app/components/ui/popover.spec.tsx" timestamp="2026-02-07T23:26:40.356Z" hostname="runnervmwffz4" tests="0" failures="0" errors="0" skipped="0" time="0">
    </testsuite>
    <testsuite name="src/app/components/ui/carousel.spec.tsx" timestamp="2026-02-07T23:26:40.356Z" hostname="runnervmwffz4" tests="0" failures="0" errors="0" skipped="0" time="0">
    </testsuite>
    <testsuite name="src/lib/actions/notification-banner-action.spec.ts" timestamp="2026-02-07T23:26:40.356Z" hostname="runnervmwffz4" tests="0" failures="0" errors="0" skipped="0" time="0">
    </testsuite>
    <testsuite name="src/lib/actions/group-member-actions.spec.ts" timestamp="2026-02-07T23:26:40.356Z" hostname="runnervmwffz4" tests="0" failures="0" errors="0" skipped="0" time="0">
    </testsuite>
    <testsuite name="src/app/components/forms/fields/country-field.spec.tsx" timestamp="2026-02-07T23:26:40.357Z" hostname="runnervmwffz4" tests="0" failures="0" errors="0" skipped="0" time="0">
    </testsuite>
    <testsuite name="src/lib/utils/auth/require-role.spec.ts" timestamp="2026-02-07T23:26:40.357Z" hostname="runnervmwffz4" tests="0" failures="0" errors="0" skipped="0" time="0">
    </testsuite>
    <testsuite name="src/app/components/ui/page-section.spec.tsx" timestamp="2026-02-07T23:26:40.357Z" hostname="runnervmwffz4" tests="0" failures="0" errors="0" skipped="0" time="0">
    </testsuite>
    <testsuite name="src/app/components/featured-artists-player.spec.tsx" timestamp="2026-02-07T23:26:40.357Z" hostname="runnervmwffz4" tests="0" failures="0" errors="0" skipped="0" time="0">
    </testsuite>
    <testsuite name="src/app/components/ui/radio-group.spec.tsx" timestamp="2026-02-07T23:26:40.357Z" hostname="runnervmwffz4" tests="0" failures="0" errors="0" skipped="0" time="0">
    </testsuite>
    <testsuite name="src/app/api/featured-artists/route.spec.ts" timestamp="2026-02-07T23:26:40.358Z" hostname="runnervmwffz4" tests="0" failures="0" errors="0" skipped="0" time="0">
    </testsuite>
    <testsuite name="src/app/(auth)/success/change-username/container.spec.tsx" timestamp="2026-02-07T23:26:40.358Z" hostname="runnervmwffz4" tests="0" failures="0" errors="0" skipped="0" time="0">
    </testsuite>
    <testsuite name="src/app/components/ui/toggle-group.spec.tsx" timestamp="2026-02-07T23:26:40.358Z" hostname="runnervmwffz4" tests="0" failures="0" errors="0" skipped="0" time="0">
    </testsuite>
    <testsuite name="src/app/components/ui/turnstile-widget.spec.tsx" timestamp="2026-02-07T23:26:40.358Z" hostname="runnervmwffz4" tests="0" failures="0" errors="0" skipped="0" time="0">
    </testsuite>
    <testsuite name="src/app/components/ui/form-input.spec.tsx" timestamp="2026-02-07T23:26:40.358Z" hostname="runnervmwffz4" tests="0" failures="0" errors="0" skipped="0" time="0">
    </testsuite>
    <testsuite name="src/app/components/ui/page-section-paragraph.spec.tsx" timestamp="2026-02-07T23:26:40.359Z" hostname="runnervmwffz4" tests="0" failures="0" errors="0" skipped="0" time="0">
    </testsuite>
    <testsuite name="src/app/components/forms/bulk-track-uploader.spec.tsx" timestamp="2026-02-07T23:26:40.359Z" hostname="runnervmwffz4" tests="0" failures="0" errors="0" skipped="0" time="0">
    </testsuite>
    <testsuite name="src/app/components/ui/playlist-player.spec.tsx" timestamp="2026-02-07T23:26:40.359Z" hostname="runnervmwffz4" tests="0" failures="0" errors="0" skipped="0" time="0">
    </testsuite>
    <testsuite name="src/app/components/ui/content-container.spec.tsx" timestamp="2026-02-07T23:26:40.359Z" hostname="runnervmwffz4" tests="0" failures="0" errors="0" skipped="0" time="0">
    </testsuite>
    <testsuite name="src/lib/utils/image-resize.spec.ts" timestamp="2026-02-07T23:26:40.359Z" hostname="runnervmwffz4" tests="0" failures="0" errors="0" skipped="0" time="0">
    </testsuite>
    <testsuite name="src/lib/actions/presigned-upload-actions.spec.ts" timestamp="2026-02-07T23:26:40.359Z" hostname="runnervmwffz4" tests="0" failures="0" errors="0" skipped="0" time="0">
    </testsuite>
    <testsuite name="src/app/components/ui/slider.spec.tsx" timestamp="2026-02-07T23:26:40.360Z" hostname="runnervmwffz4" tests="0" failures="0" errors="0" skipped="0" time="0">
    </testsuite>
    <testsuite name="src/app/components/auth/username-link.spec.tsx" timestamp="2026-02-07T23:26:40.360Z" hostname="runnervmwffz4" tests="0" failures="0" errors="0" skipped="0" time="0">
    </testsuite>
    <testsuite name="src/lib/actions/update-profile-action.spec.ts" timestamp="2026-02-07T23:26:40.360Z" hostname="runnervmwffz4" tests="0" failures="0" errors="0" skipped="0" time="0">
    </testsuite>
    <testsuite name="src/app/hooks/use-infinite-tracks-query.spec.ts" timestamp="2026-02-07T23:26:40.360Z" hostname="runnervmwffz4" tests="0" failures="0" errors="0" skipped="0" time="0">
    </testsuite>
    <testsuite name="src/app/hooks/use-groups-query.spec.tsx" timestamp="2026-02-07T23:26:40.360Z" hostname="runnervmwffz4" tests="0" failures="0" errors="0" skipped="0" time="0">
    </testsuite>
    <testsuite name="src/app/components/ui/media-uploader.spec.tsx" timestamp="2026-02-07T23:26:40.361Z" hostname="runnervmwffz4" tests="0" failures="0" errors="0" skipped="0" time="0">
    </testsuite>
    <testsuite name="src/app/components/ui/dialog.spec.tsx" timestamp="2026-02-07T23:26:40.361Z" hostname="runnervmwffz4" tests="0" failures="0" errors="0" skipped="0" time="0">
    </testsuite>
    <testsuite name="src/lib/actions/find-or-create-group-action.spec.ts" timestamp="2026-02-07T23:26:40.361Z" hostname="runnervmwffz4" tests="0" failures="0" errors="0" skipped="0" time="0">
    </testsuite>
    <testsuite name="src/app/components/health-status-icon.spec.tsx" timestamp="2026-02-07T23:26:40.361Z" hostname="runnervmwffz4" tests="0" failures="0" errors="0" skipped="0" time="0">
    </testsuite>
    <testsuite name="src/lib/actions/create-release-action.spec.ts" timestamp="2026-02-07T23:26:40.361Z" hostname="runnervmwffz4" tests="0" failures="0" errors="0" skipped="0" time="0">
    </testsuite>
    <testsuite name="src/app/api/health/route.spec.ts" timestamp="2026-02-07T23:26:40.362Z" hostname="runnervmwffz4" tests="0" failures="0" errors="0" skipped="0" time="0">
    </testsuite>
    <testsuite name="src/app/components/forms/fields/checkbox-field.spec.tsx" timestamp="2026-02-07T23:26:40.362Z" hostname="runnervmwffz4" tests="0" failures="0" errors="0" skipped="0" time="0">
    </testsuite>
    <testsuite name="src/lib/actions/release-image-actions.spec.ts" timestamp="2026-02-07T23:26:40.362Z" hostname="runnervmwffz4" tests="0" failures="0" errors="0" skipped="0" time="0">
    </testsuite>
    <testsuite name="src/app/components/auth/admin-link.spec.tsx" timestamp="2026-02-07T23:26:40.362Z" hostname="runnervmwffz4" tests="0" failures="0" errors="0" skipped="0" time="0">
    </testsuite>
    <testsuite name="src/app/components/ui/resizable.spec.tsx" timestamp="2026-02-07T23:26:40.362Z" hostname="runnervmwffz4" tests="0" failures="0" errors="0" skipped="0" time="0">
    </testsuite>
    <testsuite name="src/lib/actions/bulk-create-tracks-action.spec.ts" timestamp="2026-02-07T23:26:40.363Z" hostname="runnervmwffz4" tests="0" failures="0" errors="0" skipped="0" time="0">
    </testsuite>
    <testsuite name="src/app/components/ui/command.spec.tsx" timestamp="2026-02-07T23:26:40.363Z" hostname="runnervmwffz4" tests="0" failures="0" errors="0" skipped="0" time="0">
    </testsuite>
    <testsuite name="src/app/components/ui/loading-spinner.spec.tsx" timestamp="2026-02-07T23:26:40.363Z" hostname="runnervmwffz4" tests="0" failures="0" errors="0" skipped="0" time="0">
    </testsuite>
    <testsuite name="src/app/admin/data-views/release-data-view.spec.tsx" timestamp="2026-02-07T23:26:40.363Z" hostname="runnervmwffz4" tests="0" failures="0" errors="0" skipped="0" time="0">
    </testsuite>
    <testsuite name="src/app/components/ui/spinners/spinner-ring-circle.spec.tsx" timestamp="2026-02-07T23:26:40.363Z" hostname="runnervmwffz4" tests="0" failures="0" errors="0" skipped="0" time="0">
    </testsuite>
    <testsuite name="src/lib/actions/update-release-action.spec.ts" timestamp="2026-02-07T23:26:40.363Z" hostname="runnervmwffz4" tests="0" failures="0" errors="0" skipped="0" time="0">
    </testsuite>
    <testsuite name="src/app/components/auth/signout-button.spec.tsx" timestamp="2026-02-07T23:26:40.364Z" hostname="runnervmwffz4" tests="0" failures="0" errors="0" skipped="0" time="0">
    </testsuite>
    <testsuite name="src/lib/actions/find-or-create-release-action.spec.ts" timestamp="2026-02-07T23:26:40.364Z" hostname="runnervmwffz4" tests="0" failures="0" errors="0" skipped="0" time="0">
    </testsuite>
    <testsuite name="src/app/components/ui/patreon-link.spec.tsx" timestamp="2026-02-07T23:26:40.364Z" hostname="runnervmwffz4" tests="0" failures="0" errors="0" skipped="0" time="0">
    </testsuite>
    <testsuite name="src/app/components/ui/social-media-icon-links.spec.tsx" timestamp="2026-02-07T23:26:40.364Z" hostname="runnervmwffz4" tests="0" failures="0" errors="0" skipped="0" time="0">
    </testsuite>
    <testsuite name="src/lib/utils/sanitization.spec.ts" timestamp="2026-02-07T23:26:40.364Z" hostname="runnervmwffz4" tests="0" failures="0" errors="0" skipped="0" time="0">
    </testsuite>
    <testsuite name="src/app/components/ui/hamburger-menu.spec.tsx" timestamp="2026-02-07T23:26:40.365Z" hostname="runnervmwffz4" tests="0" failures="0" errors="0" skipped="0" time="0">
    </testsuite>
    <testsuite name="src/app/components/ui/card.spec.tsx" timestamp="2026-02-07T23:26:40.365Z" hostname="runnervmwffz4" tests="0" failures="0" errors="0" skipped="0" time="0">
    </testsuite>
    <testsuite name="src/app/api/releases/route.spec.ts" timestamp="2026-02-07T23:26:40.365Z" hostname="runnervmwffz4" tests="0" failures="0" errors="0" skipped="0" time="0">
    </testsuite>
    <testsuite name="src/lib/validation/signup-schema.spec.ts" timestamp="2026-02-07T23:26:40.365Z" hostname="runnervmwffz4" tests="0" failures="0" errors="0" skipped="0" time="0">
    </testsuite>
    <testsuite name="src/app/hooks/use-mobile.spec.ts" timestamp="2026-02-07T23:26:40.365Z" hostname="runnervmwffz4" tests="0" failures="0" errors="0" skipped="0" time="0">
    </testsuite>
    <testsuite name="src/lib/actions/update-track-action.spec.ts" timestamp="2026-02-07T23:26:40.366Z" hostname="runnervmwffz4" tests="0" failures="0" errors="0" skipped="0" time="0">
    </testsuite>
    <testsuite name="src/lib/services/notification-banner-service.spec.ts" timestamp="2026-02-07T23:26:40.366Z" hostname="runnervmwffz4" tests="0" failures="0" errors="0" skipped="0" time="0">
    </testsuite>
    <testsuite name="src/lib/utils/account-lockout.spec.ts" timestamp="2026-02-07T23:26:40.366Z" hostname="runnervmwffz4" tests="0" failures="0" errors="0" skipped="0" time="0">
    </testsuite>
    <testsuite name="src/lib/actions/update-track-audio-action.spec.ts" timestamp="2026-02-07T23:26:40.366Z" hostname="runnervmwffz4" tests="0" failures="0" errors="0" skipped="0" time="0">
    </testsuite>
    <testsuite name="src/app/api/tracks/route.spec.ts" timestamp="2026-02-07T23:26:40.366Z" hostname="runnervmwffz4" tests="0" failures="0" errors="0" skipped="0" time="0">
    </testsuite>
    <testsuite name="src/app/api/artists/route.spec.ts" timestamp="2026-02-07T23:26:40.367Z" hostname="runnervmwffz4" tests="0" failures="0" errors="0" skipped="0" time="0">
    </testsuite>
    <testsuite name="src/app/components/ui/navigation-menu.spec.tsx" timestamp="2026-02-07T23:26:40.367Z" hostname="runnervmwffz4" tests="0" failures="0" errors="0" skipped="0" time="0">
    </testsuite>
    <testsuite name="src/app/components/ui/tooltip.spec.tsx" timestamp="2026-02-07T23:26:40.367Z" hostname="runnervmwffz4" tests="0" failures="0" errors="0" skipped="0" time="0">
    </testsuite>
    <testsuite name="src/app/actions/get-featured-artists.spec.ts" timestamp="2026-02-07T23:26:40.367Z" hostname="runnervmwffz4" tests="0" failures="0" errors="0" skipped="0" time="0">
    </testsuite>
    <testsuite name="src/lib/prisma-adapter.spec.ts" timestamp="2026-02-07T23:26:40.367Z" hostname="runnervmwffz4" tests="0" failures="0" errors="0" skipped="0" time="0">
    </testsuite>
    <testsuite name="src/lib/services/artist-service.spec.ts" timestamp="2026-02-07T23:26:40.368Z" hostname="runnervmwffz4" tests="0" failures="0" errors="0" skipped="0" time="0">
    </testsuite>
    <testsuite name="src/app/components/ui/sheet.spec.tsx" timestamp="2026-02-07T23:26:40.368Z" hostname="runnervmwffz4" tests="0" failures="0" errors="0" skipped="0" time="0">
    </testsuite>
</testsuites>
